0
0
0
0
0
0
0
0
0
0
0
0
0
0
0
0
0
0
0
0
0
0
0
0
0
0
0
0
0
0
0
0
0
0
0
0
0
0
0
0
0
0
0
0
0
0
0
0
0
0
0
0
0
0
0
776
0
0
0
0
0
0
0
0
0
0
0
0
0
0
0
0
934
0
0
0
0
0
0
0
0
0
0
0
0
0
0
0
0
934
0
0
0
0
0
0
0
0
0
0
0
0
0
0
0
0
0
0
0
0
0
0
0
0
0
0
0
0
0
0
0
0
0
0
0
0
0
0
0
0
0
0
0
51
0
0
0
0
421
776
0
0
0
776
0
0
0
0
0
0
0
0
0
0
0
0
0
0
0
0
0
0
753
0
0
0
0
0
0
0
0
0
0
0
0
0
0
0
0
0
0
0
0
0
0
0
0
0
0
0
0
0
0
0
0
0
0
0
0
0
0
0
0
0
0
0
0
0
1669
0
0
0
0
0
0
0
0
0
0
0
0
0
856
0
0
0
0
0
0
0
0
0
0
0
0
0
0
0
0
1039
0
0
0
0
0
0
0
0
0
0
0
0
0
0
0
0
0
0
0
0
0
0
0
0
0
0
0
0
0
0
0
0
0
0
0
0
0
0
0
0
0
0
733
0
0
0
753
0
0
0
1039
1309
0
0
0
0
0
890
0
0
0
0
0
890
0
0
0
0
0
0
0
0
0
0
0
0
0
0
0
0
0
0
0
0
0
2138
0
0
0
0
0
2699
0
0
0
3126
0
0
0
0
0
0
0
890
0
0
0
0
0
0
0
0
0
2138
890
2052
0
0
0
0
0
0
0
0
0
0
0
0
0
0
0
0
0
0
0
0
0
0
0
0
0
0
0
0
0
0
0
1754
3191
1754
0
0
0
314
0
0
0
263
733
0
0
0
0
0
0
0
0
0
0
0
0
0
314
0
0
0
0
263
0
0
0
0
0
0
0
0
0
2020
0
733
733
0
0
0
0
0
0
0
0
0
0
0
0
0
2950
0
1084
1084
0
0
0
0
0
2020
0
0
2950
0
2950
0
2020
0
0
263
1487
0
2100
0
0
0
0
0
0
0
0
0
0
0
0
0
0
0
0
0
0
2808
0
2138
0
0
0
0
0
0
0
0
0
0
0
0
0
0
0
0
0
0
0
0
0
0
0
0
0
0
0
1732
0
2138
2801
0
0
0
0
0
0
314
0
4915
0
0
0
0
2876
2808
0
0
0
0
0
0
0
0
0
0
0
0
0
0
0
3538
2209
0
0
0
2808
0
0
0
0
0
0
0
0
0
0
0
0
0
0
2775
0
0
0
0
0
0
1084
3719
0
0
0
0
0
0
0
0
0
0
0
0
0
0
0
0
0
0
0
0
0
0
0
0
0
0
0
0
0
0
0
0
0
0
0
0
0
0
0
2775
0
0
0
0
0
0
0
0
0
0
4315
0
0
0
0
0
0
0
0
0
4915
0
0
0
0
0
0
0
0
0
0
0
0
0
0
0
0
0
0
0
0
0
4735
0
0
0
0
0
0
0
0
0
0
0
0
0
0
0
0
0
0
0
0
0
0
0
0
0
0
263
1084
0
0
0
0
0
0
0
0
0
0
0
0
0
0
0
0
0
0
0
0
314
0
4661
0
0
0
0
0
3255
0
0
4661
0
0
0
0
0
0
0
0
0
0
0
2655
0
0
0
0
0
4915
0
0
4915
0
0
0
0
0
0
0
0
0
0
0
0
0
0
0
0
0
0
0
3983
4661
0
0
0
0
0
0
0
0
4661
0
0
5725
0
0
0
314
0
4574
0
5130
0
0
2461
0
0
0
0
0
5725
0
4661
0
0
0
4213
0
0
0
0
0
4574
0
0
0
3833
0
0
4606
0
0
0
672
0
0
4606
0
0
0
0
0
0
0
0
0
0
0
0
0
0
0
0
4616
5399
4236
0
0
0
0
0
0
0
4606
0
0
0
0
0
0
0
0
0
0
0
0
0
0
0
672
0
0
0
8432
0
0
0
0
4486
5399
0
0
0
672
0
3833
0
0
0
0
0
0
0
0
0
0
0
1084
0
4606
0
0
0
0
263
0
0
0
0
0
0
0
0
0
0
0
0
0
0
0
0
0
0
0
0
0
0
0
0
0
0
0
0
0
0
0
0
0
0
0
0
0
1084
0
4974
0
0
5521
0
0
0
0
0
0
5521
0
0
0
4486
4486
0
0
0
6653
0
0
4616
982
0
0
0
0
0
0
4606
982
0
0
0
0
0
0
0
0
6653
0
750
0
0
0
0
0
0
0
0
0
0
0
0
0
0
0
0
2461
0
0
4606
0
0
0
0
0
5521
0
0
4606
0
0
0
0
0
7447
0
0
4896
0
0
263
750
4649
0
4711
0
4972
4711
854
0
0
1179
0
263
0
0
0
0
4711
982
0
263
0
0
0
5521
0
0
0
0
0
0
0
0
0
0
0
0
4923
0
0
0
5662
0
0
1084
0
0
0
0
0
0
0
0
0
0
0
0
0
0
9883
672
0
5802
2461
0
982
0
0
0
0
9883
0
0
0
0
0
0
0
0
0
0
0
5362
0
0
672
0
0
9883
0
0
9883
0
0
0
0
0
0
0
5830
0
0
0
0
4923
0
0
0
4896
0
0
0
0
0
0
988
0
0
0
0
0
0
5415
0
0
5802
1336
0
0
0
0
0
0
7611
1179
9883
6408
0
5362
6408
0
0
5802
0
6567
0
0
0
0
0
0
1084
988
0
0
0
1179
0
0
0
0
6028
0
0
0
5415
0
0
0
0
0
1336
6522
0
0
0
0
0
0
0
6522
0
0
0
0
0
0
0
0
0
0
9508
0
0
0
0
0
10244
1084
1084
0
0
6408
0
0
10244
0
0
0
5415
0
0
0
0
0
0
5415
0
7996
0
5415
5415
0
0
0
0
0
0
0
7996
0
0
0
0
0
0
0
1179
0
5751
0
0
0
0
1179
0
0
0
0
0
0
0
0
6408
0
0
1107
0
0
0
0
0
0
0
10286
0
0
1107
0
0
0
0
1336
0
0
5415
0
0
2461
0
0
6131
0
0
0
0
0
0
7996
854
0
0
854
0
0
285
0
0
10286
0
1107
6688
0
0
2461
0
0
1084
0
0
6438
6688
0
0
1084
0
0
0
0
0
1336
0
0
0
11297
9086
0
285
0
7175
0
0
0
0
0
0
0
0
0
9508
7097
0
0
5601
0
11297
0
0
0
0
0
0
0
0
0
0
7440
0
0
0
0
0
0
0
0
0
0
0
0
0
0
0
0
0
0
0
2461
0
0
0
0
0
0
0
5601
1179
0
0
0
0
0
0
0
0
0
0
0
0
0
0
0
1107
285
0
0
0
0
8456
0
0
0
0
0
0
0
0
8456
0
0
6872
0
7175
0
0
0
0
0
0
0
0
0
7202
0
0
0
0
0
0
0
0
5949
0
0
9508
0
0
0
0
0
0
0
0
0
0
0
8950
0
285
0
0
0
1179
0
0
0
7343
0
285
0
0
0
0
7535
0
0
0
0
0
0
0
0
0
0
0
0
0
1179
0
0
0
0
8197
0
0
0
0
0
1084
7535
0
0
0
0
0
9570
0
0
0
7535
2461
0
0
0
0
1179
1084
0
0
0
0
0
0
0
0
0
0
0
0
0
0
2461
0
0
0
0
0
0
0
0
0
0
0
0
0
8197
7284
0
0
0
0
0
0
0
0
7284
0
0
0
0
11752
0
0
0
0
0
0
0
0
5959
0
8180
0
0
9570
0
0
0
7284
0
0
0
0
0
0
2461
0
0
0
0
0
0
0
1179
11752
0
0
0
0
0
0
0
0
0
0
0
0
11891
1179
0
285
1107
0
0
0
0
0
1528
0
0
1336
0
0
0
0
0
1528
0
0
0
0
0
0
0
0
0
0
0
0
0
0
2461
285
0
0
0
0
1468
0
0
0
0
0
7284
0
0
0
0
0
0
0
0
1528
13353
0
0
8180
0
0
0
0
0
0
0
0
0
0
0
0
0
285
0
0
0
0
0
0
0
0
0
0
0
0
0
0
9069
0
0
0
0
0
0
1468
0
0
0
0
8180
0
9069
0
0
0
0
7284
0
0
1179
0
9570
0
0
0
0
0
0
0
0
1468
0
9069
0
0
792
0
0
1468
9570
0
0
0
0
0
0
0
0
0
0
0
0
0
1394
0
0
0
0
0
0
2461
0
1107
0
0
0
0
1179
0
0
0
0
0
0
8770
0
0
0
0
0
0
0
0
0
0
0
0
9570
0
0
0
0
0
0
0
0
0
0
0
0
0
0
0
0
10017
0
0
0
0
0
0
0
0
0
0
9709
0
0
0
0
2461
0
0
0
0
0
2461
10017
0
0
0
0
0
0
0
0
0
0
0
0
933
0
9781
0
0
15281
2001
6239
0
1439
0
0
792
0
0
0
1394
0
0
0
0
1712
14386
0
0
933
0
0
0
0
0
0
0
0
0
0
0
0
1468
2001
0
0
0
0
0
0
0
0
0
0
2461
0
0
6239
0
0
0
0
0
0
0
0
0
0
0
0
0
0
0
0
0
0
0
0
6239
0
0
0
0
0
2001
0
0
0
0
0
0
0
0
0
0
0
0
0
10084
0
0
0
0
933
0
14386
0
0
0
10017
0
1468
10017
0
0
10017
13282
0
0
0
0
0
11884
0
0
0
0
0
0
0
0
0
0
0
0
0
0
0
0
0
0
0
0
0
0
0
0
0
0
0
1528
0
1712
1439
6479
0
0
0
2461
1528
0
933
0
0
0
10084
0
0
0
1439
10084
10554
0
0
0
6479
2218
0
0
0
0
0
0
1712
0
0
0
0
0
0
0
0
0
0
0
0
0
0
0
2218
9697
0
1528
0
0
0
0
0
10554
0
0
0
0
2218
0
0
0
0
0
0
0
0
0
0
0
9697
0
0
2218
0
0
0
0
0
1439
0
0
1528
0
0
0
1712
0
0
10084
0
1712
0
0
0
0
792
0
0
0
0
0
0
0
0
0
0
0
0
0
0
0
0
0
0
0
0
0
0
0
0
0
0
0
8880
0
0
0
792
0
0
0
0
0
0
0
0
1545
0
0
0
0
0
1712
0
0
0
0
0
0
0
0
0
0
7212
16172
0
0
0
0
0
0
0
0
0
0
0
0
0
1468
0
0
0
12909
0
0
0
0
0
0
0
0
2001
1535
0
2461
0
0
0
12909
0
0
0
0
0
0
9103
0
0
0
0
0
0
0
1439
0
1439
0
0
0
0
0
0
16420
0
0
0
2259
0
0
0
0
0
0
0
0
1468
16172
0
10966
0
0
0
0
0
0
0
0
0
0
0
9103
0
0
0
0
0
0
0
0
0
0
0
0
0
16780
0
0
0
0
0
0
0
0
0
0
13455
15143
11708
0
0
0
0
0
0
0
0
0
0
0
11679
0
0
0
0
0
0
0
0
0
2259
0
0
1058
0
0
0
0
0
8208
0
0
2244
0
0
0
0
0
0
0
0
0
0
0
0
0
0
0
1468
0
0
0
0
0
0
0
792
0
0
0
0
0
0
0
2461
0
0
0
0
0
0
0
0
0
0
0
0
0
0
0
0
0
0
0
17295
2461
0
1439
0
0
13601
0
0
0
0
0
0
16619
0
0
0
9804
11054
0
0
2461
0
16619
0
0
0
0
0
0
0
0
0
0
17440
0
9804
16619
0
10398
2173
0
0
0
1545
0
0
0
0
0
0
0
0
0
0
0
17440
0
0
0
17440
0
0
0
1545
0
1058
0
0
2461
0
1535
0
17440
1439
0
0
0
0
0
0
0
1545
1545
0
0
0
17440
0
0
3199
0
0
2173
0
0
0
1545
0
0
0
15451
0
0
0
0
0
0
0
1439
0
0
0
2461
0
0
0
0
1439
0
0
0
0
0
0
0
0
0
2461
0
0
0
0
0
0
0
0
0
0
2461
0
0
0
0
2244
0
0
12331
0
0
12336
0
0
0
0
0
16784
0
0
0
15478
19630
0
0
1058
0
0
0
0
0
792
0
0
0
0
0
0
9565
0
9565
0
0
0
0
0
0
12331
0
0
0
0
0
0
0
0
0
0
0
0
0
0
0
0
0
0
0
2244
15609
0
0
0
0
0
0
0
0
15609
0
0
0
17484
0
0
0
0
0
2244
0
0
0
0
0
792
0
0
0
0
15652
0
2244
15609
0
0
0
0
0
0
0
0
0
0
0
2001
0
12331
10517
0
0
0
0
0
0
792
0
0
0
0
0
18270
0
13676
0
1058
0
0
0
0
0
0
0
792
0
0
0
0
0
0
2173
0
0
0
3081
0
0
0
0
0
0
11628
0
0
0
0
0
0
0
0
0
0
0
0
0
0
0
10599
1559
0
18846
0
0
0
0
0
0
0
0
0
14610
0
0
0
0
0
1545
0
0
0
0
0
0
1545
0
0
0
0
0
18846
0
0
0
0
0
0
0
0
0
0
0
0
0
0
0
0
0
792
0
0
0
0
0
0
0
1545
0
0
0
0
0
3081
0
0
0
0
3081
0
0
16775
0
12330
2244
20709
0
0
1545
0
0
15063
792
0
0
18238
0
0
0
0
0
0
3199
0
0
0
0
0
0
15063
12483
0
2897
12483
0
0
0
13018
0
0
0
0
15063
2244
0
0
0
0
16248
0
0
2173
0
0
3199
15063
0
0
18238
0
0
0
13244
0
0
16248
21155
0
0
0
0
0
0
0
0
0
0
0
0
0
0
0
0
0
19176
0
0
0
0
0
0
0
0
0
0
3199
0
15477
0
0
0
0
2173
0
0
1439
792
0
0
0
0
0
0
0
0
0
0
0
0
0
0
2897
0
0
0
0
0
0
792
0
0
12483
0
0
0
0
0
0
19176
0
0
0
20645
13940
0
22669
0
15477
0
0
0
0
0
0
0
0
3199
0
0
11404
0
0
12483
0
0
0
0
0
0
0
0
0
0
0
12483
0
0
0
0
0
16532
0
0
0
0
11404
0
0
0
0
0
0
0
0
1439
0
0
0
0
0
0
0
0
21977
0
0
0
0
0
16532
0
0
0
0
0
0
0
0
0
0
0
1252
14392
4000
0
1252
0
0
14773
0
0
0
2897
0
0
0
0
0
0
0
0
0
0
0
19950
1771
0
23824
0
0
14434
12349
0
0
0
0
0
0
1252
0
16532
0
0
22714
0
16532
0
0
0
0
0
0
12349
0
0
0
0
0
12483
2173
0
0
0
0
0
0
0
0
0
0
12349
0
0
0
0
0
0
0
3199
0
0
0
0
0
0
1771
20007
12483
0
0
0
23554
19237
1252
0
0
1252
19237
20007
0
0
0
14807
0
0
2173
0
0
1771
16532
2173
0
0
23824
0
23554
0
0
0
1439
0
0
0
1439
0
0
0
0
0
0
0
0
0
12749
0
0
0
23554
0
1545
0
0
16778
16532
0
0
23554
0
0
0
1252
0
0
0
0
0
0
0
0
0
0
0
0
0
0
0
0
0
0
0
0
17647
0
0
2993
0
0
12903
2090
0
23824
0
0
0
0
0
1659
1771
14434
0
2090
19237
0
0
0
13384
0
0
1439
0
0
0
0
0
0
0
0
2897
0
0
12749
0
0
0
0
0
0
0
12749
0
0
0
1439
4304
0
0
0
0
0
0
0
0
0
0
0
0
0
0
0
0
3199
0
0
4304
0
0
0
0
0
12749
0
0
0
0
0
13840
19774
0
2244
2244
0
0
0
0
0
0
0
0
0
0
17154
0
0
0
0
0
0
1771
0
1771
3199
0
0
0
0
0
0
0
0
0
0
0
0
0
0
0
2090
2897
0
0
0
0
1785
0
0
0
0
0
0
0
3199
0
15888
1771
14434
0
15888
0
1279
0
0
0
0
3997
12749
0
0
12749
0
1490
24809
4304
2897
0
0
0
1785
0
0
0
0
1279
0
0
18478
0
0
0
0
0
0
0
0
0
0
3088
0
0
0
0
0
0
0
0
0
0
0
0
0
0
0
0
25604
0
0
0
0
0
0
0
0
0
0
0
21908
14007
1490
4304
12776
18478
0
0
0
0
0
0
0
0
0
0
0
0
0
0
3088
15888
0
0
0
0
0
3088
0
0
0
0
0
0
0
0
0
0
0
2441
0
0
0
14007
0
0
1785
0
0
0
0
0
3997
0
0
0
0
0
0
0
3997
0
0
3088
0
0
14007
26399
0
0
0
0
0
0
2107
0
0
1771
0
0
0
0
0
21908
0
0
0
0
2441
0
0
0
0
0
0
0
0
0
0
0
13643
1771
0
0
0
0
0
0
1490
0
4304
0
0
21908
0
0
0
0
14007
21908
0
0
0
0
0
0
0
0
0
0
0
0
2897
0
0
0
0
0
0
0
0
0
0
0
0
3997
0
0
4304
0
0
0
0
19693
0
0
0
0
0
19693
14921
0
0
0
0
2897
26987
4304
0
0
0
27761
0
0
0
0
0
26987
0
0
0
2897
0
0
0
0
0
0
1490
0
0
0
0
0
0
0
0
0
19771
0
0
3576
0
0
0
0
3997
0
0
0
0
0
0
0
0
3997
15635
0
0
0
0
0
3088
0
0
0
0
0
0
0
0
2897
0
0
0
0
0
0
0
1785
0
0
0
0
0
0
0
0
0
0
0
0
0
0
0
0
14709
0
0
0
0
0
0
0
0
0
0
3088
0
19483
0
2185
0
0
0
0
0
3088
2441
0
0
0
3088
20921
0
0
0
0
2897
26987
0
0
0
0
0
0
0
0
0
0
0
0
0
0
0
0
0
0
0
26987
0
0
0
0
0
0
3997
0
0
0
0
0
16365
0
0
0
0
0
0
0
0
0
0
0
0
0
0
2441
0
2441
0
0
0
0
0
0
28686
1490
1490
0
19483
15854
0
0
0
0
0
0
0
0
0
0
0
0
16365
0
0
0
0
0
0
0
0
0
16365
2897
0
0
0
0
0
2897
0
0
19556
0
0
0
0
0
0
23692
0
0
0
0
0
0
0
0
3576
0
0
0
0
0
0
0
0
0
0
0
0
0
0
0
0
22749
0
4304
0
0
0
0
0
0
0
16365
0
0
1771
19483
0
16229
0
16229
0
0
0
0
0
1490
0
23692
0
0
0
0
0
0
0
0
0
0
0
16365
0
0
0
19677
0
0
0
0
0
0
0
2897
0
22749
0
2897
0
0
23692
0
0
0
0
0
0
0
2185
0
0
0
0
0
0
0
0
0
0
0
4331
0
0
0
0
0
0
27476
0
20285
20589
0
4304
0
22749
0
3088
0
0
0
0
0
0
0
0
0
20589
0
0
0
0
23633
0
0
0
0
0
0
0
3997
3088
0
2441
0
0
0
0
0
0
0
0
0
0
2897
0
0
0
0
0
18107
0
0
0
0
0
0
0
2897
23692
17041
0
0
0
0
0
0
3088
0
0
0
0
0
0
0
0
0
0
0
0
4304
0
2185
0
24318
0
1771
0
0
0
0
0
0
2897
0
0
0
0
0
0
0
0
0
0
2185
0
18240
2441
0
0
0
0
0
0
0
0
0
0
0
0
0
0
0
0
0
0
2185
0
0
0
0
0
3088
0
0
0
0
20793
4331
0
0
0
0
23641
0
0
1490
18676
0
0
0
0
0
0
0
0
0
17041
0
0
0
21593
0
0
0
0
2107
0
0
0
0
0
0
0
3088
0
0
0
0
0
23694
0
0
0
0
21633
0
0
0
0
28147
0
0
0
28147
0
21593
0
0
0
0
0
0
2897
0
0
2897
22058
4304
0
0
0
2897
0
4331
0
31144
0
0
0
0
0
0
0
0
0
3997
2107
0
0
0
0
0
4304
0
0
0
1771
0
0
0
0
0
0
0
0
0
0
1771
0
0
0
0
0
19333
2185
0
2441
0
0
0
0
0
0
0
0
31144
0
0
0
0
0
0
0
0
2441
0
0
0
0
0
0
4304
0
2897
0
0
0
0
0
0
0
0
0
0
23641
0
0
0
0
0
28147
0
0
28882
0
21993
0
2107
0
0
0
0
0
0
0
0
24148
0
0
0
0
0
0
0
0
0
0
0
0
17194
0
3088
0
0
18609
2185
0
3997
0
24148
0
0
0
2897
3997
0
0
0
0
0
0
0
0
0
0
0
0
22050
22050
2107
0
0
0
2107
0
0
0
0
0
0
0
0
0
31443
0
0
0
0
28882
0
0
0
0
0
0
3088
0
3088
0
31443
0
0
0
0
22719
0
0
0
21101
0
0
0
22948
0
0
0
2897
24281
0
0
2441
0
0
0
0
2637
0
18109
0
0
0
2107
22948
0
18609
2637
0
0
24778
18109
0
0
0
0
0
0
0
0
0
0
0
0
0
0
0
0
0
24281
1771
0
0
0
0
21101
0
0
0
3997
0
0
0
0
2637
0
0
21101
0
0
0
0
0
0
0
0
0
0
0
28853
25483
0
2107
24281
2897
0
0
0
0
0
0
0
0
0
0
3997
0
0
0
0
24551
28882
0
0
18609
25106
3997
0
0
0
0
0
22948
0
26350
0
0
2637
0
0
0
0
29547
0
0
0
25106
3088
0
0
0
32007
0
25401
0
18609
0
0
0
0
0
0
0
1771
0
0
0
0
0
0
0
0
0
22948
4331
0
0
0
0
0
0
0
0
0
0
0
2107
0
0
0
0
0
0
0
0
28061
0
4304
0
0
0
0
0
0
0
0
0
0
0
0
0
0
0
0
0
0
2897
30376
0
0
2637
28061
0
0
0
1771
4331
23697
3997
0
0
0
0
0
2637
26770
0
0
0
0
23697
0
0
0
0
28061
0
0
0
0
0
0
0
0
0
0
0
0
0
21101
2185
0
0
26770
23697
0
0
0
0
4304
0
25429
30478
0
0
0
0
0
0
0
2897
28061
4304
0
0
0
3088
33408
0
0
0
0
0
0
33408
0
0
0
0
23697
0
0
23697
30830
0
0
0
23697
0
0
0
0
2185
2107
0
2107
0
0
3997
0
0
0
30830
0
0
0
0
0
2897
0
0
0
0
30810
34332
0
0
21101
0
0
0
2637
0
4496
4304
0
0
2185
0
0
19683
0
3436
24219
0
0
0
28061
0
3436
0
3131
3436
0
0
0
0
0
0
0
0
0
0
0
2107
0
0
0
24219
4496
0
0
0
0
0
0
0
0
0
0
0
0
0
0
0
0
0
0
2185
0
0
0
0
0
0
27254
0
0
31062
0
0
0
0
31840
0
0
0
28061
0
0
0
0
3131
2897
0
0
31062
0
0
0
2637
34945
0
0
2185
34945
0
0
0
0
0
2637
0
0
0
22828
0
0
0
0
0
4331
0
0
0
0
0
0
0
0
0
0
0
4304
0
0
0
0
0
4304
0
27254
0
2637
0
0
4331
0
0
2637
0
27254
0
0
0
1955
0
0
0
0
2107
0
20487
0
28061
0
28061
31931
0
0
0
0
28061
0
0
0
0
0
28061
0
0
0
36009
25417
31931
0
0
0
0
20487
0
0
0
0
0
0
0
0
0
0
22828
25417
0
0
0
0
0
0
0
0
0
0
0
0
0
0
0
33516
1955
0
0
0
0
2185
0
3436
0
0
2897
0
0
33516
0
0
0
0
0
0
0
2897
0
36009
0
0
0
0
0
0
0
28089
23824
0
0
0
23824
0
0
0
4496
0
0
28089
36009
0
0
0
0
2185
0
0
0
1955
4331
0
0
0
0
4496
0
0
0
0
4496
0
0
0
0
0
0
0
27173
0
0
0
0
0
0
0
0
2107
0
0
0
0
0
0
0
0
0
0
0
0
0
0
0
0
0
0
0
0
0
0
0
0
0
0
28089
3271
4331
0
28089
23675
0
0
2185
0
0
0
0
0
0
29393
0
0
0
0
0
0
33934
0
0
0
28998
0
2185
0
0
0
0
23675
0
0
4496
0
0
0
0
0
0
0
0
0
0
27976
0
0
2637
0
0
28998
0
0
0
0
0
0
31264
0
0
1955
2185
0
0
25360
0
0
0
0
0
0
0
28998
0
0
0
0
4826
0
0
3436
0
0
0
0
0
0
28998
0
0
24112
0
0
28998
0
0
3436
0
0
0
0
29097
0
0
2897
0
0
0
0
0
3058
0
0
0
24112
28878
3058
0
0
23099
0
0
0
0
0
3436
0
24112
0
0
1955
33934
0
3271
0
0
0
1955
0
0
0
0
0
0
0
24112
0
0
31264
0
4911
0
0
0
0
0
0
0
0
31264
0
0
0
0
0
0
0
28878
0
29971
0
0
0
0
0
3271
0
0
0
0
0
0
24409
0
0
24409
0
0
0
29173
24409
0
0
0
24861
0
0
0
34894
31748
0
0
0
29097
0
0
0
0
0
0
0
0
0
0
2185
0
0
4496
0
0
0
0
0
0
0
0
0
0
0
0
0
0
3058
0
25828
0
24409
24409
1955
0
3271
37412
0
0
0
0
0
0
0
0
27268
0
0
0
0
0
0
0
0
0
0
3271
29971
0
0
4399
0
3058
0
32531
0
32531
30177
0
0
0
0
0
0
0
0
4160
0
0
0
0
0
0
0
0
0
0
0
30753
0
0
0
0
0
0
0
30753
0
30753
38553
0
0
4496
0
0
0
4240
0
0
35905
25828
0
0
0
0
0
0
0
0
0
0
0
0
0
0
0
0
0
0
0
0
0
0
0
0
0
0
0
29971
25828
0
0
29971
0
0
0
0
32225
0
0
0
0
0
0
0
0
0
0
0
0
4399
0
0
0
0
0
0
0
0
0
0
1955
35905
0
0
0
0
0
30177
0
0
0
2185
0
38553
0
4826
0
0
4911
0
0
0
0
0
0
0
0
30177
0
26866
0
0
0
0
0
0
0
0
0
0
0
0
0
0
0
0
0
0
0
0
0
0
0
38972
0
0
0
0
0
0
0
0
0
0
38553
0
0
0
0
0
4826
0
0
0
0
0
33095
0
0
2185
0
0
30811
0
28030
0
0
0
0
0
30811
0
0
0
0
0
36218
0
0
0
4399
3058
0
38553
0
0
0
0
0
3058
2897
0
0
0
30811
0
0
4160
0
26477
0
0
0
0
0
0
2185
0
0
3058
0
0
0
0
0
0
0
2897
33323
27274
0
0
5252
0
0
4496
0
0
0
0
0
0
0
0
0
0
0
0
0
4759
0
0
27274
0
0
0
0
36483
0
26477
0
0
0
0
0
38553
0
0
0
27274
0
0
0
4826
0
0
4826
0
0
0
0
0
4826
0
0
0
0
0
0
0
0
37052
0
0
0
0
0
0
2804
27274
2804
32690
0
0
0
0
0
0
3058
0
0
0
0
0
0
0
0
0
0
0
0
0
0
0
0
0
0
0
4496
0
0
0
0
4911
1955
0
28691
3058
0
0
28691
33617
0
0
0
0
0
1955
0
0
33617
0
0
0
0
0
28691
0
38553
0
0
0
0
0
38553
0
0
0
0
0
0
0
5252
0
32690
0
0
0
2897
0
0
0
0
0
0
0
0
0
0
0
0
0
4826
0
5252
0
0
0
0
0
0
0
0
37732
0
0
39828
0
4759
0
0
0
0
4496
0
0
0
0
0
0
0
4911
0
0
0
34520
3058
29213
0
0
0
0
0
34520
0
0
0
0
0
0
0
0
1955
40779
4160
0
0
0
31974
1955
4496
0
39828
0
0
0
0
0
0
0
0
0
3625
0
0
4160
0
0
40779
0
0
0
0
37540
0
0
0
0
40779
0
0
31974
3367
0
3367
0
0
0
0
0
39828
0
0
0
0
5252
4496
0
0
0
0
3367
0
0
0
0
0
0
0
0
0
0
0
0
0
0
0
0
0
0
0
0
0
0
0
0
32852
0
43437
0
0
4759
0
0
0
0
0
0
3367
0
0
0
4826
0
0
28691
0
0
0
0
0
0
0
4496
0
43437
0
0
0
3367
0
0
0
0
0
32852
0
0
0
0
0
0
0
0
0
0
32852
0
0
0
0
0
43437
0
0
0
38926
0
0
0
0
39316
0
0
43437
0
0
0
34876
0
0
0
0
0
0
0
0
0
0
0
0
0
0
1955
5181
4160
34876
0
0
0
0
29480
0
0
0
0
0
38821
27911
4759
0
0
35589
0
0
3367
0
0
0
0
0
40426
0
0
0
0
0
0
4759
0
0
0
0
40426
0
0
0
0
0
0
0
0
0
4826
0
0
0
0
0
0
0
0
40426
0
0
6164
0
29388
0
0
0
0
0
1955
0
0
0
0
0
0
0
0
0
0
0
0
0
4343
0
0
0
0
4496
0
0
0
0
0
34651
0
0
0
0
0
0
6164
0
0
0
3625
0
0
0
0
34093
0
0
3625
34093
3625
0
0
1955
0
0
0
6164
44213
0
0
29388
0
0
0
0
35460
6164
0
0
0
3367
0
0
0
0
3367
40426
0
4496
0
0
0
0
0
0
0
0
0
0
0
0
0
0
3367
0
0
0
35460
0
0
0
0
0
0
4826
0
0
0
0
0
0
0
0
3710
0
0
0
0
0
0
0
0
0
0
0
0
0
6164
0
4826
0
0
0
0
0
0
0
0
4759
0
0
0
0
0
5252
0
0
0
0
0
0
0
0
0
3367
0
0
0
0
0
0
30437
0
40566
0
41704
3625
0
4343
0
0
0
0
0
34093
0
29480
0
0
41399
3625
0
0
0
0
0
0
0
0
4826
0
0
0
0
0
0
0
0
0
0
0
0
3367
0
0
0
0
0
0
0
0
0
0
5424
0
0
0
0
3710
0
0
0
0
0
0
0
0
0
0
0
0
0
0
0
0
0
0
0
0
0
0
3625
0
0
0
0
0
0
5424
0
0
29480
0
0
0
0
29564
0
0
0
0
0
0
0
0
0
0
0
29564
35782
0
0
3367
31214
0
0
0
0
1955
0
0
0
0
0
0
0
0
0
0
0
0
29564
0
0
0
46227
0
0
0
0
0
6164
0
0
0
0
0
0
0
0
0
0
42454
0
0
0
1955
5252
0
0
0
0
4826
0
0
1955
0
0
40566
0
0
0
0
41938
0
0
0
0
0
0
0
0
0
0
0
0
0
0
0
5424
0
0
30618
0
34379
0
0
0
0
42737
0
0
3710
0
3710
0
0
0
0
0
0
1955
0
0
0
30145
0
0
0
46695
0
42585
5252
30145
0
0
3367
0
0
0
0
1955
0
30145
0
3367
0
0
0
0
0
0
5252
46695
0
0
0
0
0
34379
0
0
0
0
0
3367
0
0
0
0
40770
0
0
0
0
0
42737
46695
0
0
0
0
43435
0
0
0
0
0
0
0
4343
34379
0
0
0
0
5424
3367
0
0
0
0
0
0
42737
42737
31709
0
0
0
0
0
30618
0
42737
0
0
0
0
0
0
0
0
0
42737
0
30618
0
0
0
1955
42737
3710
0
0
0
0
34518
0
42737
0
0
0
0
5424
0
0
0
0
0
0
0
0
0
42737
0
36678
0
0
0
0
0
0
5098
0
0
0
0
0
0
0
0
0
0
34518
0
0
0
0
0
0
0
0
0
4759
0
34518
0
0
0
0
31733
0
5098
0
30618
44434
38757
0
0
0
0
0
0
5252
40770
0
47894
0
30618
3710
0
44434
0
0
36678
0
0
0
0
0
0
4759
0
0
0
0
0
4666
31488
0
0
0
34518
0
0
0
0
6308
0
0
0
0
0
0
0
0
0
0
0
0
0
0
0
0
0
6308
0
0
0
0
0
0
5424
4759
0
0
0
5098
0
0
0
0
0
5252
0
4666
0
0
0
0
49354
0
0
0
0
0
31709
44434
0
0
0
0
0
3367
0
0
0
0
4343
0
0
0
0
0
0
0
39053
0
31733
0
44434
0
0
4343
0
41173
0
0
0
0
41173
0
0
0
0
0
41173
0
0
0
0
6308
3625
0
0
0
0
0
0
0
0
0
0
0
0
0
0
0
0
0
0
37605
0
0
0
49354
0
0
0
0
0
0
0
0
0
5252
0
0
0
5098
0
0
0
0
0
0
0
0
0
0
0
0
0
5098
5424
3625
0
41493
3625
5252
44779
3625
0
0
0
0
0
0
0
0
0
0
0
0
0
38490
0
0
0
38490
0
50305
4759
0
5252
0
0
0
0
0
4666
0
40003
0
0
0
0
0
0
44434
0
0
0
0
0
0
0
0
0
0
0
4162
0
0
35023
0
0
0
0
0
0
0
4162
0
0
0
0
0
32325
0
0
0
0
5424
0
0
0
3625
0
0
0
5424
0
0
0
0
0
0
0
5098
0
0
0
0
0
4343
0
0
0
4759
0
0
45088
0
0
0
0
0
0
0
0
5252
0
38490
0
0
0
0
0
5252
0
0
0
0
0
45955
0
0
0
4759
0
0
35023
0
0
0
0
35023
0
0
0
0
0
0
0
0
0
0
0
0
38490
0
0
0
0
0
0
0
0
0
0
0
0
0
0
0
0
0
5512
6762
0
0
0
0
0
0
0
41493
0
0
0
0
0
0
0
0
0
4162
0
0
0
0
0
0
35815
0
4162
0
5098
0
0
0
0
40509
0
0
5098
0
6013
33483
0
0
0
0
0
0
0
0
0
0
0
0
0
0
0
0
0
0
0
0
33525
0
0
4815
0
5098
0
0
0
0
1955
0
0
35076
0
0
0
6762
4815
0
0
0
0
0
0
0
0
0
35815
0
4162
0
0
0
0
5140
0
6762
34997
0
0
47555
0
0
0
0
0
0
0
0
0
4162
0
0
0
41493
0
0
35076
0
0
0
0
0
0
0
0
0
0
0
0
0
6257
5140
0
0
0
0
0
0
35076
0
0
0
0
0
0
0
0
0
38872
0
0
0
0
0
0
0
0
0
0
0
47555
0
0
0
0
0
6257
0
0
0
0
0
0
0
0
1955
6762
0
0
47555
0
0
0
0
0
0
0
0
0
0
0
0
0
0
0
0
48511
0
0
0
0
0
36181
0
6013
0
0
0
0
0
38872
0
0
6013
0
0
36181
0
0
0
0
0
0
0
0
3806
0
0
0
0
35356
0
0
0
47894
0
0
0
0
0
0
34518
0
0
6257
0
4162
0
0
0
0
0
0
0
35356
0
0
36218
36218
0
0
0
3806
0
0
0
0
0
0
47894
0
42009
0
0
0
0
0
0
0
0
0
0
0
0
0
0
41559
0
0
0
0
0
0
0
35356
47894
0
5098
0
0
0
0
0
36429
0
0
0
0
0
0
0
0
0
36429
0
0
0
0
0
0
0
4815
5145
6257
0
0
48959
0
0
42009
0
0
0
0
0
55381
0
0
0
0
5145
0
0
42009
5098
0
0
36960
0
0
0
0
0
0
6845
0
0
0
0
0
0
0
0
0
0
0
0
0
0
0
0
6251
0
36429
0
0
0
0
0
0
0
0
0
0
0
0
0
0
0
0
0
0
0
0
0
4162
0
0
0
0
6251
0
5098
0
0
0
0
0
0
0
0
0
0
0
0
0
0
0
0
0
0
0
0
0
3806
0
0
0
39939
5145
0
0
0
0
36429
0
0
0
4162
0
0
0
0
0
0
38302
0
6845
0
0
0
0
0
38302
0
0
0
0
0
0
0
0
0
0
0
0
0
0
0
4974
36420
0
0
0
0
6845
0
0
4974
0
0
0
0
36283
0
0
0
36429
0
0
3806
0
0
0
0
36429
0
41791
0
0
4974
36283
6845
0
0
0
0
0
0
0
0
0
6251
36429
0
0
0
55691
0
0
0
40233
0
0
0
0
5098
0
0
0
0
0
0
0
0
0
0
0
0
0
0
0
0
0
0
0
36283
0
0
0
6845
36982
0
0
0
5469
0
0
0
0
36283
0
0
5098
0
0
0
2808
38424
0
3806
5469
0
2808
0
0
4162
0
36982
0
0
0
0
0
5469
0
49254
0
0
0
0
0
0
0
0
0
6845
0
0
0
0
40926
0
0
36283
0
0
0
0
0
0
0
0
50858
38424
0
5098
38424
0
0
6257
0
0
0
0
0
0
0
0
0
0
36283
0
0
0
0
0
0
0
0
0
0
0
0
0
0
0
37269
0
0
0
0
0
0
0
42950
0
6251
0
0
0
0
0
0
0
0
0
5462
0
0
4162
0
0
0
0
2808
5145
0
37822
0
0
36506
0
0
0
0
0
0
0
4162
0
0
0
0
0
0
39171
0
0
0
0
5703
0
0
0
0
0
0
0
0
3806
0
0
0
3806
0
0
0
0
0
41741
0
5098
0
0
0
0
0
0
43983
0
0
0
0
43480
0
0
0
0
6652
0
0
0
0
0
0
0
0
6652
0
6257
0
0
51645
0
5703
0
0
0
0
0
0
6257
0
0
0
0
5098
39171
0
0
0
0
0
0
0
0
0
0
0
0
0
6257
0
0
0
0
0
0
0
0
0
5462
0
0
6257
0
0
0
0
3806
0
0
51645
6860
0
0
51645
0
0
0
0
0
51645
0
44002
0
44460
0
0
0
0
0
0
6257
0
0
0
0
42106
0
0
0
0
0
0
0
0
42106
0
0
0
38691
38691
0
0
0
56906
0
0
6257
0
0
0
5703
0
0
0
0
0
0
0
0
0
57867
0
0
7668
0
0
0
0
0
0
0
0
0
0
0
0
0
0
0
0
0
0
0
0
0
0
0
0
4162
6257
45073
0
57867
0
0
0
39401
0
0
39002
0
0
0
0
0
0
0
0
0
0
5098
0
0
4162
0
0
0
0
0
0
0
57867
0
4162
0
0
0
0
0
3876
0
0
0
51003
58203
0
0
5703
0
0
0
0
0
0
0
43297
0
0
0
0
0
0
39732
0
0
4162
0
0
5462
0
0
0
0
6845
0
3876
0
0
5098
58203
0
0
0
0
0
44469
0
0
0
0
0
0
40517
0
0
0
0
0
0
0
0
0
0
0
0
40573
0
0
0
40118
0
0
0
0
40517
0
0
5462
3876
0
0
0
0
0
6845
6845
0
0
52620
0
0
0
0
0
5343
0
0
5343
0
0
5462
7668
0
6845
0
0
7668
0
0
44469
0
0
0
0
0
0
0
0
0
0
0
0
0
0
0
0
7668
0
0
0
52047
0
0
0
0
0
0
0
45446
0
0
0
52885
0
5474
0
40517
0
0
0
0
0
0
0
0
0
0
0
0
0
0
0
0
0
0
40517
0
0
7668
4162
0
0
0
0
0
0
0
7668
0
0
0
0
43297
0
40517
0
0
0
0
0
0
0
0
0
0
0
41882
0
0
0
0
45644
0
0
0
0
0
0
0
5462
5343
6984
6984
0
0
0
0
0
0
0
0
0
0
0
6984
0
0
41110
0
0
0
0
0
0
7668
0
0
0
42489
0
5462
0
0
0
0
3876
0
6845
0
0
0
43668
0
41247
0
0
0
7142
0
0
0
0
0
45644
0
0
0
5474
0
3876
53450
0
3876
0
0
0
0
0
0
0
0
0
0
0
0
0
0
4162
0
0
0
0
0
0
0
43397
0
0
53952
53450
0
5343
0
0
0
0
0
0
0
7668
0
43397
0
5474
0
0
0
0
0
0
7142
3135
43668
0
0
0
0
0
0
4695
0
0
53952
5703
43668
40838
6845
0
5703
0
0
0
7668
45415
0
0
0
0
0
0
0
0
0
0
0
0
0
0
41393
0
0
0
3135
0
0
0
0
0
0
0
0
0
0
0
0
0
5703
6845
55611
0
0
0
0
0
0
0
4695
0
0
0
0
0
44336
0
0
0
42361
0
0
0
60287
5462
40838
0
0
0
0
0
0
43668
0
0
42361
7668
0
0
0
0
0
5703
0
0
44404
0
0
0
0
0
0
5462
0
0
0
0
0
0
0
46296
0
0
0
0
0
0
0
0
0
0
0
0
0
0
43668
0
0
5474
0
0
0
4695
0
0
0
40838
0
0
0
0
0
0
0
0
0
0
0
0
0
0
55664
44853
46296
7668
46296
0
5474
53596
0
0
0
0
0
0
0
0
0
7142
0
6845
0
0
5393
4695
0
0
0
0
0
0
44445
0
0
0
0
0
0
0
47357
0
0
0
0
0
0
0
5393
0
0
0
0
0
0
0
0
0
0
0
0
0
0
0
0
4695
0
0
0
0
0
0
0
0
5474
0
0
0
0
45478
0
48248
0
0
0
0
0
0
5474
0
0
0
0
0
0
0
3876
5474
0
0
5474
6845
0
0
0
0
0
0
0
0
0
0
48248
0
0
0
0
0
0
4695
5393
0
0
0
0
0
0
0
0
0
0
0
0
0
0
0
0
56503
0
0
0
0
4695
0
0
45562
0
4695
0
0
0
0
0
0
0
0
0
0
0
0
0
0
0
0
0
0
7142
0
0
3876
0
0
0
0
6845
0
0
0
0
0
56793
45478
0
0
0
0
0
0
0
0
0
0
0
0
5393
0
0
0
43562
0
0
0
0
6845
0
0
0
0
5703
0
0
0
0
0
0
0
45478
46600
0
0
0
0
5393
0
3915
0
0
0
0
8526
0
5474
0
0
0
0
46600
0
0
0
0
0
0
45478
0
0
0
0
5703
0
0
5462
0
0
0
0
0
0
3915
0
0
0
54568
0
0
0
0
0
0
0
0
0
0
0
0
0
0
0
0
0
0
54568
7635
0
0
62922
0
0
5474
0
0
0
0
48210
0
0
0
0
0
0
42385
4591
5462
0
0
0
5474
5703
0
8526
0
0
0
0
0
0
0
0
0
0
0
0
0
0
54568
0
0
0
0
0
0
3915
5462
0
0
0
54568
0
0
0
0
0
0
0
7635
0
0
49196
0
8526
0
58579
0
0
0
0
0
58579
0
0
4695
5393
0
6845
0
0
50793
0
0
0
0
48029
45459
43015
0
5474
0
0
5462
0
4695
0
0
0
4995
0
0
6845
0
0
5393
0
0
0
0
0
44331
0
44331
5703
0
0
0
0
0
0
48029
0
0
0
0
4695
0
0
0
0
0
0
0
0
0
0
0
0
0
3915
43015
0
0
0
0
45459
0
0
8526
0
0
0
0
0
0
0
0
0
0
0
0
0
0
0
6845
0
0
0
0
0
0
0
0
0
62922
0
0
0
0
4995
5703
0
0
5474
0
62922
0
0
0
0
0
0
0
0
0
0
0
0
0
0
62922
0
0
0
45459
0
48280
0
0
4995
0
55397
0
0
0
0
5393
0
0
0
0
0
44331
0
0
0
0
0
0
0
0
45459
0
49302
0
0
0
0
0
0
0
0
0
0
0
0
6845
62922
0
0
3915
0
0
62922
5703
0
7635
49302
4695
0
49302
0
44674
0
0
0
0
0
0
6845
0
0
45459
4995
44331
0
0
0
0
0
0
0
5474
0
0
0
4995
0
0
47937
0
0
44674
0
0
7635
0
0
0
0
5462
0
0
0
0
0
0
0
0
0
0
0
0
46876
0
5393
0
0
0
59136
0
46876
0
0
0
0
48640
0
0
0
48640
0
5462
0
0
0
0
0
0
0
0
7635
0
0
0
0
4695
0
0
0
0
0
0
0
6845
0
0
0
59136
0
0
0
0
49659
0
0
0
5393
0
0
0
59136
0
49302
0
0
0
0
0
0
0
0
45736
0
0
0
0
0
47937
0
0
0
0
0
0
0
0
0
0
0
0
0
0
0
0
0
0
0
5393
0
0
59136
6845
0
0
5393
0
8526
0
0
0
0
0
0
0
0
0
0
0
0
0
0
0
0
0
0
0
0
0
0
6845
0
49302
0
0
0
49302
0
6845
54029
0
0
0
5462
0
49302
0
0
0
0
0
60022
0
0
51069
0
0
0
0
0
0
0
44331
0
0
0
0
0
0
0
0
0
0
0
6088
0
0
0
0
0
0
64772
0
0
0
0
0
0
0
0
0
0
0
0
0
54029
0
0
54029
47787
0
51807
0
0
0
8090
56699
0
0
60022
3915
0
0
0
45619
0
0
0
0
0
0
51807
0
0
60401
0
46548
46470
0
0
0
0
0
0
0
0
6845
0
0
0
46548
0
0
0
0
8090
0
0
0
0
0
0
46548
0
0
0
0
0
0
0
0
0
60401
0
0
0
0
0
0
6088
0
5462
0
0
46548
0
0
0
0
0
0
0
0
0
0
0
57438
8526
0
0
0
0
0
0
6845
0
0
0
0
0
0
0
0
49666
0
0
0
0
46470
57438
0
0
0
0
48708
0
6845
46470
6241
0
0
0
54538
0
0
0
0
8090
0
0
0
0
0
0
5462
0
0
0
0
0
48469
0
8090
0
5666
0
0
0
0
0
48708
0
0
0
0
0
0
0
0
0
0
0
0
0
0
0
0
0
0
0
0
0
0
0
0
0
0
0
47048
0
0
0
48469
0
4733
0
0
0
0
0
0
0
55063
8526
0
0
0
0
0
0
0
47048
0
0
0
0
0
0
49666
5462
5666
0
0
0
0
5462
0
0
0
0
0
0
57671
8526
6241
0
0
0
0
0
0
0
0
0
0
0
5448
0
0
0
0
0
49065
6845
0
0
0
61150
0
0
0
0
0
0
5023
55063
0
0
0
0
0
0
0
0
0
0
0
0
0
6845
0
0
0
50400
0
0
0
0
0
0
0
49540
0
0
0
50400
0
0
0
0
0
0
0
5666
0
5448
0
8526
47464
5023
0
0
0
0
0
0
50400
0
6845
0
0
0
0
0
0
50400
0
0
0
0
0
4733
0
0
0
0
0
0
5448
0
0
0
0
6241
0
0
0
0
0
49065
0
0
4733
0
0
0
6088
0
0
0
4733
0
5448
0
0
0
0
56732
0
0
0
0
0
52747
0
8526
0
0
0
5666
0
0
0
0
53845
5448
0
0
8283
0
0
0
0
8526
5462
0
0
0
0
0
0
0
59763
0
0
5023
0
0
0
0
0
0
5462
0
0
0
0
6241
0
0
0
0
0
0
0
0
0
0
49461
0
0
0
0
0
50544
0
0
0
0
0
0
5666
53845
0
0
0
0
0
6088
0
0
0
53845
0
0
0
0
0
53845
8283
0
0
0
0
50544
49077
0
0
0
0
0
0
0
0
0
0
0
6052
0
0
0
0
0
0
0
0
0
0
0
53845
0
0
0
6241
53845
0
0
0
0
0
0
0
0
0
0
0
0
6088
0
0
5023
50544
0
0
0
0
0
6088
0
0
0
0
0
0
0
0
0
53845
0
0
0
0
50097
50097
0
6088
0
0
0
0
0
0
0
0
0
49583
5333
0
0
56732
0
0
0
0
0
5915
0
0
0
0
0
0
0
0
0
0
0
0
0
0
0
50470
0
0
0
0
0
0
0
0
0
0
0
0
5023
0
0
0
5666
0
5666
56732
0
6088
8283
0
0
0
0
0
0
0
0
0
0
8283
0
0
0
0
0
0
0
50950
0
0
0
0
5915
0
0
0
0
0
0
0
0
0
0
0
0
0
0
0
0
0
0
0
5333
0
0
0
0
0
0
0
0
0
0
0
0
0
6241
0
0
0
0
55199
5666
0
0
5333
5023
0
50097
0
0
0
0
0
0
5333
0
0
0
0
0
6845
0
0
0
0
0
0
0
0
5333
5023
0
0
0
0
6845
0
0
55199
0
0
0
0
0
0
0
50097
0
0
0
0
0
0
0
0
5333
0
0
0
0
0
0
0
0
0
0
49583
0
0
0
0
0
0
6845
0
0
0
7006
0
0
0
6710
65886
0
0
0
0
50097
0
0
0
0
8283
0
5341
0
53493
0
0
0
51692
0
0
0
0
0
0
0
0
0
0
0
0
0
7006
50762
0
5666
0
0
0
0
0
0
0
0
0
0
50981
0
50981
0
0
0
0
0
0
6428
0
0
0
0
0
0
0
0
0
0
0
0
52481
0
5023
7006
0
0
0
0
0
0
0
0
66146
0
0
0
0
0
0
6845
50981
0
0
0
0
0
0
0
52393
0
0
0
0
0
0
0
0
0
0
6428
5341
0
0
0
0
0
0
0
0
52393
0
0
55245
5666
52393
0
64788
0
6845
0
0
0
0
0
0
0
6845
0
0
0
0
0
0
0
0
0
0
56107
53646
0
0
0
0
0
0
0
0
0
0
0
0
0
8283
0
0
0
0
0
66868
0
7006
0
0
66234
0
0
0
0
0
8283
0
0
54552
0
0
0
8283
0
5666
0
59791
0
51813
0
0
0
54552
0
0
0
52393
0
0
0
0
51813
0
0
0
0
66868
0
0
62947
0
0
0
0
0
0
0
0
0
0
0
0
0
0
55327
0
0
0
0
0
0
0
0
0
0
0
0
0
56387
0
0
0
7352
0
0
0
0
0
0
5341
0
52393
0
0
0
0
0
0
0
0
0
0
0
0
0
0
0
0
0
0
0
0
0
0
0
6374
0
0
0
0
0
0
0
0
67487
0
0
0
0
6522
0
0
0
0
0
0
60913
51494
0
0
0
63794
0
0
0
7065
0
0
0
7065
7065
55327
6845
0
0
0
0
0
60913
0
0
67887
56387
6845
0
0
0
6845
0
7006
5023
0
0
0
0
0
0
0
0
0
0
0
0
0
9353
0
0
0
0
67887
0
0
64810
0
9353
0
0
0
0
0
0
0
0
67698
0
7006
0
0
5023
0
0
0
6374
0
0
0
0
0
0
7065
0
0
0
0
0
0
0
53270
56387
0
0
0
0
61613
0
0
0
0
0
0
0
5023
0
0
9353
0
0
0
0
0
9353
0
0
0
0
67698
0
6374
0
0
0
0
0
0
0
0
0
0
0
0
0
0
0
0
0
0
0
0
0
0
0
0
9353
0
0
0
0
0
0
0
0
0
0
0
0
6522
0
0
0
0
0
8283
0
6374
5023
0
0
0
0
0
0
55011
0
0
61662
0
7065
0
9353
7065
0
0
0
0
0
0
0
8283
6374
0
52656
0
0
0
0
0
0
0
0
0
7006
0
0
7065
0
0
0
0
0
0
0
0
0
0
0
0
5023
0
0
67698
65618
0
7006
0
7352
0
56318
0
0
0
0
0
0
62675
0
0
0
0
7352
0
0
0
0
0
55011
0
0
0
0
0
0
0
0
56318
6522
0
7065
0
55011
6374
0
0
0
0
0
0
0
0
0
70307
0
0
55011
0
0
5341
0
8283
0
0
7065
0
0
65618
0
0
0
0
0
0
0
0
5023
0
0
0
0
0
8283
0
63652
0
7065
52650
55011
0
0
0
0
0
6845
0
0
8283
0
0
0
0
0
0
0
0
0
54146
0
0
0
67968
0
0
6374
0
0
0
0
0
0
6845
0
0
0
57459
0
0
0
0
0
7006
0
63652
0
0
0
0
0
0
0
0
0
0
0
0
0
0
0
0
9353
0
0
8283
0
0
0
0
66362
0
0
0
0
0
8283
0
0
0
0
0
0
0
72092
0
0
0
7065
0
0
0
0
0
9353
0
0
0
0
0
0
0
0
7006
0
0
55091
0
0
0
0
0
0
0
0
0
0
0
56387
0
0
0
0
0
5341
68822
0
7006
7065
0
0
54146
0
0
0
0
0
0
0
0
7006
0
8283
0
5023
0
55011
0
0
58228
0
0
0
56387
0
6637
0
0
0
0
56387
52650
52650
0
0
0
0
0
0
58228
0
0
0
0
0
0
0
0
0
0
0
0
0
64631
56387
0
9353
0
0
0
0
0
0
0
0
5341
0
0
0
9353
0
0
7352
0
0
0
0
0
0
0
6845
0
54478
0
55011
0
0
6637
0
0
0
0
0
0
0
68822
0
0
0
8283
0
0
0
0
8283
0
0
0
0
0
0
0
0
0
0
0
0
0
68822
0
0
59119
0
66963
0
0
0
7065
0
0
0
0
0
0
0
0
0
0
0
0
72528
0
0
0
0
0
0
52650
0
0
0
72528
67416
0
0
0
0
0
0
67416
0
6637
0
52650
0
0
0
0
0
0
0
0
0
0
0
0
0
0
0
6845
0
7065
0
0
72528
59119
0
68232
0
0
0
0
0
7065
6845
0
0
0
0
0
0
0
0
0
0
0
68822
55011
0
64965
9353
0
68232
0
7754
0
0
0
0
0
0
0
0
0
0
0
0
0
6374
0
0
64965
0
60792
0
8708
64965
0
0
0
0
0
0
0
9353
72528
0
0
0
0
0
0
7754
0
0
0
0
0
0
0
0
9353
0
60792
0
0
0
0
0
0
0
0
0
0
0
55822
0
0
0
0
0
0
0
0
0
0
0
0
0
0
0
0
5023
0
7074
0
56154
0
7074
0
0
0
0
0
0
0
72528
0
0
0
0
0
0
0
0
0
0
0
52916
0
0
68822
0
7871
0
0
0
0
0
0
0
0
0
0
56943
0
0
0
0
68822
0
0
0
0
0
5023
0
0
0
0
0
0
0
0
0
0
56943
0
0
0
0
0
5341
56128
0
0
6637
57693
0
0
0
0
0
0
0
72528
0
0
0
0
0
0
7074
0
0
0
0
0
0
0
0
0
0
0
0
0
57693
7754
0
0
0
0
52916
0
0
56292
5341
0
0
0
0
0
0
0
0
0
0
0
0
0
0
6845
0
0
0
58313
0
0
0
0
0
0
0
5023
0
0
0
0
0
0
0
0
58313
0
0
0
0
0
0
0
0
0
0
0
0
0
0
0
0
73232
0
0
0
0
0
68797
0
57019
0
0
0
0
54329
0
54329
0
57019
0
0
0
0
0
0
5023
8746
0
0
0
0
0
0
0
0
57019
58798
0
0
66353
0
0
0
0
0
7922
0
0
0
0
0
0
0
0
5341
0
58798
8283
0
0
0
0
0
0
0
6845
0
0
0
0
0
0
0
0
70990
0
0
0
69863
0
0
0
0
0
0
0
0
5341
57737
0
0
0
0
5023
0
62948
0
0
0
0
0
0
0
0
0
0
0
0
5023
7074
0
0
0
0
0
0
0
70990
0
0
7754
0
7074
0
0
67882
0
0
0
0
0
0
0
0
0
0
70990
0
0
7754
0
0
60454
0
6726
0
0
0
0
0
0
0
0
0
0
0
0
0
0
0
0
0
0
0
0
0
0
70990
0
0
0
0
0
0
0
5341
0
0
0
73870
0
0
8283
0
7922
0
0
0
0
0
0
0
0
0
0
0
0
0
0
0
0
0
0
9768
0
0
0
0
0
0
0
0
0
0
0
0
0
0
0
0
58265
9768
0
0
8746
0
0
0
0
0
0
9238
0
0
73870
7074
0
73870
0
0
0
0
0
0
0
0
0
8746
0
7754
8746
0
0
6845
6845
0
0
9238
0
0
0
55340
73870
0
5023
0
57445
0
0
6726
0
5023
0
0
6726
0
0
0
0
0
0
0
0
9264
7754
0
0
0
0
0
0
0
71709
0
0
0
0
0
0
6726
0
0
60862
0
0
0
0
7613
8283
0
5023
59014
0
0
0
0
5023
0
0
71313
0
55931
8283
0
0
0
0
6726
0
0
0
0
0
0
0
55931
0
0
55931
0
0
0
9264
0
0
65633
0
0
0
0
0
0
0
8283
0
0
0
0
0
0
0
0
0
73870
0
60049
7074
8283
0
0
0
6726
0
0
0
0
0
0
0
0
0
0
0
0
0
0
0
0
65633
0
65633
0
0
0
55931
0
0
0
0
0
65633
9768
0
0
68241
0
0
0
0
0
65633
0
0
0
0
0
0
0
0
0
0
0
0
0
66545
5341
0
0
55931
0
0
0
0
0
0
0
0
0
0
0
0
0
0
60741
0
0
0
0
0
57445
0
0
0
0
0
0
0
0
0
0
5023
0
0
0
0
61636
56928
0
9768
0
0
0
0
0
0
71756
0
0
0
0
0
0
0
0
0
0
7074
67039
0
0
62068
0
0
8283
0
0
0
57885
0
0
0
72551
0
0
0
0
0
0
0
60741
0
0
0
0
56928
59769
0
68869
59769
0
0
0
0
0
57885
0
0
0
0
0
0
5341
0
5341
0
0
0
9527
0
8519
0
0
0
0
0
0
0
0
0
8283
0
0
0
0
0
0
0
0
0
0
0
0
0
0
0
0
0
0
0
0
9264
0
0
0
0
60741
0
0
8283
0
0
7074
0
9264
0
0
0
6726
0
0
0
0
0
5023
0
8283
0
0
5341
0
0
0
69470
0
58059
0
0
0
10001
0
0
0
0
0
10001
0
60741
0
0
59769
0
0
0
0
0
0
0
0
0
73791
0
0
0
58059
0
5023
0
0
0
0
0
0
0
0
0
7074
0
0
70040
0
5023
0
0
0
0
0
0
0
0
0
0
7074
0
0
0
0
0
7074
5023
0
0
10001
0
0
0
0
0
0
0
59518
0
5023
0
6726
0
0
0
0
0
58059
0
0
0
6726
0
0
0
0
0
0
58059
0
0
0
0
0
0
0
0
0
0
0
0
0
0
0
0
0
0
0
0
0
0
0
0
0
0
0
0
0
0
73791
0
0
8519
0
0
0
0
0
0
0
7613
0
0
0
0
0
0
0
0
0
0
0
0
0
0
0
0
0
0
0
73791
0
0
0
0
73791
0
73791
6726
0
0
0
0
0
0
0
0
0
0
10053
0
0
0
0
0
75034
0
0
0
0
0
0
0
0
0
0
0
0
63697
0
0
0
0
76985
0
0
0
0
0
7074
73791
0
0
0
5341
0
0
0
0
0
0
0
8519
0
0
0
71333
0
0
0
0
0
0
5341
0
71333
0
0
0
0
10053
0
0
5023
0
5023
5023
0
0
0
0
0
0
58059
0
0
0
0
0
0
76985
0
0
0
0
0
0
0
0
0
0
0
0
0
0
0
0
0
73791
0
0
8519
0
0
0
0
77071
5023
64543
0
0
0
0
0
0
0
0
0
0
7074
0
0
0
0
0
0
0
77071
0
0
0
0
0
0
0
10053
0
0
0
0
60738
63019
6726
65345
0
0
0
0
0
0
0
0
0
0
9527
0
0
0
0
0
7074
0
0
0
0
0
0
0
0
61338
0
0
0
0
7074
65648
0
0
7613
0
0
0
0
0
7074
0
0
7613
0
0
0
0
72051
0
0
0
0
0
8519
0
0
10106
0
0
5023
0
0
0
5341
0
0
0
0
7613
77071
0
0
0
75748
0
0
0
0
0
77071
6726
0
0
0
0
0
0
0
0
10053
0
0
0
0
0
0
0
0
0
75034
0
0
0
0
0
0
0
7613
0
0
0
0
0
0
0
7613
7613
0
5023
0
0
0
0
0
0
73304
0
0
0
0
0
0
7074
0
0
0
0
0
0
0
63269
0
0
0
73304
7613
0
0
0
0
0
62949
0
7074
0
0
0
66147
7613
0
0
0
0
0
0
0
0
0
0
0
0
0
0
0
0
0
0
0
5341
0
0
0
0
62682
0
0
0
73304
0
0
0
0
64279
0
0
75748
8519
75034
0
0
0
0
0
0
0
0
0
75748
0
0
5341
0
0
0
0
0
10053
0
0
0
0
0
0
0
0
0
0
0
0
10106
0
0
0
0
0
7058
0
0
0
7074
0
8519
7613
0
0
0
0
77702
0
0
0
10053
0
64583
0
0
0
0
0
0
0
0
0
0
0
0
0
0
0
0
0
7074
0
0
0
9527
7613
0
8519
0
9527
0
0
0
0
10106
0
0
0
0
0
0
0
0
64114
7074
0
0
0
64518
0
0
5341
0
0
0
0
0
0
74303
0
0
0
64114
0
0
77702
0
0
0
0
73591
0
0
0
0
0
0
0
0
77702
0
0
73591
0
0
0
0
0
0
76238
77702
76633
0
0
0
0
0
0
0
0
0
0
0
0
65013
0
74303
0
0
0
0
0
0
77702
5341
7717
0
0
0
0
0
0
0
0
0
0
0
0
66450
0
0
8163
10106
0
0
0
0
0
8163
0
0
0
9527
0
0
0
0
0
5151
0
0
0
0
0
0
8163
0
0
0
63810
0
0
0
0
9527
9157
0
0
0
0
0
0
0
0
5151
0
0
0
0
0
0
0
0
10053
0
0
0
9157
0
0
0
0
0
0
0
0
0
0
0
0
8163
0
0
9527
74366
0
74366
0
0
0
0
0
0
0
0
0
0
0
0
0
0
0
0
0
0
0
0
0
0
0
0
0
0
0
0
0
0
0
6158
63960
0
7717
9416
0
0
10106
0
0
0
0
0
10427
0
0
78360
0
5946
0
0
0
65252
0
0
74233
0
0
0
0
0
0
0
0
0
0
8163
0
0
74589
0
0
0
0
78154
0
0
0
0
0
0
0
10106
0
7058
0
67634
0
0
76847
0
8945
0
0
10427
0
63960
0
78360
5946
0
0
0
0
0
0
0
65252
6158
0
6158
0
0
0
0
10053
0
0
7717
0
0
74233
0
0
0
0
0
0
0
0
0
0
0
0
0
6158
0
0
0
0
0
0
0
0
0
9416
0
0
0
65252
0
7717
0
0
67620
0
0
78360
0
0
0
66193
0
0
0
0
0
0
0
0
0
0
8945
0
76847
0
0
0
7717
9416
0
0
0
0
0
0
0
0
0
0
0
0
0
0
0
0
0
0
10053
0
0
0
0
8945
0
10106
0
0
0
0
0
0
0
0
0
0
0
0
0
65589
0
9416
10106
0
77545
75123
0
0
67903
0
0
0
0
0
0
0
0
0
7903
0
0
0
0
0
67777
0
65623
0
67903
0
0
0
0
9157
0
0
0
0
0
0
0
0
66434
0
0
0
0
67903
9157
0
0
0
6158
0
0
0
0
0
0
67903
0
0
80153
0
0
10106
0
0
80153
0
0
0
0
10106
0
0
0
0
0
0
0
0
0
0
0
0
0
0
74964
67777
0
0
0
0
0
0
0
0
0
0
0
0
0
0
0
0
0
0
0
0
0
0
0
0
0
0
0
0
0
0
0
0
7903
0
0
10053
7903
0
81673
0
0
0
0
10427
0
0
0
81673
7903
0
68145
0
0
0
0
78901
0
0
0
0
0
0
0
0
0
0
65623
0
0
0
5946
7133
0
0
0
0
0
74964
9157
0
0
74964
0
0
0
10106
0
0
0
0
9157
0
0
0
0
0
0
0
0
74964
0
0
0
0
6158
74964
0
0
0
0
0
0
79256
0
0
0
0
0
0
0
0
0
0
0
10427
0
0
0
0
0
0
0
0
0
0
9157
0
0
0
67620
0
0
82211
8945
6862
68786
0
65796
0
0
0
0
0
0
0
0
0
0
0
0
7903
0
0
0
0
0
0
7133
0
0
0
0
0
78901
0
0
0
0
0
0
6862
65796
0
0
0
0
0
0
0
0
0
0
0
0
0
67812
0
78901
0
0
0
7903
0
67620
0
76566
0
0
79499
0
0
0
0
7903
0
67812
79499
0
0
0
0
76734
0
0
0
0
0
0
0
0
0
0
7903
0
67620
7903
0
7133
0
0
0
6862
10427
0
0
0
0
0
0
0
0
0
0
0
7903
0
0
0
0
0
0
0
76756
0
0
0
0
0
0
0
0
0
0
0
0
9157
0
0
6158
0
0
0
0
0
0
6862
0
76937
0
0
9917
8945
0
0
0
0
0
0
0
82211
8945
0
66036
0
0
0
76937
0
6158
0
76937
0
0
0
76937
0
0
0
0
0
0
10427
66036
0
0
0
0
0
0
0
0
0
0
0
0
0
0
0
0
10427
0
0
7903
0
0
0
79541
0
0
10053
7133
0
0
10053
0
66036
76937
0
0
9820
76734
0
0
0
0
0
0
0
0
0
0
0
6158
82211
68226
0
0
0
6862
0
0
0
0
0
68226
82211
0
0
0
0
0
0
0
0
0
0
0
0
6158
0
0
0
0
9865
0
82211
10106
6862
80664
0
0
0
0
0
0
0
67547
0
0
0
0
0
0
0
6158
0
0
0
67547
0
0
0
0
0
0
0
7903
0
0
0
0
0
0
0
0
0
0
0
0
0
77194
7903
67547
82211
0
0
0
0
0
0
0
0
69392
0
0
0
0
0
0
7133
0
7133
0
0
0
6862
0
0
0
0
0
6862
0
0
0
0
0
0
10427
0
73908
0
0
0
0
0
77347
0
0
0
0
7903
0
0
0
70416
0
0
9865
0
0
0
0
0
0
0
0
0
0
0
0
83396
0
0
0
80940
0
0
0
0
0
0
0
0
0
0
0
0
0
10427
0
0
0
9917
0
0
0
0
0
0
0
0
0
0
0
77394
0
0
0
0
0
0
0
0
0
0
68850
0
0
0
0
0
0
77347
0
0
0
0
0
0
6158
0
0
0
9917
0
77394
0
9917
77394
9865
0
0
0
0
80940
9917
0
9917
0
0
0
7133
77817
0
0
0
81585
0
0
0
0
0
0
0
0
0
0
74548
0
74548
77347
0
0
0
0
0
0
0
0
9865
77347
0
6862
0
0
70416
0
0
0
0
0
0
0
6862
72059
0
0
0
0
0
0
0
0
0
0
0
0
0
69455
72059
0
0
0
83774
0
0
0
0
72059
0
6573
0
10343
0
0
0
82591
0
0
8412
0
0
0
0
0
0
0
0
0
0
0
0
0
0
0
72059
0
69455
0
0
0
0
0
0
0
7950
0
0
0
9917
0
0
9917
0
6932
0
0
0
0
0
0
0
0
0
0
0
0
0
0
0
69497
0
76243
0
10343
0
0
10343
0
0
0
0
0
0
0
77734
0
81385
8412
0
0
0
0
0
0
0
0
0
0
10053
81574
0
10343
0
0
0
0
0
0
0
76243
0
0
0
0
0
0
72859
0
0
0
0
10343
6573
6932
0
0
0
0
0
0
0
0
0
0
81935
81935
0
0
0
0
0
0
81935
0
0
0
72353
0
70160
72930
0
0
10053
0
0
0
0
0
0
0
0
0
6932
0
0
0
9917
0
0
0
9917
0
0
0
80973
0
0
0
0
0
0
0
0
0
0
0
70236
0
0
7950
6573
70160
0
0
0
0
0
0
82798
0
0
83286
0
77777
0
0
10427
0
0
0
0
0
0
8412
0
0
70236
6932
0
0
10106
0
0
0
0
10106
76551
0
0
0
0
0
0
0
0
0
0
0
0
73228
0
0
0
0
0
0
0
0
0
0
76551
6573
0
8412
0
0
0
0
0
0
0
0
78335
10427
0
81636
0
0
0
0
0
10106
86795
0
0
0
0
0
0
0
0
0
0
0
0
0
0
0
0
0
0
0
0
0
0
0
0
0
0
0
0
0
10106
0
0
0
0
0
0
0
0
10427
0
8412
0
0
70160
0
0
9917
0
0
0
0
0
0
0
0
0
0
0
0
0
0
0
0
0
0
0
0
0
0
0
0
10106
0
0
10343
79487
0
0
0
0
0
0
79487
0
0
0
0
0
0
0
0
0
0
0
0
9917
73311
0
0
0
0
0
0
70160
81636
0
0
0
0
0
70236
0
0
0
0
0
0
83286
0
0
0
0
0
0
8412
0
0
0
0
0
0
0
0
76925
0
0
0
0
0
0
76925
0
0
8412
0
0
0
0
0
0
11240
0
7950
76925
0
0
10106
9917
0
10053
0
0
7950
0
70236
0
0
0
0
0
0
83588
0
6573
70160
0
0
0
6573
0
0
0
0
70236
73311
0
0
83170
0
0
6573
0
0
0
0
0
0
0
0
0
0
10053
6573
0
0
0
9917
87168
0
0
0
0
0
0
0
0
0
0
0
0
0
0
0
0
0
0
0
0
0
0
0
7951
0
0
0
0
0
0
0
10236
0
0
0
0
0
0
0
0
82486
0
0
0
77599
0
0
0
0
0
0
0
0
84118
0
77599
0
0
77599
84118
0
0
0
0
70161
0
0
0
0
0
0
0
0
0
0
0
0
0
0
0
0
0
0
10343
10106
0
0
0
0
0
0
0
0
0
0
0
0
0
73578
0
0
0
0
0
0
0
0
0
0
0
0
0
0
0
0
10106
0
0
6573
0
74566
87560
0
0
6573
0
73578
0
0
0
0
74566
0
70161
0
7950
0
80749
0
88262
10053
0
0
0
0
0
0
83644
6573
0
0
82678
83644
10236
82678
0
0
0
0
0
0
0
0
80891
0
88262
0
0
72082
0
0
0
0
0
0
0
0
0
0
0
10343
0
0
0
0
0
0
0
0
77929
0
0
71085
0
0
0
10752
0
0
0
0
0
0
0
0
0
0
0
7950
0
0
10343
0
0
0
0
0
0
10053
0
0
0
0
0
0
0
0
75445
0
0
0
6573
0
0
7951
0
0
0
0
0
0
0
8412
71085
0
0
0
75445
71085
0
0
83874
0
82678
0
0
77929
75445
0
0
0
0
0
73658
82163
0
0
0
82678
0
0
71085
0
0
0
0
0
0
0
8412
8412
0
0
0
0
77929
0
0
0
10782
0
0
0
82678
0
0
0
71893
0
0
10782
0
0
0
0
0
6573
0
0
0
0
0
0
0
0
0
0
0
84285
0
0
10897
0
0
0
0
0
0
0
0
0
0
0
0
0
10897
0
82163
0
0
77219
0
0
8412
10897
10053
0
0
0
0
0
84285
0
0
0
0
0
0
0
11364
0
0
74997
0
0
0
0
0
0
0
0
0
0
0
84848
0
0
0
0
0
0
0
0
0
0
0
0
0
71893
0
10897
0
11364
0
0
0
0
0
0
0
0
0
0
89679
0
0
0
0
0
0
10053
0
82678
0
84285
0
0
74254
10343
0
0
75454
0
10782
0
0
10053
0
0
0
0
0
0
0
0
0
0
0
0
0
0
0
0
11364
0
0
0
0
0
0
0
0
0
0
6573
0
0
0
10053
0
0
72405
0
0
0
0
0
84285
0
75454
0
0
0
0
0
0
0
0
10782
0
82678
0
0
0
0
0
0
0
0
0
0
0
0
0
6836
0
0
0
0
0
0
0
0
84285
0
0
11479
0
0
0
0
0
0
0
0
84285
0
10053
10897
0
0
0
0
0
84848
0
0
10053
0
0
0
8456
0
84848
0
8456
0
0
8412
0
75454
0
0
0
0
73676
9264
10343
0
0
0
0
0
0
0
10343
0
0
0
0
0
0
0
0
0
0
0
0
0
0
83596
92280
0
0
0
0
0
0
73676
0
0
0
0
0
0
73676
0
83596
0
0
0
10053
0
0
0
0
0
0
0
0
0
0
0
0
0
0
0
0
0
0
0
0
0
0
0
84567
0
0
0
0
0
0
0
10747
0
0
0
0
0
0
0
0
83596
0
0
9264
0
0
74254
11479
0
10747
0
74254
0
0
0
0
0
0
0
0
0
0
8412
0
0
0
0
0
0
0
0
0
9264
0
0
0
0
0
0
0
0
78140
0
0
83744
0
0
0
0
0
0
0
0
0
0
10747
0
78626
0
85594
0
0
8412
11479
11479
0
0
84732
74286
0
0
0
0
0
0
0
0
0
0
0
0
0
0
0
0
0
79645
10747
0
0
0
0
0
0
0
0
6836
0
0
10053
0
0
0
0
0
0
0
0
0
0
0
0
0
0
0
0
0
0
0
0
85044
0
0
0
0
0
0
0
0
0
0
0
0
0
0
0
0
0
0
0
0
0
0
86202
0
0
80002
0
0
0
0
0
0
0
0
0
0
0
0
0
0
0
0
0
0
0
0
0
0
0
0
80555
0
10782
0
0
85247
0
0
0
0
10782
0
9264
0
10782
0
0
0
0
0
93891
0
6836
93891
0
0
0
0
9264
0
0
0
0
0
0
0
87315
0
0
79201
11364
87315
10897
0
0
0
11437
86202
0
0
0
0
88115
0
0
0
0
0
0
0
0
0
0
8456
0
0
0
0
0
0
0
0
0
85843
0
0
86253
0
0
0
0
79201
0
75335
0
0
0
0
0
0
0
87738
0
0
10782
0
0
85843
0
0
0
0
93891
0
0
0
0
0
0
0
0
0
10897
10897
0
9264
0
0
79316
0
0
0
0
0
0
0
0
0
80555
0
0
0
86271
0
0
93891
0
0
0
0
0
0
0
0
0
0
0
0
0
0
0
0
0
0
0
80509
0
0
0
8456
0
0
10897
0
0
0
0
0
0
11364
0
0
0
10897
0
0
0
0
11437
0
0
10053
9264
87063
0
0
0
75093
0
0
11479
0
0
0
0
0
0
0
0
0
0
0
89928
0
0
0
80509
0
0
0
89928
0
0
8412
0
0
0
80509
88638
0
0
0
0
0
0
0
0
0
0
89928
88638
75453
0
0
0
0
0
0
0
0
0
0
0
88020
0
79316
0
0
0
0
0
0
11479
80555
0
0
0
0
0
0
9264
0
80555
0
0
0
0
0
0
0
0
75424
0
0
0
0
0
0
0
0
0
0
8456
0
0
0
0
0
90325
0
75424
0
0
0
7058
80524
0
0
0
94265
0
0
0
8412
0
0
0
0
0
0
10782
0
0
9264
0
10782
0
0
0
0
0
0
0
0
0
8456
0
0
0
0
79614
0
0
80527
11437
0
0
0
0
0
0
0
0
0
0
0
0
0
0
0
88213
0
0
0
0
0
0
91831
0
0
0
9264
0
0
11479
0
0
79614
0
0
0
90373
0
0
11364
0
0
0
0
0
75424
0
0
90373
0
0
0
80527
0
0
0
0
0
0
0
0
8412
0
0
0
0
0
88147
0
0
0
0
7058
0
94876
0
0
0
80527
0
0
0
0
0
0
0
0
0
0
89805
0
0
94876
0
0
0
88530
0
0
0
81342
0
78606
0
0
8412
89805
0
0
0
0
0
0
0
0
0
0
88530
0
0
79614
75424
0
0
81441
0
0
94876
0
0
0
0
0
0
0
0
0
94876
75424
0
11479
0
0
90867
0
79614
0
9378
0
0
0
0
0
0
0
75424
0
78606
0
81342
0
11722
0
0
0
81342
0
0
0
81342
0
9378
0
0
0
0
0
0
0
0
0
0
0
0
0
0
0
0
0
0
8456
12224
0
90042
0
0
0
0
0
12116
0
0
95630
0
0
92320
0
81342
92320
0
0
0
89224
0
0
0
0
79614
0
0
0
0
9378
0
0
0
0
0
0
0
0
0
0
0
0
0
12224
0
92320
0
0
0
0
0
90867
0
0
0
0
0
0
9476
0
0
0
7058
0
0
8456
0
12224
0
0
11479
12224
0
0
0
0
0
0
9378
0
0
83487
0
0
0
0
0
0
0
0
0
0
0
7058
0
9378
0
0
0
0
0
90867
0
9476
0
78606
0
0
0
0
90867
11780
0
9476
0
0
0
0
0
12224
9476
83487
0
0
0
0
0
0
0
0
0
0
82193
0
0
0
0
0
0
0
0
0
0
0
0
0
0
0
0
0
0
90054
0
0
0
0
0
0
96395
90054
0
0
0
0
9608
0
0
0
0
0
0
0
0
0
0
0
0
0
0
0
9378
0
0
0
9476
0
0
0
0
0
0
0
0
12116
92427
0
0
0
0
0
0
9476
0
0
0
0
0
11722
9476
0
0
0
0
0
0
0
0
0
0
0
0
0
0
11780
11780
0
0
0
81455
90054
0
0
0
0
0
0
0
0
82504
0
11479
9608
0
0
0
0
0
11722
0
0
0
7058
11722
0
11339
0
75496
0
0
0
0
12116
0
92590
0
92590
0
0
0
0
0
0
0
0
11479
0
0
0
75496
0
0
0
0
0
0
0
0
0
0
0
0
0
0
0
0
0
0
0
0
0
0
0
81455
0
0
0
0
92427
0
0
0
0
0
0
11722
0
0
0
0
0
0
0
0
0
12224
0
92590
0
0
0
0
11339
0
0
0
83650
92427
0
82504
9476
0
92149
0
0
0
0
7058
0
0
0
0
0
0
0
0
0
0
0
0
0
80413
0
0
0
0
81455
0
12224
0
0
0
0
0
0
0
0
0
0
0
0
0
0
0
0
0
0
0
0
9608
0
92149
0
92590
11339
0
0
0
9378
0
0
0
0
11339
0
0
0
0
0
0
0
0
0
0
0
0
0
0
0
0
0
0
0
0
0
0
0
0
11339
0
0
92590
97793
0
0
0
11339
0
0
83711
0
0
0
0
97793
0
11339
9608
0
92149
12224
0
0
0
0
0
0
0
83650
0
0
76129
0
0
0
0
0
0
0
0
0
0
11479
9476
0
0
0
0
9378
11722
0
0
0
7058
0
0
0
83650
0
0
0
0
0
92629
0
0
0
0
0
0
0
93331
0
0
0
0
0
83711
12224
0
0
0
0
0
0
0
0
0
0
0
0
0
0
0
0
0
0
0
0
0
0
0
12593
9378
0
0
0
0
0
0
0
76129
0
92629
80413
81854
0
0
0
76129
0
0
0
0
0
0
0
0
9608
0
84606
0
0
0
0
0
12224
0
0
0
0
0
0
0
0
0
0
0
0
0
0
0
0
0
0
0
0
0
0
76129
0
0
0
0
0
80786
12770
0
0
0
0
0
0
0
0
0
0
0
0
12770
0
0
84390
0
0
12224
0
0
0
0
0
0
0
0
0
0
0
0
0
0
9809
0
76129
0
0
0
0
0
0
0
0
0
0
0
12224
11722
80803
0
0
0
12669
0
0
0
0
0
12669
81606
0
84442
0
0
0
0
0
0
0
0
0
0
0
0
0
0
0
83792
0
0
0
93707
0
0
0
0
0
0
0
0
94263
0
0
0
0
0
0
0
94263
0
0
0
0
0
93707
0
0
0
10552
0
84442
0
0
0
83792
0
0
0
0
0
12669
0
0
0
0
0
0
0
0
0
0
0
0
0
0
0
0
0
0
0
0
0
0
0
0
0
0
9608
0
0
0
0
0
0
0
12224
7926
94263
87070
0
0
0
87070
0
0
76505
0
0
0
0
0
9608
0
83792
0
0
0
0
0
0
0
0
98895
0
0
0
0
0
0
0
0
94667
0
0
0
10552
83792
0
0
12770
0
11339
0
87070
0
76505
11479
0
0
0
0
0
0
0
0
0
0
0
0
0
95162
0
11722
0
0
0
82877
11339
0
0
0
0
0
0
0
0
0
12770
85276
0
82877
0
7926
0
0
0
11339
11722
82877
82877
82877
0
0
85276
0
95670
0
0
0
0
0
0
0
0
0
0
0
0
0
9378
0
0
76505
0
0
0
0
0
7926
0
0
97000
0
0
0
0
0
0
0
0
0
0
0
0
0
97000
0
12224
0
0
0
0
0
0
0
0
11722
0
0
0
0
0
0
97000
11339
0
0
0
0
0
0
0
0
0
0
0
0
0
0
0
0
0
83969
83969
0
0
0
88541
0
0
0
11722
0
0
0
0
0
0
0
0
12770
0
0
0
0
0
0
0
0
0
11722
0
0
0
0
0
0
83969
0
0
0
12669
0
0
12669
0
0
96545
11722
96224
96545
83969
10023
0
0
0
0
0
0
0
0
0
0
0
0
84503
0
11479
0
11479
0
0
0
0
97000
0
0
0
0
96545
0
0
0
0
0
0
0
0
0
0
0
0
0
0
97000
0
0
0
0
0
85477
0
0
0
0
0
0
0
88541
0
10023
0
96224
0
88738
0
0
0
0
0
0
7926
0
0
0
0
0
0
0
0
0
0
0
0
7926
0
0
12465
0
0
0
0
0
11479
0
0
0
0
9378
89227
0
0
12465
0
99322
0
0
0
0
0
0
12669
0
0
0
0
12465
0
0
0
0
86434
0
0
0
10552
0
0
0
0
97000
13139
0
86434
0
0
0
13139
0
0
0
0
0
0
0
0
0
0
0
0
0
0
89531
0
0
0
0
0
0
0
12958
84295
0
0
0
0
0
7926
84295
0
7926
0
0
0
96736
0
0
0
0
0
0
0
0
0
0
0
0
0
86434
0
0
0
0
0
96736
0
0
0
0
12465
0
7926
0
0
0
80057
13679
0
0
0
0
0
11479
13679
0
0
0
0
0
96985
0
80057
0
0
12860
0
0
90056
0
0
0
0
97032
0
0
0
0
0
0
0
0
0
12465
0
95560
86434
0
0
0
0
0
0
0
0
0
0
0
0
0
0
0
0
99639
0
0
0
0
0
13950
0
0
0
0
0
0
0
0
0
0
90056
0
0
0
0
0
86434
0
0
0
0
89263
0
0
0
0
0
12305
0
0
0
0
12465
0
0
0
10023
0
0
12860
0
0
0
0
0
0
0
97032
0
0
90056
12465
0
98275
10552
0
0
0
0
0
0
0
0
7926
0
0
97032
0
0
0
0
0
0
12305
90056
0
0
0
0
0
0
0
100640
0
0
13679
0
90712
0
98022
10023
0
0
0
0
13950
0
0
0
0
0
0
0
0
90712
0
95820
7926
0
0
0
0
0
0
80234
0
0
11479
95820
0
0
12860
0
11479
0
0
0
86434
0
0
0
0
100640
12465
0
0
0
13950
0
0
0
0
0
0
0
0
0
0
0
80661
0
0
0
0
0
0
0
0
86522
0
0
0
0
10063
0
0
0
0
0
8070
0
0
0
0
0
0
0
0
0
0
0
90712
0
0
0
86522
0
0
0
0
0
0
0
0
86685
0
0
12860
0
0
13679
0
0
0
0
0
0
0
0
12860
0
0
0
0
0
0
0
0
0
0
0
0
0
0
0
0
0
0
10552
0
0
0
0
0
0
0
0
0
81282
0
0
0
0
100117
0
0
8070
0
0
0
0
0
0
13253
0
91277
0
0
0
0
87042
0
0
0
0
0
0
0
0
10235
96349
12334
0
100117
0
0
0
0
0
0
96349
12334
101538
0
0
10235
0
0
0
0
92147
97363
0
91277
0
13253
0
0
0
0
0
0
13679
100117
0
0
0
99984
0
0
0
0
0
0
0
0
0
0
0
0
0
0
0
0
0
0
0
0
0
12465
87956
0
0
12334
0
0
0
0
92147
0
0
0
91277
0
0
99984
0
0
0
0
0
0
0
87956
11479
0
0
11127
81552
0
0
0
0
13950
0
0
0
0
0
0
11479
0
0
0
0
0
0
0
100117
0
0
0
0
0
0
0
13679
0
0
0
0
0
0
0
0
99984
0
0
0
0
0
0
0
0
0
0
0
0
0
97363
0
91277
0
0
0
0
0
0
0
0
0
0
0
0
11127
0
0
11479
99984
0
0
0
0
0
0
0
0
0
92147
11127
0
0
0
0
0
0
0
0
0
0
0
0
0
81552
0
0
101114
10063
0
102391
11127
0
13679
0
0
0
0
96460
0
0
99984
0
81552
0
0
0
0
91913
0
0
101114
0
0
0
0
0
0
0
0
0
0
0
0
10618
0
13950
0
0
10063
0
0
0
92835
0
0
0
0
0
0
0
0
0
0
10618
0
0
0
0
0
0
0
0
0
0
0
0
0
0
0
0
10063
0
99984
0
0
0
89586
13324
0
0
99984
0
0
10618
93231
0
0
0
0
0
0
0
0
0
0
0
0
0
0
13679
81572
0
0
0
0
0
0
0
0
0
0
0
0
81572
8105
0
0
0
13324
0
0
0
0
0
11127
0
0
0
0
0
0
0
0
90139
0
0
0
81572
0
0
0
91913
0
0
0
0
0
13375
0
0
0
0
0
0
10618
0
0
0
81572
0
13375
0
0
0
0
0
13324
12417
0
0
0
0
0
0
0
0
0
0
0
0
0
0
0
0
8919
98286
0
0
0
102391
11127
0
0
0
0
0
0
0
0
0
0
98286
0
0
0
0
0
0
0
12417
0
0
0
0
0
14513
0
0
0
13334
0
0
0
0
0
0
0
0
90139
0
0
0
0
0
10063
0
0
0
0
102391
0
0
0
91381
8919
0
0
0
0
0
98605
0
91381
0
0
0
10063
0
0
92412
11127
0
0
0
0
0
13334
0
0
0
13334
10063
0
0
0
0
0
0
0
0
0
10063
11127
0
0
0
91381
0
0
0
0
0
0
0
0
13324
0
0
0
0
0
99380
0
0
0
0
0
13334
0
0
0
10063
0
0
0
14513
0
0
0
0
0
0
0
0
0
0
0
0
0
0
0
90139
0
0
0
0
0
0
13375
0
0
0
13375
10500
0
0
0
0
11127
0
0
0
0
0
0
0
0
90139
0
0
0
0
0
0
0
0
0
0
10618
0
0
93371
0
0
0
0
0
0
13334
0
0
0
0
0
0
0
0
0
0
0
0
13334
10500
0
0
0
0
0
0
90993
0
0
0
0
0
0
0
0
0
10618
0
0
103040
0
0
0
0
8919
0
0
0
0
0
0
0
0
93966
0
0
0
0
0
0
0
83192
0
0
0
0
0
0
0
0
13324
0
0
0
0
0
0
0
0
93966
0
14337
93966
0
14337
0
0
0
0
14357
13334
0
0
0
0
0
0
0
0
0
0
0
14337
0
0
0
11248
0
0
0
0
0
0
0
93966
0
0
0
83192
0
0
0
0
0
0
12417
0
0
0
104609
0
0
0
0
100968
8919
0
0
100968
0
0
0
0
0
0
98782
0
0
0
0
0
0
0
104609
0
0
0
0
12417
14513
0
0
0
0
0
0
94440
0
0
0
0
0
91723
0
0
0
0
94731
0
0
0
100968
0
0
0
0
0
0
0
0
100968
0
0
0
10830
0
0
99380
0
0
0
0
0
0
83192
0
0
0
0
0
0
0
0
98976
0
10830
0
14357
0
0
0
0
0
0
0
0
0
83980
0
0
0
0
10830
103040
0
0
94731
0
91723
0
0
0
0
0
0
0
0
0
0
0
0
103040
0
0
0
0
0
13334
0
0
0
0
0
0
14357
8919
0
0
0
0
13847
0
0
0
0
0
0
0
0
0
0
99571
0
0
0
0
84818
0
0
0
0
0
0
13334
12598
84818
0
0
0
0
0
93371
0
103382
0
0
0
0
105110
0
0
14357
94731
0
91723
0
0
0
0
0
0
91723
0
0
94380
0
95472
0
0
0
95472
0
0
105760
0
0
0
0
0
0
0
0
0
0
0
0
0
0
99571
0
0
0
0
0
14337
0
0
0
0
0
0
0
102218
0
0
0
0
0
0
0
0
0
13847
0
13334
0
0
0
0
0
11248
0
8919
0
10830
0
0
0
0
95417
0
0
0
0
0
0
0
0
0
95417
0
0
0
0
0
0
0
0
0
0
100377
0
0
0
99796
0
0
0
0
0
14513
0
13334
0
0
15005
0
0
0
0
0
0
0
0
12598
0
10830
92441
0
0
0
0
0
13847
0
0
0
0
95749
0
0
0
0
0
92441
0
0
0
0
0
0
14337
0
0
10830
0
92441
0
0
0
0
0
0
100377
0
0
0
0
0
0
0
0
102942
0
0
95749
0
0
0
0
0
0
96770
96770
0
13334
0
0
0
0
0
0
0
0
104568
0
0
8919
0
106648
0
14337
100377
0
0
0
11916
0
85040
0
0
0
0
0
0
0
95749
0
0
0
0
0
0
0
0
85040
0
0
0
0
13847
0
0
0
0
0
0
0
0
0
14337
0
0
0
85040
0
0
0
0
0
0
0
0
0
0
92441
0
0
0
0
0
100313
0
0
0
0
95876
0
0
0
0
95876
0
0
0
0
13334
0
0
0
0
106648
0
0
0
0
0
0
0
0
0
0
11916
0
0
0
0
0
103226
15009
0
0
96424
8919
11916
0
0
0
0
0
92603
0
0
0
0
0
0
0
86114
0
100313
0
92603
0
0
0
0
0
0
96424
0
0
12237
0
0
0
0
0
0
0
0
0
0
0
0
0
0
0
0
0
0
0
103226
0
0
0
0
0
0
0
0
98649
103226
0
0
0
0
0
0
98649
0
103226
0
96424
0
0
0
0
0
0
92603
98649
0
0
0
0
0
0
0
92603
0
0
0
0
0
11916
12237
0
0
16006
0
0
0
0
0
98649
0
106648
0
0
0
0
0
0
0
0
0
0
0
0
0
0
0
16006
0
0
0
0
8919
0
0
10830
0
0
0
0
0
0
0
0
0
0
0
0
0
12237
0
0
0
0
0
0
103845
0
0
0
0
15009
0
0
0
0
0
0
0
0
0
0
0
0
12237
0
0
0
0
0
0
0
0
0
0
0
0
0
0
0
0
15009
0
103845
0
14337
0
0
0
0
0
0
0
96719
0
0
0
0
0
0
0
0
0
0
13334
0
0
0
0
106921
106921
0
102321
0
0
0
0
0
0
0
0
0
0
101791
0
13262
0
0
0
0
0
0
0
94028
0
0
102477
0
0
13334
0
106828
0
88097
0
0
0
0
103059
0
0
0
0
0
103845
0
0
0
0
0
103059
0
0
0
0
14337
0
0
104792
0
0
0
0
0
0
0
0
0
0
0
0
0
0
0
16006
0
0
0
100645
0
0
0
15009
0
0
94621
0
0
0
0
0
103257
0
0
0
0
0
0
0
13847
0
0
0
0
107565
0
94621
0
0
0
0
0
0
13847
0
0
0
0
0
0
0
0
0
0
0
0
0
15009
16660
0
0
0
0
0
0
0
0
100645
0
0
13262
0
0
0
0
0
88097
0
0
0
0
107565
96772
0
107565
0
0
0
0
0
0
0
0
0
0
0
12003
0
97910
0
0
14689
0
0
0
0
0
0
0
0
0
0
13334
104919
0
0
97910
0
0
0
0
0
14689
0
0
0
0
0
14905
107565
88370
0
104919
0
0
0
0
0
0
0
0
0
0
0
0
0
16660
0
15009
10830
0
0
0
0
0
0
0
16660
0
0
12237
0
0
0
0
12003
0
0
0
0
104169
0
0
0
89587
0
95822
0
0
0
0
100645
0
13847
0
0
0
0
0
0
0
0
104454
0
0
100387
0
0
0
0
0
12237
0
0
0
0
0
0
13334
0
0
0
0
0
0
0
108443
0
0
0
0
0
0
0
104454
0
0
0
0
0
100387
0
0
0
14905
0
0
0
0
0
0
0
0
0
0
0
0
0
0
0
0
0
0
0
0
0
0
0
0
0
96703
0
0
0
0
0
0
0
0
0
0
13262
0
0
0
0
0
0
96703
0
0
0
99918
0
104919
0
0
0
13262
0
0
0
0
0
100802
109118
0
0
0
0
105101
0
0
0
0
0
0
0
0
0
0
105101
0
0
0
0
0
0
0
0
0
0
0
12003
0
0
0
104919
0
109534
0
0
0
0
0
0
0
109534
12237
16660
0
0
0
0
0
0
100847
0
110442
0
0
0
0
100958
15009
12003
0
0
97763
110442
0
0
0
0
0
0
0
0
13847
90955
16660
15009
0
0
0
0
0
0
0
0
0
0
0
15181
0
0
10995
0
0
9412
0
0
0
0
0
0
0
12003
100850
0
106285
0
0
0
0
0
0
0
0
0
0
98559
0
0
0
0
0
0
0
0
0
0
0
0
0
0
0
0
9412
0
0
111311
0
12003
102309
0
0
100850
0
0
0
0
0
107117
0
0
13847
0
0
0
0
0
0
0
0
0
100850
15181
0
0
106018
0
9412
0
0
14282
0
0
0
0
15009
0
0
0
0
0
0
0
0
0
0
0
0
0
13847
0
0
0
0
0
0
0
0
109534
0
0
106269
0
106269
0
0
0
0
0
0
0
0
0
0
13123
106269
0
0
0
0
0
0
0
106465
0
0
0
0
0
0
0
0
0
0
99371
107153
0
0
0
0
0
0
109534
15009
0
0
0
0
0
0
0
0
11858
109534
0
0
0
92223
0
0
0
99371
0
102350
0
0
13123
0
0
0
14954
0
0
0
0
107258
0
0
0
14624
107258
0
0
0
0
0
0
0
0
0
15009
0
0
0
14624
0
0
0
9412
0
0
0
0
0
0
0
0
0
14624
0
0
13123
0
0
0
0
0
0
0
0
0
0
0
0
0
107258
15009
0
0
0
0
0
0
0
0
0
0
0
0
0
0
0
0
0
0
0
92223
0
0
0
0
0
0
14624
0
0
100247
0
14954
0
16660
0
0
0
106465
100850
0
0
0
0
0
0
0
100768
106465
0
0
0
0
0
0
0
0
107768
0
0
0
0
0
0
0
11858
0
14624
0
107813
0
0
92263
0
13262
0
0
0
0
15009
14624
0
0
0
0
0
0
0
0
0
0
92263
0
107768
0
0
16660
0
0
0
0
0
100850
0
14954
0
0
108814
0
0
108814
0
0
0
0
0
0
0
0
0
110416
0
107768
0
0
0
0
0
0
0
0
0
102829
0
0
111978
0
0
0
11858
0
0
0
0
100850
0
0
108726
11858
0
0
0
0
14954
0
0
106465
101092
104975
0
0
0
0
0
0
0
0
0
109772
0
15181
0
0
14144
0
0
13262
0
0
0
0
14954
0
93353
0
0
0
0
0
15009
109772
0
0
0
0
9412
0
0
0
102829
111978
0
0
0
0
0
0
0
0
105585
0
0
105585
112468
111978
0
0
109772
0
0
0
0
0
0
0
0
9412
111978
0
0
105585
0
0
0
0
0
0
0
0
106465
0
0
0
0
0
0
0
0
0
0
0
11858
0
112950
0
0
0
0
0
0
0
0
0
0
0
0
102825
0
0
0
0
0
0
0
0
0
0
0
15181
0
0
0
0
0
102825
0
0
108726
0
0
0
0
0
0
0
0
0
0
105585
13785
0
0
0
0
0
0
102825
0
0
0
0
0
0
0
0
0
0
0
0
0
0
0
104048
0
0
11858
0
0
94302
0
0
0
0
0
0
0
14144
108785
0
0
0
0
0
0
0
0
0
0
0
0
0
107010
0
0
0
0
0
0
0
0
0
0
14954
0
0
0
0
0
0
0
0
114481
0
14144
0
9412
0
0
0
0
0
0
0
0
103659
0
0
0
0
0
0
0
0
0
14954
0
0
16660
0
0
0
104048
0
0
0
0
0
0
0
0
0
0
0
0
0
13785
0
14144
0
0
0
0
0
0
0
15009
0
16660
0
0
0
14954
13262
0
0
0
0
0
0
0
0
16660
0
0
0
0
114485
0
0
110349
104048
0
0
0
0
15181
111360
0
0
0
0
0
0
114485
0
0
0
0
0
0
0
0
0
0
0
0
0
0
110349
0
105304
0
0
0
0
0
0
0
0
0
0
0
11858
0
0
0
0
0
0
108347
0
0
0
0
115592
0
0
101484
104048
0
0
0
0
0
0
111360
0
0
0
0
0
0
0
0
0
0
0
0
0
105304
0
15181
0
0
0
102062
0
0
0
15009
0
115912
0
0
0
0
0
0
0
0
11858
0
0
0
115912
0
104552
0
0
14954
0
0
0
0
0
0
0
15576
108955
0
0
0
0
0
0
0
0
14144
0
0
0
0
108955
0
0
0
15181
0
0
0
0
0
0
0
0
0
0
0
0
0
16660
0
0
15576
0
0
0
0
0
0
15987
0
0
0
0
0
0
15181
15987
116652
0
0
0
0
110731
0
9816
0
0
16660
113610
0
0
0
0
0
0
0
0
95691
0
0
0
0
114109
0
0
116031
13785
0
0
0
0
0
0
0
0
0
0
0
0
0
0
0
116031
0
0
0
13785
0
0
105319
0
13262
0
0
110731
15987
0
116652
0
0
0
0
9816
16660
0
16334
0
0
0
0
114971
116580
0
13785
0
0
0
0
0
0
0
0
0
0
0
0
11858
106505
0
0
110731
0
0
0
0
116580
0
0
0
0
105319
0
0
0
0
0
0
0
97467
0
11858
0
0
0
0
0
0
0
16660
105459
0
0
0
0
0
0
13785
0
0
0
0
0
0
0
0
0
0
14144
0
0
0
0
0
0
0
0
107153
0
0
0
0
0
0
0
108548
0
0
0
0
0
0
0
0
0
0
0
0
0
0
0
0
0
0
0
107523
0
0
0
0
0
0
0
0
0
0
0
0
11858
0
0
0
0
0
0
0
0
16334
108548
0
0
0
0
0
0
108548
0
0
0
0
0
0
0
0
16334
0
108548
108548
16678
0
0
0
0
0
0
0
0
0
0
0
103290
0
0
0
0
0
0
0
16678
103290
0
16678
0
9816
0
0
98462
0
0
0
0
117940
0
0
0
0
0
0
0
0
0
0
0
16333
0
0
0
0
117940
0
0
0
14144
0
0
0
0
0
0
107523
0
0
0
98462
0
117940
0
0
0
0
98462
0
0
0
0
0
0
0
0
0
0
0
0
0
0
0
0
0
0
116195
0
0
0
0
116899
0
111688
0
11981
108548
0
0
0
0
13811
0
98713
0
0
15950
0
111688
0
0
0
0
0
0
0
0
0
0
0
0
0
0
16678
106125
0
0
0
0
118100
0
0
0
0
0
15950
0
0
0
0
0
14144
0
0
0
0
0
0
0
0
0
0
0
0
0
0
117000
0
0
0
0
0
0
0
0
0
0
0
0
0
0
0
0
0
0
0
0
0
16678
0
0
13811
108941
15901
0
0
108675
0
0
0
0
0
0
14144
0
0
0
113538
0
0
0
0
0
0
113538
0
0
0
16334
0
0
0
0
0
0
0
0
0
118723
0
0
0
0
0
118723
0
98713
15950
0
0
0
0
0
0
16334
109014
0
0
0
0
0
0
0
11981
0
0
0
0
0
0
0
0
104572
0
0
0
13811
0
0
0
0
0
13785
10531
0
0
0
15950
0
13811
11981
0
0
0
98713
0
0
0
11981
0
0
0
15950
0
105377
0
0
13785
0
117138
0
0
0
0
14144
119608
0
0
16333
0
0
15950
0
0
0
10531
0
0
13785
0
0
0
0
113538
107174
0
0
0
0
0
0
0
0
0
0
0
0
0
16333
0
14144
0
0
0
0
11981
13785
0
0
16333
0
117298
0
0
0
0
14144
0
99969
0
0
0
0
0
0
13811
0
0
0
0
16678
0
0
0
0
0
13785
0
0
0
0
0
0
0
0
105377
0
16333
0
0
10531
0
107174
0
0
0
0
0
0
0
0
0
0
0
0
0
0
0
0
0
16334
0
16334
0
0
0
0
0
0
0
0
0
13811
0
0
15901
0
0
0
0
0
0
0
0
0
0
0
110582
0
0
13811
110786
0
0
0
0
15901
16678
0
0
0
0
0
0
0
0
0
0
0
110582
0
0
0
105918
0
0
0
0
0
0
0
0
0
0
0
118636
0
0
0
0
107174
0
0
0
0
0
0
16230
0
0
0
13811
0
0
0
0
0
0
0
0
13785
0
0
0
107326
0
14144
0
0
0
0
0
0
0
0
16678
107326
105918
0
0
11981
0
0
0
0
0
0
16678
114205
0
0
0
0
0
119846
0
11981
0
0
0
0
0
0
0
0
0
0
0
0
0
0
0
114205
0
16230
0
0
0
0
0
0
14144
0
0
0
0
0
0
0
0
0
0
0
0
100434
0
0
0
0
0
109014
0
0
10531
16230
0
0
0
16334
0
0
0
0
0
0
0
0
0
0
0
0
0
0
0
0
0
0
0
121498
0
114205
13785
0
0
0
0
0
0
0
0
0
0
111251
0
16727
0
11981
0
0
0
0
0
0
121566
112509
0
0
0
0
0
0
0
0
0
0
0
120281
0
0
0
0
11981
0
120281
0
0
0
0
0
121566
0
0
14343
0
0
107326
0
106215
0
0
0
0
0
0
0
0
0
0
0
0
0
0
13785
0
0
16727
0
14343
0
0
112509
0
0
0
0
0
0
16334
0
0
0
0
0
16333
0
0
0
0
0
0
0
0
0
11981
0
0
0
0
0
0
0
0
0
0
114767
16230
0
0
0
0
112509
0
0
107326
107326
0
0
0
121067
0
111251
14343
0
0
0
0
0
0
0
16334
0
0
0
112509
0
118902
15901
0
0
0
0
0
0
17019
0
0
0
0
0
115142
0
0
110407
0
0
0
0
0
0
0
0
0
0
0
0
0
0
0
0
0
0
0
0
0
16230
0
0
0
0
0
0
0
122655
0
0
0
0
0
0
0
0
11981
0
14343
0
10951
0
0
0
112509
107443
0
14343
0
0
0
0
0
0
0
0
0
0
0
122655
0
0
103367
0
0
0
10951
0
0
0
0
0
16334
107729
0
0
14343
14343
121067
0
0
0
0
0
0
0
16619
0
0
0
0
0
0
0
10951
0
0
0
0
0
0
0
0
0
0
0
0
108050
0
115142
0
16720
0
112509
17019
0
0
0
0
112509
0
0
0
16720
0
0
0
0
0
115142
0
0
0
0
0
0
121067
16720
123017
0
0
16914
0
0
0
0
0
0
0
0
115142
0
0
0
0
0
16619
0
0
0
0
0
0
0
0
0
0
0
0
14021
0
0
112509
111981
0
0
116020
0
0
0
0
0
0
0
121067
0
109499
0
0
0
0
0
111981
14861
0
0
0
0
0
0
0
0
0
0
0
0
0
10951
104340
0
0
0
108292
0
112863
0
0
14861
0
0
0
0
0
0
0
0
0
0
0
10951
0
0
0
0
0
0
0
0
0
0
0
0
16619
0
0
0
0
0
0
0
0
0
0
0
0
0
0
0
0
0
0
14808
0
0
0
0
0
0
0
0
120706
120706
0
0
0
0
0
0
0
10951
111401
0
0
16619
0
0
16619
0
0
0
0
0
0
0
111981
0
113548
0
17598
0
16619
0
0
0
0
0
0
0
10951
10951
0
16619
0
0
0
17019
0
0
0
0
0
0
14021
0
0
111300
12450
0
0
0
0
0
0
0
17019
0
0
0
0
0
0
0
0
0
113548
0
0
0
0
0
0
0
0
0
0
0
0
0
112645
0
0
0
0
110147
0
0
0
16727
0
0
121507
0
0
0
0
0
0
0
16720
0
0
0
0
0
123843
0
0
0
0
0
0
112645
0
0
0
0
0
0
104739
123843
0
0
0
0
0
0
0
111893
0
0
0
12450
0
0
0
0
0
104739
0
0
0
0
0
0
0
0
0
117963
0
0
0
16727
0
113548
0
0
0
0
0
0
0
0
0
16727
12450
0
17598
0
0
0
0
0
0
0
0
0
110147
16720
0
0
0
0
0
0
0
0
0
15040
0
0
0
0
0
0
0
0
0
0
0
0
0
0
0
0
0
0
0
0
0
0
16727
0
0
0
0
122246
0
14943
0
0
15040
122462
0
0
0
0
0
0
0
0
0
0
0
0
14943
122720
0
0
0
0
112787
0
113648
0
0
0
0
0
0
17251
0
0
0
0
0
0
0
0
0
0
0
110299
0
0
0
0
0
0
0
0
0
0
0
14944
0
0
17251
114498
0
12751
14943
0
110872
0
122246
0
0
0
105094
0
0
0
0
0
0
0
0
114498
0
0
0
0
0
0
0
0
0
0
0
123353
0
0
0
0
113648
0
0
0
0
110872
16727
0
0
0
0
0
0
0
0
0
0
0
12751
0
0
0
14943
0
111744
17598
0
0
0
112787
0
14943
0
0
0
0
0
0
16619
0
0
15040
0
0
0
0
0
0
0
0
0
0
0
0
0
0
0
0
16619
113668
0
0
12751
0
0
0
0
0
0
106025
117963
0
0
0
0
16619
113668
117963
0
0
0
0
0
0
18100
0
112787
0
0
0
0
0
0
0
0
0
18100
0
0
0
0
0
125205
0
15040
14944
113668
0
112825
0
0
0
14943
0
0
17161
0
14944
0
0
12751
0
0
14944
0
0
0
0
0
0
0
0
0
0
106514
0
0
15040
0
113169
0
0
0
0
12751
0
0
17598
113169
0
0
0
0
125205
0
14943
0
0
0
0
122426
0
116324
17251
0
0
0
116668
0
0
0
0
0
0
0
0
0
0
0
0
0
0
0
0
15040
0
0
0
0
12751
0
0
0
0
17598
115084
0
17161
0
0
0
0
0
0
0
0
0
16619
0
0
0
0
0
0
0
0
0
0
0
18100
125343
0
0
18100
0
14943
0
124793
0
106514
0
0
0
0
0
0
0
0
0
0
12751
14944
0
0
0
0
0
0
0
0
0
115109
115109
113983
0
0
0
0
0
0
0
0
0
0
0
0
15040
0
0
115084
0
0
0
17337
0
0
0
12751
106514
0
0
116668
0
0
0
0
0
0
17337
0
0
0
11132
0
0
17805
0
0
122426
17598
15040
0
0
0
0
122426
0
0
0
0
122426
0
125700
17805
0
14943
116668
0
0
0
0
0
0
0
0
0
0
0
0
17598
0
0
0
17161
0
0
0
0
0
0
0
0
122426
0
0
0
0
0
0
0
17337
125076
17337
0
0
0
0
0
0
0
0
0
0
0
0
0
0
113983
11132
0
0
0
0
12751
0
0
0
0
113983
0
0
116098
0
0
0
0
116668
0
0
0
0
0
0
0
0
0
0
0
122426
0
126012
0
0
0
0
0
14943
0
107075
0
0
14943
0
0
0
0
0
0
0
116127
0
0
0
0
0
0
14944
15040
0
18100
0
0
18100
0
119878
0
0
0
0
0
126143
17161
0
0
0
0
0
0
0
0
0
0
0
0
0
0
0
0
0
18100
0
0
0
0
0
0
116668
0
0
0
0
0
0
0
0
0
0
0
18100
0
0
0
114534
15040
0
0
0
0
0
0
0
0
0
0
0
120603
0
0
0
0
0
0
17598
0
14943
114534
0
0
0
17598
0
0
0
0
0
0
0
0
0
0
0
0
0
18100
0
0
14943
0
17598
0
0
127604
0
0
0
0
0
0
0
0
0
14944
0
0
0
0
0
0
0
0
0
0
0
0
0
0
0
0
0
0
120603
0
127604
0
0
120603
0
17598
0
0
0
0
0
0
0
0
0
117622
15040
15040
0
0
0
0
0
0
0
0
0
0
18100
0
0
107076
0
127604
126365
14943
0
0
0
0
17161
127604
126365
0
122426
11132
0
0
0
115726
0
121355
0
0
0
117622
115726
116281
0
0
0
0
127604
0
0
17805
116668
0
15040
0
0
0
0
17337
0
0
0
0
0
0
0
0
0
0
0
0
0
127604
0
115815
0
0
117622
17161
17161
0
118516
0
0
0
0
115815
0
0
0
0
0
0
0
0
0
0
0
0
0
14944
0
116668
0
0
0
0
0
0
108140
0
0
0
0
0
0
116326
0
0
0
18100
0
0
0
0
0
0
0
0
0
0
0
18100
14944
0
0
18100
0
0
0
0
0
116281
0
0
0
0
0
0
0
0
108140
0
0
0
0
0
0
0
0
0
0
0
0
0
12751
0
0
0
0
0
0
12751
14944
17598
0
0
0
0
0
118914
0
0
0
0
0
0
0
126365
0
0
0
116326
0
116668
121355
0
0
0
0
0
0
0
0
0
0
0
0
17161
0
12751
118914
0
0
0
0
0
0
0
0
118914
0
0
17805
0
0
0
0
0
0
0
0
0
0
14944
0
0
0
0
0
0
117254
0
0
0
0
0
123903
0
0
0
0
0
0
0
0
0
128414
0
15579
0
0
0
0
0
0
0
18100
0
0
0
0
126365
0
0
117254
0
17161
0
0
17805
108840
119686
18100
14944
0
0
0
0
0
17598
0
117254
0
0
0
0
0
0
0
0
0
126365
0
0
117225
14943
0
0
123903
0
0
0
0
0
0
0
0
14944
0
0
0
17337
0
0
0
0
0
0
0
0
0
119686
108840
0
117570
0
123903
14943
14944
0
0
0
11132
0
0
0
0
0
0
0
0
0
0
0
0
0
0
0
0
0
0
0
17337
0
17598
12916
0
0
0
17598
0
17598
0
0
0
0
0
0
0
108840
0
17805
17337
119769
11132
0
0
0
0
0
117263
0
0
0
12916
0
0
17161
0
0
0
0
0
0
0
0
0
0
0
124376
0
0
0
119769
0
0
0
17161
0
0
124376
0
17805
0
15751
0
0
0
0
0
0
17805
0
0
0
117154
0
116216
0
0
0
0
0
0
0
0
17805
0
0
11132
0
0
0
15579
0
128801
0
0
128801
0
0
0
0
0
0
18100
12916
0
0
0
0
15579
0
0
0
0
0
0
0
0
0
0
0
117502
0
0
0
0
0
0
0
0
0
0
17598
0
18100
117502
0
0
15579
0
0
0
0
18100
0
0
0
0
0
125292
0
0
0
0
0
124432
0
0
0
0
0
0
120461
0
0
0
109983
0
0
0
0
0
0
0
17161
0
15579
0
18268
0
0
0
0
0
0
117631
128833
0
0
0
11625
0
0
0
18100
0
0
0
0
0
0
0
17598
0
0
109983
0
0
0
0
120461
0
0
0
0
0
0
0
0
0
0
0
0
0
0
15751
0
0
0
0
0
117631
0
18100
0
0
0
0
0
0
0
0
11625
0
0
0
124432
0
124432
0
0
0
0
15751
0
0
128966
0
0
0
0
0
0
0
0
0
0
118095
14943
0
0
0
0
0
0
0
0
0
0
0
0
0
0
0
0
0
118318
0
0
0
0
0
0
0
0
0
0
0
17161
14943
124432
128833
0
0
0
124432
0
0
0
0
0
0
0
0
0
0
0
0
0
0
0
17161
17805
119834
17805
0
0
0
0
0
0
0
0
15751
0
0
0
130061
18165
0
17161
0
0
11625
0
0
17161
0
120772
0
0
0
0
17805
0
0
0
0
0
0
0
0
0
0
0
110318
0
15579
0
18165
0
0
11625
12916
129425
14943
0
0
0
0
0
0
0
118318
0
0
0
0
0
0
0
119002
0
0
130061
0
17161
0
0
0
0
0
0
0
0
0
0
0
0
0
0
0
0
0
15579
0
118638
130505
0
0
0
15579
119834
0
0
0
0
0
0
0
118269
14943
0
0
0
0
18268
0
0
0
0
0
0
0
0
0
0
119002
0
119834
0
0
121485
0
0
0
0
0
0
0
0
0
0
0
119002
0
0
0
0
0
0
0
0
12916
0
0
0
0
0
0
0
0
0
0
0
0
17161
0
0
0
119284
0
0
0
0
0
18851
0
0
18851
0
0
0
0
11625
0
0
15751
0
0
15579
0
0
0
0
110318
0
0
0
110318
17161
0
0
0
118269
0
0
0
0
121525
0
0
0
0
129900
0
0
0
0
0
131180
0
0
119267
0
0
0
0
0
18851
0
17805
0
0
0
0
0
0
0
0
0
0
0
0
0
0
0
0
0
132065
0
0
0
0
0
0
0
0
0
0
0
0
0
0
0
0
0
0
0
0
0
0
0
125979
0
0
0
0
0
0
120137
0
0
0
0
0
0
11625
18100
0
0
0
0
0
0
15751
0
0
11625
132476
17805
16258
14943
0
110318
0
0
0
0
0
16258
0
0
120137
0
0
0
0
0
0
0
0
0
0
0
0
121087
0
0
121525
16258
0
119854
0
0
0
0
0
0
0
18268
0
130107
18851
0
0
12916
0
0
0
11625
0
0
0
0
0
0
0
0
0
133345
121598
0
0
18100
0
0
0
0
0
0
0
0
0
0
0
0
0
0
18100
0
0
0
0
0
0
0
0
0
121525
0
0
0
121598
0
0
17805
0
0
0
0
0
0
0
0
0
12916
0
0
0
0
0
0
0
110769
132065
0
110769
0
0
0
121659
0
0
0
0
110769
18100
0
0
130107
121868
0
18268
0
0
0
0
0
130107
0
0
0
0
0
0
0
0
0
0
119854
11625
0
17161
0
0
0
11625
0
110769
120740
0
0
0
0
0
0
0
0
0
0
19224
0
132809
0
0
0
0
132809
0
0
0
16258
15751
17161
120816
0
0
123941
0
0
0
11625
0
0
0
0
0
0
128715
0
0
0
0
0
0
0
0
0
17161
0
0
0
0
0
0
0
12916
121143
0
0
0
0
0
122385
0
0
0
0
17161
0
0
0
0
0
0
0
11625
0
0
11625
17161
0
0
0
14943
0
0
0
19224
0
0
0
0
0
0
0
0
0
0
0
0
0
0
0
0
15751
0
0
0
0
0
0
122553
15751
0
0
0
0
19224
0
0
15751
18391
0
0
0
0
16258
0
0
0
0
0
0
0
0
0
124690
0
18100
0
0
0
19224
16258
0
0
0
0
0
16258
0
0
0
0
0
0
121143
0
0
0
0
0
14943
0
0
18391
0
122876
124582
0
0
0
0
0
0
17805
0
124582
12916
17161
0
0
0
0
0
0
0
124860
0
17161
0
12916
0
0
128990
0
0
0
0
0
0
112468
121143
0
0
0
112468
0
0
0
0
0
0
0
0
0
124488
0
0
0
0
18100
121143
0
121143
0
132809
0
15751
122876
0
0
0
112468
0
0
122876
0
16258
0
12916
15751
0
0
0
125301
0
0
0
0
0
0
0
0
0
0
0
0
0
0
0
0
0
0
0
0
0
16258
0
0
0
0
112468
0
0
15751
132809
124860
0
0
0
0
0
0
0
15751
14943
0
124860
0
123191
0
124860
0
135620
0
0
0
0
0
0
0
0
0
0
0
128990
0
0
0
126027
14943
0
19224
0
0
0
132809
0
0
11625
0
0
19224
0
0
0
0
18100
0
123191
123191
0
0
0
112468
0
0
0
17805
0
0
0
0
15751
17805
0
0
0
0
0
0
0
0
0
0
0
0
136100
0
0
0
0
0
0
0
15751
18100
0
0
0
12916
0
0
0
0
0
0
0
0
0
0
0
0
0
0
0
0
0
0
0
0
0
0
0
0
0
0
0
0
127338
112468
12916
0
0
0
11657
0
0
0
0
0
0
122056
0
0
0
0
0
0
0
0
0
18100
0
0
129513
0
0
0
0
12916
0
0
0
0
0
0
0
0
0
0
0
0
0
0
0
0
0
0
0
0
12916
123819
0
0
0
0
0
0
0
129513
17161
19730
0
17805
126266
0
0
0
0
0
0
0
114146
0
0
0
0
128191
19730
0
0
0
17805
0
0
0
0
126266
0
0
0
0
0
0
0
0
0
12916
0
0
0
0
0
0
132667
0
0
137828
0
0
0
115048
0
0
18100
0
0
18100
0
0
0
0
0
127075
0
128215
0
11657
0
0
0
132667
0
122056
0
0
0
0
0
0
0
0
0
0
0
0
18100
0
0
0
0
0
0
0
0
136052
0
127613
0
18100
129004
0
0
0
0
0
0
17161
0
126274
133049
0
0
0
15751
18100
0
0
0
0
0
0
0
0
0
0
19996
0
137828
0
0
0
0
0
0
0
17805
0
0
0
0
0
0
0
0
16318
0
0
0
0
0
0
0
0
15751
0
0
0
16318
0
0
0
0
0
0
0
0
0
0
0
13905
0
0
0
0
11657
0
0
0
0
0
0
17161
0
0
0
0
129513
0
0
0
0
0
0
122056
0
0
0
0
0
0
133511
0
0
0
126274
0
0
117553
0
0
0
0
0
0
0
0
0
129435
17805
0
0
0
0
0
0
0
0
130066
0
0
0
0
0
0
0
0
0
129435
0
0
0
0
122056
0
0
0
0
0
0
0
18100
0
127254
0
13905
0
0
13905
0
0
0
0
126805
11657
122056
0
0
0
0
13905
0
0
0
0
19887
18100
0
0
137831
0
15751
0
0
0
129435
0
0
0
0
0
0
0
0
0
0
0
0
15751
0
0
0
0
0
0
0
117553
19996
130066
0
0
0
0
127254
0
0
0
0
0
0
0
0
0
0
0
0
136731
0
0
0
0
0
0
0
0
0
0
0
0
0
0
0
0
0
0
0
0
0
19887
0
0
0
0
0
18100
19996
0
14943
0
19996
0
0
17161
0
128834
19996
0
0
130066
0
0
0
0
0
14943
0
0
0
0
0
0
0
0
0
0
133556
0
0
0
0
0
17805
137831
0
18100
0
17161
19996
0
0
0
15751
129760
0
0
0
0
0
0
129760
0
0
0
0
0
0
122056
0
0
0
0
129760
0
0
0
0
0
0
0
0
0
0
0
0
130066
0
0
0
0
0
0
0
0
0
0
0
127804
0
0
0
0
0
0
0
18100
0
0
0
0
0
0
0
0
0
0
0
0
0
0
130618
17805
0
13905
0
0
0
0
0
19887
0
0
0
122056
14943
0
0
128543
0
0
0
0
17161
0
0
0
0
0
0
0
0
0
0
0
0
130066
0
0
0
19887
11657
0
0
15822
0
0
0
130618
0
0
0
0
0
0
0
0
0
0
0
0
0
0
130002
0
17161
0
0
0
0
0
0
130618
0
128543
0
0
0
0
139701
0
0
138355
117553
0
17805
0
11657
0
117553
0
0
0
0
0
130002
0
0
0
18100
0
0
0
0
0
0
0
0
130618
0
0
0
130618
0
0
0
0
0
122634
134430
0
130618
19887
0
0
0
0
0
18100
0
0
11657
0
0
0
0
13905
13905
0
0
0
0
0
0
0
138355
17805
0
0
0
0
0
0
0
0
0
129528
0
19996
0
11657
0
130002
130683
0
17805
0
0
0
0
141267
0
0
130618
141267
13905
141267
0
130002
118012
0
0
0
0
17805
0
0
0
0
0
14943
130683
16318
0
130002
14943
0
0
0
0
0
0
0
0
0
0
0
0
0
0
0
0
0
0
130618
0
0
0
0
0
138878
130618
0
0
0
0
127254
0
17583
0
138878
14943
0
131037
0
0
0
0
0
134430
0
0
0
0
134430
0
134430
131608
127254
0
19996
17805
0
0
19887
15822
0
0
0
0
0
0
0
0
0
0
0
13905
0
0
0
130001
0
0
13905
0
132467
0
0
0
0
0
0
0
0
0
0
0
135003
0
0
0
0
0
0
130683
0
130618
0
0
0
0
0
0
0
0
0
19996
0
0
128481
0
0
0
0
0
0
0
0
135003
0
19996
0
0
0
0
0
0
0
0
0
0
0
13905
0
0
0
0
0
0
0
0
0
0
0
13905
0
0
0
0
0
0
0
0
0
130001
0
0
0
0
0
0
16318
0
0
0
19996
0
0
0
135003
0
0
0
0
0
0
0
0
0
0
0
0
0
0
0
0
0
0
16318
123517
0
0
0
0
0
0
0
0
0
17805
0
0
0
0
0
0
13905
0
0
11657
0
132119
0
0
0
0
0
0
0
0
19887
0
14943
123517
0
0
130618
130618
0
0
0
0
0
0
0
0
133458
0
0
0
0
0
0
0
0
0
0
130001
0
0
0
132119
0
0
0
0
0
0
0
0
0
0
142142
19887
0
0
0
0
0
0
0
0
0
0
0
0
0
0
0
0
0
0
0
0
0
0
0
0
141267
135562
0
0
0
0
0
0
17583
0
130001
0
0
0
18100
0
0
0
0
0
0
0
0
0
15092
0
0
0
0
0
0
0
0
15822
0
0
0
18100
0
0
0
0
0
0
0
21250
0
0
0
0
130001
0
0
0
0
11913
0
0
0
0
0
0
0
133206
0
0
0
13905
17583
141267
0
0
0
0
0
0
0
0
21250
0
0
0
19996
0
0
0
0
0
0
0
0
0
0
0
0
0
0
0
0
130001
130866
0
0
0
0
0
0
0
11919
0
0
0
15092
0
0
0
0
0
0
0
0
0
0
0
0
0
0
0
0
0
0
0
0
0
0
0
0
130001
18100
0
0
17583
0
133206
19996
0
0
0
0
0
0
0
0
0
0
0
0
0
0
0
0
0
13905
0
0
0
0
0
0
17583
0
0
0
0
0
0
0
0
0
0
0
0
0
0
19996
21250
0
143023
0
0
0
0
0
0
0
0
0
0
0
21250
0
0
0
131683
0
143023
11919
0
0
0
131397
0
0
0
0
21250
0
0
133505
0
0
119873
0
0
0
0
0
0
0
18100
0
0
0
0
19996
0
0
0
0
0
0
131683
0
131708
0
15822
0
0
0
142980
119873
0
0
0
0
131486
0
0
21250
0
0
0
0
0
0
0
0
142980
0
0
135711
0
0
21250
0
0
0
142980
133943
0
135711
0
15822
0
0
0
15822
0
16318
131486
0
0
0
0
0
0
0
0
0
124036
0
0
0
0
0
0
0
0
0
0
0
0
0
0
0
18100
0
0
0
0
21250
0
0
0
0
0
15822
0
0
0
0
0
0
19996
0
0
21250
0
0
0
0
0
120879
0
0
0
120879
0
0
0
0
0
0
0
18100
0
0
135157
0
0
0
0
0
0
0
0
0
0
0
0
136367
0
0
0
0
0
0
0
0
0
0
0
0
0
16188
0
0
0
0
0
13905
0
0
0
0
0
0
0
11919
0
0
0
121579
13905
0
0
0
0
0
0
0
0
0
0
0
0
0
0
17583
0
0
0
121579
0
0
0
0
0
0
0
0
0
0
0
0
138210
0
0
0
0
0
0
0
0
0
0
17583
0
0
131990
0
16270
0
16270
0
143959
0
0
0
0
0
0
0
0
0
13905
0
0
0
0
0
0
0
0
0
0
0
16318
132668
0
0
0
21568
0
0
0
0
0
0
0
0
0
0
0
0
136367
16270
0
0
132668
0
0
0
0
0
0
0
0
0
0
0
0
0
0
135379
0
0
0
21568
0
0
17805
0
0
0
0
19101
132668
0
0
0
0
132596
0
0
0
0
0
132751
0
0
13905
0
0
0
0
0
0
0
0
0
0
0
0
0
0
0
0
16318
0
17805
0
19996
0
17060
0
0
0
13905
0
0
0
0
0
0
0
0
0
0
0
0
0
17805
144658
0
0
145488
0
16318
0
0
0
0
0
0
0
17805
0
0
144150
19101
0
0
0
0
0
0
0
0
0
0
19101
133014
0
0
0
133014
0
0
0
0
0
0
0
0
0
0
0
136835
133607
0
0
0
0
0
0
0
0
0
0
0
0
0
0
0
0
0
125592
136907
0
0
136907
0
0
0
0
0
0
0
0
0
0
0
0
145488
0
0
0
0
0
0
0
21568
0
136316
133014
0
0
0
0
133607
0
0
19101
21568
19996
0
0
0
133014
0
0
0
0
0
0
0
0
0
19101
0
0
0
0
0
0
16188
0
138210
0
16318
0
0
0
17156
0
0
0
0
0
0
16318
0
11919
0
19996
0
133049
123174
133014
0
0
18379
0
0
0
136316
0
0
0
0
0
0
0
0
0
0
0
138210
0
16318
0
0
0
0
0
0
21568
0
0
0
0
0
0
0
0
0
21568
0
0
136907
0
0
0
148209
0
0
0
0
0
0
0
11919
0
0
0
0
0
0
0
0
0
145875
18379
0
13905
0
0
0
0
0
16188
0
0
0
0
21568
0
0
0
0
17720
0
21568
0
0
0
0
0
13905
136316
0
0
17720
0
0
0
0
0
0
0
0
0
11919
0
17805
133014
0
137199
0
0
0
0
0
0
0
125592
0
18379
0
0
0
17805
0
0
0
0
0
0
0
0
0
0
0
0
0
0
0
0
0
0
0
0
137847
0
138351
0
0
17720
0
133926
0
18379
0
0
0
0
0
133926
0
0
11919
0
0
0
146305
0
0
0
16318
0
0
19750
0
0
0
146305
0
0
0
0
0
0
0
0
16318
0
0
0
0
0
135348
0
0
0
0
0
0
0
0
133926
0
19750
0
0
0
0
0
0
0
0
0
0
0
0
0
0
0
0
0
0
0
0
