0
0
0
0
0
0
0
0
0
0
0
0
0
0
0
0
0
0
0
0
0
0
0
0
0
0
0
648
0
0
0
0
0
0
0
0
0
0
0
0
0
0
0
0
0
0
0
0
0
0
0
0
1094
0
1094
395
0
0
1504
0
0
0
0
0
0
0
0
0
0
0
0
0
0
0
0
0
0
0
0
0
0
0
0
0
0
0
0
0
0
0
0
0
0
0
0
0
0
0
0
0
0
0
0
0
0
0
0
0
0
0
0
0
0
0
0
0
0
0
0
0
0
1313
0
1313
0
0
0
0
0
0
0
0
0
0
0
0
0
0
0
0
0
0
0
0
0
0
0
0
0
0
0
0
1610
0
0
0
0
0
0
0
0
0
0
0
0
0
0
0
0
0
888
0
0
1591
0
0
0
0
0
0
0
0
2460
0
0
0
0
721
0
2259
0
0
0
0
0
0
0
0
0
0
0
0
0
0
0
0
2460
0
3454
0
0
2259
0
0
2460
0
1360
0
0
0
0
0
0
0
1777
0
0
0
0
0
0
0
0
0
0
0
0
0
0
0
0
0
0
0
0
0
0
0
0
0
0
0
0
0
0
0
0
0
0
0
0
0
0
0
0
0
4993
0
0
0
0
0
0
4281
0
0
0
0
0
0
0
0
0
0
0
0
0
4281
0
0
2460
0
0
0
0
0
0
0
0
2857
0
0
0
0
0
0
0
0
0
3288
0
0
0
0
0
721
0
0
0
0
0
0
0
0
0
0
0
0
0
0
2857
0
0
0
0
0
0
0
3268
0
0
0
0
3974
0
0
0
0
3233
0
0
0
0
6423
0
0
0
0
0
0
0
0
0
0
0
0
0
0
0
0
4563
0
0
0
0
0
0
0
0
0
0
0
0
0
0
0
0
0
0
0
0
0
0
4210
0
0
0
0
0
0
7309
0
2855
0
0
0
0
0
0
0
0
0
0
0
0
4639
0
0
0
0
0
0
0
913
0
4908
4908
0
0
0
0
0
0
8206
0
913
0
0
0
0
3786
4594
0
0
0
0
0
0
4657
5410
0
0
0
0
0
5534
0
0
0
4662
0
0
0
0
0
0
0
0
0
0
0
0
4724
0
0
0
0
0
0
0
4724
0
0
0
0
0
0
0
8206
0
0
0
5652
0
0
0
0
0
0
0
3442
0
0
0
0
0
4908
0
0
0
0
1846
0
0
0
0
0
1846
0
0
0
0
0
0
0
0
0
0
0
0
0
0
0
0
0
0
0
0
0
0
0
0
0
0
0
0
0
0
0
4334
0
0
6365
0
0
0
0
0
0
0
0
0
0
0
0
0
6070
0
0
0
5030
0
0
0
0
0
0
0
0
0
0
0
0
0
0
0
0
0
5746
0
0
0
5746
0
0
0
0
0
0
0
0
0
0
5746
0
0
4334
0
0
0
0
0
9600
4334
0
0
0
0
0
0
0
0
0
0
0
0
0
0
0
0
0
0
0
3300
0
0
0
0
0
0
0
0
0
0
0
0
0
0
0
0
0
0
0
0
0
0
0
0
10484
0
9828
0
0
0
0
0
0
0
0
0
0
0
0
0
0
0
0
6757
0
0
0
0
0
0
0
0
3300
0
0
0
0
0
0
0
0
0
0
0
6365
0
0
0
0
0
0
0
0
0
0
0
7286
0
0
0
0
0
0
0
0
0
0
0
11494
11494
0
0
0
0
0
0
0
0
0
0
0
0
0
0
0
0
0
0
0
0
0
0
0
0
0
0
0
0
0
0
0
7993
0
0
0
0
0
0
0
0
0
0
0
0
0
0
0
0
0
0
0
0
0
0
0
0
0
0
5553
0
5553
0
0
0
0
0
0
0
0
0
0
0
0
0
0
0
0
0
0
6655
0
0
0
0
0
0
0
8942
0
0
0
0
13369
0
0
0
0
0
0
0
0
0
0
0
0
0
7508
0
0
0
0
0
0
8078
0
0
14090
8595
10692
0
0
0
0
0
0
0
0
0
0
0
0
0
0
0
0
0
0
0
0
8595
0
0
0
0
8942
0
8551
6774
0
9287
0
0
0
0
0
0
0
0
0
0
0
0
9431
0
0
0
0
0
0
0
0
0
0
0
0
0
0
0
0
0
0
0
0
0
0
0
0
0
0
0
10692
0
0
0
0
0
0
0
0
0
0
0
0
0
0
0
0
0
0
0
0
0
0
0
0
14090
0
0
0
0
0
0
0
0
10692
0
0
9757
0
0
0
0
0
0
9757
0
0
0
0
0
0
0
7826
0
0
0
0
9700
0
0
0
0
0
0
8521
0
0
0
0
0
0
0
6391
0
0
0
0
0
0
0
0
0
0
0
6391
0
0
8521
0
0
11569
6874
0
0
8521
0
0
0
0
0
0
0
0
0
0
7826
0
0
8521
0
0
0
0
0
0
16639
11569
0
0
0
0
0
0
0
0
0
9158
0
0
0
0
0
16639
0
0
0
0
10164
0
0
0
0
0
0
0
0
0
16639
0
9948
10164
0
0
0
0
0
0
9491
0
0
16639
9491
0
0
0
0
0
0
0
0
0
0
0
0
0
0
0
0
0
0
0
13103
0
12148
0
0
0
0
0
0
0
0
0
0
0
0
0
0
0
0
0
0
0
0
0
0
0
0
0
0
0
9961
0
0
0
0
0
10728
0
10959
0
0
0
0
0
0
0
14074
0
0
0
0
0
0
0
0
0
0
0
0
0
0
0
0
0
0
0
0
0
0
0
0
0
0
0
0
0
0
0
0
0
0
0
0
0
0
0
0
0
0
0
0
0
0
0
0
0
0
0
0
0
12920
14074
0
0
0
0
12352
0
13995
0
0
0
0
0
0
0
0
0
0
0
0
13471
0
13270
0
0
0
0
0
0
12920
7413
0
0
0
0
0
0
13471
12920
0
0
0
0
0
0
13471
0
0
0
0
0
0
0
0
0
0
0
10828
0
0
0
0
0
0
0
0
0
0
0
0
0
0
0
0
0
0
10828
0
10828
0
0
0
0
0
0
0
0
0
0
0
0
0
0
0
0
0
0
0
0
0
0
13966
0
18364
0
0
0
14341
10828
0
0
0
18364
0
0
0
0
0
0
0
0
0
0
0
0
0
0
0
0
0
0
0
15740
0
0
0
0
0
0
0
0
0
0
14044
0
0
0
0
0
0
0
0
0
14044
0
0
0
0
14044
0
0
0
18364
0
0
0
0
14121
0
0
0
11437
0
0
0
0
0
0
0
0
0
0
0
0
0
0
0
0
0
0
0
0
0
0
0
14121
0
0
0
0
0
0
0
0
0
14121
0
0
0
0
0
0
0
0
0
0
0
0
11437
0
0
0
0
0
0
17836
0
0
0
0
0
0
0
0
0
0
17836
0
0
0
0
0
11016
0
0
17306
0
0
0
0
0
0
0
0
0
0
0
0
0
0
14851
0
0
0
0
0
0
0
12855
0
0
0
0
14851
0
0
19809
0
0
0
0
0
0
0
0
0
0
0
0
0
0
0
0
0
0
0
18129
0
0
0
0
0
0
0
0
0
0
0
0
0
0
0
0
0
0
0
0
0
0
0
0
0
0
0
17836
0
0
0
0
0
0
0
0
0
0
0
0
0
0
0
0
0
0
0
0
0
0
14851
11958
0
0
0
0
0
0
17245
0
0
0
0
0
0
18219
0
17415
0
0
0
21347
13424
0
0
0
0
0
0
0
0
0
0
0
0
0
13424
0
0
0
0
0
0
0
0
0
0
0
0
0
0
0
0
0
0
0
0
0
0
0
0
0
0
0
0
0
0
0
0
0
0
21659
0
0
0
0
0
0
22495
0
0
18763
0
12954
0
0
0
0
0
0
0
0
0
0
0
0
0
0
0
0
0
0
0
17245
0
0
0
0
0
0
0
0
0
0
0
22495
0
0
14336
0
0
0
13630
0
13630
0
14336
0
0
0
15270
0
0
0
0
0
0
0
0
0
0
0
0
0
0
0
0
0
0
0
0
0
0
0
0
0
0
0
0
0
0
0
0
0
0
0
0
0
0
0
0
0
0
0
0
0
0
0
0
0
0
0
0
0
0
0
0
0
0
0
0
0
0
0
0
0
0
0
0
0
0
0
0
0
0
0
0
0
15949
0
0
0
0
0
0
0
0
0
0
0
0
0
0
19413
0
0
14210
0
0
0
0
0
0
0
0
0
15949
0
0
15949
0
17747
0
0
0
0
0
0
0
0
0
0
0
0
0
0
0
0
0
0
0
0
0
0
0
0
0
0
0
0
0
0
0
0
0
0
0
0
0
0
0
0
0
0
0
0
0
0
0
21577
0
0
0
0
0
0
0
0
0
0
0
0
0
0
0
0
0
0
0
20630
0
18052
0
0
20036
0
0
0
0
0
0
0
0
20036
20036
0
0
0
0
20036
0
0
0
0
0
0
0
0
0
15352
0
0
0
0
0
0
0
0
0
0
0
0
0
0
0
0
0
0
0
0
0
0
0
0
0
0
22054
0
0
0
0
18370
0
0
0
0
0
0
0
0
0
21149
0
0
0
0
0
0
0
0
0
0
0
0
0
0
0
0
0
0
0
0
0
0
0
0
0
0
0
0
18370
0
0
0
0
0
0
0
0
0
0
0
0
0
0
14628
0
0
0
0
0
0
0
0
0
0
0
0
0
0
0
0
0
0
22054
0
0
0
20320
0
0
0
0
15638
0
16704
0
0
0
0
18370
0
0
0
0
0
0
0
18370
0
0
0
0
0
0
0
0
17063
0
0
0
0
0
0
0
0
0
0
0
0
0
0
0
0
0
0
20627
0
0
0
0
0
0
23933
0
0
0
0
0
0
0
0
0
0
0
0
17284
0
0
0
0
0
0
0
0
0
0
0
0
0
23933
0
0
0
0
0
0
18350
0
0
0
0
0
0
0
0
0
0
0
0
0
0
0
19138
0
0
0
0
0
0
0
0
0
0
0
0
16268
0
0
0
18350
0
0
0
0
0
0
0
0
0
0
0
20627
0
0
20526
0
0
0
0
0
0
0
0
0
0
0
0
0
0
0
0
0
0
0
0
25109
0
24706
0
0
0
17584
0
0
0
0
0
0
0
20526
0
20526
24706
0
0
0
0
18950
24706
0
22578
0
0
0
0
0
20526
0
0
0
0
26174
0
0
0
0
0
0
0
0
0
0
0
0
0
0
0
0
0
0
19138
0
0
0
0
0
0
22578
0
0
0
0
0
0
0
0
0
0
0
0
0
19138
24151
0
0
0
0
0
0
0
26174
0
0
17909
0
0
0
0
0
0
0
0
19138
0
0
0
0
0
0
0
0
0
0
0
0
0
24892
0
0
0
0
0
0
0
0
0
0
0
0
0
0
0
0
0
0
0
0
0
0
0
0
0
0
0
0
0
19788
0
0
0
0
0
0
0
26938
0
0
0
0
0
0
0
0
0
0
25669
20526
0
0
0
0
17909
0
0
0
26938
0
0
0
0
0
0
25669
0
0
0
0
0
0
0
0
0
0
0
0
0
0
0
0
24645
0
0
24645
0
0
0
0
0
0
0
0
0
0
0
0
0
26938
0
0
0
0
25742
0
17909
0
0
0
0
0
0
0
0
0
0
0
0
19259
0
0
0
0
0
0
0
0
0
0
0
0
0
17909
0
0
0
0
0
0
0
0
0
0
0
0
0
0
0
0
0
0
0
0
0
0
0
0
0
0
0
0
0
0
0
0
0
0
0
0
0
0
0
0
0
0
22336
0
0
0
0
0
0
0
0
0
0
0
26959
0
23166
0
0
0
0
0
0
0
0
0
0
0
0
0
23166
26959
0
0
0
0
0
0
0
23166
26659
19259
0
0
0
0
0
0
0
0
0
0
0
25914
0
26659
0
0
0
0
0
0
0
0
26659
0
0
0
0
0
0
0
0
0
0
0
0
0
0
0
0
0
0
0
0
0
0
0
0
0
0
0
0
0
0
0
0
0
0
0
0
0
0
20949
0
0
0
0
0
0
0
0
0
0
0
0
0
0
0
0
0
26716
0
0
26447
0
0
0
0
0
0
0
0
0
0
0
0
0
0
0
0
0
0
0
0
0
0
0
0
0
0
0
0
26447
0
0
0
0
0
22215
29175
0
0
0
0
0
0
0
0
0
0
0
0
23166
0
26716
0
0
0
0
0
0
0
0
0
0
0
0
0
0
0
0
0
0
0
0
0
0
0
0
0
0
0
0
0
0
22215
0
0
0
0
0
0
22215
27828
0
0
0
0
0
0
0
0
0
0
0
0
28790
0
0
0
0
0
0
30802
27580
0
0
0
0
0
0
0
0
0
22546
22581
31766
0
0
0
0
0
0
0
0
0
0
0
0
0
0
0
0
0
0
0
0
0
0
0
0
0
0
0
0
0
0
0
0
0
0
0
30413
0
0
0
0
0
0
0
0
0
0
24304
0
0
0
0
0
0
0
0
0
0
0
0
26885
0
0
0
0
0
0
0
0
0
31766
0
0
0
27630
0
0
0
0
0
0
0
0
0
0
0
0
0
27630
0
0
27812
0
29048
0
0
0
0
0
0
0
0
0
0
28982
0
0
0
22581
0
0
31766
0
0
0
0
24757
0
0
0
0
0
0
0
0
30525
0
0
24757
0
0
0
0
0
0
0
0
0
0
0
0
0
0
0
0
0
0
0
0
0
0
0
0
0
0
0
0
0
0
0
0
0
0
0
0
0
0
0
0
0
0
0
0
0
0
0
0
0
0
0
0
28087
0
0
28176
0
23736
0
0
0
0
23835
0
0
0
0
0
0
0
0
0
0
0
0
0
0
0
0
0
0
0
0
22778
0
0
0
0
28646
0
0
0
0
28176
0
0
0
0
0
31414
0
0
0
0
0
0
0
0
0
28646
0
0
24757
0
0
24757
0
0
0
0
0
0
0
0
0
0
0
0
0
0
0
0
0
28176
0
0
0
0
0
0
0
0
0
0
0
0
0
0
0
30271
0
30522
0
0
24375
0
0
0
0
0
0
0
0
0
0
24499
0
0
0
0
0
0
0
0
0
0
0
0
0
0
0
0
0
0
0
0
0
0
0
0
0
0
0
0
0
0
0
0
0
0
30772
0
0
0
0
0
0
0
0
0
0
0
0
0
0
0
0
0
0
0
0
0
0
0
0
0
24653
0
0
0
0
0
0
32624
0
0
0
0
0
0
0
0
0
28176
0
0
31895
0
0
0
0
24279
0
0
0
0
0
0
0
0
0
0
32624
28176
0
0
0
0
0
0
0
34319
0
0
0
0
0
0
0
0
0
0
0
0
0
0
0
0
0
0
32381
34319
0
0
0
0
0
0
0
0
0
0
0
24821
0
0
34319
0
0
0
24483
0
0
0
0
0
0
0
0
0
0
0
0
0
0
0
0
26560
0
0
32177
0
0
0
0
0
0
0
0
0
0
0
0
0
0
0
0
0
0
0
0
0
0
0
0
0
0
0
0
0
0
0
0
0
0
0
0
0
0
0
0
0
0
0
29747
0
0
32478
0
0
27374
0
0
0
0
0
0
0
0
0
0
0
0
0
35558
27374
0
27374
0
0
0
0
0
0
0
0
0
0
0
26374
0
0
0
0
0
0
0
0
0
0
0
0
0
0
0
0
0
0
36448
0
0
0
0
0
0
0
0
25849
0
25849
0
0
0
29747
0
0
0
0
0
0
0
0
0
0
0
0
0
0
32237
0
0
0
0
0
0
0
33835
0
0
0
0
0
0
0
0
0
0
0
0
0
0
0
0
0
0
0
29208
37762
0
0
0
0
0
0
0
0
0
0
0
0
0
0
27078
0
0
0
0
0
0
0
29116
33889
0
0
0
0
0
0
0
0
0
0
0
0
0
0
0
0
0
0
0
0
0
0
0
0
0
0
0
0
0
0
0
0
0
0
0
0
0
0
0
0
0
33804
0
0
0
0
0
0
0
36662
0
0
0
0
0
0
27419
0
0
0
0
0
0
0
0
0
0
0
0
0
0
0
30743
0
0
0
0
0
0
0
39150
0
0
0
28082
0
0
0
0
0
0
0
0
0
0
0
0
0
34921
0
0
0
0
0
0
0
0
0
0
0
0
0
0
0
0
31815
28082
0
0
0
0
0
0
28082
0
0
0
0
0
0
0
0
0
0
0
0
0
0
0
0
0
0
0
0
0
0
0
0
0
0
0
0
35562
0
0
0
0
0
0
0
0
0
0
0
0
0
0
0
0
0
0
0
0
0
0
0
30743
0
0
0
0
0
0
0
0
0
31720
0
0
0
0
0
0
0
29873
0
0
0
0
0
0
0
33408
0
0
0
31941
0
0
0
0
0
0
0
0
0
0
0
31941
0
0
28082
0
0
0
0
0
0
0
34313
0
0
0
0
0
0
0
0
0
0
0
0
38388
0
0
0
0
0
0
0
0
0
0
0
0
0
0
40330
34313
0
0
0
0
0
0
0
0
0
0
0
0
0
32357
0
0
0
0
0
0
0
0
0
0
0
0
0
0
0
0
0
0
0
32795
0
0
0
0
0
0
0
0
0
0
0
0
0
0
0
0
0
0
0
35714
0
0
0
0
0
0
0
0
0
0
0
0
0
0
0
0
0
0
0
40482
0
0
0
0
0
0
0
0
0
0
0
0
38663
0
0
36004
33107
0
0
0
0
0
0
0
40520
0
0
0
33093
0
0
0
0
0
0
0
0
0
38663
0
0
0
28683
0
0
0
0
0
0
40520
0
35832
32291
0
0
0
0
0
0
0
0
29343
0
0
0
33320
0
0
0
0
0
0
0
0
0
0
0
0
0
0
0
0
0
37488
0
0
0
0
0
0
0
0
0
0
0
0
0
0
0
0
0
0
0
0
0
0
0
0
0
0
0
0
36004
0
0
35832
0
0
0
0
0
0
0
0
0
0
0
0
0
0
0
0
0
0
0
0
0
36004
40184
0
0
0
0
0
0
29343
0
0
0
0
0
0
42063
0
0
0
0
0
42063
0
0
0
0
0
0
0
0
0
0
0
0
0
0
32844
0
0
0
0
0
0
0
0
0
0
0
0
0
0
0
0
0
0
0
0
0
0
0
0
0
0
0
0
0
0
0
0
0
0
36004
0
35662
0
0
0
0
0
0
0
0
0
0
0
0
42161
0
0
0
0
0
35662
0
0
0
0
0
43391
0
0
0
0
0
0
0
0
0
40747
42161
0
0
0
0
0
0
0
0
0
0
37926
0
0
0
0
0
0
0
0
0
0
0
0
0
0
0
0
0
0
0
0
0
0
0
0
0
0
0
37926
0
43391
0
0
0
0
0
0
0
0
0
0
0
0
0
42517
0
0
0
0
0
42517
0
0
0
39425
0
0
0
0
0
0
44443
0
0
0
0
0
0
0
0
0
0
0
0
0
0
0
0
0
0
0
0
0
0
0
0
0
0
0
0
0
0
0
0
0
0
0
0
0
0
0
44443
0
0
0
35269
0
0
0
0
0
0
44443
34469
0
0
0
0
0
0
0
0
0
0
0
0
0
0
38338
0
0
0
0
0
0
0
35491
0
0
0
0
0
0
0
0
0
0
0
0
0
0
44566
0
0
0
0
0
0
0
0
0
0
0
0
44566
0
35874
0
0
0
0
0
0
0
0
0
0
0
0
43804
0
0
0
0
0
0
0
0
39103
0
0
0
0
37293
0
0
0
0
0
0
36807
0
0
0
0
0
0
0
0
0
0
0
0
0
0
0
0
0
0
0
0
0
0
0
0
0
0
0
0
0
0
39874
0
0
0
0
0
0
0
0
0
0
0
0
0
0
0
0
0
0
0
0
0
0
39874
0
0
0
0
0
0
0
38261
0
0
0
0
0
0
0
0
38261
0
0
0
0
0
0
0
0
0
45297
0
0
0
0
0
0
0
0
0
0
38261
0
0
46248
0
0
0
0
0
0
40183
0
0
0
0
0
0
46248
0
0
0
0
0
0
0
0
0
0
0
0
0
0
0
0
0
0
0
0
0
46442
0
46442
0
0
0
0
0
0
0
0
0
38787
0
0
0
0
0
0
0
0
41759
0
0
0
0
39179
0
0
0
0
0
0
0
46331
0
0
0
0
0
0
0
0
0
0
0
0
0
0
0
0
0
0
0
0
0
0
0
46652
43207
0
0
0
0
0
0
0
0
0
0
0
0
0
0
42159
0
43207
0
0
0
0
0
0
0
0
0
0
0
0
48012
0
0
0
40222
0
0
0
0
41195
0
0
0
0
0
42163
0
0
0
0
0
0
0
0
0
0
0
0
0
0
0
0
0
0
0
0
0
0
0
43207
0
0
0
0
0
0
0
0
0
0
0
0
0
0
0
0
0
0
0
48456
42609
0
0
42609
0
0
0
0
0
0
0
0
0
0
0
0
0
0
0
0
0
0
0
0
32513
0
48116
0
48116
0
0
0
0
0
0
0
0
47215
0
0
0
46013
48116
0
0
0
0
0
0
0
0
0
39967
0
0
0
0
0
0
0
0
0
0
0
0
0
0
0
0
0
0
0
0
0
39967
0
0
0
0
0
0
0
0
0
0
0
0
0
0
0
0
0
0
0
0
0
0
0
0
0
0
0
0
0
39967
0
0
43475
0
0
0
0
0
0
0
0
0
0
0
0
0
0
0
0
0
43242
0
0
0
0
0
0
0
0
0
0
0
0
0
0
0
0
0
0
0
0
0
0
0
0
0
0
0
0
43475
0
0
0
0
0
0
0
0
0
0
0
0
0
0
0
0
0
0
0
0
0
0
51589
0
0
0
0
0
0
0
0
0
0
0
0
0
0
0
0
0
0
0
0
0
0
0
0
48332
0
0
0
0
0
48450
0
0
0
0
0
0
0
0
39967
40922
0
0
0
46220
0
0
0
0
0
0
0
0
0
0
0
0
0
0
0
0
0
0
0
0
0
0
0
0
0
0
0
0
0
0
0
0
0
0
0
0
0
0
0
0
0
0
0
0
0
0
0
47215
0
0
0
0
0
0
0
0
0
0
0
0
0
0
0
0
0
0
0
0
0
0
0
0
0
0
0
0
0
0
0
0
0
0
0
0
0
0
0
0
0
0
0
0
53458
0
0
0
0
0
53458
0
0
0
0
0
0
0
0
0
0
0
0
0
0
0
0
0
50249
0
0
0
0
0
0
0
0
0
0
0
0
0
0
0
0
0
0
0
53369
0
47386
0
0
0
0
0
0
0
0
0
0
0
0
0
0
0
0
0
0
0
0
0
0
0
0
53369
0
0
48976
0
0
0
0
0
0
0
0
0
0
0
0
0
0
0
0
0
0
0
0
0
0
0
0
0
0
0
0
37992
0
0
0
0
0
0
0
0
48976
0
0
0
0
0
47438
0
0
37992
0
0
0
0
0
0
0
0
0
0
0
0
0
0
0
0
0
0
0
0
0
0
0
0
0
0
0
0
0
0
0
53617
0
0
0
0
0
0
0
0
0
0
48356
0
0
0
0
0
0
0
0
0
0
0
0
0
0
0
0
0
0
0
0
0
0
0
0
0
0
0
0
0
0
0
0
0
0
0
43316
0
0
0
0
0
0
0
0
0
0
0
0
0
0
0
0
0
0
0
0
0
0
0
0
0
0
0
0
0
0
0
0
0
0
0
0
0
0
0
0
0
0
0
0
0
0
0
0
0
0
0
0
0
49752
0
0
0
0
0
0
0
0
0
0
0
0
0
0
0
0
0
0
0
0
57407
0
0
0
0
0
52862
0
0
0
0
0
0
0
0
0
0
0
0
0
0
0
0
0
0
43518
0
0
0
0
0
0
0
54635
0
0
38088
0
0
0
0
0
0
0
0
0
54635
0
43518
0
0
0
0
0
0
0
0
0
0
0
0
0
0
0
0
0
0
51122
0
0
0
0
0
52972
0
0
0
0
0
0
0
50288
57966
46255
0
0
0
0
0
0
0
0
0
0
0
0
0
0
0
0
0
0
57966
0
0
0
38887
0
0
0
0
0
0
0
0
0
0
0
0
0
0
0
0
0
0
0
0
56321
0
0
0
0
0
0
0
0
0
0
0
0
0
0
50632
0
0
0
0
0
0
0
0
50632
0
0
0
0
47219
0
0
0
51467
0
57437
0
52196
0
0
0
0
0
0
0
47219
0
0
0
0
0
0
0
0
0
0
0
0
0
0
0
53824
54381
0
0
0
0
0
0
0
0
0
0
0
38887
0
0
0
0
0
0
0
0
0
0
0
52196
0
0
0
0
0
0
0
0
0
0
0
0
0
0
0
38887
0
0
0
0
0
0
0
52196
0
0
0
0
0
0
0
0
0
0
0
0
0
0
0
0
0
54532
0
0
0
0
0
52516
0
0
0
0
0
0
0
0
0
0
0
0
0
54523
0
0
0
54532
0
0
0
0
0
0
0
0
0
0
0
0
0
0
54532
0
0
52547
0
0
0
0
0
0
0
0
0
0
0
0
0
0
47503
0
0
0
44807
0
0
0
0
0
0
0
0
0
0
0
0
0
0
0
0
54684
45560
0
0
0
0
0
0
47503
0
0
0
0
0
58030
0
0
0
0
0
0
0
0
40343
0
0
40343
0
0
0
0
0
0
0
0
0
0
0
0
0
0
0
0
0
0
0
0
0
0
0
53443
0
0
0
0
0
41235
0
0
0
0
0
0
0
0
0
0
0
59049
0
0
0
48954
0
0
0
0
0
0
0
0
0
0
0
57267
0
0
0
0
0
0
0
0
0
0
0
0
0
0
0
0
45560
0
0
0
0
0
0
0
0
0
0
0
0
0
46301
0
0
0
0
0
0
60978
0
55993
54065
0
0
0
0
0
0
0
0
0
0
0
0
0
0
0
0
0
0
0
0
0
0
0
0
0
0
0
57748
0
0
0
0
0
59400
0
0
0
0
0
0
0
0
0
0
0
0
0
0
0
0
0
0
0
0
0
0
0
57943
0
0
0
57567
57567
0
0
0
0
0
0
0
0
0
0
0
0
0
0
57943
0
0
0
0
0
0
0
0
0
0
0
0
0
0
0
0
0
0
0
0
0
58279
0
55568
50503
0
0
47348
0
0
0
0
0
0
0
0
0
0
0
0
0
0
0
0
0
0
0
0
0
0
0
0
0
0
0
0
0
0
0
0
0
0
0
0
0
0
0
0
47348
0
0
0
0
0
0
0
0
0
0
0
0
0
0
0
0
0
0
0
0
0
0
0
53466
0
59916
0
0
53466
0
0
0
0
0
0
0
0
0
51371
0
0
0
0
0
0
0
0
0
0
0
0
0
0
0
0
0
0
0
0
0
0
0
0
0
0
0
0
0
0
0
0
0
0
0
0
0
0
0
0
0
56660
0
0
0
0
0
0
0
0
0
0
0
0
0
0
0
0
59661
0
0
0
0
0
0
0
0
0
0
0
59670
0
0
0
59670
0
0
0
0
0
0
0
0
0
0
0
0
59661
0
0
62561
0
0
0
0
0
0
55289
0
0
0
0
0
59670
0
56660
0
0
0
0
0
0
0
0
0
0
0
0
0
0
0
0
0
0
63840
0
0
0
0
0
0
0
0
0
61271
0
0
0
0
0
0
0
0
0
0
0
0
0
0
0
0
0
0
0
0
0
0
0
46282
0
0
0
0
0
0
0
0
0
0
0
0
0
0
0
0
0
0
0
0
0
0
61808
0
0
65275
0
0
0
0
0
0
0
0
0
48362
60229
0
0
0
0
48362
0
0
55595
0
0
0
0
65275
0
0
0
0
0
0
61456
0
0
0
62502
0
47240
0
0
0
0
0
0
0
48803
0
0
0
0
0
0
0
0
0
0
0
0
48803
0
0
0
0
0
0
57405
0
54080
0
0
0
0
0
0
0
0
0
0
0
0
0
0
0
0
0
0
0
0
0
0
0
0
0
0
0
0
0
0
0
0
0
0
0
0
0
0
0
0
0
0
0
0
0
0
0
0
0
0
0
0
0
0
0
0
0
0
0
0
0
0
0
0
0
0
0
0
0
0
0
0
0
0
0
0
0
0
0
0
0
0
0
0
0
0
0
0
0
0
0
0
0
0
0
0
66612
0
58669
0
0
0
0
0
0
0
0
0
0
0
0
0
49915
0
0
0
66612
0
0
0
0
0
0
0
0
0
0
0
62483
0
0
0
0
0
0
0
0
63402
55264
0
0
49915
0
0
0
0
0
0
0
0
0
0
0
0
0
0
0
0
0
0
0
0
0
0
0
0
66612
0
0
0
0
0
0
0
0
0
0
0
0
0
0
0
0
0
0
0
50041
0
0
0
0
0
0
0
0
0
0
0
0
0
0
0
0
0
0
0
0
0
0
0
0
0
0
0
0
0
0
0
0
0
0
0
0
0
0
0
0
0
0
0
0
0
0
0
0
0
0
0
0
0
0
0
0
0
0
0
0
59239
0
0
0
0
0
0
0
0
0
0
0
0
0
0
0
0
0
0
0
0
0
0
0
0
0
0
0
0
0
0
0
0
0
0
0
0
0
0
0
0
0
0
0
0
59545
68929
60180
0
0
0
0
0
0
68929
0
0
0
51146
0
0
59545
65223
0
0
0
0
0
0
0
0
0
0
69867
0
0
0
0
0
0
0
0
0
0
0
0
0
0
0
70709
0
0
0
0
0
0
0
0
0
0
0
0
0
66862
0
66862
57058
0
0
0
0
0
51427
0
0
0
0
0
0
70989
0
0
0
0
0
0
0
0
0
65442
0
0
0
0
0
0
0
0
0
0
0
0
0
51427
0
0
0
0
0
0
51427
0
0
66022
0
0
0
0
0
0
0
0
0
0
0
0
0
66022
0
0
0
0
0
0
0
0
66889
0
52560
0
0
0
0
0
0
0
0
0
0
0
0
66022
66022
0
0
0
0
0
0
0
0
0
0
0
0
0
0
0
0
0
0
0
0
0
0
0
0
0
0
0
0
0
0
0
0
0
0
65770
0
0
0
0
0
0
0
0
0
0
0
61544
0
0
0
0
0
0
0
0
0
0
0
0
0
0
0
0
70989
0
0
52745
0
0
0
0
0
52745
0
0
0
0
0
0
0
0
65884
0
0
0
0
0
0
59895
0
0
0
0
0
0
0
0
0
0
0
0
0
0
0
0
53187
0
0
0
0
0
0
0
0
0
0
0
0
0
0
0
0
67667
0
67667
0
0
0
0
0
0
0
0
0
0
0
0
0
0
71400
0
0
0
0
0
0
0
0
0
0
0
0
0
0
0
68288
0
0
0
0
0
0
0
0
0
68288
0
0
0
0
0
0
0
67515
71495
0
0
0
0
0
0
0
0
0
0
0
0
63762
0
0
0
68178
0
68288
0
0
0
0
0
0
0
0
0
53310
0
0
0
0
0
0
0
0
0
0
0
0
0
0
0
0
0
0
67082
0
0
0
0
0
0
0
0
0
0
0
0
0
0
0
0
0
53310
0
0
0
0
0
0
0
0
0
0
0
0
0
0
72418
69368
0
0
0
0
0
0
0
0
0
0
0
0
0
0
0
0
0
0
0
0
0
0
0
0
0
0
0
0
0
0
0
0
0
0
0
0
0
53513
0
0
0
0
0
0
0
0
0
0
0
0
0
69011
0
0
0
0
0
0
0
0
0
0
0
0
0
0
65933
0
0
0
0
0
0
0
0
0
0
0
0
0
0
0
0
0
0
0
0
0
0
0
0
0
0
0
0
0
0
0
0
70331
0
0
0
0
65933
0
0
0
0
0
72419
0
0
63066
63215
0
0
0
0
0
0
0
0
0
0
0
0
0
0
0
0
0
0
0
0
0
0
0
0
0
0
0
0
0
0
0
0
0
0
0
0
0
0
0
0
0
0
0
0
0
0
0
0
0
0
71183
0
0
0
0
54290
0
0
0
0
0
0
0
0
0
0
0
74671
0
0
0
0
0
0
0
0
0
0
0
0
0
74194
0
0
0
0
0
0
0
0
0
0
0
0
0
0
64732
0
0
0
0
0
0
0
0
0
0
0
0
71203
0
0
0
0
0
0
0
0
0
0
0
0
0
0
0
54290
0
0
71183
54290
0
0
64732
0
0
0
0
0
0
0
0
67270
0
0
0
0
0
0
0
64732
0
0
65749
0
0
71475
0
0
0
0
0
0
0
0
0
55336
0
0
0
0
0
0
0
0
0
0
0
0
0
54290
0
0
0
0
0
0
0
0
0
0
0
0
75418
0
0
0
0
0
0
0
0
0
0
0
0
0
0
0
0
0
0
0
0
0
0
0
0
0
0
0
0
0
0
0
75777
0
0
0
0
0
0
0
0
0
0
0
65665
55978
0
0
0
0
0
0
75777
0
0
0
0
0
0
0
0
0
54791
0
70887
0
0
0
0
65665
68261
71455
72185
68261
72185
0
0
0
0
0
65665
0
0
0
0
0
0
0
0
0
0
70887
0
0
55264
0
0
0
0
0
0
0
0
0
70887
0
0
0
0
0
0
0
0
0
0
0
68261
0
0
0
0
0
0
55264
57194
0
0
0
0
0
0
0
0
0
0
0
0
0
0
69240
0
65665
0
72185
0
0
0
0
0
0
0
0
0
0
0
0
0
0
0
0
0
0
0
0
0
0
72500
0
0
0
0
72500
0
0
0
0
57194
0
78588
0
0
0
0
0
0
0
70202
0
0
0
66691
0
0
0
0
0
0
0
0
0
0
74462
74462
0
0
0
0
0
0
0
0
0
70202
0
0
0
0
0
0
0
0
0
78588
0
74221
0
0
0
0
0
0
0
0
0
0
0
0
67302
0
0
0
0
76413
0
0
0
0
0
0
57834
0
0
0
0
0
0
0
0
0
0
0
0
0
0
73397
70202
0
0
0
0
0
0
0
0
0
0
0
78588
0
70202
0
0
0
0
0
0
0
0
0
0
0
0
0
0
0
0
0
0
0
70202
0
0
0
68365
0
57834
0
0
0
0
0
0
0
0
0
0
0
0
70202
0
0
0
0
0
0
0
0
0
0
0
0
0
0
0
0
69237
0
0
0
0
0
0
80443
0
0
0
0
0
0
0
0
0
69237
0
0
0
74345
0
0
69237
0
0
0
0
0
0
0
0
0
0
0
0
0
0
0
0
0
0
0
0
74345
0
58676
0
0
0
0
0
78073
0
0
0
0
0
0
58082
0
0
0
58082
0
0
0
0
0
78073
0
0
0
0
0
0
0
0
0
0
0
0
0
0
0
0
0
0
0
0
0
0
0
0
0
0
0
0
0
0
0
0
0
0
0
0
0
0
0
0
0
0
0
0
0
0
0
0
0
0
0
0
0
0
0
0
0
0
0
0
0
0
0
0
0
69237
0
0
0
0
77433
69237
0
0
75630
0
0
58552
77433
0
0
0
0
0
0
0
0
0
0
0
0
0
0
70579
0
0
0
0
0
0
0
0
70949
78073
0
0
0
0
78073
0
0
0
0
0
0
0
0
0
0
0
0
0
0
0
0
0
0
0
0
0
0
0
0
0
0
0
0
0
0
0
0
0
0
58552
0
0
0
0
0
0
58786
0
0
0
58786
0
0
0
0
0
0
0
0
0
0
0
0
0
0
0
0
75630
0
0
0
0
84756
79493
0
0
0
0
0
0
0
0
0
0
0
0
0
0
0
59330
0
0
0
0
0
0
0
0
0
0
0
0
0
0
0
0
0
0
0
79493
0
0
0
0
0
0
0
0
61391
0
0
0
0
77433
0
0
0
61391
0
0
0
0
0
0
0
0
0
0
77529
0
0
0
0
0
0
0
0
0
80963
0
0
0
0
0
0
0
0
0
0
0
0
0
0
0
62025
0
0
0
0
83239
0
0
0
0
0
0
0
0
0
0
0
0
0
0
0
73160
0
0
0
0
0
0
0
0
0
0
0
0
0
0
0
0
0
0
0
0
0
0
0
0
0
0
0
0
71756
0
0
0
0
0
0
0
0
0
0
0
0
0
0
72029
0
0
0
0
0
63473
72029
0
0
0
0
0
0
0
0
0
0
0
0
0
63473
0
0
0
0
0
0
0
0
0
76585
0
0
60514
0
60514
0
0
0
0
85679
0
0
0
60514
81381
0
76585
0
84948
0
0
0
78349
0
0
0
0
0
0
0
0
0
0
0
0
78363
0
0
0
0
0
0
0
0
0
0
0
0
0
72713
0
0
0
0
84948
0
0
0
0
0
0
0
86682
0
0
0
0
82385
0
0
72713
0
74437
0
0
0
0
0
0
0
0
0
0
0
0
0
0
0
0
0
0
0
0
0
0
0
82758
0
0
0
0
0
0
0
0
0
0
0
0
0
0
0
0
0
0
0
0
0
0
0
0
0
0
0
0
0
0
0
0
0
0
0
0
61502
74974
0
0
0
65556
0
0
0
0
0
0
0
0
0
0
0
0
0
0
0
0
0
0
0
0
0
0
0
0
0
0
74314
0
0
0
0
0
0
0
0
0
0
0
0
0
0
0
0
0
61502
0
0
0
0
0
0
0
0
0
0
0
83909
0
0
0
79771
0
0
0
0
0
0
0
61502
0
0
0
0
0
61502
0
0
0
0
0
0
0
0
0
0
0
0
83909
0
0
0
0
0
0
0
0
0
0
0
0
0
0
0
0
0
0
0
0
0
0
0
0
0
0
0
0
0
0
0
0
0
0
0
0
0
0
0
0
79771
0
0
0
0
0
0
74462
0
0
0
0
0
0
0
0
0
0
0
0
0
0
0
0
74462
79853
0
0
0
0
0
0
0
0
0
0
0
0
0
0
0
0
0
0
0
0
0
0
0
0
0
0
0
0
0
0
0
0
0
0
0
0
0
0
0
0
0
66649
0
0
0
76211
0
0
0
0
0
76211
0
0
0
0
76211
0
0
79362
0
0
0
0
0
0
0
0
0
0
0
0
0
0
0
0
0
0
0
0
0
0
0
0
0
0
0
0
0
0
0
0
0
0
0
0
0
0
0
0
0
0
0
0
80361
0
0
0
0
0
0
0
0
0
0
0
0
0
0
0
0
0
0
0
0
0
0
81571
0
0
0
0
0
0
0
0
0
0
0
0
0
81571
0
0
0
0
0
0
77448
0
0
0
67661
0
0
0
0
0
0
0
0
0
0
0
0
0
0
0
82514
0
0
0
0
0
0
0
0
0
80988
89532
0
0
0
67661
0
0
0
0
0
77448
0
0
0
0
0
0
0
67661
0
0
0
0
0
0
0
0
0
0
77466
0
0
0
81711
0
0
0
0
0
0
0
0
0
80988
0
0
0
65500
0
0
0
0
0
78187
0
0
0
0
0
0
0
0
0
0
0
0
0
0
0
0
0
0
0
81377
0
0
0
0
0
90892
78393
0
0
0
0
0
0
0
0
0
0
0
0
0
0
0
0
0
0
0
0
90892
0
0
0
67661
0
0
0
0
0
0
0
0
0
0
0
0
0
0
0
0
0
0
0
67661
0
0
0
0
0
90892
0
0
0
0
0
0
0
0
0
0
0
0
0
0
0
81377
0
0
0
0
0
82532
0
0
0
0
0
0
68058
0
0
0
0
0
0
78695
0
90459
0
0
0
0
0
0
0
0
82883
87722
0
80464
0
0
0
0
0
0
0
0
0
0
0
0
0
0
0
81295
0
0
0
0
0
0
0
81377
0
0
0
0
0
0
0
0
0
89549
0
0
0
0
0
0
0
0
0
91420
0
0
0
0
0
0
0
0
0
0
0
0
0
0
0
0
0
0
0
0
0
0
0
0
0
0
0
0
0
0
0
0
84381
0
0
0
0
84381
0
0
0
0
0
83331
0
0
0
0
0
0
0
0
0
90892
0
0
0
0
0
0
90254
0
0
0
0
0
0
0
81838
0
0
0
84381
90892
0
0
81838
68058
0
0
0
0
0
0
0
0
0
0
0
0
0
0
0
0
0
0
0
0
0
0
0
0
90337
0
0
0
0
0
0
0
0
0
0
92287
0
0
0
0
0
0
0
0
0
0
0
0
0
0
0
0
0
0
0
0
0
0
0
91833
0
0
0
0
82913
0
0
0
0
0
80214
0
0
0
0
0
0
83865
0
0
0
0
0
0
0
68348
0
0
0
0
0
0
0
0
0
0
0
0
0
0
0
0
0
0
0
0
0
0
92543
0
0
0
0
0
0
0
0
0
0
0
0
0
0
0
0
0
0
0
0
0
0
0
0
0
0
0
0
0
0
93211
0
0
0
0
0
0
0
0
0
0
0
85659
0
0
0
0
0
0
69350
0
0
0
0
69350
0
0
0
0
0
69350
0
85161
0
0
0
0
0
0
68659
95305
0
0
0
0
0
0
0
0
0
0
0
0
0
0
0
0
0
0
0
0
0
0
0
0
0
0
0
0
0
0
0
0
0
0
0
0
0
0
0
0
0
0
85659
0
0
0
0
0
0
0
0
0
0
0
0
0
0
0
0
0
0
0
0
0
0
0
0
0
0
0
94103
0
0
0
0
0
0
0
0
0
0
0
0
0
0
0
0
0
86411
0
0
0
0
0
0
0
0
0
0
0
0
0
96455
0
0
0
0
0
0
0
0
0
0
0
0
92679
0
0
0
0
0
0
0
0
0
0
0
0
0
0
0
0
0
0
0
0
0
0
0
0
0
0
0
0
0
0
0
0
0
0
0
82229
0
0
0
0
0
0
92696
0
96455
70028
0
0
0
0
0
0
0
0
0
0
0
82354
0
0
0
0
0
0
0
0
0
0
0
0
0
0
0
0
0
0
0
0
0
0
0
0
0
0
0
70794
0
0
0
0
0
0
82229
0
0
0
0
0
0
0
0
0
0
0
0
0
0
0
0
0
0
0
0
0
0
0
0
0
0
0
70794
83060
0
0
0
71204
0
0
0
0
0
96756
0
0
0
97194
0
0
0
0
0
0
0
0
0
0
0
0
0
0
0
0
0
0
83060
0
0
0
0
0
0
0
0
0
0
0
0
0
0
0
0
0
0
0
0
0
0
0
0
0
0
0
0
0
0
0
0
0
0
0
0
0
0
0
0
0
0
0
0
0
0
0
0
0
0
0
0
0
0
0
0
0
0
0
0
0
0
71448
0
0
0
0
0
71448
0
0
0
0
0
0
0
0
0
88188
0
97194
0
0
0
0
0
0
0
0
0
0
0
0
0
0
0
0
0
0
0
0
0
0
0
0
0
0
0
0
0
0
0
0
0
0
84805
0
0
0
0
0
0
0
0
0
0
0
0
0
0
96244
0
0
0
0
0
0
0
0
0
0
0
0
0
0
96244
0
0
0
0
0
0
0
0
102207
0
0
0
0
0
0
0
0
0
0
0
0
0
0
0
0
0
0
0
88701
0
0
0
0
0
0
88701
0
0
0
0
0
0
0
0
0
0
0
92477
0
0
0
0
0
0
0
102207
0
0
0
84446
0
0
0
0
0
0
0
0
0
0
84810
0
0
0
84810
0
0
0
0
0
0
72597
0
0
0
93003
0
0
0
0
0
0
0
0
0
0
0
88701
0
0
0
0
0
0
0
90809
0
0
0
0
0
0
0
0
0
0
0
0
0
0
0
0
0
0
0
0
0
0
0
0
0
0
0
85275
0
0
0
0
0
0
0
0
0
0
0
0
0
0
0
90809
0
0
0
0
0
90809
0
0
0
0
0
0
0
102700
0
0
98526
0
0
0
0
0
0
0
0
0
0
0
0
0
0
0
91547
0
72840
0
0
0
0
0
0
0
0
0
0
0
0
0
0
0
85275
0
0
0
102700
0
0
0
85962
0
0
0
0
0
0
0
0
0
0
0
0
75133
75133
0
0
75316
0
0
98826
0
0
0
0
0
0
96728
0
0
0
0
0
0
0
96728
0
0
0
0
0
85962
0
0
0
0
0
0
0
0
0
0
0
0
0
0
0
0
0
0
0
0
0
0
92519
0
0
0
0
0
0
0
0
0
0
0
0
0
0
0
0
0
0
100357
0
85962
0
0
0
0
76082
0
0
0
0
0
97604
0
76285
100357
0
0
0
0
97604
0
0
0
0
0
0
97604
0
0
0
0
0
0
0
0
0
0
0
0
0
0
0
0
0
0
93280
0
0
0
0
0
0
76094
0
0
76094
0
0
103211
0
0
0
0
0
0
0
0
0
0
0
89544
0
0
0
0
0
0
0
0
0
0
0
0
0
103211
76492
0
0
0
0
0
0
0
0
0
0
0
0
103008
0
0
0
0
0
0
0
0
0
0
86830
0
90156
0
0
0
100559
0
0
0
0
0
0
0
0
0
0
0
0
0
0
0
0
0
0
0
0
86830
0
0
0
0
0
0
0
0
91088
0
0
0
0
0
103554
0
0
0
0
0
0
0
0
0
0
0
0
0
0
0
0
0
103554
0
94256
0
0
0
0
0
0
0
0
0
86830
0
0
0
0
104194
0
0
0
0
0
0
0
0
0
0
95183
0
0
0
0
0
0
0
95183
0
0
0
0
0
100559
0
0
0
0
0
0
0
0
0
0
0
0
0
0
0
0
86038
0
0
0
0
0
0
92401
104062
0
104062
0
0
0
0
0
0
99523
0
0
0
0
0
0
0
0
0
0
0
92401
77078
0
0
0
78291
0
0
0
0
0
0
0
104062
77078
87498
0
0
0
0
0
0
0
0
0
0
0
88140
0
0
0
0
86202
78291
0
0
0
0
0
0
0
0
0
0
78291
0
0
0
0
0
0
0
105336
0
0
0
0
0
0
0
105515
0
0
0
0
0
0
0
0
0
78583
0
0
0
0
0
0
0
0
0
0
0
0
0
100346
105515
0
0
0
0
0
78291
0
95822
0
0
0
0
0
0
0
0
95822
0
0
0
0
0
0
88140
0
0
0
0
0
0
0
0
0
0
0
0
0
0
0
0
95822
0
0
0
0
0
0
0
0
0
0
0
0
0
0
0
0
0
102430
0
0
0
0
0
106241
0
0
95822
0
0
0
0
0
0
0
0
0
0
0
0
0
0
0
0
0
0
0
0
0
0
0
0
0
0
0
0
0
0
0
0
0
0
0
0
0
0
0
106241
0
101839
0
0
0
89497
0
89497
0
0
0
96847
0
0
0
0
101839
0
103645
0
104992
0
0
0
0
0
0
0
0
0
0
0
0
0
0
0
0
0
0
0
0
0
0
0
0
0
95154
0
0
0
0
0
0
0
0
0
0
95154
0
0
0
0
0
0
0
0
0
0
106241
0
0
0
0
0
0
0
0
0
0
0
0
0
80939
0
0
0
0
0
0
0
0
0
0
0
106712
0
0
0
103523
0
0
0
0
0
0
0
0
0
0
0
0
0
0
0
0
105838
89344
0
0
0
0
0
0
0
0
0
0
0
0
0
0
0
0
104253
0
104870
0
0
101055
80939
0
0
0
0
0
0
0
0
105956
0
0
0
0
0
0
91351
105956
0
105487
0
0
0
0
0
105956
0
0
0
0
80939
0
0
0
0
80911
0
0
0
0
0
0
0
0
81653
0
90154
0
0
0
0
0
0
0
0
0
0
0
0
101055
0
0
0
0
0
0
0
96134
0
0
0
0
0
0
0
0
0
0
0
0
0
0
0
0
80939
0
0
0
0
0
0
91805
0
0
0
0
0
0
0
0
0
0
0
0
0
91805
0
0
0
0
0
0
0
0
0
0
0
0
0
0
80939
0
0
0
0
0
0
0
0
0
0
0
0
0
0
0
0
0
0
0
0
0
0
102516
0
0
0
0
0
0
0
0
0
0
0
0
0
0
81935
0
90344
0
0
0
0
0
0
0
0
90344
0
0
0
0
102516
0
0
0
0
0
0
0
0
106377
0
0
0
0
0
0
0
0
0
0
0
0
0
0
0
0
0
0
0
0
0
0
0
0
0
0
0
0
0
0
0
0
0
0
0
0
0
0
0
0
0
0
0
0
0
0
0
0
0
0
0
0
0
0
0
0
0
0
0
0
0
0
0
0
0
0
0
0
106686
0
0
0
0
107319
0
0
83125
0
0
0
0
0
0
0
0
0
0
107319
0
0
0
0
0
0
0
0
0
0
0
0
108096
0
0
83420
0
0
0
0
103800
0
0
0
0
0
0
0
0
0
0
0
0
0
0
0
0
0
0
83420
0
0
0
0
92180
0
0
0
0
0
0
83420
0
0
0
0
0
0
0
0
0
0
0
0
0
0
0
0
0
0
0
0
0
0
0
0
0
0
0
107754
0
0
107754
0
0
109030
0
0
0
0
0
0
0
0
0
0
0
0
0
0
0
0
83982
0
0
0
0
95639
0
0
0
0
0
0
84128
0
0
0
0
0
0
0
0
0
0
0
0
0
0
0
0
0
84572
0
0
0
95639
0
0
0
0
0
0
0
0
0
0
84572
95639
0
0
0
0
0
0
0
0
0
0
0
0
0
112212
0
0
0
0
0
0
0
0
0
0
0
0
84572
0
0
0
0
0
0
0
0
0
0
0
0
98642
0
0
0
0
0
94076
0
0
0
0
0
0
0
0
0
0
0
0
0
0
0
0
0
0
111616
0
0
0
0
0
0
0
0
108102
0
0
0
0
0
0
0
0
0
0
0
112291
0
85768
0
0
0
0
0
0
0
0
0
0
0
0
0
94221
0
0
0
0
0
0
0
0
0
0
0
0
0
86307
0
0
85582
0
0
0
0
0
94221
0
0
0
0
0
104740
0
0
0
104740
0
0
0
0
0
0
0
0
0
0
0
0
87213
96738
0
0
0
0
0
0
0
0
0
0
0
0
0
0
0
100364
0
0
0
113465
0
0
0
0
0
0
0
0
0
0
0
0
0
0
0
0
0
0
113300
0
0
0
0
0
0
0
0
100364
0
0
0
0
0
0
0
0
0
0
0
0
0
0
0
0
0
108196
0
0
0
0
0
0
0
0
0
0
0
0
0
0
0
0
0
0
114558
0
0
0
0
0
0
0
0
95875
0
0
0
0
0
0
0
0
0
0
0
0
0
0
0
107141
0
0
0
0
0
0
0
0
0
0
0
0
0
0
0
0
0
0
0
0
0
0
116283
0
0
0
0
0
0
0
0
0
109025
0
0
115701
0
0
0
0
0
0
0
0
0
0
0
0
0
0
0
0
0
0
95875
0
0
0
85582
0
0
0
0
0
0
0
0
0
0
0
0
0
0
0
0
0
0
0
117161
0
0
0
116239
116239
0
0
0
0
0
0
0
98266
0
0
0
0
0
0
0
0
0
0
0
0
107745
117161
0
98266
0
89442
0
0
0
0
0
0
0
0
0
116239
117161
0
0
99128
0
0
0
0
0
100364
0
0
0
0
0
0
86137
0
0
0
0
99935
0
0
0
0
0
108593
0
0
0
0
0
0
0
0
0
0
100937
0
0
0
89583
0
0
0
0
0
0
0
0
0
0
0
0
0
0
0
117586
0
0
0
0
0
0
0
0
0
0
0
0
0
117583
0
0
0
0
0
0
0
0
0
0
0
0
0
0
0
0
0
0
0
0
0
0
0
0
0
0
0
0
0
0
0
0
0
0
0
0
0
0
110891
0
0
0
0
0
0
92771
0
87700
0
0
0
0
0
0
0
0
0
0
0
0
0
0
0
0
0
116595
0
0
0
0
0
119660
0
0
0
0
0
0
0
0
0
0
0
0
0
0
87700
0
0
0
0
0
0
0
0
0
0
0
0
0
0
0
0
119789
0
0
0
0
0
0
0
0
0
0
0
0
0
0
0
103505
0
0
0
0
0
0
0
0
112771
0
0
0
0
0
0
0
0
0
0
0
112771
0
0
0
0
0
0
0
112771
0
0
0
0
0
0
0
0
0
0
0
0
0
0
0
0
0
0
0
113242
0
0
0
0
99028
0
0
0
0
0
102790
0
0
0
0
0
0
0
0
0
116930
0
0
0
0
0
0
0
0
0
0
0
103629
94550
0
0
0
0
0
0
0
0
0
0
0
0
0
0
0
0
0
0
0
0
0
0
0
0
0
0
0
0
106345
0
0
0
0
0
0
0
0
0
0
0
0
0
0
0
0
0
0
0
0
0
0
0
0
0
0
118897
0
0
0
0
0
0
0
120299
0
0
0
0
0
0
0
0
0
0
0
0
0
0
0
0
88332
0
0
0
0
0
0
0
0
0
0
0
0
0
118897
0
0
0
0
0
0
0
0
0
0
0
0
0
0
0
0
0
0
0
0
0
0
0
0
0
0
0
0
0
0
0
0
0
120760
96422
114162
0
0
0
0
119062
0
0
0
0
0
0
0
0
0
0
99716
0
116563
0
0
119142
0
104987
119142
0
0
0
0
0
0
0
0
0
0
0
0
0
0
0
0
0
0
0
99716
0
0
0
0
0
0
116563
0
0
0
107162
0
0
0
0
0
0
96628
0
0
0
0
0
0
0
0
0
0
0
0
0
0
0
0
0
0
0
0
0
0
0
0
0
0
106004
0
0
0
0
0
116563
0
0
0
0
0
0
0
0
0
0
0
116563
0
0
0
0
0
0
0
0
0
0
0
0
0
0
0
0
0
0
0
0
0
0
0
0
0
0
0
0
0
0
0
0
0
0
0
0
0
0
0
0
0
0
0
0
0
0
0
0
119273
0
0
0
0
96822
0
0
0
0
0
0
0
0
0
0
119273
0
0
0
0
0
119273
0
0
0
0
106004
0
117614
0
0
0
0
106004
0
0
0
0
0
0
0
0
0
0
0
0
0
0
0
0
0
0
0
0
0
0
117904
0
0
0
0
0
0
0
0
0
0
0
0
0
0
0
0
0
0
0
0
0
0
0
0
0
0
0
0
0
0
0
0
0
0
0
0
0
0
122106
0
0
0
106204
0
0
0
0
0
122106
0
0
0
0
0
0
0
0
0
0
0
117614
0
0
0
0
0
0
0
96822
0
0
0
0
124116
90795
0
0
0
0
0
0
0
0
0
0
0
0
0
111274
0
0
0
0
0
0
0
0
0
0
0
0
0
0
0
120138
0
0
0
0
0
0
0
0
0
0
0
0
0
0
0
0
0
0
0
0
0
106204
0
0
0
0
0
112288
0
0
112288
0
0
0
0
0
118798
97479
92635
0
0
0
0
0
0
120347
0
0
0
0
0
0
0
0
0
120245
0
0
0
0
0
0
0
0
0
0
0
0
112863
0
0
0
0
126075
122470
106204
0
0
0
0
0
0
0
0
0
0
0
0
0
98442
0
0
0
0
0
0
0
0
0
0
0
0
0
0
0
98442
0
0
0
0
0
0
0
0
0
0
112863
0
0
0
0
0
0
0
0
0
0
0
0
0
0
0
0
0
0
0
0
0
0
0
0
112863
0
0
0
0
0
119208
0
98442
0
0
0
0
0
0
0
0
0
121228
0
0
0
0
0
0
0
0
101918
0
0
0
0
0
0
0
0
0
0
0
0
101918
0
0
0
128351
0
0
0
0
0
121228
0
0
98442
0
0
0
0
0
0
0
0
0
0
0
93569
121906
0
0
0
0
0
124198
0
0
0
0
0
0
0
0
0
0
119848
0
0
0
0
0
0
0
0
0
0
0
0
0
0
0
0
0
0
0
0
0
121981
0
0
0
0
0
0
0
0
0
0
0
0
0
0
0
0
0
93569
0
122854
0
0
0
0
0
0
0
0
0
0
0
0
0
0
0
0
0
0
0
0
0
0
0
0
0
0
0
0
0
0
0
0
0
0
0
0
0
122854
0
0
0
0
0
0
0
0
0
0
0
0
0
0
0
0
0
0
0
0
0
0
0
0
0
0
0
0
0
0
0
0
0
0
0
0
0
0
0
0
0
0
0
0
0
0
0
103574
0
0
0
0
0
0
0
0
0
0
0
0
0
0
114158
0
0
0
0
0
124717
120848
0
0
0
0
0
0
124717
0
0
0
0
0
0
0
0
107041
0
0
0
0
0
0
0
0
0
0
0
0
0
0
0
0
93569
0
0
0
0
0
0
0
0
98567
0
0
0
0
0
0
0
0
0
0
0
0
0
0
0
0
0
115682
115682
0
0
0
0
0
0
128642
0
0
0
0
0
122854
0
0
0
0
0
0
0
0
0
0
0
0
0
128642
0
0
0
0
0
0
0
0
0
0
0
0
115682
0
0
128888
0
0
0
0
98695
0
0
0
0
0
0
0
0
0
0
0
0
0
0
0
0
0
0
0
0
0
0
0
0
0
0
0
0
0
0
0
0
0
0
0
0
0
0
0
126344
0
0
0
0
0
0
0
121050
0
0
126344
0
0
0
126344
0
0
0
0
0
0
0
0
115682
0
0
0
0
0
0
0
0
0
0
0
0
0
0
0
0
0
105445
126728
0
0
0
121609
0
0
0
0
0
0
105445
99985
0
0
122854
107550
0
121609
0
107550
0
0
0
0
0
0
0
129828
0
0
0
0
0
0
0
0
0
0
0
0
0
0
94671
0
0
0
0
0
0
0
0
0
0
0
126728
0
0
0
0
0
0
0
0
0
0
0
0
0
0
94671
0
0
0
0
0
0
0
124651
0
0
0
122854
124651
0
0
0
0
0
0
0
0
0
0
0
0
0
0
0
123734
0
0
123734
0
0
0
0
0
0
0
0
0
0
0
0
0
0
0
0
0
117547
0
0
0
0
94671
0
0
0
0
0
0
0
0
0
0
0
0
0
0
0
0
0
0
0
0
0
0
0
0
0
0
0
0
0
0
0
0
0
0
117547
0
109764
0
0
0
0
0
0
0
0
0
0
0
0
128449
0
0
0
0
0
0
0
0
0
0
0
0
0
117547
0
0
0
0
0
0
0
0
0
0
0
0
0
0
0
0
0
0
0
102659
0
0
0
0
0
0
0
0
0
0
0
0
0
0
0
0
0
0
0
0
0
0
0
0
0
0
106911
129828
0
106911
0
117547
0
124793
95794
0
0
0
0
0
0
0
0
0
0
0
0
0
0
0
0
0
0
0
0
0
0
103643
0
0
0
0
0
0
0
0
0
0
0
0
129828
0
0
0
124892
0
0
131529
0
0
0
0
0
0
0
0
0
0
0
0
0
0
0
0
0
0
0
0
0
0
0
0
0
0
130718
0
124892
0
124892
0
0
130718
0
0
0
0
0
0
0
0
0
0
0
0
104736
0
0
0
0
0
0
130718
0
110482
0
0
0
0
0
0
130718
0
0
0
0
0
0
0
0
0
0
0
0
0
0
0
0
0
0
0
0
0
0
0
0
0
0
0
0
0
0
0
0
0
125085
0
97849
0
0
0
0
125085
0
0
132205
0
0
0
0
0
0
0
0
0
0
0
0
121995
0
0
97849
0
0
0
97849
0
0
0
0
132618
0
0
125243
0
0
0
0
0
0
0
0
0
0
121995
0
0
0
0
0
0
0
0
0
0
0
0
0
0
0
111716
0
0
0
0
0
0
0
0
0
0
0
122718
0
125243
0
0
0
0
0
0
0
0
0
0
0
0
0
0
0
0
0
0
0
0
132205
0
0
0
0
108010
0
0
0
0
0
0
0
0
0
0
0
0
0
0
0
0
0
0
0
0
0
0
0
0
0
0
0
0
0
0
126211
0
0
0
0
0
0
0
0
0
0
0
0
0
0
0
0
0
0
0
0
0
0
0
126211
0
0
0
0
0
0
0
0
0
0
98526
0
0
0
0
0
0
0
122718
0
0
0
0
0
0
0
0
0
0
0
0
0
0
0
0
0
0
0
0
0
106828
0
0
0
0
0
0
0
0
0
106828
0
0
0
0
0
0
127107
0
0
99245
0
0
0
0
0
0
127742
0
0
0
0
0
0
0
0
0
0
0
0
107031
0
127742
0
0
0
0
0
0
0
0
0
0
0
0
0
0
0
0
0
0
123481
0
0
0
0
0
0
0
0
0
0
112073
0
135570
0
0
0
0
0
0
0
0
0
107439
0
0
0
0
0
0
0
0
0
128094
0
123481
0
0
0
0
0
0
0
0
0
0
0
0
0
0
0
0
0
0
0
0
0
0
0
0
0
0
0
0
136549
0
0
0
0
0
0
0
0
134121
0
0
0
0
108426
0
123481
0
0
0
0
0
128024
129745
0
0
0
128766
0
129745
0
0
101003
0
0
0
0
123481
123481
0
0
0
129745
0
0
0
0
0
0
0
0
109041
0
0
0
134363
0
0
0
0
0
0
0
0
0
129663
0
0
0
0
0
0
0
128024
0
0
0
0
0
0
128024
0
0
0
0
0
0
0
0
0
0
0
0
0
0
0
0
114721
0
0
0
0
0
0
137198
0
0
0
0
0
0
0
0
123821
0
0
0
0
0
0
0
0
0
0
0
0
123821
0
0
0
0
0
0
0
0
0
0
0
0
0
134779
0
0
0
0
0
115779
0
0
0
0
0
0
0
0
0
0
0
0
0
0
0
0
0
0
101076
0
0
0
0
0
0
0
0
0
0
0
0
0
0
0
133300
101076
0
0
0
0
0
0
131599
0
0
0
0
101671
0
0
0
0
0
0
0
0
0
0
0
0
0
0
0
135275
0
116750
0
0
0
0
0
0
0
0
0
0
0
0
0
116750
0
132386
0
0
0
0
126259
0
0
0
0
0
0
135878
0
0
0
0
134807
0
0
0
0
0
0
0
0
0
0
0
0
0
0
0
102311
0
0
0
0
0
0
0
0
0
0
0
0
0
126259
0
0
0
0
132386
0
0
0
111657
0
0
0
0
0
0
0
0
0
0
0
0
0
0
0
0
0
138212
0
0
102311
0
0
134807
0
0
0
0
111657
132386
0
0
0
126665
0
0
0
0
0
0
0
0
0
0
0
0
138122
0
0
136198
0
0
0
0
0
0
0
0
0
0
0
0
0
0
0
0
0
0
0
0
0
0
129864
0
0
0
0
0
0
0
0
0
0
0
0
0
0
0
0
132386
0
0
0
0
0
0
0
0
0
110078
129864
0
0
0
0
0
0
0
0
0
0
0
0
0
0
0
0
0
0
0
0
0
0
102311
0
0
0
0
0
0
0
0
0
0
0
0
0
110778
0
0
0
0
0
0
0
0
0
0
0
0
110778
0
0
0
0
0
0
0
0
0
0
0
0
0
0
0
0
0
0
0
0
0
0
0
0
102311
137739
0
0
0
0
0
117776
0
0
0
0
0
131321
111709
0
0
0
0
102311
0
0
0
0
0
0
119128
0
0
0
0
0
0
0
0
0
0
0
0
0
0
0
0
0
0
0
0
0
0
0
0
0
0
0
0
0
0
138780
0
110960
0
0
0
0
0
0
0
0
0
0
0
0
0
0
138753
0
0
0
0
0
0
0
0
138983
0
0
0
0
138780
0
133780
0
0
0
0
0
0
0
0
138780
0
0
131548
0
0
133704
0
0
0
138983
0
0
0
0
0
0
0
0
111815
0
0
0
0
0
0
0
131548
0
0
0
0
0
139622
0
0
0
102311
0
0
0
0
0
119568
0
0
0
0
112054
0
0
0
0
0
112438
0
0
0
0
0
0
0
0
139250
0
0
0
0
0
0
0
0
0
0
0
0
0
0
138983
0
0
0
134943
0
0
0
0
0
0
0
134726
0
112873
0
0
0
0
0
0
102856
0
0
102856
0
0
0
0
131548
0
0
0
0
0
0
0
120119
0
0
113019
0
0
0
0
0
0
0
0
0
0
0
0
0
0
0
0
139991
113019
0
0
135987
0
0
0
139991
0
0
0
0
0
0
0
0
0
0
0
139991
0
0
0
0
0
139991
136763
0
0
0
0
0
113052
0
0
0
0
0
0
0
0
0
0
0
0
0
0
0
0
0
0
0
0
0
0
0
0
0
0
0
0
0
0
0
0
0
0
0
0
0
0
0
0
0
0
0
0
0
0
0
0
0
0
0
0
0
0
0
0
0
0
0
0
0
0
139067
102903
0
0
120436
0
0
0
139067
0
0
103856
0
134555
135910
0
0
0
0
0
0
0
0
0
0
0
0
0
0
0
0
0
0
0
0
114259
0
0
0
0
0
0
0
0
0
137310
0
0
0
0
0
0
0
0
0
0
114259
0
0
0
137555
0
0
114259
0
0
103856
0
0
0
121267
0
0
0
0
0
0
0
0
0
0
116296
0
0
0
0
0
0
0
0
0
0
0
0
140764
0
0
0
0
140334
0
142504
0
116296
0
0
0
0
0
0
0
134832
0
0
0
0
0
0
0
0
0
0
0
0
0
0
0
0
0
0
0
142504
0
0
0
0
140764
0
0
0
0
0
122540
0
0
0
0
0
0
0
0
0
0
0
0
137927
0
0
0
0
137927
114574
0
0
0
0
0
0
0
0
123367
0
0
0
0
0
0
142283
0
0
0
0
0
0
0
142283
0
137927
0
0
0
0
0
0
0
0
0
0
0
0
0
0
0
0
0
0
0
0
0
0
0
0
0
0
0
0
0
0
0
0
0
0
0
0
0
0
0
0
0
137927
0
115684
0
0
0
137927
0
0
0
0
0
0
0
0
0
0
0
0
0
0
0
0
0
0
0
141675
0
0
0
0
0
0
0
136170
0
0
0
0
0
0
0
141675
0
0
0
0
0
0
0
0
0
0
0
108884
0
0
0
0
0
0
0
0
0
0
0
0
116921
0
141693
0
0
0
141693
0
0
141615
143161
0
0
0
0
0
0
0
0
0
0
0
0
0
0
0
0
0
0
0
144136
0
0
0
0
0
0
0
0
0
0
0
0
0
0
0
137076
0
0
0
0
0
0
0
0
0
0
0
0
0
0
0
0
0
0
144849
0
0
0
0
0
0
0
125564
0
0
0
0
0
0
0
0
0
0
0
0
0
0
0
0
0
0
0
0
0
0
0
0
0
0
0
0
0
0
0
0
0
0
0
0
0
0
0
0
0
0
0
0
0
0
0
0
0
0
0
0
0
0
0
0
0
0
0
0
0
0
0
139588
0
0
0
0
0
0
0
0
0
0
0
143444
0
0
0
0
0
0
0
0
0
0
0
0
0
0
0
0
0
110315
0
0
0
0
0
0
0
0
0
0
0
0
144274
0
0
0
0
143444
0
0
144788
0
0
0
0
0
0
0
0
0
0
0
0
0
0
0
0
0
0
0
0
0
0
0
119379
0
0
0
0
0
0
0
0
0
0
0
0
0
0
0
125841
0
0
0
0
0
0
0
0
0
0
0
0
125841
0
0
0
0
0
0
0
0
0
0
0
0
0
0
0
0
0
0
0
0
0
0
147925
0
0
0
0
0
0
0
0
138280
0
0
0
125841
0
0
0
0
113468
0
0
0
0
0
0
0
0
0
0
0
0
0
0
0
0
0
0
0
0
0
0
0
141696
0
0
0
0
0
0
0
0
0
0
0
0
0
0
0
0
0
0
0
0
0
0
0
0
0
141696
0
0
0
0
0
0
0
0
0
0
0
0
123487
0
0
0
0
0
146209
0
0
0
0
0
0
0
0
0
0
0
0
0
0
0
0
0
149268
0
0
0
0
0
0
128139
0
0
0
0
0
0
0
0
0
0
0
0
0
0
0
0
0
0
0
0
0
0
0
0
0
0
128538
0
0
0
0
0
0
0
0
0
0
0
0
0
0
0
0
0
0
0
0
141339
0
0
0
0
0
0
142953
129340
0
0
0
0
0
0
0
0
0
146209
0
150274
0
0
0
0
121090
146209
0
0
0
0
0
0
0
0
0
0
0
0
0
0
0
0
0
0
0
0
125214
0
0
0
142782
0
0
0
0
0
121472
0
0
0
0
0
0
0
114254
0
143349
0
0
0
0
0
0
121472
114254
0
0
0
0
0
0
0
0
0
0
0
0
0
0
0
0
0
0
0
0
0
0
0
129398
0
0
0
0
0
0
0
0
0
0
0
0
0
0
148909
0
0
0
0
0
0
0
0
0
0
0
0
0
0
147713
0
0
0
0
0
0
0
0
143349
0
0
0
0
0
0
0
0
144124
0
0
0
0
0
0
0
0
0
0
0
0
0
0
0
0
0
0
0
0
0
0
0
0
0
0
130084
0
143349
0
0
143349
0
0
0
0
0
0
117524
0
0
0
0
0
0
147713
0
0
0
0
0
0
0
0
0
0
0
0
0
0
125822
0
0
0
0
0
0
0
0
0
0
0
0
0
130084
0
0
0
0
0
0
0
0
0
0
0
0
0
0
125822
0
0
0
0
0
0
0
0
0
0
130395
117524
0
0
0
0
144189
0
0
0
0
0
0
0
0
0
0
0
0
0
0
0
0
0
0
0
0
0
0
121596
0
0
0
0
0
0
0
0
0
0
145933
0
0
0
0
0
0
0
0
0
0
0
0
0
0
0
0
0
0
0
148165
0
0
0
0
0
0
146044
0
0
0
0
0
0
0
0
0
0
0
0
0
0
0
0
0
0
150452
0
0
0
0
0
0
0
0
0
0
0
0
0
0
0
0
0
0
0
0
0
0
0
0
148165
0
0
0
0
0
0
0
131349
0
0
0
0
148165
145612
0
0
0
0
0
0
0
0
0
0
0
0
0
145612
121989
0
0
0
0
0
0
0
0
0
0
0
0
0
0
0
0
0
154579
0
0
0
0
0
0
0
0
0
146129
0
0
0
0
0
0
0
0
0
0
0
0
126543
0
0
0
0
0
0
0
0
150315
0
0
0
0
0
0
0
0
0
0
0
0
0
0
0
0
0
148165
0
0
0
0
0
0
0
0
0
150499
0
0
0
150499
0
0
0
0
0
0
0
119016
0
0
0
0
0
132344
0
0
0
0
0
0
155005
0
0
0
0
0
0
0
0
0
0
0
0
0
0
0
0
0
150499
0
0
0
0
0
0
0
119342
0
0
0
0
150499
127168
0
0
0
156150
0
0
0
0
0
0
146899
0
0
0
0
0
0
151142
0
0
0
0
0
0
0
0
0
0
121351
0
0
0
0
0
0
0
0
156451
0
0
0
0
152915
0
0
0
0
0
0
0
0
0
121351
150082
0
0
0
157104
0
0
0
0
0
0
0
0
0
133473
0
0
0
0
0
0
0
0
147305
0
0
0
0
0
0
0
0
0
0
0
0
0
0
0
0
0
0
0
0
0
0
152915
0
0
0
0
0
0
0
0
127978
0
0
0
0
0
0
0
0
0
0
0
0
157696
0
0
0
0
0
0
127978
0
0
0
0
0
0
0
0
0
0
0
0
0
147305
0
0
0
0
0
0
0
124969
0
0
0
0
0
0
0
0
0
0
0
0
0
0
0
0
0
0
0
0
0
133473
0
0
0
0
124969
0
0
0
0
0
0
0
0
0
0
0
0
0
0
0
0
0
0
0
0
0
0
0
0
0
0
0
0
0
0
0
0
154426
0
0
0
0
0
0
0
0
0
0
0
0
0
0
0
0
0
125424
0
0
0
0
0
0
0
0
0
0
0
0
0
150198
0
0
0
0
0
0
0
0
0
0
0
0
0
0
0
152028
0
0
148420
0
0
0
0
0
0
0
150198
0
0
156558
0
0
134925
0
0
0
0
0
0
148420
148420
0
0
0
0
0
127978
0
0
0
0
0
0
0
123985
0
0
134925
0
0
0
0
0
0
0
0
0
125732
0
0
0
0
0
0
0
0
0
159128
159128
0
0
0
159236
0
0
0
0
0
0
0
0
0
0
0
0
0
0
159236
0
0
0
0
150959
0
0
0
0
0
0
0
0
0
0
0
0
0
0
154307
0
0
0
136375
0
0
0
0
0
0
0
0
0
154307
0
0
0
0
0
0
0
0
0
0
0
0
0
0
0
0
0
0
0
0
0
0
0
0
0
0
0
0
0
0
0
0
0
0
0
0
0
0
0
0
156558
0
0
0
0
0
