0
0
0
0
0
0
0
0
0
0
0
0
0
0
0
0
0
0
0
0
0
0
0
0
0
0
0
0
0
0
0
0
0
0
863
0
0
0
0
393
0
0
0
0
0
0
0
0
0
0
500
0
132
0
0
0
0
863
0
0
0
0
0
0
0
0
485
0
0
0
0
0
0
0
0
0
0
0
0
0
0
0
0
0
0
0
0
0
0
0
0
0
0
0
0
0
0
0
0
0
0
0
0
0
2062
0
0
939
0
0
0
0
0
0
0
0
0
0
0
0
0
0
0
1135
0
0
0
1135
0
0
0
0
0
0
0
0
0
1764
0
0
0
0
0
0
0
0
1110
0
2600
0
0
0
0
0
0
0
0
0
0
0
0
0
0
1473
1110
0
0
0
0
0
1764
0
0
0
0
0
0
0
1885
0
0
0
0
0
0
0
0
0
0
0
0
1521
0
0
0
0
0
0
0
0
0
0
0
0
0
0
0
0
0
0
0
0
0
0
2756
0
0
0
2107
0
0
0
0
0
0
0
0
3619
0
0
0
2756
0
0
939
0
0
0
0
0
0
0
0
0
0
0
0
0
0
0
0
0
2210
0
0
0
3217
0
0
0
0
0
0
0
0
1569
0
0
0
0
0
0
0
0
0
0
0
0
0
0
0
0
0
0
0
0
0
0
0
0
0
0
0
0
0
0
0
0
0
0
0
0
0
3139
0
0
0
0
0
0
0
0
0
0
0
0
0
0
0
0
5904
0
0
0
0
0
4122
0
0
0
0
4227
0
4398
0
0
0
0
0
0
0
0
0
0
0
0
0
0
3875
0
0
0
0
0
0
0
0
4667
3875
0
0
0
0
0
0
0
0
5904
0
0
0
4398
1773
5108
0
0
0
0
0
0
0
0
0
0
0
0
0
0
0
0
0
0
0
0
0
0
0
0
0
0
2372
0
0
5450
0
0
0
0
0
0
0
0
0
0
0
0
0
0
0
0
0
0
0
0
0
0
0
0
0
0
0
0
0
0
0
0
0
0
0
0
0
0
0
0
0
0
0
0
0
0
0
0
0
0
0
1569
2154
0
2372
0
4398
0
0
0
0
0
0
0
2154
0
0
0
0
0
0
0
0
0
0
0
0
0
0
0
0
0
0
0
0
0
0
0
0
0
0
5589
0
0
0
0
0
0
0
0
0
0
0
0
0
0
0
0
0
0
0
0
0
0
0
0
0
0
0
0
0
0
0
0
0
0
0
0
0
0
0
5589
0
0
0
0
0
0
0
0
0
0
0
0
0
0
0
0
0
6806
0
0
0
0
0
0
0
0
0
0
0
0
0
0
0
0
0
8402
0
0
0
0
0
8365
0
0
7201
0
0
0
0
0
0
0
0
0
9242
8933
7315
0
0
0
0
0
0
0
0
0
0
0
0
0
0
0
0
0
0
0
0
0
9585
0
0
0
0
0
0
0
0
0
0
0
0
8365
0
6340
0
0
0
0
10082
7675
0
0
0
0
0
0
7675
0
0
0
2949
9585
0
0
0
0
0
0
0
0
0
0
0
0
0
0
0
0
0
0
0
0
0
0
0
0
0
0
0
0
0
0
0
0
7315
0
0
0
0
2949
2949
0
0
0
0
8852
0
0
0
0
0
0
0
0
0
0
0
0
0
0
0
10313
0
0
0
8852
0
0
0
0
0
0
0
0
8594
0
0
0
0
8852
0
0
0
0
0
0
0
6432
0
0
9403
0
0
0
0
0
0
0
0
0
0
0
10313
0
0
0
0
0
8365
0
10313
0
0
0
0
0
0
2949
0
0
0
0
10313
0
0
0
2949
0
0
0
0
0
0
0
0
0
0
0
0
0
0
8852
0
0
0
0
0
0
0
0
0
0
0
2949
0
0
0
0
0
0
0
0
10313
0
0
2949
0
0
0
0
0
0
6171
10313
0
0
0
0
0
0
0
0
0
0
0
10303
2949
0
0
0
0
0
12138
0
9811
0
0
0
0
0
0
0
0
0
0
0
0
0
10303
0
0
11009
0
0
10138
0
0
0
0
0
0
0
11212
0
0
11009
0
0
10138
0
0
0
0
0
0
0
0
0
0
0
0
0
0
0
0
0
0
0
0
0
0
0
0
0
0
0
0
0
0
0
0
0
12045
0
0
0
2949
0
0
10860
0
0
0
12417
0
0
0
0
0
0
0
0
0
0
0
0
0
0
0
0
0
0
11957
12090
0
0
0
0
0
0
0
13393
0
0
0
0
0
0
0
0
0
0
0
0
0
0
13393
0
0
0
0
0
0
0
0
0
0
0
14921
0
13393
0
0
0
0
0
0
4321
0
0
0
0
0
0
0
10919
0
0
0
0
0
0
0
0
0
0
0
11444
0
0
11444
0
0
0
0
0
0
11444
0
0
0
0
0
0
0
0
0
0
0
12108
0
0
0
0
0
0
0
0
0
0
0
0
0
3174
0
0
0
0
0
3174
0
0
0
0
0
0
3174
0
12041
0
0
14921
0
0
0
0
0
0
9073
0
0
0
0
0
0
0
0
0
0
0
0
13576
0
0
0
0
0
13610
0
0
0
0
0
0
0
0
0
0
0
0
0
0
0
0
0
0
0
0
0
0
0
0
0
0
0
0
0
0
0
0
0
0
0
0
0
0
14755
0
0
0
14289
0
0
0
0
0
0
3174
0
16035
0
0
0
0
0
0
0
0
0
0
0
0
0
0
3802
0
0
0
0
0
0
0
0
0
0
0
0
9073
15052
0
0
0
0
0
0
0
0
0
0
12041
0
0
0
0
0
12041
0
0
0
0
0
0
0
0
0
0
0
0
0
0
0
0
0
15134
0
0
0
0
0
0
0
0
0
0
0
16931
0
0
0
0
0
0
0
16533
0
0
16533
0
0
0
0
0
0
0
0
0
0
0
16533
0
0
0
9770
0
0
0
0
0
0
9770
0
0
0
0
0
0
0
0
0
0
0
0
17211
0
12702
0
0
0
0
0
0
0
0
0
0
0
0
0
0
17919
0
0
0
0
0
0
0
13599
0
0
0
0
0
13599
0
0
0
0
0
0
0
0
0
0
0
0
0
0
16762
0
0
0
0
0
0
0
0
0
0
0
0
0
0
0
0
0
0
0
0
14343
0
0
13599
0
0
14343
0
0
18135
0
0
0
0
0
0
0
0
0
0
0
18135
0
0
0
5465
0
14343
0
0
0
0
0
0
0
0
13599
0
0
0
0
0
0
0
0
0
0
0
0
0
0
0
0
0
16762
0
0
0
0
0
0
0
18135
0
0
18639
0
0
0
0
0
0
0
0
0
0
0
0
0
0
0
0
0
0
0
0
13599
0
0
0
0
0
0
0
0
0
0
0
0
0
0
0
0
0
0
0
15577
0
0
0
0
0
0
0
0
0
0
19398
0
0
0
0
0
0
0
0
0
0
0
0
0
0
0
0
0
0
0
0
0
20055
16064
0
0
0
0
16064
0
0
0
0
0
0
0
0
0
0
0
0
0
0
0
0
0
0
0
0
0
0
0
15577
0
0
0
0
0
0
15577
0
0
0
0
0
0
6877
0
0
0
0
0
0
0
0
0
7930
0
15577
0
0
0
20881
0
0
0
19741
7930
0
0
0
7904
0
0
0
0
0
0
0
16965
0
0
0
0
0
0
0
0
0
0
0
0
0
0
0
0
0
0
0
0
0
0
0
0
0
0
0
0
0
0
0
0
0
0
0
0
0
0
0
0
19741
0
0
0
0
0
0
0
20881
0
0
0
0
0
0
0
16021
0
0
0
0
0
0
0
0
0
0
0
0
0
0
20284
0
0
16021
0
0
20284
0
0
19741
8268
0
0
0
0
21291
0
0
0
0
0
0
19719
0
0
0
19719
0
0
0
0
0
19741
0
0
0
0
0
0
23541
0
0
16021
0
0
23541
0
0
0
10060
0
0
0
0
0
0
0
0
0
0
0
0
19741
0
0
0
16110
21723
0
0
0
0
0
0
0
0
19719
0
16110
0
0
0
0
0
0
0
0
0
0
0
0
0
0
0
0
0
0
0
0
0
0
0
0
0
0
0
0
0
0
0
16288
0
0
0
0
0
0
0
0
0
0
0
0
0
19811
0
0
0
0
0
9412
0
0
0
0
0
0
0
0
11487
0
0
0
0
0
0
0
0
0
0
0
0
0
0
0
0
0
0
0
0
0
0
12172
0
0
0
0
0
0
0
0
0
0
0
0
0
20026
0
0
0
19659
0
0
0
19827
0
0
0
0
0
0
0
0
0
0
0
21433
0
0
0
0
0
0
0
0
0
0
0
0
0
0
0
0
0
0
0
0
0
12172
0
0
0
0
0
22030
18310
0
0
0
0
0
0
0
0
0
0
0
0
24834
0
0
0
16153
0
0
19659
0
0
19659
0
0
0
0
0
12655
19659
0
0
0
0
0
0
0
0
0
0
0
0
0
0
0
0
19659
0
0
0
0
0
0
0
0
0
0
0
16383
19659
0
0
0
0
0
0
0
10629
0
0
0
0
0
18310
0
20686
20686
0
0
0
0
0
0
20686
0
0
0
24367
0
0
0
0
0
0
0
0
0
0
22969
0
0
0
0
0
0
0
0
0
0
0
0
0
0
0
0
0
0
0
21074
0
0
0
20383
26565
0
0
21074
0
0
18310
0
0
26565
0
0
0
0
0
0
0
0
0
20383
0
0
0
0
0
0
0
0
0
0
0
0
0
0
0
0
0
0
0
0
0
0
0
0
21774
0
0
0
0
0
21774
0
0
0
0
0
0
0
26739
0
20383
0
0
0
0
0
0
0
0
0
0
0
0
0
0
0
0
0
0
0
0
0
0
0
0
0
24916
26007
0
0
0
0
19037
0
0
0
0
0
0
0
21774
0
0
0
0
0
0
0
0
0
0
0
0
0
0
0
0
0
0
0
0
0
0
0
13195
0
0
0
13195
0
28082
0
21774
0
0
0
0
17645
0
0
0
0
0
0
0
0
0
0
11020
0
0
0
0
24992
0
0
0
0
0
0
0
0
0
0
0
0
0
0
0
0
0
0
0
0
0
0
0
0
0
18447
0
0
0
21432
0
0
18447
0
29509
0
0
0
0
0
0
0
0
0
0
0
0
0
0
0
0
0
0
0
0
0
0
0
0
0
0
0
0
0
29509
0
0
0
0
0
0
0
21432
0
0
0
0
0
0
0
0
0
0
0
0
0
0
21476
18447
0
0
0
0
0
0
0
0
0
0
27544
0
0
0
0
0
0
0
27544
0
29509
0
0
0
0
0
0
0
0
0
0
15931
0
0
0
0
0
0
0
0
21579
0
0
0
13860
0
0
0
0
0
0
19267
0
0
0
0
0
0
0
27664
0
0
0
15931
0
0
0
0
0
0
23604
0
0
21897
0
0
0
0
0
0
0
0
0
0
0
0
0
0
0
0
0
0
0
0
0
0
0
0
27783
0
0
0
0
0
0
0
0
0
0
0
0
0
0
0
0
0
0
0
0
0
0
0
0
0
0
0
0
26265
0
0
0
0
23652
0
0
0
0
14018
0
0
0
0
0
0
0
0
0
0
0
23337
0
0
0
0
0
0
0
0
0
0
0
0
0
0
0
0
29509
0
0
24998
0
0
0
0
0
0
0
0
0
0
0
20072
0
0
0
0
0
0
0
0
0
0
0
0
0
0
0
22766
28578
0
0
0
19083
20072
0
0
0
23541
14733
0
0
0
0
0
0
0
15334
0
0
0
0
0
0
0
0
22941
0
0
0
0
19083
22941
22941
0
0
0
0
26265
23921
0
0
29811
0
0
0
0
0
0
0
0
0
0
0
0
0
0
20072
29839
0
0
0
0
0
0
0
20072
0
0
0
23634
0
0
0
29811
0
0
0
0
24321
0
0
0
20072
0
0
0
0
0
0
0
0
0
0
0
0
19972
0
30740
0
0
0
30740
0
0
0
0
0
0
28499
0
0
0
0
0
0
0
0
0
0
0
0
0
0
0
0
0
23921
0
0
0
0
0
0
26221
0
0
26221
0
0
0
0
0
0
0
0
0
0
0
0
0
0
0
0
0
0
0
17558
0
0
27339
0
0
0
0
30586
0
0
0
17558
0
0
0
0
0
0
0
0
0
0
0
0
0
0
0
0
0
0
0
0
0
0
0
0
0
0
0
0
0
0
0
0
0
0
0
26221
0
0
0
0
0
0
0
0
26221
18195
0
0
0
0
0
0
0
0
0
0
0
0
0
0
0
0
0
0
0
0
0
0
0
0
0
0
0
0
0
0
0
0
0
0
0
0
0
0
0
0
0
0
0
0
31382
0
0
0
0
0
0
0
0
0
0
0
0
0
0
0
0
0
0
0
0
0
0
0
0
0
0
0
0
0
0
0
0
0
0
0
25205
0
0
0
0
0
0
0
0
0
0
0
0
0
0
0
0
0
0
25205
0
31675
0
0
0
0
0
0
0
0
0
0
0
0
0
0
0
0
0
0
0
22833
0
0
0
0
0
0
26767
0
0
0
0
0
0
0
0
0
0
0
0
0
0
0
0
0
0
0
0
0
0
30403
0
0
0
0
0
0
0
0
0
0
30403
0
32562
0
0
0
0
0
0
0
0
0
0
0
0
27402
26921
0
0
0
31023
0
0
0
0
0
0
0
0
0
0
0
0
0
0
0
0
0
0
0
0
0
27402
0
0
0
0
0
32562
0
0
0
0
0
0
0
0
0
0
0
0
0
0
0
0
0
0
0
0
0
0
0
0
0
0
28459
0
0
0
0
0
0
0
0
0
0
0
0
0
0
0
0
0
0
0
0
0
26613
0
0
0
0
0
0
0
0
0
0
0
0
32201
0
0
0
0
0
0
0
0
0
0
32562
0
0
0
0
0
0
0
0
0
0
0
0
0
0
0
0
24343
23386
0
0
0
0
0
0
28459
0
0
0
0
23664
0
0
0
0
0
0
0
0
31280
0
0
0
32201
0
28148
21129
29465
0
0
0
0
0
0
0
0
0
28148
0
0
0
0
0
0
0
0
0
0
0
0
0
0
0
0
0
0
0
0
0
0
33509
0
0
0
0
0
0
0
0
0
0
0
0
0
0
0
0
28148
0
0
26613
0
24522
0
0
0
0
0
0
0
0
0
0
0
0
0
0
0
0
33157
0
0
24694
0
33406
0
0
0
0
0
0
24694
0
0
0
0
0
28148
28148
0
0
0
0
0
0
0
0
0
0
0
0
0
0
0
0
0
0
0
0
0
0
0
0
34339
0
0
0
0
32084
0
0
0
0
0
28148
0
0
0
0
0
0
0
0
0
0
34339
0
28148
0
24522
0
0
0
0
0
0
0
0
24928
0
0
0
31670
0
0
0
0
35244
0
0
0
0
0
0
0
0
0
0
0
0
0
33018
0
0
0
0
0
0
0
0
0
0
27914
0
0
0
0
0
0
0
0
0
0
0
0
0
27914
0
0
0
0
0
0
0
35150
0
35150
0
0
0
0
0
0
0
0
35150
0
0
0
0
0
0
0
0
0
0
0
0
0
0
0
0
0
0
35150
0
0
0
0
0
0
0
32912
0
0
0
0
0
0
34970
28932
0
0
0
0
0
0
0
0
35150
35150
0
0
0
0
0
0
0
0
0
0
0
0
0
0
0
0
0
0
0
0
0
0
0
0
0
34236
0
0
0
0
25935
0
0
0
0
0
0
0
0
0
0
0
0
0
0
0
0
0
0
34236
0
0
0
0
34236
0
0
0
0
0
0
0
0
0
0
0
0
0
0
0
0
30502
0
0
0
0
0
36046
0
0
0
0
37479
0
0
37479
0
0
0
0
0
0
0
0
33933
0
0
27005
0
0
0
0
0
0
36578
0
0
0
0
0
0
0
0
0
0
0
0
0
0
0
0
29167
0
0
0
0
0
0
0
0
0
0
0
0
0
37542
0
0
0
0
0
0
0
0
34663
0
0
0
0
29167
0
0
0
0
0
0
0
0
0
0
0
0
0
0
0
0
0
0
0
0
0
0
0
0
0
0
0
0
0
0
0
0
0
0
0
27197
0
0
0
0
0
0
0
0
0
0
0
0
0
0
37479
0
0
0
0
0
0
0
35263
27197
37458
0
0
0
0
0
0
0
0
0
0
0
0
0
0
0
0
0
0
0
0
0
0
0
41545
41545
0
0
0
0
0
0
0
0
0
0
0
0
0
0
0
32563
0
0
0
0
0
0
0
0
0
0
0
0
0
0
0
0
0
0
0
0
0
0
0
0
0
0
0
0
0
0
0
0
0
0
0
36268
0
0
0
0
0
39779
0
0
0
0
0
0
0
0
0
0
0
0
0
0
0
0
0
0
35603
0
0
0
0
0
0
0
0
0
0
0
29660
0
0
42503
0
0
28141
0
0
0
0
0
0
0
0
0
37807
0
0
0
0
0
0
0
0
0
0
0
0
0
0
0
0
0
0
0
0
0
33042
0
0
0
0
0
0
0
0
39221
33042
0
0
0
0
29660
0
0
0
0
0
0
0
0
0
0
0
0
0
35603
0
0
0
0
0
0
0
0
0
0
0
38246
0
0
0
0
0
0
0
0
0
36678
0
0
0
0
0
0
33042
0
0
0
0
0
0
31037
0
0
0
0
0
0
0
0
0
0
0
0
0
0
0
0
0
0
0
0
0
0
0
0
33856
0
0
0
0
0
0
37757
0
0
0
0
0
0
0
0
0
0
0
0
0
0
0
0
0
0
0
0
28926
0
0
0
39779
0
33042
0
0
0
0
0
0
0
0
0
0
0
0
0
0
0
0
0
0
0
0
0
33856
0
0
0
0
0
0
0
0
0
0
0
39779
0
0
0
0
0
0
0
0
0
0
0
0
0
0
0
0
0
0
0
0
0
0
0
0
0
0
0
0
0
0
0
37840
0
0
0
39779
0
0
33856
0
0
0
0
0
0
33156
0
0
0
0
0
0
0
0
0
0
0
0
0
0
0
0
0
0
0
0
0
33156
41852
0
0
0
0
0
0
0
0
0
41462
0
0
45340
0
0
0
0
0
0
0
0
0
0
0
0
0
0
0
0
0
0
32830
0
0
0
0
0
0
0
0
41462
0
0
0
0
0
0
0
0
0
0
0
0
0
0
39011
0
0
0
0
0
0
0
0
0
0
0
39011
33900
0
0
0
42077
0
0
42557
0
0
0
42077
0
0
39011
0
0
0
42077
32173
0
0
0
0
0
0
0
0
0
0
36934
0
0
0
0
0
0
0
0
0
0
0
0
0
0
0
0
0
0
0
0
0
0
0
0
0
0
0
34440
0
0
0
0
0
0
0
39312
0
0
0
0
0
0
0
42996
0
0
0
0
32830
0
0
0
0
43731
0
0
0
0
0
0
0
0
0
0
0
0
0
0
0
34774
0
0
39615
0
0
0
0
0
0
0
0
0
0
0
0
0
0
0
0
0
0
0
0
0
0
0
0
0
0
0
47524
0
0
0
0
0
0
0
0
0
0
0
0
0
0
36567
0
0
32256
44687
0
0
0
0
0
0
0
0
0
0
0
0
0
36567
0
0
0
0
0
0
0
44687
0
0
0
0
0
0
0
0
0
0
0
0
0
0
0
0
0
0
0
0
48113
0
0
0
0
0
0
0
0
0
0
0
0
0
0
44178
0
0
0
0
0
0
0
0
0
0
0
0
0
0
0
0
0
0
0
0
0
0
0
0
0
0
38218
0
0
0
0
44178
0
0
0
0
0
0
0
0
0
36842
0
0
0
0
0
0
0
0
0
0
35379
0
0
0
0
0
0
0
0
39615
0
0
0
0
0
0
45149
0
0
0
0
0
0
0
0
0
0
0
0
0
0
0
0
0
0
0
0
0
0
0
0
39166
0
0
0
0
0
0
42624
0
0
0
0
0
0
0
0
0
0
0
48351
0
0
0
39820
0
0
0
0
0
0
0
32831
0
0
0
0
0
0
0
0
0
0
0
0
0
0
0
45691
0
0
0
0
39621
39976
0
0
0
0
0
45271
0
0
32831
0
0
0
0
0
0
0
0
0
0
0
0
0
0
0
48351
0
0
0
0
0
0
0
0
0
39976
0
35848
0
0
35848
0
37081
0
0
0
32938
0
0
0
0
0
48351
35848
0
0
0
0
0
0
0
0
0
0
40012
0
32938
0
0
0
0
40012
0
0
0
0
0
0
0
0
0
0
0
0
0
0
0
0
0
0
0
0
0
0
0
0
0
0
0
0
0
0
0
0
0
0
0
0
0
0
0
0
0
41444
0
0
0
0
0
32938
0
0
0
0
0
0
41444
0
0
0
0
0
47937
0
0
0
0
0
0
0
0
0
0
41022
46802
0
0
0
0
0
0
46802
0
0
0
0
0
47937
0
0
0
0
0
0
0
0
44099
0
0
0
0
0
0
0
0
0
0
0
0
50742
0
0
0
0
0
0
0
0
0
44572
0
0
0
0
0
0
0
0
0
40720
0
0
0
0
0
0
0
0
0
0
50742
0
0
0
0
0
0
0
0
0
0
0
0
0
0
0
0
0
0
0
0
0
0
0
0
0
0
0
0
0
0
0
0
50742
0
0
0
0
0
0
0
0
0
0
0
0
0
0
0
0
51051
0
0
0
51051
48372
0
0
48355
42187
36358
0
0
0
48355
0
0
0
0
0
0
0
0
0
0
0
0
0
0
0
42187
38329
51051
0
0
0
0
0
0
0
0
0
0
0
0
0
0
0
0
0
51051
0
0
0
37792
0
0
0
0
0
0
0
0
0
42406
0
0
0
0
0
0
0
0
0
0
0
0
0
0
0
0
39655
0
0
0
0
0
42582
0
0
37792
0
0
0
0
0
0
0
0
42582
0
0
0
0
0
0
0
37979
0
49466
0
0
0
0
0
0
0
0
0
48816
0
0
0
0
0
42582
0
0
42406
0
0
0
0
0
0
0
0
0
40024
0
0
0
42582
46108
0
0
0
0
40830
0
0
0
0
0
41626
0
0
0
0
0
51112
0
0
0
0
0
0
0
42406
0
0
0
0
0
0
0
0
50799
51112
0
0
40349
0
0
0
0
0
0
0
0
0
0
0
0
0
0
0
0
0
0
0
0
0
0
0
0
0
0
0
0
40349
40830
0
0
0
0
0
0
0
0
40830
0
0
0
0
0
0
50009
50009
40830
40349
0
0
0
0
0
43025
0
0
0
43025
0
0
0
0
0
0
0
0
0
0
0
0
0
0
0
0
0
0
0
0
0
0
0
0
0
0
0
0
0
0
0
0
0
0
0
0
0
0
0
41784
0
0
0
0
0
43124
47159
0
0
0
0
0
0
0
0
51575
0
52206
41784
0
0
0
0
0
0
0
50009
0
0
0
0
0
0
0
0
0
0
0
0
0
0
0
0
0
0
0
0
0
0
0
0
0
0
50009
0
0
0
42924
0
0
0
0
0
0
0
0
0
0
0
0
0
41539
0
0
0
0
0
0
0
0
0
0
0
0
0
0
0
0
0
0
0
0
0
0
0
41539
0
0
0
0
0
0
0
0
0
0
0
0
0
44352
0
0
51623
0
0
0
0
0
0
0
0
0
0
0
0
0
44352
0
0
0
0
0
0
0
0
0
0
0
0
0
0
0
51623
0
0
0
0
0
0
0
0
0
0
0
51623
0
0
0
0
0
0
0
0
0
0
0
0
48568
0
0
0
0
43128
0
55363
0
0
0
0
0
0
0
0
0
43749
0
0
0
0
43749
0
0
0
0
0
0
0
0
0
0
0
0
0
0
0
0
0
0
0
0
0
52036
0
0
0
0
0
0
0
44352
0
0
0
0
0
0
0
0
0
56077
0
44738
0
0
0
43876
0
0
0
0
0
52036
0
0
0
0
56077
52036
0
0
0
0
0
42988
0
0
0
51058
0
0
0
0
46069
0
0
0
0
0
52612
51144
0
0
0
0
0
0
0
51144
0
51144
0
0
0
0
0
0
0
0
0
0
0
52877
0
0
0
0
0
0
0
0
0
0
0
0
0
43749
0
0
0
0
0
0
0
0
0
0
0
45821
0
0
52019
0
0
52019
0
0
0
0
0
0
0
0
0
0
0
0
0
0
0
43984
0
0
0
0
0
0
43749
0
0
0
0
0
43887
0
0
0
0
47835
0
0
0
0
0
0
0
0
0
0
0
0
0
0
0
57443
0
0
0
0
0
0
0
0
0
0
0
0
0
57443
0
0
0
0
0
0
0
0
0
0
0
0
0
0
0
0
0
0
0
0
0
45821
0
0
0
0
0
0
52135
0
44363
0
0
57443
0
0
0
0
0
49606
0
0
0
0
0
56096
0
0
0
0
0
0
56333
0
0
0
0
0
0
56333
0
0
0
0
0
0
0
0
0
0
0
0
0
0
0
0
0
0
0
0
0
53695
0
52135
0
0
0
0
0
0
0
0
0
0
0
58144
0
0
0
0
0
0
0
0
0
0
0
50041
0
0
0
45725
0
0
0
0
0
0
54220
0
0
0
0
45069
0
0
52477
0
0
0
0
0
0
0
0
0
0
0
0
0
0
0
0
46143
0
0
0
0
0
0
0
0
0
0
0
0
0
54619
45821
0
0
0
0
0
0
0
0
0
47136
0
54154
0
0
0
0
0
0
0
0
0
0
0
0
54154
0
46524
0
0
0
0
0
0
0
0
0
0
0
0
0
0
0
0
0
0
0
0
0
0
0
0
0
0
0
0
0
0
0
0
0
0
0
0
0
0
0
0
0
0
0
0
0
0
53435
0
0
0
0
0
0
0
0
49142
0
0
53435
0
51747
0
0
0
0
0
0
0
0
0
48139
0
0
0
0
0
0
0
0
0
0
0
0
0
0
0
53435
0
0
0
0
0
0
0
0
0
0
0
0
0
0
56108
0
0
0
0
49089
0
0
0
0
0
0
0
56108
0
0
0
0
0
0
0
0
0
0
0
0
0
0
0
0
0
0
0
0
0
0
0
0
0
0
0
0
0
0
0
0
0
0
0
0
0
47136
0
0
0
0
0
0
0
0
0
0
0
54404
0
0
54404
0
0
0
0
0
50030
56108
0
50030
0
0
51016
0
0
0
0
0
0
0
0
55642
0
0
0
0
0
0
0
0
0
0
0
0
60060
0
0
0
0
0
0
60060
0
0
0
0
0
0
0
0
0
0
0
56108
0
0
0
47361
0
0
0
0
0
0
0
0
0
0
0
0
0
0
0
0
0
56192
0
0
0
0
58011
0
0
0
0
0
0
0
0
0
0
0
0
0
0
0
0
0
0
0
0
0
0
0
0
0
0
0
0
0
0
0
0
0
0
0
54947
0
0
51562
0
0
0
0
0
48019
47582
0
0
57167
0
0
0
0
0
0
0
0
0
0
0
48019
0
0
0
0
0
0
0
0
0
0
0
0
0
0
0
0
0
48317
58017
0
0
0
0
0
0
0
0
0
0
0
0
58331
0
0
0
0
0
0
0
0
0
0
0
0
0
0
0
0
0
0
0
0
0
0
57167
0
0
0
0
0
0
0
0
0
0
0
0
0
0
0
0
0
0
0
0
0
0
0
0
48601
0
51562
0
0
0
0
0
0
0
0
0
0
0
0
0
0
0
0
0
0
58195
48601
0
0
51421
0
0
0
0
0
0
0
0
0
0
0
0
0
0
0
0
0
0
0
0
0
59630
0
0
59630
0
0
58827
0
0
0
0
0
0
0
0
0
58827
0
0
0
55784
0
0
0
0
0
0
0
0
0
0
0
0
0
0
0
0
0
0
0
0
0
0
51552
0
0
51552
0
0
0
0
0
0
0
0
0
0
0
0
0
0
49610
0
0
0
61860
0
0
0
0
0
0
0
0
49610
0
0
0
0
0
0
0
0
0
0
0
49610
0
0
0
0
0
0
0
0
0
0
0
0
0
0
0
0
0
0
0
0
0
0
0
60147
0
0
0
0
0
0
0
0
0
0
0
0
0
0
0
0
0
0
52420
0
0
0
0
0
0
0
60147
0
0
0
0
0
0
0
0
0
0
0
0
0
0
0
0
0
0
0
52838
61860
0
0
0
0
0
0
0
62398
0
0
0
0
0
0
0
0
0
0
0
0
0
0
0
0
0
0
0
0
0
0
0
0
0
0
0
0
0
0
0
0
0
0
0
50868
50868
0
0
0
0
0
0
0
62060
0
0
0
0
0
0
0
0
0
0
0
0
0
0
0
0
0
0
0
0
0
0
0
0
0
0
0
0
0
0
0
0
0
0
0
0
0
0
0
0
0
62468
0
0
0
0
0
0
0
0
0
0
0
0
0
0
0
0
0
0
0
0
0
51531
0
0
0
0
0
62468
0
0
0
0
0
62468
0
0
0
0
0
0
0
0
0
0
0
0
0
0
62715
0
0
0
0
0
0
0
0
63284
0
0
0
0
0
0
0
0
0
0
0
0
0
63284
0
0
0
0
0
0
0
62864
0
0
0
0
0
0
0
0
0
62396
0
0
0
60744
0
0
0
0
0
0
0
51744
51744
0
0
0
0
0
0
0
0
0
0
0
0
0
57062
0
0
0
0
0
54397
0
0
0
0
0
0
0
0
0
0
0
0
0
0
0
0
54845
0
0
0
0
0
0
0
0
0
0
0
0
0
0
55447
63359
0
0
0
0
0
0
0
0
63359
0
0
0
0
0
0
0
0
0
0
0
0
0
0
0
0
61339
0
0
55360
0
0
0
0
0
0
0
0
63359
0
0
0
0
55178
0
0
0
0
0
0
0
0
0
0
0
0
0
0
0
0
0
61339
65026
0
0
0
55360
0
0
0
0
0
0
0
0
0
0
0
0
0
0
0
0
63359
55935
61339
61339
0
0
0
0
64000
0
0
0
0
0
0
0
0
0
0
0
0
0
0
0
0
0
0
0
0
0
0
0
0
0
0
0
0
0
0
0
0
0
0
0
0
0
0
0
0
0
0
0
0
0
0
0
0
0
0
0
0
0
0
0
0
0
0
0
0
0
0
55700
0
55935
0
0
0
0
66112
0
0
0
0
0
0
56754
0
0
0
0
0
0
0
0
0
0
0
0
0
0
0
0
59303
55700
0
0
59303
0
0
0
0
0
0
0
0
0
0
0
0
0
0
0
0
0
0
0
0
0
0
0
0
0
0
0
56497
0
0
0
0
0
0
0
0
0
64226
0
0
0
64703
0
64226
0
0
0
0
0
0
0
0
0
0
0
0
0
0
0
0
0
0
0
0
0
0
64502
0
0
0
0
0
0
0
0
0
0
0
0
0
0
0
0
0
0
0
0
0
0
0
0
0
0
0
0
0
0
0
0
0
0
0
67941
56687
0
0
0
0
0
0
0
0
0
0
0
0
57025
0
64226
0
0
0
0
0
65818
0
56687
0
0
0
0
0
0
0
0
0
57211
57211
0
0
0
0
0
0
61608
65818
0
0
0
57569
0
0
0
0
0
0
0
0
0
0
0
0
0
0
0
66699
0
0
0
0
0
0
0
0
0
68248
0
0
68248
0
0
0
0
0
0
65173
0
0
65173
0
0
0
0
0
57820
0
0
0
0
0
0
0
0
0
66755
0
0
0
66755
0
0
0
65173
0
0
0
60288
0
0
0
0
68248
0
0
0
0
68248
0
0
0
0
0
0
0
0
0
58482
0
0
0
0
0
0
0
0
0
0
0
0
58732
0
0
0
0
0
0
56687
0
0
0
62174
0
0
0
0
0
0
0
0
61843
58482
0
0
0
0
0
0
0
0
67129
58482
65401
0
0
0
0
0
0
0
0
0
0
0
0
0
0
0
0
0
0
65401
0
0
0
0
0
0
0
0
69259
0
0
0
0
0
0
0
0
0
0
0
0
0
0
0
0
0
0
0
0
66375
0
67155
0
66375
0
0
0
0
0
0
0
0
0
0
0
0
0
0
0
62649
0
0
67155
0
0
0
0
0
67010
0
0
0
0
67787
0
0
0
60546
0
0
0
0
0
0
0
61161
0
0
0
0
0
0
60987
0
70998
0
0
0
0
0
0
0
0
0
0
0
0
67857
67857
0
0
0
0
68266
0
0
0
0
0
0
0
0
0
64791
0
0
0
0
0
0
0
0
0
0
0
0
71606
0
0
0
0
0
0
0
0
0
0
57078
0
0
0
0
70712
0
0
0
0
0
0
0
57334
70712
0
0
0
0
0
0
0
0
0
0
0
0
62508
0
0
0
0
0
0
0
0
0
0
0
0
0
0
64791
0
62508
0
0
0
0
0
63074
0
0
0
0
0
0
0
0
0
0
0
0
0
0
0
0
0
0
0
0
0
0
0
0
0
0
0
0
0
0
0
0
0
0
0
69050
64188
0
0
0
0
0
0
0
0
72273
69050
0
0
0
0
0
0
0
0
0
0
66307
0
0
0
0
0
0
0
0
0
0
0
0
66307
0
0
0
0
0
72618
0
0
0
0
0
0
0
0
0
0
0
0
0
0
66307
0
66307
67810
0
0
0
0
0
0
0
0
0
0
0
0
0
0
0
0
58047
0
0
0
0
0
0
0
0
0
0
0
0
0
0
70128
0
0
0
0
0
0
0
65532
0
0
0
0
0
64849
73044
0
0
0
0
0
0
0
0
0
67810
0
64188
0
0
0
0
0
65128
0
0
64849
0
0
0
0
0
0
0
0
0
0
0
0
73550
73444
0
0
0
66307
0
0
65128
0
60899
0
0
0
0
0
0
0
0
0
0
0
0
0
0
0
0
0
0
0
0
0
0
0
0
0
0
0
0
0
0
0
0
0
0
64849
0
0
0
0
0
0
60899
0
0
0
70128
0
0
0
0
0
0
0
0
0
74340
0
64849
0
0
0
65355
0
0
0
0
0
0
0
0
0
74317
0
0
0
70538
0
64849
0
0
0
0
64849
0
0
0
0
0
0
0
0
0
0
0
0
0
0
0
0
0
0
0
0
0
0
0
0
0
0
0
0
70420
0
0
0
0
0
67227
61453
71000
0
67227
0
0
74340
0
0
0
0
0
0
0
0
0
62274
0
0
0
64849
0
0
0
0
0
0
0
0
0
0
0
0
0
0
0
0
0
74718
0
64849
0
0
0
0
74796
0
0
0
0
0
0
0
0
0
0
0
0
0
0
0
0
74985
0
65900
0
0
0
0
0
0
0
0
0
0
0
0
0
0
67696
0
0
70933
70669
0
0
0
0
0
0
0
0
0
0
0
0
0
0
0
0
0
0
0
0
0
0
0
0
65900
0
0
0
0
0
0
0
0
0
0
0
0
0
0
0
0
0
0
0
0
0
0
63396
0
0
0
0
0
0
0
0
0
0
0
75715
0
0
0
0
0
0
0
0
0
0
0
0
0
0
0
0
0
0
0
0
63396
0
0
0
0
65900
0
0
0
0
0
72458
0
0
0
0
0
0
0
0
0
0
0
0
0
0
0
0
0
0
0
0
0
0
0
0
0
0
0
0
0
0
0
0
0
0
0
0
0
0
0
0
0
0
0
0
63396
0
0
0
0
0
0
0
0
0
0
0
0
0
0
0
0
0
0
0
0
0
0
0
0
0
0
0
0
0
0
0
0
0
77293
0
0
0
0
0
0
0
0
0
0
0
0
0
0
0
0
0
0
0
0
0
0
0
0
0
0
0
0
72352
0
0
68440
0
0
0
0
0
0
0
71548
0
0
0
0
65788
0
0
0
0
0
0
0
0
0
0
64652
0
0
0
71009
68698
0
0
0
0
0
0
0
0
0
0
0
0
0
0
0
0
0
0
0
0
0
0
78257
0
0
0
0
0
0
0
0
0
0
0
0
0
0
0
0
0
0
69055
0
0
0
0
0
70248
0
0
0
0
0
0
0
0
0
0
0
0
0
70430
73042
0
0
0
0
0
0
0
0
0
0
0
0
70430
0
0
0
0
0
0
0
73042
0
0
0
0
0
0
64652
0
0
0
78796
0
74967
78796
0
0
0
0
0
0
0
0
0
0
0
0
0
0
0
0
0
0
0
0
0
0
73881
0
73517
77742
0
67252
0
0
0
0
0
0
0
0
0
0
0
0
0
0
0
67620
0
0
0
0
0
0
0
0
0
0
0
0
71548
0
0
0
0
0
73881
0
0
0
67620
0
0
0
0
0
0
0
0
0
0
0
0
0
0
0
0
0
0
0
0
0
0
0
0
0
0
0
0
0
0
0
0
0
0
0
0
0
71267
0
0
0
0
0
0
0
0
0
0
0
0
73881
0
0
0
0
0
0
0
0
0
0
0
0
0
0
0
0
0
0
0
0
0
0
0
0
0
0
0
0
0
0
0
0
0
0
0
0
0
0
0
0
0
0
0
0
0
0
68258
0
72337
73517
0
0
0
0
0
0
0
0
0
72337
0
0
0
0
0
0
0
68466
0
0
73517
0
0
0
0
0
0
0
0
0
0
0
0
0
0
0
0
0
0
0
0
79094
0
0
72337
0
72382
0
72382
0
0
0
0
0
0
0
0
0
0
0
0
0
0
0
0
0
0
0
0
0
0
0
0
71208
0
0
0
0
0
0
0
0
72653
0
0
0
0
72653
0
0
0
0
0
73159
0
0
0
80527
0
0
0
71208
0
0
0
0
0
0
0
0
0
0
0
0
0
0
0
65860
0
0
0
0
0
0
0
74834
0
0
0
0
0
0
0
73986
0
71208
0
0
0
0
0
0
0
0
0
0
70019
0
0
0
0
0
0
0
0
0
0
0
0
80527
0
0
0
0
0
0
0
0
0
0
0
0
0
0
0
0
79050
0
0
0
0
0
77471
0
0
0
0
0
0
0
0
0
0
0
0
0
0
0
0
0
0
0
73223
0
0
75576
0
0
0
0
0
0
0
0
0
0
0
0
0
0
0
0
0
70019
0
0
0
0
66945
81669
0
66945
0
0
0
0
0
0
0
0
0
0
0
0
0
0
0
0
0
0
0
0
0
0
0
0
70019
0
0
0
81639
0
0
0
0
0
0
0
0
74168
0
74760
0
0
0
0
0
0
70507
0
0
0
0
0
0
0
0
0
0
0
0
0
0
0
0
0
0
0
0
0
0
0
75859
0
0
0
0
0
0
0
0
82053
0
0
0
0
0
0
0
0
0
0
0
0
0
0
0
0
0
0
0
0
0
0
0
0
0
0
0
0
0
0
0
0
0
75859
0
0
0
74760
0
0
0
0
0
0
0
0
0
79907
0
0
0
0
77506
0
0
0
0
0
82481
0
0
0
79907
0
0
0
0
0
0
0
0
0
0
0
75820
0
0
0
0
0
0
79907
0
0
0
0
0
0
0
0
0
0
0
0
0
0
0
0
0
0
0
0
0
0
0
0
0
0
0
0
0
0
0
74760
0
0
0
0
71257
0
0
0
0
0
0
0
0
83259
0
0
0
0
0
0
0
0
0
0
0
0
0
0
0
0
0
0
0
0
0
0
0
0
0
0
0
0
0
84030
0
0
0
0
0
0
0
0
68873
0
0
0
0
0
0
71257
0
0
0
0
0
0
0
0
0
0
0
0
0
0
0
0
0
0
0
71257
84331
0
0
84331
0
0
0
0
0
0
0
0
79228
0
0
0
0
0
0
0
84911
0
0
84258
0
0
0
0
0
0
0
0
0
0
75755
0
0
0
0
0
0
84911
0
0
0
0
0
0
0
71746
0
0
0
0
0
0
0
0
0
0
0
85349
0
0
0
72021
84926
0
0
0
0
0
0
0
0
0
0
0
0
0
0
0
0
0
0
78102
0
0
0
0
0
0
0
0
0
0
0
0
0
0
0
0
0
0
0
0
0
0
0
0
0
0
0
85907
0
0
0
0
0
0
0
72089
0
80744
0
0
0
0
0
0
0
0
0
0
0
0
0
0
0
0
0
0
0
0
0
0
0
0
0
0
0
0
79850
0
0
0
0
0
0
0
0
0
0
0
0
0
0
70939
0
79575
0
0
0
0
0
0
0
0
0
0
0
0
0
0
0
0
0
0
0
0
0
0
72687
0
0
0
0
0
0
0
0
0
0
0
0
0
0
78102
0
0
0
0
0
0
0
0
0
0
0
0
0
0
0
0
0
0
0
0
0
0
0
0
0
0
0
0
0
0
0
0
0
0
0
0
0
0
0
88601
0
0
0
0
0
0
0
0
0
0
0
0
0
0
0
0
0
0
0
0
0
0
0
0
0
86917
0
0
0
0
0
0
0
0
0
0
73077
0
0
0
0
0
0
0
0
0
78947
0
0
0
0
0
0
0
0
0
0
0
0
0
0
0
0
0
89643
0
0
0
0
0
0
0
0
0
0
0
0
0
0
0
0
0
87863
0
0
0
0
0
0
0
0
0
0
0
0
0
0
0
0
0
0
0
79630
0
0
0
0
0
0
0
0
0
0
0
0
0
0
0
0
0
0
0
73077
0
0
0
0
0
0
0
0
0
0
0
0
0
0
78231
0
0
0
0
0
0
0
73077
0
0
0
0
0
0
0
0
0
0
0
0
0
0
0
0
0
0
0
0
0
89643
73077
0
0
0
0
0
0
0
0
0
0
0
0
0
0
0
0
0
0
0
0
0
0
0
0
0
0
0
0
0
0
0
0
0
0
0
0
0
0
89468
0
82990
0
0
0
0
0
0
0
0
0
0
0
0
0
0
0
0
0
0
0
0
0
0
0
0
0
0
0
0
0
0
0
0
0
0
0
0
0
0
0
0
0
0
0
83779
0
0
0
0
0
0
0
0
0
0
0
0
0
0
73932
0
0
0
0
0
0
0
77769
0
0
0
0
0
0
0
0
79697
73932
89875
0
0
78506
0
0
84606
0
0
0
0
0
0
0
0
0
0
0
0
78506
0
0
0
0
78506
0
0
0
0
88114
0
0
0
0
0
0
0
0
0
0
91254
0
0
0
0
0
0
0
0
0
0
0
0
0
0
0
90616
0
0
0
0
0
0
0
0
0
0
0
73986
0
0
0
0
0
0
0
0
0
88114
0
0
0
0
0
0
0
0
0
0
0
0
0
0
0
0
0
0
0
0
0
0
84195
0
0
0
0
0
84606
0
84437
74649
0
0
0
0
0
0
0
0
0
0
84195
0
0
0
0
84195
0
0
0
0
0
0
0
74649
0
0
0
0
0
0
0
89812
0
0
0
0
0
84437
0
0
0
92348
0
0
0
0
0
0
0
0
0
0
90579
0
0
0
0
0
0
0
0
0
0
0
0
0
0
0
0
0
0
0
0
92840
0
0
0
0
0
0
0
0
0
0
0
0
0
74649
0
0
92840
0
0
0
0
0
74649
0
0
0
0
0
87014
0
0
0
0
0
0
0
0
0
0
0
0
82381
0
0
0
0
92840
91596
0
0
0
0
0
0
0
0
0
0
0
0
0
0
0
0
0
0
0
0
92815
0
74903
0
0
74903
0
0
0
0
0
0
0
0
84627
0
0
0
0
0
0
0
0
0
0
0
0
0
0
0
0
0
0
0
0
0
0
0
0
0
0
0
94028
74903
0
0
84627
0
0
94028
0
0
0
0
0
0
0
0
0
0
0
0
83612
0
0
85215
0
0
0
0
0
0
83612
0
0
92498
0
0
85215
94776
0
0
0
0
0
0
0
0
0
0
0
0
0
0
0
0
0
0
94097
0
0
0
86915
0
0
0
0
0
0
92498
0
0
0
0
0
86930
0
0
0
0
0
0
0
0
87324
0
0
87294
0
0
0
0
0
84485
0
0
0
0
0
0
84485
0
0
0
0
0
0
0
0
0
0
0
0
0
0
0
0
0
0
0
0
0
0
0
0
0
0
88253
0
86930
0
0
0
0
0
0
0
0
0
0
0
0
0
0
0
0
0
0
0
0
0
0
0
0
0
0
0
0
0
86930
0
0
0
0
0
0
0
0
0
0
0
0
98662
0
0
0
0
0
0
0
0
0
88253
0
87566
0
0
0
0
0
0
0
0
0
95306
0
0
0
95306
0
0
0
0
0
0
0
0
0
0
0
0
94536
0
0
0
0
0
0
0
0
95306
0
0
0
0
0
0
88127
0
0
0
0
0
0
0
0
0
0
0
0
0
0
0
0
0
96462
0
0
0
0
0
0
88127
0
95214
0
0
0
0
0
0
0
0
0
0
88990
0
0
0
0
0
0
99935
84934
95214
0
0
88786
0
0
0
0
0
85194
0
0
0
0
0
0
0
0
0
0
0
0
0
0
0
0
0
0
0
0
0
0
0
88990
0
0
0
0
0
0
0
0
0
0
0
0
0
0
0
0
0
0
0
0
0
0
0
0
0
0
0
0
0
0
0
85194
0
0
0
0
0
0
0
0
0
0
0
0
0
0
85194
88990
0
0
0
0
0
0
0
0
0
96462
0
0
0
0
0
0
77313
0
0
0
0
0
0
92273
0
0
0
0
0
0
0
0
0
0
92273
0
0
0
0
89957
0
0
0
0
0
90044
0
0
0
0
0
0
0
0
0
0
0
0
0
0
0
0
0
0
0
0
0
0
0
0
0
0
0
0
0
96462
0
0
0
0
0
0
0
0
0
0
0
0
0
0
0
0
0
0
0
0
0
0
0
0
0
0
88358
0
0
0
103669
0
0
0
0
0
0
0
0
0
0
0
0
0
0
0
0
0
0
0
0
0
0
0
0
0
0
0
0
0
0
0
0
0
0
0
0
0
0
0
0
0
90181
0
0
0
0
0
0
0
0
0
0
90044
0
0
0
0
0
0
0
0
0
0
88568
0
0
0
0
0
0
0
0
0
0
0
0
0
0
87953
0
0
0
0
0
0
0
0
0
0
0
0
0
0
90044
0
0
0
0
0
99214
0
0
0
0
92793
0
0
0
0
0
0
0
0
0
0
0
0
99214
0
0
0
0
0
98607
99214
98607
0
0
0
0
0
0
0
0
0
0
0
0
0
0
0
0
0
0
0
99214
0
0
0
0
90541
0
0
0
0
79131
98607
0
0
0
0
0
0
0
93196
0
0
0
0
0
0
0
0
0
88678
0
0
0
0
0
0
0
0
0
94003
0
0
0
0
0
0
0
0
0
0
79131
0
0
0
0
0
0
0
0
0
0
0
0
0
0
0
0
0
100191
0
0
0
0
79406
0
0
0
0
0
0
0
0
0
79406
0
100057
0
0
0
0
0
0
0
0
0
0
0
0
0
0
0
100985
0
0
100191
103682
0
0
0
0
0
0
0
0
0
0
0
0
0
0
0
0
0
0
0
0
0
0
0
0
0
0
0
0
0
0
0
0
0
91663
0
0
0
0
0
0
0
0
0
0
0
0
0
0
0
0
0
0
0
0
0
0
0
0
0
0
0
0
0
104088
0
0
0
0
0
0
0
92872
0
0
0
0
0
0
0
0
79406
0
0
0
0
0
0
0
90042
0
0
0
90863
0
0
0
0
104088
0
0
0
0
0
0
91971
0
0
0
0
0
91018
93224
0
0
0
0
0
0
0
0
0
0
0
0
0
0
0
0
0
0
0
0
0
0
0
105234
0
0
101680
0
80688
0
0
0
0
0
0
0
80688
0
0
0
0
0
0
0
0
0
0
0
0
102146
0
0
98092
0
80688
0
0
0
0
0
0
0
0
0
91205
0
0
0
0
0
0
0
0
0
0
0
0
0
0
0
0
0
0
0
0
0
0
0
0
0
0
0
0
0
0
0
103691
0
0
0
0
102146
102146
0
0
0
0
0
0
0
95037
0
0
0
0
0
0
0
0
0
0
0
0
0
0
0
0
0
106456
90863
0
98092
0
0
0
81760
0
0
0
0
0
0
0
0
0
81760
93061
0
0
0
0
0
0
0
0
0
0
95453
0
0
0
0
0
0
0
0
0
0
0
0
0
93061
0
0
0
0
0
0
0
0
0
98092
0
0
0
0
0
0
0
0
0
0
0
0
0
0
0
0
0
0
0
95453
0
0
0
0
83819
0
0
0
95453
0
0
0
0
0
0
0
0
0
0
0
0
0
0
0
0
0
0
0
0
0
0
0
0
0
0
0
0
92936
0
0
0
0
0
0
92851
0
0
0
0
0
0
0
0
95453
0
0
0
0
0
0
0
0
0
0
0
0
106456
0
0
0
0
0
0
0
0
0
0
0
0
0
0
0
0
0
0
0
0
105537
0
0
0
98092
0
0
0
0
0
0
0
0
0
0
0
0
0
0
0
0
0
0
105537
0
0
0
0
0
98393
84192
0
0
0
0
0
0
0
0
0
0
0
0
94285
0
0
0
0
0
0
0
0
0
0
0
0
0
0
0
0
0
0
0
0
0
0
0
0
0
0
0
0
93814
0
0
0
108854
0
0
0
0
0
0
0
0
0
0
0
0
0
0
0
0
0
0
0
0
0
95171
0
0
0
99089
0
0
0
0
0
0
0
84875
0
0
0
0
0
0
0
0
0
0
0
0
0
0
0
0
0
0
0
0
0
0
0
0
0
0
0
0
0
0
0
0
0
0
0
0
0
107185
0
0
0
0
0
0
0
0
0
0
0
94954
0
0
0
0
0
109347
0
0
0
0
96560
107688
99089
0
0
0
0
0
0
0
0
0
0
0
0
0
0
0
0
0
0
108396
0
0
0
0
0
0
0
0
0
0
0
0
0
0
98218
0
0
85699
0
98764
0
0
0
0
98218
0
0
107089
0
0
110024
0
0
96560
0
0
0
0
0
85699
0
0
0
94954
110024
0
0
0
0
0
108396
0
0
0
0
0
107089
0
0
0
0
96560
97702
0
0
0
0
0
0
0
0
0
0
0
0
0
0
0
0
107392
0
0
0
0
100009
0
0
0
0
0
0
0
0
0
0
0
0
0
0
0
0
0
0
0
0
0
0
0
0
0
0
0
0
0
0
0
0
0
0
0
0
0
0
95834
0
0
0
0
0
0
0
96560
0
0
0
0
96560
0
0
0
0
0
0
0
0
111148
100279
0
0
0
0
0
0
0
108647
0
0
0
0
111148
0
0
96086
0
0
0
0
0
0
0
0
0
0
0
0
0
97333
0
0
0
0
0
0
0
0
0
0
110258
0
0
0
0
0
0
0
0
0
0
0
0
0
0
0
0
0
0
87035
0
97267
0
101164
0
0
0
0
0
0
0
0
0
0
0
0
0
0
0
0
0
99389
0
0
0
0
0
0
111823
0
0
0
0
0
0
0
0
0
0
0
0
99458
0
0
0
0
111570
0
0
97554
0
0
0
0
0
0
0
0
0
0
0
0
0
0
0
0
0
99462
111570
0
0
0
0
0
0
99931
0
0
0
0
0
0
0
0
0
0
0
0
0
0
0
0
0
0
0
0
0
0
0
0
0
87035
0
0
0
0
0
0
0
0
0
0
0
0
0
101739
0
0
0
0
0
0
0
0
0
0
0
0
0
0
0
0
0
0
0
0
0
0
0
0
0
104006
0
0
0
0
0
0
0
0
0
104006
0
0
0
0
0
0
0
0
0
0
0
104006
0
0
0
0
0
111915
0
0
0
0
0
0
99462
0
104006
0
0
0
104006
0
0
0
0
0
0
0
102408
0
0
101639
0
0
0
0
112555
0
0
0
0
0
0
0
0
0
0
112555
0
0
0
0
102105
0
0
0
102105
0
0
0
0
0
0
0
0
0
0
0
0
0
112616
0
0
0
0
0
0
0
0
88009
0
0
0
0
0
102408
0
0
0
113787
0
0
0
0
0
0
0
0
0
0
0
0
0
0
0
0
102408
0
0
0
0
0
0
0
0
0
0
0
0
0
0
0
102105
0
0
0
0
102408
0
0
0
0
0
100174
0
0
0
0
0
100190
0
102408
113000
0
0
0
105598
0
0
0
0
0
0
0
0
0
0
0
0
0
0
0
0
0
0
0
0
0
0
0
0
0
0
0
0
115925
0
102299
0
0
0
0
0
0
0
89289
0
103356
0
0
0
0
0
0
0
0
0
0
0
0
0
0
0
0
0
0
0
0
0
0
0
0
0
0
0
0
0
0
0
0
0
0
0
0
0
0
113556
0
0
0
0
113556
0
0
0
0
0
89289
0
0
0
0
0
0
104104
0
0
0
0
0
0
0
0
0
0
0
0
0
0
0
0
0
0
0
0
0
0
0
0
0
0
106282
0
0
0
0
0
0
0
0
0
0
0
0
0
0
0
0
0
0
103862
0
0
0
0
0
0
0
0
116395
0
0
0
0
0
0
0
104214
0
0
0
0
0
0
0
0
0
0
0
0
0
0
0
0
0
0
117044
0
0
0
0
0
0
0
0
0
0
0
102408
0
0
0
0
0
0
0
0
0
0
0
0
0
0
0
0
0
115431
0
0
0
0
0
0
0
0
0
0
0
103747
0
0
0
0
0
0
0
0
0
0
0
0
0
0
0
0
0
103920
0
0
0
0
105877
0
0
0
0
104447
0
0
0
0
0
103747
0
0
0
0
0
107963
0
103747
0
0
0
0
0
0
0
0
0
0
0
106015
0
0
0
0
0
0
0
0
0
0
0
0
0
117533
0
0
0
0
0
0
0
0
0
0
0
0
0
0
0
0
104447
0
0
0
0
0
0
0
0
0
91062
0
0
0
0
0
0
0
0
107997
0
0
106296
0
0
0
0
0
0
0
0
0
0
116877
0
105115
0
0
0
0
0
117441
0
0
0
0
0
0
0
105630
0
0
0
0
0
0
0
91705
0
0
106516
0
0
0
0
0
0
0
0
0
0
0
0
107038
0
0
0
0
0
0
0
0
107685
0
0
0
0
0
0
0
0
0
0
0
0
0
0
0
0
0
0
0
106516
0
0
106516
0
0
0
0
0
0
0
0
0
0
0
0
0
0
0
0
0
0
0
0
0
117441
0
0
0
0
0
0
0
0
0
0
0
0
0
0
0
0
0
0
117441
0
105672
0
0
0
120910
0
0
0
0
0
0
0
0
0
0
0
0
0
0
0
0
0
0
0
0
0
0
0
0
0
0
0
0
0
0
0
0
0
0
0
0
0
0
0
0
0
0
0
0
0
0
0
0
109108
0
0
0
0
0
0
0
0
0
0
0
0
109733
0
0
110126
0
0
0
0
0
0
0
0
0
0
0
0
0
0
0
0
0
0
0
0
112971
0
0
0
0
0
0
0
0
0
0
0
0
0
0
0
0
0
0
0
0
118353
0
0
110374
0
0
0
0
0
0
0
0
0
107871
0
0
0
0
0
0
0
0
0
0
0
0
114160
0
0
0
0
0
0
0
0
0
119243
109842
0
0
0
0
0
0
0
0
0
0
0
0
0
0
0
0
0
0
0
0
111148
0
0
0
0
0
0
0
0
0
0
0
0
0
0
0
0
119232
0
0
0
0
109224
109224
0
0
112520
0
110642
0
0
0
0
0
0
0
0
0
0
0
0
0
109224
0
0
0
0
0
0
111545
0
0
0
0
108996
119350
0
0
0
0
0
0
0
0
0
115193
111545
0
0
0
0
0
0
0
0
0
0
0
0
0
0
0
0
115193
0
0
0
0
0
0
0
0
0
0
0
0
0
110010
0
94863
0
0
0
0
0
0
0
0
0
0
0
0
0
0
0
0
0
0
0
108996
0
0
0
0
0
0
0
0
0
0
0
0
95284
0
0
95284
0
0
0
0
110010
112715
0
0
0
0
0
0
0
0
0
0
112715
0
0
0
0
0
0
0
0
0
0
0
0
0
115193
0
0
0
0
0
0
0
0
0
0
0
0
0
0
0
0
115193
0
0
0
0
0
0
0
0
0
0
0
0
0
0
0
110010
0
0
0
0
0
0
0
95285
0
0
0
0
0
110010
0
0
0
0
0
0
0
0
0
0
0
0
0
115475
0
0
0
0
123431
0
0
0
0
0
0
0
0
0
0
0
0
0
0
0
112653
0
0
122119
0
0
0
0
0
0
0
0
0
0
0
0
0
0
0
0
0
0
0
0
0
0
0
0
115475
0
110010
0
0
0
0
0
122892
0
0
0
0
0
0
0
0
0
115475
0
0
0
0
0
0
0
110902
0
109655
0
0
0
0
113925
0
0
0
0
0
0
0
0
0
0
0
0
0
0
113925
0
0
0
0
0
0
0
110902
0
0
0
0
115475
0
0
0
0
0
119542
0
0
0
0
0
0
0
0
0
0
0
0
0
113648
0
0
0
0
0
0
0
0
0
0
0
0
0
0
0
113648
0
0
0
0
0
123661
0
0
0
0
0
0
0
0
0
0
0
0
0
0
0
0
114557
0
0
0
116374
0
0
0
0
0
0
0
0
0
0
0
0
96970
0
0
0
0
0
0
0
0
0
0
0
0
0
0
0
0
125423
0
0
0
0
0
0
0
0
0
0
0
0
0
115433
0
0
0
0
0
0
0
0
0
0
0
0
0
0
0
121485
0
0
0
0
0
0
0
0
0
0
0
0
0
0
0
116374
0
0
0
0
0
0
0
0
0
0
0
0
0
0
0
0
0
0
0
0
0
0
0
0
0
0
0
0
0
0
0
0
0
116479
0
0
0
0
0
0
0
115965
0
0
0
0
0
0
0
0
0
0
0
0
0
125423
0
0
0
0
0
0
116014
0
0
113935
0
114434
0
0
114434
0
0
0
0
0
0
0
0
0
0
116645
0
0
0
113935
0
0
0
121485
0
0
0
0
0
0
0
0
0
0
0
0
0
0
0
0
0
0
0
0
0
0
0
0
0
0
0
0
0
0
0
0
0
0
0
0
0
116595
0
0
0
0
0
0
0
0
0
0
0
0
0
0
0
121485
0
0
0
0
0
0
117649
0
0
0
0
0
0
0
0
0
0
0
0
0
0
0
0
0
0
0
0
0
0
98263
0
0
0
0
0
0
112912
0
0
127560
0
0
113854
0
0
0
0
118793
0
0
0
0
0
0
0
0
117649
0
0
0
0
0
0
0
0
0
0
126568
0
0
0
0
0
0
122906
0
0
0
0
0
0
0
0
0
0
0
0
0
122906
0
0
0
0
0
0
0
0
0
0
0
0
118949
0
0
0
0
0
0
0
0
0
0
127560
0
0
0
0
127560
0
0
118949
0
0
0
0
0
0
0
0
0
0
0
0
0
0
0
128201
0
0
0
0
0
0
0
0
0
126568
0
0
0
0
0
0
0
0
0
0
0
128848
98263
0
0
0
0
0
0
0
0
0
0
98337
0
0
0
0
0
0
0
0
0
0
118949
0
0
123877
0
0
0
118949
0
0
0
0
0
0
0
0
0
0
0
0
0
0
98506
119770
119770
0
0
0
0
0
0
0
0
126568
0
0
0
0
115555
0
0
0
0
119770
0
0
0
0
0
0
0
0
0
0
0
0
0
0
0
0
0
0
0
0
0
0
0
115980
0
0
126568
98506
0
0
0
0
0
0
0
0
0
0
0
0
0
0
0
0
0
128941
0
0
0
115980
0
0
0
0
0
0
0
0
0
0
0
0
0
0
0
0
0
115910
0
0
0
0
0
117450
0
0
0
0
0
0
0
0
0
0
0
0
0
0
0
0
0
0
120994
0
0
0
0
0
0
0
0
0
0
0
0
0
0
0
0
0
0
0
0
0
0
0
0
0
0
0
116896
0
0
0
0
0
0
0
0
0
0
120994
0
0
0
122544
99432
0
0
0
0
0
0
0
0
0
0
0
0
0
0
0
0
0
0
0
0
0
0
0
0
0
0
122637
0
99432
0
0
0
0
0
0
0
0
0
0
122544
127431
0
0
0
0
0
0
0
0
0
0
0
99432
0
0
0
0
0
0
0
0
0
130294
0
0
0
0
0
99801
0
0
122632
0
123832
0
0
0
0
0
0
0
0
0
0
0
0
0
0
0
0
0
0
0
0
0
0
0
0
0
0
0
0
117969
0
0
0
0
0
0
0
125114
0
0
0
0
0
130294
0
0
0
127682
0
0
0
0
0
0
0
0
0
0
0
0
0
0
0
0
0
100414
0
0
0
0
0
0
0
0
0
0
0
0
0
0
0
0
0
0
0
0
0
0
0
129393
0
0
101226
0
0
0
0
0
0
0
0
0
0
0
0
0
0
0
0
129393
0
101226
0
0
0
0
0
0
0
0
0
0
0
0
0
0
0
125663
117157
0
0
0
117157
0
0
0
0
0
0
0
0
0
0
0
0
0
0
0
0
0
0
0
0
0
0
0
0
0
0
0
117157
0
0
0
103760
0
0
0
0
0
0
129393
0
0
0
0
0
0
0
125719
0
0
103760
0
125313
0
0
0
0
0
0
0
130841
0
0
0
0
0
0
0
0
0
0
0
0
0
0
125313
0
0
0
0
103760
0
0
0
0
0
0
0
125910
0
0
0
0
0
0
0
0
0
0
0
0
0
0
126702
0
0
126446
0
0
0
0
123079
0
0
0
0
0
0
0
0
0
0
0
0
0
0
0
0
130032
0
0
0
0
0
0
0
0
0
0
0
0
132205
125604
0
0
125604
126446
0
0
0
0
0
0
0
0
0
0
119511
128426
0
0
0
0
0
0
0
0
0
126254
132929
0
0
0
0
0
0
0
0
0
0
0
0
0
0
0
0
0
0
117818
0
0
0
0
0
0
0
0
125225
0
0
133247
0
0
0
0
0
0
0
0
0
0
0
0
0
0
0
0
0
128990
0
0
0
0
120324
131769
0
0
0
0
0
0
0
0
0
0
0
0
0
0
0
0
128355
0
0
128355
0
0
0
0
0
0
0
0
0
0
0
0
0
0
0
0
0
0
0
0
0
0
0
0
0
0
0
0
0
0
0
0
0
0
0
0
0
0
0
0
0
0
0
0
0
0
0
129878
0
0
0
0
0
0
0
0
0
0
0
0
0
0
0
127777
0
0
0
0
0
127777
0
0
0
0
0
0
0
0
0
0
0
0
0
0
0
0
0
0
0
0
0
0
0
0
0
0
0
0
0
0
0
0
0
0
0
0
0
0
0
0
0
0
129687
0
0
0
0
0
0
0
0
0
0
0
0
0
0
0
0
0
0
0
0
0
0
0
0
0
0
0
0
0
106625
0
0
0
0
0
0
0
0
0
0
0
0
0
0
130597
0
0
0
0
0
0
0
0
0
0
0
0
0
0
127935
0
0
0
0
0
0
0
0
0
0
0
0
129442
0
0
0
0
0
129810
129909
0
0
0
0
0
0
129909
0
0
0
0
0
0
0
0
0
0
0
0
0
0
0
0
0
0
0
0
0
0
0
0
0
0
0
0
0
0
0
0
0
0
0
0
0
0
0
0
0
0
0
0
0
0
0
0
0
0
0
0
0
129909
0
0
0
0
0
0
0
131358
129909
129810
0
0
0
0
128625
0
131358
0
0
0
0
129810
0
0
134493
107888
0
0
0
0
0
0
0
0
0
0
0
0
0
0
0
0
0
0
0
0
0
0
123258
0
0
0
0
0
0
0
0
0
0
0
0
0
0
0
129147
0
0
0
0
0
0
0
0
0
0
0
0
0
0
0
0
0
0
0
0
124635
0
0
0
0
0
0
0
0
126158
0
0
0
126158
0
0
0
130461
0
0
0
0
0
0
0
0
0
0
0
0
0
130321
0
0
0
0
0
0
0
0
0
0
0
0
0
0
0
0
0
0
0
0
0
0
0
0
0
0
0
0
0
0
0
0
0
0
0
0
0
0
0
137642
0
0
0
0
0
132243
0
0
0
0
0
0
0
0
0
0
0
0
0
0
130990
0
0
0
0
0
0
0
0
0
0
0
0
0
0
0
0
0
126548
0
0
0
0
0
0
0
0
0
0
0
0
0
0
0
131007
0
0
0
0
0
0
0
0
0
0
0
0
0
0
0
0
0
0
0
0
0
0
0
0
0
0
0
0
0
131690
0
0
138493
0
138493
0
0
0
0
0
0
0
0
0
0
0
0
0
138493
0
0
0
129505
0
0
0
129505
0
0
0
0
0
0
129599
0
0
131007
0
0
0
0
0
0
0
0
0
132330
132963
0
108866
0
0
127462
0
0
132001
0
0
131007
0
0
132841
0
0
0
0
0
0
0
0
0
0
0
0
0
129599
0
0
0
0
0
0
0
0
0
0
0
0
0
0
0
0
0
0
0
0
0
0
0
0
0
0
0
0
0
0
0
0
0
0
0
0
0
0
0
0
0
0
108985
0
0
0
0
0
0
0
0
128301
0
0
0
0
0
0
0
0
0
133201
0
0
0
0
138856
132841
0
0
0
0
0
0
0
0
0
0
0
0
0
0
0
0
0
0
0
0
0
0
0
0
0
0
0
0
0
0
0
0
0
0
0
0
0
0
0
0
0
0
0
0
0
0
0
0
0
133421
0
0
0
0
0
0
0
134230
0
0
0
0
0
0
0
0
0
0
0
0
0
0
0
0
0
0
133312
0
0
0
133514
0
0
0
0
0
0
0
0
0
0
0
0
0
0
129420
0
0
0
0
0
0
0
0
0
0
0
109839
0
0
0
0
0
0
0
0
0
0
0
0
133438
0
0
0
0
0
0
0
0
0
0
0
0
0
109839
0
0
133438
0
0
0
0
0
0
0
0
0
0
129822
0
0
0
129822
0
0
0
0
0
0
0
0
0
0
0
0
0
0
0
133514
0
0
0
0
0
0
0
0
0
0
134362
139478
0
0
0
135527
0
0
0
0
0
0
0
0
0
0
0
109839
0
0
0
0
0
0
0
0
0
0
133020
0
0
0
0
0
0
0
0
0
0
0
0
130941
133514
0
0
0
0
0
0
139478
0
0
0
0
0
0
0
0
0
0
0
0
0
140364
144137
0
0
0
0
0
144137
0
0
0
0
0
0
0
0
110321
0
0
0
0
0
0
0
133885
0
0
0
0
0
133885
133994
0
0
0
0
0
0
0
0
134980
0
0
130941
0
0
0
0
0
0
0
0
0
0
0
0
0
0
0
0
0
0
0
0
0
0
0
0
0
0
0
0
0
0
0
0
0
0
0
0
0
0
0
130854
0
0
0
0
140364
0
0
0
0
0
145163
0
0
0
131770
0
0
0
0
0
0
0
0
0
0
0
0
0
0
0
0
0
0
0
0
0
0
0
0
110918
0
0
0
0
0
0
0
135362
0
0
0
0
0
0
0
0
0
0
0
0
145242
134627
0
0
0
0
0
0
0
0
0
0
0
145242
111394
0
0
0
0
0
0
0
0
0
0
0
0
0
145242
0
0
0
0
0
0
0
137362
0
0
0
0
0
0
0
0
0
0
0
0
0
138016
134693
0
0
0
134693
0
0
0
0
0
0
0
0
135069
0
0
0
0
0
0
0
0
0
0
0
0
0
136310
0
0
0
0
0
0
0
0
132344
135962
0
0
0
135170
0
0
0
111905
0
135346
135173
0
0
0
0
0
0
0
0
0
0
0
0
0
0
0
0
0
0
0
0
0
0
0
0
0
0
0
0
0
0
0
0
0
0
0
142746
0
0
0
0
0
0
0
136235
0
0
0
0
0
0
0
0
0
0
0
0
0
0
0
0
0
0
0
0
0
0
0
0
0
0
0
147910
0
0
0
0
0
0
0
0
0
0
0
139776
0
0
0
0
0
0
0
0
0
0
0
0
0
0
0
0
0
0
0
0
0
139161
0
0
0
0
0
0
0
0
0
0
0
0
0
0
0
0
0
0
0
0
0
0
0
0
0
0
0
0
0
0
0
0
0
0
0
135419
0
0
0
0
0
0
0
0
0
0
148967
148967
0
133759
0
0
133759
0
140555
0
139161
0
0
0
0
0
0
0
0
0
0
0
0
0
0
0
0
0
0
0
0
0
0
0
113888
0
0
0
0
0
0
0
0
0
0
0
0
0
0
0
0
0
0
0
0
0
0
0
0
0
0
0
0
0
0
0
0
0
0
0
0
0
0
0
139304
0
0
0
0
0
0
0
0
134219
0
0
0
0
0
0
150231
0
138580
0
140828
141209
0
0
0
0
0
135996
0
0
0
0
0
0
0
0
0
0
0
0
0
0
0
0
0
0
0
0
0
0
0
0
0
0
140828
0
0
0
0
0
0
139826
0
0
0
0
0
0
0
0
0
0
139826
0
0
0
0
0
0
0
0
0
0
140744
0
114610
0
0
0
0
0
0
0
0
0
0
0
0
0
0
0
0
0
0
0
0
0
0
140616
0
0
0
0
0
0
0
0
0
144951
0
0
0
0
142066
0
0
0
151557
0
0
0
0
0
0
0
0
0
0
0
0
0
0
0
0
0
142066
0
141742
0
0
0
0
0
0
0
0
0
134921
0
0
0
0
0
0
0
0
0
0
0
0
0
0
0
0
135392
138611
0
0
0
0
0
0
0
0
0
0
0
141415
0
0
0
0
0
0
0
0
0
0
141113
0
0
0
0
0
0
0
0
0
0
0
0
0
0
0
0
0
114610
0
0
0
0
0
0
0
0
0
0
0
0
0
0
0
0
0
0
0
0
0
0
0
0
0
0
0
0
139314
0
143008
0
0
0
0
0
0
0
0
0
0
0
0
0
0
0
0
0
0
0
0
0
0
0
0
0
0
0
0
0
0
0
0
0
0
0
0
0
0
0
141742
0
0
0
0
0
0
0
140160
0
0
0
0
0
0
0
0
0
0
0
0
0
0
0
0
139496
0
0
143203
0
0
0
0
0
0
0
0
0
0
0
0
0
0
0
0
0
0
0
0
0
0
0
0
0
0
0
0
0
0
154158
0
0
0
0
0
0
0
0
0
0
154158
0
0
0
0
0
0
0
0
0
0
0
0
0
0
141297
0
0
0
0
0
0
0
0
0
0
0
0
0
0
0
0
0
0
0
0
0
0
0
0
0
0
0
0
0
0
0
0
0
0
0
0
0
0
0
154158
0
0
0
0
0
0
0
0
0
0
0
0
0
0
117729
0
138559
0
0
0
0
154158
0
143046
143361
0
0
0
0
0
0
0
142614
0
0
0
0
0
0
0
0
0
0
0
0
0
0
0
0
0
143986
0
0
0
0
0
0
0
0
0
0
0
139482
0
0
0
0
0
0
0
0
0
0
0
0
0
0
0
0
0
0
144552
0
142614
0
0
0
118187
0
0
0
0
0
0
0
0
0
0
0
142186
0
143046
0
0
0
0
0
0
0
0
0
0
0
139482
0
0
0
0
0
0
0
0
0
0
0
0
0
0
0
143169
0
143169
0
0
0
0
0
0
0
0
0
143046
0
0
0
0
0
0
0
0
0
0
0
0
0
0
0
0
0
143046
0
0
0
0
0
0
0
0
0
0
0
0
0
0
0
0
0
0
0
0
0
0
0
0
0
0
148184
0
0
0
0
0
0
0
0
0
0
0
0
0
0
154785
0
145514
0
0
0
0
0
0
0
0
143817
0
0
0
0
0
0
0
0
0
0
0
0
0
0
0
0
0
0
0
0
0
0
0
0
0
0
0
0
0
0
0
0
0
0
0
0
0
0
0
0
0
0
0
0
0
0
0
0
0
0
0
0
0
0
0
0
0
0
0
0
0
145147
0
0
0
0
0
0
0
0
0
0
0
0
0
140957
0
140957
0
118187
0
0
143650
0
0
0
0
0
0
0
0
0
0
0
0
0
0
0
0
0
0
143817
149779
0
0
0
0
0
0
0
145147
0
0
0
0
0
0
0
0
0
0
144148
0
0
149779
0
0
0
0
0
0
0
0
0
0
0
0
0
0
0
0
0
0
0
0
0
0
0
0
0
0
0
0
0
0
0
0
0
0
0
0
0
0
0
0
0
0
0
0
0
0
0
0
0
0
0
0
0
0
0
0
144216
0
0
0
0
0
0
0
0
0
0
0
0
0
0
0
0
0
144490
0
0
145729
0
0
152378
0
0
0
145737
0
0
0
0
0
0
0
0
0
0
0
0
145404
0
0
0
0
0
0
0
0
0
0
0
0
119075
0
0
0
0
0
0
147895
0
0
0
0
0
0
0
152869
0
0
0
0
0
0
147592
0
0
0
152869
0
0
0
0
0
0
0
0
0
145487
0
0
0
0
0
0
0
0
0
0
0
156545
0
0
0
0
146185
145891
0
0
0
0
0
0
0
0
0
0
0
0
0
0
0
0
0
153684
0
0
0
0
0
0
0
0
0
0
0
153759
0
0
0
153759
0
0
0
0
146297
0
147895
0
0
0
0
148030
0
0
0
0
0
0
0
0
0
0
0
0
0
0
0
0
148030
0
0
0
0
0
0
0
0
0
0
0
0
148030
0
145167
0
0
0
0
0
0
0
120881
0
0
0
0
0
0
146120
0
0
0
0
0
0
0
0
0
0
0
149878
0
0
0
0
0
0
0
0
147472
0
147472
0
0
0
0
0
0
0
0
0
0
0
0
0
0
0
0
0
0
0
0
0
0
0
0
0
0
157574
0
0
146965
0
0
0
0
148418
121831
0
0
0
0
0
154853
0
0
0
0
0
0
0
0
0
0
0
0
0
0
0
0
0
0
0
146525
0
0
0
0
0
0
0
0
0
0
158359
0
0
0
147363
0
0
0
0
0
0
149293
0
0
0
0
0
0
0
0
149491
0
0
0
0
0
0
0
0
0
0
155525
0
149936
0
0
0
0
0
0
0
0
0
0
0
0
0
0
0
0
0
0
0
0
0
0
0
0
150830
0
0
0
0
0
0
0
0
147865
0
0
0
0
0
0
148996
0
151712
0
0
0
0
0
0
0
0
0
0
156497
151712
0
0
0
0
0
0
0
0
0
0
0
0
0
0
122532
0
0
0
0
0
0
122532
0
0
0
0
0
0
0
0
0
0
0
0
0
0
0
0
0
0
0
0
0
0
0
0
0
0
0
0
0
0
0
0
0
0
0
0
0
152334
0
122735
0
0
150678
0
0
0
0
0
0
0
148127
0
0
0
0
151463
0
0
0
148127
0
0
0
0
0
0
0
0
0
0
160380
0
0
0
0
0
0
0
0
0
0
0
0
0
0
153336
0
0
0
0
0
0
153336
0
0
0
0
0
0
0
0
0
0
0
0
0
0
0
0
0
0
0
0
0
0
0
0
0
0
0
0
0
0
0
0
0
0
0
0
0
0
151463
150631
0
0
161700
0
0
0
0
0
157557
0
0
0
0
0
123257
0
150631
0
0
0
0
0
0
150593
0
161700
150631
0
0
0
0
0
0
0
0
0
148127
0
0
0
0
0
0
0
0
0
157984
0
0
0
0
0
0
0
0
0
151463
147619
0
0
0
162203
0
0
0
153096
0
0
0
0
0
0
0
0
0
147619
151592
0
0
0
0
0
0
0
0
0
0
0
0
0
154405
153120
151463
0
0
0
0
153120
0
0
0
0
0
0
0
0
0
0
0
0
0
0
0
0
0
0
0
152541
0
0
151512
0
152541
0
0
0
0
0
0
0
0
0
0
0
0
0
0
0
0
0
0
0
0
0
0
0
0
124914
0
0
0
0
151512
0
0
0
162857
162857
0
0
0
0
0
151944
162857
0
0
0
0
0
0
0
0
0
0
0
0
0
0
0
124914
0
0
0
0
147619
0
0
0
0
0
153524
0
124914
0
0
0
0
0
0
0
0
0
0
0
0
0
0
124914
0
0
0
0
0
160521
0
0
0
0
0
0
0
163696
0
0
152198
0
0
0
0
0
0
0
0
0
152419
0
0
0
0
0
0
154601
0
0
0
0
0
125224
0
0
0
0
0
0
0
0
0
0
164208
0
0
0
0
0
0
0
0
0
0
0
0
0
0
0
0
0
0
0
0
0
0
0
147729
0
0
0
0
0
0
0
154601
0
0
0
0
0
0
0
0
0
0
0
0
0
0
153533
0
0
0
0
0
0
0
0
0
0
0
0
0
0
164208
147729
153595
0
0
0
0
0
0
0
0
0
0
0
0
152675
0
0
0
0
0
0
0
0
0
0
0
0
0
0
0
0
0
0
0
0
0
154601
0
0
0
154295
0
0
0
0
0
0
0
155855
0
0
0
0
161177
0
0
0
0
0
0
0
0
0
0
0
0
0
0
0
0
0
0
0
152675
152675
0
0
0
0
156639
0
0
0
0
0
0
0
0
0
0
0
0
0
0
154601
0
0
0
0
0
0
0
0
0
0
0
0
0
0
0
0
0
0
152950
165023
0
0
0
0
0
0
0
0
0
0
0
0
0
0
156639
0
0
0
0
0
0
0
0
0
0
153923
0
0
0
165023
0
0
0
0
0
0
0
0
0
161177
0
0
0
0
0
0
0
0
0
0
0
0
0
0
0
0
0
0
0
0
0
0
0
128782
157467
0
0
0
0
0
0
0
0
0
0
0
0
0
0
0
154696
0
0
0
0
0
0
0
0
0
0
0
0
0
157467
0
0
0
0
0
0
0
0
0
0
0
0
0
0
0
0
0
0
0
154440
0
0
0
0
0
0
0
153095
0
0
0
0
0
0
0
0
0
0
0
0
0
0
0
0
0
0
128816
156311
153095
0
0
0
0
0
0
0
0
0
0
0
154440
0
0
153095
0
0
0
0
0
0
0
0
0
0
0
0
0
0
0
0
156311
0
0
0
0
0
0
0
0
0
0
0
0
0
0
0
0
0
156074
0
0
0
0
0
0
0
155189
0
0
0
0
0
0
0
0
0
165023
0
0
156311
0
0
0
0
0
0
0
0
0
153095
129141
0
162625
155189
0
0
0
0
0
153095
153095
0
0
0
0
0
0
0
129141
155757
0
0
0
0
0
0
0
0
0
0
0
0
0
0
0
0
0
0
0
0
165643
0
0
0
0
0
0
0
0
0
0
0
0
0
0
153095
0
0
0
0
0
0
0
0
0
0
0
0
0
0
0
0
0
0
0
0
0
0
0
0
0
0
0
0
0
0
0
153095
0
0
156831
0
0
0
0
0
0
0
0
0
162625
0
0
0
0
0
0
0
0
0
0
0
0
0
0
0
0
0
0
0
0
0
0
0
0
0
0
0
0
0
0
0
156302
0
0
0
0
0
0
0
0
0
0
0
0
162671
0
0
0
0
0
0
0
0
0
0
0
0
0
0
0
0
0
130405
0
0
0
0
0
0
0
0
0
0
0
0
0
0
0
0
0
153173
0
0
161217
130405
0
0
0
0
0
0
0
0
0
0
0
0
0
0
0
0
0
0
0
0
0
0
0
0
0
0
0
158727
0
0
0
0
0
0
0
0
0
0
0
0
0
0
0
158727
0
0
0
0
0
0
161217
161217
0
0
0
0
0
0
0
156615
0
131881
0
0
0
0
0
153173
0
157455
0
0
0
0
0
131881
0
0
157455
0
0
156615
131881
0
0
0
157016
0
0
0
0
0
0
0
156615
0
0
0
0
0
0
0
0
0
0
0
0
0
0
0
0
0
0
0
0
0
0
0
0
0
0
0
0
0
0
0
159825
0
0
0
0
161840
0
0
0
0
165570
0
0
0
0
0
0
0
0
0
0
0
0
0
0
0
0
165570
0
0
0
132766
0
0
0
168689
0
0
158397
0
0
160533
0
0
155806
0
0
0
0
0
0
168689
0
0
0
0
0
0
0
157466
0
0
0
0
0
165570
0
157466
0
0
0
0
0
0
0
0
0
0
0
0
0
0
0
0
0
0
157466
157466
0
0
0
134503
0
0
0
0
0
0
158441
0
0
168689
0
0
0
0
0
0
0
159184
0
0
0
0
165570
0
0
0
0
0
0
0
0
0
0
0
0
0
0
0
0
0
0
0
0
0
0
0
0
0
0
0
0
0
0
0
0
0
0
0
0
0
0
0
0
0
0
0
0
0
0
0
0
0
0
0
158441
0
0
0
0
0
0
0
0
0
0
0
0
0
0
0
0
0
0
0
0
0
0
0
0
0
0
0
0
0
0
0
0
0
0
0
166610
0
0
0
0
0
0
0
166610
0
0
0
158912
0
0
0
0
0
0
0
0
0
0
0
0
0
169429
0
0
0
0
0
0
0
0
0
0
162438
0
0
0
0
0
0
0
0
0
0
0
0
0
0
0
0
0
0
0
0
0
0
0
0
0
0
162438
0
0
0
0
0
0
0
0
0
0
0
0
0
158441
0
0
0
0
159043
0
169429
0
0
0
162438
0
0
0
136228
0
0
0
0
0
0
0
0
0
0
0
159043
0
0
159043
159043
0
0
0
0
0
169429
0
0
0
0
0
166797
0
0
0
0
0
0
0
0
0
0
0
0
0
0
0
0
0
0
0
0
0
0
0
0
0
0
0
0
0
0
0
136914
0
0
0
0
0
0
0
0
0
0
0
0
0
0
0
0
0
0
0
0
0
0
0
0
0
0
0
0
0
0
0
0
0
0
0
0
0
0
0
0
0
0
0
0
0
0
0
0
0
0
169878
0
0
0
0
0
0
0
0
0
0
0
137720
0
0
0
0
0
0
0
169878
0
0
0
0
0
0
0
0
0
160437
0
0
0
164503
0
0
0
0
0
0
0
0
0
0
0
0
0
0
0
0
0
0
160703
0
162604
0
0
0
0
0
0
0
0
0
0
0
0
160897
0
0
0
0
0
0
0
0
0
170100
0
0
0
0
0
0
0
0
0
0
0
0
0
0
0
0
0
163790
0
0
160053
0
0
0
0
0
0
0
160897
0
0
0
0
160053
0
170100
0
0
0
0
0
0
0
0
171375
0
0
0
0
0
0
0
0
0
0
0
0
0
0
0
0
139154
0
0
0
0
0
0
0
0
0
0
0
0
0
0
0
0
0
0
0
0
0
0
0
0
164503
0
0
0
0
0
0
0
0
0
0
0
0
0
0
0
0
0
0
0
0
163138
0
0
0
0
0
0
0
0
0
0
0
0
0
0
0
0
0
0
0
0
0
0
171941
0
0
0
0
0
171467
0
0
0
0
0
0
0
0
0
160858
0
0
0
0
0
0
168892
0
160858
0
0
0
0
160897
0
0
0
165803
0
0
0
0
0
0
0
0
0
0
0
0
0
0
0
0
0
0
0
0
0
0
0
0
165879
0
0
0
0
0
0
0
0
0
0
0
0
0
0
0
0
172694
0
0
0
0
0
0
0
0
0
0
0
0
0
0
0
0
160858
0
0
0
0
0
0
0
171759
0
0
0
0
0
0
0
0
0
0
0
0
163138
0
163138
0
0
0
0
0
0
0
0
0
0
0
0
0
0
0
0
0
0
0
166038
0
0
0
0
0
0
0
0
0
0
0
0
0
0
0
0
0
0
0
0
0
0
0
0
0
0
173520
0
0
0
0
0
0
0
0
0
0
0
0
0
0
0
0
0
0
0
0
0
0
0
0
0
0
166790
0
0
0
163138
0
0
0
0
0
0
0
0
0
0
0
0
0
0
0
0
0
0
0
0
0
0
0
0
0
0
0
0
0
172021
0
0
0
0
167042
0
0
141576
0
0
0
0
0
0
162016
0
0
0
0
0
0
0
0
0
0
170277
0
0
0
0
170277
0
0
141576
0
0
0
0
161877
0
0
0
0
0
0
0
0
168010
0
162482
0
162401
166096
0
0
0
0
0
0
175622
0
0
168351
0
0
0
0
0
0
0
0
0
0
0
0
0
0
0
0
0
0
0
0
175738
0
0
0
0
0
0
173200
0
0
0
0
0
0
0
0
0
0
0
0
0
0
170552
0
0
0
0
0
0
169327
0
162645
0
0
0
0
0
0
0
0
0
0
0
0
0
0
0
0
0
143637
0
0
0
0
0
0
0
0
0
0
0
0
0
0
0
0
173200
0
0
0
0
0
0
0
0
0
0
0
168030
0
0
0
0
0
0
0
0
0
0
0
0
0
0
0
0
0
0
0
0
0
0
0
0
0
0
0
0
0
0
0
0
0
0
0
0
0
0
0
0
0
171092
0
0
0
0
0
0
0
0
170062
0
0
0
0
0
0
0
0
0
0
0
173469
0
0
0
0
0
144521
0
0
166241
0
0
0
0
0
144521
0
0
0
0
0
0
0
0
0
0
0
0
0
0
0
0
0
0
0
0
0
0
0
0
0
0
0
0
0
0
164448
0
0
0
0
0
0
0
0
0
0
0
0
0
0
0
0
166241
0
165241
0
0
0
0
0
0
0
0
0
0
169157
0
0
0
0
0
0
0
0
0
0
0
0
0
0
147314
0
0
0
0
0
0
147314
0
0
0
0
0
0
0
0
0
0
0
164448
0
0
0
0
0
0
0
0
0
0
0
0
0
0
0
0
0
0
0
0
0
0
0
0
0
168770
176390
0
0
169942
0
0
0
0
0
0
176390
0
0
0
0
0
0
0
0
0
0
0
0
0
0
0
0
0
0
0
0
0
0
0
0
0
0
0
0
0
0
0
0
0
0
0
165266
0
0
180625
0
0
0
0
0
0
0
0
0
0
0
0
0
0
0
0
0
0
0
0
0
0
0
0
0
0
0
0
0
0
0
0
0
0
0
0
0
0
0
0
0
0
0
0
0
0
0
0
0
0
0
0
165266
0
0
0
0
0
0
0
0
0
0
0
0
0
0
0
0
0
0
0
0
0
0
0
0
0
0
0
0
165821
165851
0
0
175157
0
0
0
175372
0
0
0
0
176390
0
0
0
0
166070
0
0
0
0
175372
0
0
0
0
0
176390
0
0
0
0
0
0
0
0
0
0
0
0
176027
0
0
0
167353
0
0
0
0
0
0
0
0
0
169103
0
0
0
0
0
0
0
0
175366
0
0
0
0
0
0
0
0
0
0
176418
0
0
0
0
0
0
0
0
166673
0
177035
0
176027
0
175476
0
0
0
0
0
0
166673
0
0
0
0
0
166673
0
0
0
0
0
0
0
0
0
0
0
0
0
177035
0
0
0
0
0
0
0
0
0
183676
0
0
0
0
0
0
176805
0
0
0
0
0
0
0
0
0
0
0
0
0
0
0
168232
0
0
0
0
0
150267
0
0
0
0
0
0
169319
177517
0
0
0
0
0
0
0
0
0
0
0
0
0
0
0
0
0
0
0
0
0
183676
0
0
0
0
0
179069
0
0
0
0
0
0
0
0
0
0
0
150267
0
0
0
0
0
176832
0
0
0
0
0
0
170279
0
176832
0
0
0
170279
0
0
0
0
0
0
168767
0
0
0
0
0
0
0
0
0
183676
0
0
0
0
0
0
0
0
167789
0
0
150702
0
151138
0
0
179069
172100
0
0
0
0
0
167789
0
0
0
0
0
0
0
0
0
0
0
178666
0
0
0
0
0
0
0
0
0
0
167789
0
0
0
0
172918
0
0
0
0
0
177295
170352
0
0
171270
172918
167789
0
179936
0
0
0
0
0
0
0
0
0
0
0
167789
0
0
0
0
0
0
0
0
0
0
0
0
0
0
0
180335
0
0
0
0
0
0
0
0
0
0
0
174841
0
0
0
0
0
0
0
0
0
0
0
0
0
180335
0
0
0
0
0
0
0
0
0
0
0
0
0
0
0
0
0
0
0
0
0
0
0
0
0
0
174841
0
154890
170352
0
0
168123
0
0
0
173226
0
0
0
0
0
0
0
0
0
0
0
0
0
177295
0
0
0
0
0
0
0
0
179945
170902
0
0
0
0
0
0
0
180335
0
0
0
0
0
0
0
0
0
0
174841
180079
0
0
0
0
0
0
0
0
0
0
0
0
0
155431
0
0
0
0
0
0
0
0
170902
0
0
0
0
0
0
0
0
0
0
0
0
0
0
0
0
0
0
0
0
0
0
0
0
0
0
0
0
0
0
0
0
0
0
0
0
0
0
0
0
0
0
0
0
0
0
0
180295
0
0
0
0
0
0
0
0
0
174841
0
0
0
0
0
0
0
0
0
0
0
0
0
0
0
0
0
0
0
0
0
0
0
0
0
0
0
0
0
0
0
0
0
0
0
0
0
0
0
0
180295
0
0
0
0
0
175248
0
0
0
0
0
0
0
0
0
0
0
179354
175438
0
0
0
0
0
0
0
0
0
0
0
177898
0
0
0
0
0
0
0
0
0
0
0
0
0
0
155431
0
0
0
0
0
0
0
0
0
0
0
0
0
0
0
0
0
187881
0
0
0
0
0
0
0
0
0
0
0
0
0
0
0
0
0
175438
0
0
0
0
0
171460
0
0
0
0
0
0
0
0
0
0
0
0
171460
0
0
0
178799
0
171460
174102
0
0
0
181495
0
0
0
0
0
0
0
183986
0
0
0
0
0
0
0
0
0
0
0
0
0
183986
0
0
0
0
0
181481
0
0
0
0
0
0
0
175438
0
0
0
0
182091
0
171589
0
0
0
0
0
0
0
0
0
0
0
0
0
171589
0
0
0
156301
0
0
180724
0
0
0
0
0
0
0
0
0
0
156301
0
0
0
0
0
0
156301
0
0
0
0
0
0
184930
0
0
0
0
0
0
0
0
0
0
0
0
0
0
0
0
0
0
179212
0
0
0
0
0
0
176620
0
0
0
0
0
0
0
0
0
0
0
0
0
0
0
0
0
0
0
0
0
0
0
190648
180065
0
0
0
0
0
0
0
184930
0
0
0
0
0
0
0
0
0
0
0
0
0
0
185081
0
0
0
0
0
180065
0
185081
0
0
0
0
0
0
0
179314
0
0
0
0
0
0
0
0
0
0
179416
0
172482
0
0
0
0
0
0
0
0
0
0
0
0
172482
0
0
0
182475
0
0
0
0
0
0
0
0
0
0
0
0
0
0
0
185797
0
0
0
0
0
0
0
0
0
0
0
0
0
0
0
0
0
0
177942
0
177942
0
184483
0
0
0
0
173244
0
182199
0
0
183353
0
0
0
0
0
0
0
0
0
0
0
158111
183353
0
0
0
0
0
0
0
0
0
0
0
0
0
0
0
183353
187973
0
0
173244
0
0
0
0
0
0
0
0
184940
0
0
182199
0
0
0
0
0
0
0
0
0
0
0
0
178675
0
0
0
0
0
0
0
0
0
0
0
185367
0
0
0
0
158111
0
0
0
0
0
0
0
0
187423
0
0
0
0
0
0
0
0
0
0
0
0
0
0
0
0
0
0
0
158111
0
0
0
0
0
0
0
0
184345
0
0
0
0
0
0
0
0
0
0
0
0
0
0
0
0
0
0
0
184888
0
0
0
0
0
179164
0
0
0
0
0
0
0
184888
0
0
0
0
0
190199
181116
0
0
0
0
0
0
0
0
0
0
0
0
0
0
0
0
0
0
0
179164
0
0
0
0
0
0
0
0
0
184888
0
0
0
0
158111
184888
0
183806
0
179964
0
0
0
193058
0
0
0
0
0
0
0
0
0
0
0
0
0
0
193058
0
0
0
0
0
0
0
0
0
185341
193058
0
0
0
0
0
0
0
0
0
0
0
0
0
0
0
0
0
0
0
0
0
0
0
0
0
0
0
0
0
0
0
0
0
0
0
0
0
0
0
0
0
0
0
0
0
0
0
0
189249
0
0
0
0
0
0
0
0
0
0
0
0
0
0
0
0
0
0
0
0
0
0
0
0
0
0
0
188568
0
0
0
0
0
0
0
0
0
0
0
0
195342
0
0
0
0
0
0
0
0
0
0
0
0
189535
0
0
0
0
0
0
189535
0
0
0
0
0
0
0
0
0
0
0
0
0
0
0
0
0
0
0
0
0
0
0
0
0
0
0
0
0
0
0
0
0
0
0
182508
0
0
0
0
189957
0
0
0
0
0
0
158571
0
0
0
0
0
0
0
0
0
0
0
0
0
0
0
0
0
0
0
0
0
0
0
0
0
0
0
0
0
0
0
197222
0
0
197222
0
0
0
0
0
175314
159345
0
0
0
0
0
0
0
0
0
0
0
0
0
0
0
0
0
0
0
0
0
0
193614
0
0
0
0
0
190968
0
0
0
175314
0
0
0
0
0
0
0
0
0
190687
0
0
0
0
0
0
0
0
0
0
0
0
0
0
0
0
0
191474
0
0
0
0
0
0
0
0
0
0
184576
0
0
0
0
0
0
184814
0
0
0
0
0
185662
0
0
0
0
0
0
0
0
0
0
0
0
0
0
0
0
0
0
0
0
185456
193614
0
0
191474
0
0
0
0
0
197892
0
0
0
0
0
0
0
0
0
0
0
0
160173
0
0
0
0
0
0
197892
160173
0
0
0
0
0
0
0
0
0
0
0
0
0
186403
0
0
0
197892
191894
0
0
0
0
0
0
0
0
0
0
0
0
0
0
0
0
0
0
0
0
0
185662
0
0
0
0
0
0
0
0
0
0
0
0
0
0
0
0
0
0
193614
0
0
0
0
0
0
0
0
0
0
0
0
0
0
0
0
0
0
189985
0
0
0
0
0
0
0
0
0
0
0
0
0
0
0
0
0
0
0
0
0
186638
0
0
0
0
0
0
0
0
0
0
0
0
0
0
0
0
0
186638
186403
0
0
0
0
0
0
193945
0
0
0
0
0
0
200850
0
193945
0
0
0
0
0
0
0
0
0
0
191569
0
0
0
0
0
183943
0
0
0
0
0
0
0
0
0
0
0
0
0
0
0
0
0
0
0
0
0
0
0
0
0
0
0
0
0
0
193614
0
0
0
0
0
0
0
0
0
0
0
0
0
0
0
176082
0
0
0
191914
160504
0
0
0
0
0
0
0
0
0
0
188158
0
0
0
0
0
191625
0
0
0
0
0
0
0
0
0
0
0
0
0
0
0
0
0
0
0
0
0
0
0
0
0
0
0
0
0
0
188672
0
0
0
0
0
0
200959
0
0
0
0
0
0
0
0
0
0
0
0
0
0
0
176091
0
0
0
0
0
0
0
0
0
194214
0
0
0
0
0
0
0
0
0
0
0
0
0
0
0
0
0
0
0
0
195962
0
0
191625
0
0
0
0
0
0
0
0
195962
0
0
0
0
0
184394
0
0
0
0
0
0
0
0
0
0
0
0
0
0
0
0
0
0
0
195962
0
0
0
0
200990
0
0
0
0
0
0
0
0
0
0
0
0
0
190661
0
0
0
0
0
0
0
0
0
0
0
0
184394
0
195962
0
0
0
0
0
0
0
0
0
0
0
0
0
195962
0
0
0
0
0
0
192171
0
0
0
0
0
0
0
0
0
0
0
0
0
0
0
0
0
162431
0
0
0
0
0
0
0
0
0
0
0
0
0
0
0
0
187963
0
0
0
0
0
0
0
0
0
0
0
0
0
0
193273
0
0
0
0
0
0
0
0
0
0
0
0
0
0
0
0
0
0
193273
0
0
0
0
0
0
187208
0
0
0
193273
0
179138
0
0
0
0
187963
0
0
0
162431
0
0
0
0
0
0
0
162431
0
0
0
192327
0
0
0
0
0
0
0
0
0
0
0
0
0
0
0
0
0
0
194129
0
0
0
0
0
0
0
0
0
0
0
0
0
0
0
0
0
0
0
0
0
0
201934
0
0
0
0
0
0
0
0
0
0
0
0
0
164869
0
164869
0
0
0
197260
0
0
188196
0
0
0
0
0
201934
0
0
0
0
0
0
0
0
0
180982
