0
0
0
0
0
0
0
0
0
0
0
0
0
0
0
0
0
0
0
0
0
0
0
0
0
0
0
0
0
0
0
0
0
0
0
0
0
0
0
0
0
0
0
0
0
0
0
0
0
0
0
0
0
0
0
0
0
0
0
0
0
0
0
0
1868
0
0
0
0
0
0
0
0
0
0
0
1868
0
0
0
0
0
0
0
0
0
0
0
0
0
0
0
0
0
0
0
0
0
0
0
0
0
0
0
0
0
0
0
0
0
0
0
0
0
0
0
0
0
0
779
0
0
0
0
0
0
0
0
0
0
0
0
0
0
0
0
0
0
0
0
0
0
0
0
0
0
0
0
0
0
0
0
0
0
0
0
0
0
0
0
0
0
0
0
0
0
0
0
0
0
0
0
0
0
0
0
0
0
0
0
0
0
0
0
0
0
0
0
0
0
0
0
0
0
0
0
0
0
0
0
0
0
0
45
0
0
0
0
0
0
1768
0
0
0
0
0
0
0
2765
0
0
0
0
0
0
0
0
0
0
0
0
0
0
0
0
0
0
0
0
0
0
0
0
0
0
356
0
0
0
0
0
0
0
0
0
0
0
0
0
0
0
0
160
0
0
0
0
0
0
0
0
0
0
0
0
0
0
0
0
0
0
0
0
0
0
0
0
0
0
0
0
0
0
0
0
0
0
0
0
0
0
0
0
0
0
0
0
0
0
0
0
0
0
0
0
0
0
0
0
0
0
0
0
0
0
0
0
0
0
0
0
0
0
0
0
4700
0
0
0
0
0
4700
2772
0
0
0
0
0
0
0
0
0
0
0
0
0
0
0
0
0
0
0
0
0
160
0
0
0
0
0
0
0
0
0
0
0
0
0
1079
0
0
0
0
0
0
0
0
0
0
0
0
0
0
0
79
0
0
0
2336
0
0
0
0
0
0
0
0
79
0
0
0
0
0
0
0
0
0
0
0
0
0
0
160
0
0
0
0
0
0
0
0
0
0
0
0
0
0
0
0
0
0
5590
0
0
0
0
0
0
0
0
0
0
0
0
0
0
0
2726
0
0
0
1174
0
0
0
0
0
3785
0
0
2954
0
0
0
0
0
0
0
0
0
0
0
0
0
0
0
0
5590
0
162
0
0
0
0
0
1079
1079
0
0
0
0
0
0
0
0
5934
1079
0
0
0
0
0
0
0
0
0
0
0
0
0
0
0
0
0
1846
0
0
0
0
0
0
0
0
0
0
0
0
0
0
0
0
0
0
0
0
0
0
0
0
0
162
0
0
0
0
0
0
0
0
0
0
0
0
0
2875
0
0
0
0
0
0
0
0
0
0
0
0
2875
5671
0
0
0
763
0
0
0
6293
0
0
2954
0
0
0
0
763
0
0
0
0
0
6293
0
0
0
0
0
0
1939
5312
0
0
2060
0
0
0
0
0
0
0
0
0
0
0
0
0
0
1846
0
0
0
0
0
0
0
0
0
0
0
0
0
0
0
0
3268
0
0
0
0
0
2954
0
0
0
5662
3268
0
0
0
0
0
0
0
0
0
0
0
0
0
0
3268
0
0
0
0
0
0
0
0
0
0
0
0
0
0
1846
0
0
0
0
0
0
0
0
0
0
0
0
0
0
0
0
0
0
0
0
0
6293
0
0
4018
0
4018
0
0
0
0
0
3244
0
0
0
0
0
0
0
0
0
0
6798
0
0
0
0
0
0
0
0
3244
0
0
0
0
1846
0
0
0
0
0
0
0
0
0
0
0
0
0
4193
0
0
0
0
1846
0
0
0
3244
0
0
0
0
0
4018
0
4018
0
0
0
0
0
0
1355
0
0
0
0
0
6870
0
0
0
0
0
0
0
0
0
0
0
0
0
0
0
0
0
3244
0
0
0
0
0
0
0
0
0
0
0
0
0
0
0
0
0
0
0
0
0
4193
0
0
0
0
0
0
0
0
0
0
4356
0
0
0
0
0
0
0
0
0
0
0
4677
0
0
0
0
0
0
0
0
0
0
0
0
0
0
0
0
0
0
0
0
0
0
0
0
0
0
8382
0
0
0
0
0
2562
0
0
0
0
0
0
0
0
0
0
0
0
3578
4722
0
0
0
4735
0
0
2562
0
9111
0
0
0
0
0
0
0
0
0
8539
0
0
0
0
0
0
0
0
0
0
4905
0
0
0
4905
0
9821
0
0
3578
0
0
0
0
0
0
0
0
0
0
0
0
0
0
0
8539
5576
0
10051
0
3578
0
0
0
0
0
0
0
0
0
7312
0
0
0
0
0
0
0
0
5061
0
0
0
0
0
0
0
0
0
0
0
3101
0
0
0
0
0
0
0
0
0
0
4983
0
0
0
0
0
0
0
0
0
0
0
0
0
0
0
0
0
0
0
0
3101
0
7559
0
0
0
10126
0
0
0
0
0
11162
0
0
0
0
0
0
0
0
0
0
0
0
0
0
0
0
0
0
0
0
8539
7559
0
3101
0
0
0
0
0
0
0
0
0
0
0
0
0
0
0
0
0
0
0
4191
0
8983
0
0
0
0
0
0
0
3101
0
0
0
8983
0
0
12001
0
0
0
0
0
0
12516
0
0
0
0
0
0
0
0
0
6655
0
7559
0
0
6655
8539
0
0
0
0
3101
6655
0
11645
0
0
0
0
0
0
0
8983
0
0
0
0
0
0
0
0
0
0
0
0
0
0
0
0
0
0
0
0
0
0
0
0
0
0
0
0
0
0
0
0
8639
0
0
0
0
0
0
0
0
0
0
0
0
0
0
0
0
0
0
0
0
0
0
0
0
0
0
0
0
0
0
12516
0
0
0
0
0
4191
12516
0
8639
0
0
9551
0
0
0
0
0
0
0
9554
0
0
0
0
0
0
0
0
0
0
0
0
0
0
0
0
0
0
0
9030
0
0
0
0
12516
0
0
0
0
8639
0
0
0
0
0
0
3998
4191
0
0
0
0
0
0
0
0
0
0
0
0
0
0
0
0
0
10622
0
0
0
0
0
0
0
0
0
0
0
0
0
0
0
0
0
0
0
4191
0
0
0
13191
0
0
0
0
0
0
0
0
0
10251
0
0
0
0
0
0
0
0
0
0
9230
0
0
0
8876
0
0
0
0
0
0
0
0
0
0
0
0
10947
0
0
5634
0
0
0
0
0
0
0
0
0
0
0
0
9230
0
0
0
0
0
0
0
0
0
0
0
0
0
0
0
0
0
0
0
0
0
0
0
0
13841
0
0
0
0
14260
0
0
0
0
0
0
0
0
0
0
0
10251
0
0
0
0
0
0
0
0
0
0
0
0
14559
5634
0
0
0
0
0
0
0
0
0
0
0
0
0
0
0
0
0
0
0
0
0
0
0
0
10376
0
0
0
0
10525
0
0
0
0
0
0
0
0
0
0
0
0
0
0
0
0
0
0
0
0
5634
0
0
0
0
0
0
0
10754
0
0
0
14559
0
0
0
0
0
0
9691
0
0
0
0
0
0
0
0
0
0
0
0
0
0
0
0
10947
0
0
0
0
0
0
0
0
0
0
0
0
0
0
0
0
0
0
0
0
0
0
0
0
0
0
0
0
0
0
10754
0
0
0
0
0
0
0
0
0
0
0
0
0
0
0
0
0
0
0
0
15393
11482
0
0
0
0
0
0
0
0
11448
0
15431
0
0
11448
0
0
0
0
0
0
0
0
0
0
0
0
0
0
0
0
15431
0
0
0
0
0
0
0
11448
0
0
0
0
0
0
0
0
0
0
0
8798
0
0
0
0
0
0
0
11733
0
0
0
11773
0
12026
0
0
0
0
0
0
0
0
0
0
0
0
0
0
0
0
0
0
0
11487
0
0
0
0
0
0
7907
0
11733
0
11487
0
0
0
0
0
0
12026
0
0
0
0
0
0
0
0
0
0
0
0
0
0
0
0
16261
0
0
0
0
0
0
0
0
0
0
0
0
0
0
0
0
0
0
0
0
0
0
13550
0
0
0
0
0
0
12026
0
0
0
0
0
0
0
0
0
0
0
16261
0
0
0
0
0
0
0
0
0
0
9997
0
0
0
0
0
0
0
0
0
0
0
0
0
16646
0
0
0
0
0
0
0
0
0
0
0
0
0
13555
0
0
0
0
0
0
0
13659
0
0
0
0
0
0
0
0
0
0
0
0
0
0
0
0
0
0
12487
0
13280
0
0
0
0
0
13280
0
0
0
0
0
13659
0
0
0
0
0
0
0
0
0
0
0
0
14230
0
0
13280
0
0
0
0
0
0
17109
0
0
10009
0
0
0
0
0
0
0
0
0
13133
0
0
14286
0
0
0
0
13280
0
0
0
0
0
0
0
0
0
0
16964
0
0
0
0
0
0
0
14461
0
0
0
0
0
0
0
0
0
0
0
0
0
0
9349
0
0
0
0
0
0
16964
0
0
0
0
0
0
0
0
0
0
9349
0
0
0
0
0
0
0
0
0
0
0
0
0
0
0
0
0
0
0
0
0
0
0
0
0
0
0
0
0
0
0
0
0
0
0
0
0
0
0
0
0
17141
10562
0
14976
0
0
0
0
0
0
0
0
0
0
0
0
0
0
0
0
0
14754
0
0
0
0
0
0
0
17141
0
0
0
0
0
0
0
0
0
0
0
0
0
0
0
0
0
0
0
0
15758
0
0
0
0
0
0
0
0
14212
0
0
0
0
0
0
0
0
0
0
0
0
0
0
0
0
0
0
0
0
14212
0
0
0
0
0
0
0
0
0
0
0
0
0
0
0
0
0
0
17461
0
0
16822
0
0
0
0
15249
0
0
0
0
0
0
0
0
0
0
0
0
0
10861
0
0
0
0
0
16785
0
0
0
0
0
0
0
0
0
0
19084
0
0
16822
16822
0
14866
0
0
0
0
0
0
0
0
0
0
0
0
0
0
0
0
0
0
0
0
18283
0
0
0
0
0
0
19619
0
0
0
0
0
0
0
0
0
0
0
0
0
0
0
0
0
0
0
0
0
0
0
0
0
0
0
0
0
0
0
0
0
0
0
0
0
0
0
0
0
0
0
11398
0
20012
20012
0
0
0
0
0
0
0
0
0
0
11398
0
0
0
0
0
0
0
0
16373
0
0
0
0
0
0
17753
0
0
0
0
0
0
0
0
0
0
0
18212
18766
0
0
0
0
0
0
0
0
19619
0
0
0
16652
18467
15492
0
0
0
0
0
0
0
0
0
0
0
0
11398
0
0
0
0
0
0
0
0
0
0
11398
0
0
0
0
0
0
0
0
0
0
0
0
0
0
0
0
0
0
21189
0
0
0
0
18212
0
0
0
0
0
0
0
0
0
0
0
0
0
0
0
0
0
0
11398
0
16652
0
0
19587
18212
19839
0
0
0
17471
0
19619
0
0
0
17471
0
0
0
19619
18661
17471
0
0
0
16069
18712
0
0
0
0
0
0
0
0
0
11398
0
0
0
0
0
0
0
0
0
0
0
0
0
0
0
0
0
0
0
0
0
0
0
0
0
0
0
0
0
0
0
0
0
0
0
0
0
0
0
0
0
0
0
0
0
0
0
0
0
0
0
0
0
0
0
0
0
0
0
0
0
0
18712
0
0
0
0
0
0
0
0
0
0
0
0
0
0
18512
0
0
0
0
0
0
20848
0
0
0
0
0
0
0
0
0
0
0
0
0
0
0
0
0
20848
0
0
0
0
0
0
0
0
0
0
0
0
0
0
0
0
0
21156
0
0
0
0
0
0
24095
17369
19730
0
0
0
0
0
0
0
21156
19603
18949
0
0
0
20534
0
0
0
0
24424
0
0
0
0
0
0
17369
0
0
0
0
0
0
0
0
0
0
0
0
0
0
0
0
0
0
0
0
0
0
0
0
0
0
0
0
0
0
0
18512
0
22014
0
0
0
0
0
0
0
0
0
0
0
0
0
0
0
19347
0
17369
0
0
0
18216
0
0
21216
0
19151
21216
0
0
0
0
0
0
0
19603
0
0
0
0
0
0
0
0
0
0
0
0
0
0
0
0
0
0
22609
0
0
0
0
0
0
0
0
0
0
0
0
0
0
0
0
19603
0
25238
0
0
0
0
21003
0
0
0
0
0
0
0
0
0
0
0
0
0
0
0
0
0
0
0
19393
0
0
0
0
0
0
0
0
0
0
0
0
0
20327
0
0
0
0
0
0
0
0
0
25238
0
0
0
0
0
0
0
0
0
0
21780
0
0
0
0
0
0
0
0
0
0
0
0
0
0
0
0
0
0
0
0
0
0
0
19393
16576
0
0
0
0
19393
0
25670
0
0
0
0
0
0
0
0
0
0
0
0
0
0
0
0
0
0
0
0
17529
0
0
0
0
0
0
0
0
0
24227
0
0
0
0
0
0
0
0
0
0
0
0
0
0
0
0
0
0
0
24227
0
0
0
0
0
0
0
0
17383
0
0
0
0
0
18576
0
0
0
0
0
0
0
0
0
0
0
0
0
0
0
0
0
0
0
0
0
0
0
0
0
0
0
0
0
24227
20691
0
0
0
0
0
0
0
0
0
0
0
0
0
0
0
0
0
18965
20263
0
0
0
0
0
0
17383
0
0
0
0
0
0
0
0
0
0
0
0
0
0
0
0
0
0
0
0
0
21063
0
0
0
0
0
0
0
0
0
0
0
23146
0
0
0
0
0
0
0
0
0
0
0
0
0
0
0
0
0
0
0
0
0
0
0
0
0
0
0
0
0
25805
21063
0
0
0
0
0
0
18965
0
0
0
0
0
0
0
0
0
0
0
0
0
0
0
0
0
0
0
0
0
25805
0
0
0
0
0
0
0
0
0
0
0
0
0
0
0
0
0
0
0
0
0
0
0
0
0
0
0
0
0
0
0
0
24131
0
0
0
0
20327
0
0
0
0
0
0
0
0
0
0
0
0
0
0
0
0
0
0
0
0
0
0
0
0
0
0
0
0
0
0
0
0
18203
0
0
0
0
21289
0
0
0
0
0
0
0
0
0
0
0
0
26200
0
0
0
0
0
0
0
0
0
0
26200
0
0
0
0
0
0
0
0
0
0
0
0
0
20968
0
0
0
0
0
0
0
0
26200
0
0
0
0
0
0
0
0
0
0
0
0
0
0
0
0
0
0
0
0
0
0
0
0
0
0
0
0
0
0
0
0
26268
0
20968
0
0
0
0
0
0
0
0
26268
0
0
0
0
0
0
0
0
0
0
0
0
0
0
0
22986
0
0
0
0
0
0
0
0
0
0
0
0
0
0
0
0
0
25379
0
0
0
0
0
0
0
0
0
0
0
0
0
0
0
0
0
0
0
0
0
0
0
0
25379
0
0
0
26268
0
26268
0
0
25670
0
0
21840
0
0
0
0
0
0
24120
0
0
0
0
0
0
0
21840
20968
26627
27059
0
0
0
26627
0
0
0
0
0
0
0
0
0
0
0
0
0
0
0
0
0
0
0
0
0
0
0
0
0
0
0
0
0
0
21623
0
0
0
0
0
22298
0
0
0
22592
0
0
0
0
0
0
0
0
27059
26627
0
0
0
0
0
0
0
0
0
0
0
0
0
0
0
0
0
0
0
0
0
0
0
0
0
0
0
0
0
0
0
0
0
0
0
0
0
0
22298
22298
0
0
0
0
0
0
0
0
0
0
22000
0
0
0
24945
0
27059
0
0
0
0
0
0
0
0
0
0
26627
0
0
0
26314
0
0
0
0
0
0
0
0
0
0
26404
0
0
0
18859
0
0
26627
0
0
0
0
0
0
0
0
0
0
0
0
0
0
0
0
0
22606
0
23944
0
0
27121
0
0
0
0
0
0
0
0
0
0
0
0
0
0
0
0
0
0
0
18859
0
0
0
0
0
0
0
0
0
0
0
0
0
0
23944
0
0
0
0
0
0
0
0
0
0
0
0
0
0
0
0
0
0
0
0
0
0
26314
0
0
0
0
0
0
0
0
0
0
22606
0
0
0
0
0
0
28693
0
0
0
0
0
0
0
22810
0
0
0
22000
0
25807
0
0
0
0
0
0
0
0
0
0
28693
0
0
0
0
0
0
0
0
0
0
0
23944
0
28693
0
0
0
0
27013
0
0
27013
0
0
0
0
0
0
0
0
0
0
0
0
0
0
27602
0
0
0
0
0
0
0
0
0
0
0
0
0
0
0
0
0
22810
0
0
0
0
0
0
0
0
0
0
0
0
0
0
0
0
0
0
0
28693
0
0
0
0
0
0
0
0
0
0
0
0
0
0
0
0
0
0
0
23682
0
0
0
0
0
0
26275
0
20216
0
0
0
0
0
0
0
0
0
0
0
0
0
0
0
0
0
0
0
0
0
28693
0
0
0
0
0
0
26275
0
0
0
0
24876
0
0
0
0
28693
0
22829
0
0
0
0
0
0
0
0
0
27602
0
0
0
0
0
29108
0
0
27602
0
0
0
0
0
0
0
0
0
0
0
0
25083
28453
0
0
0
0
0
28453
0
0
0
0
0
0
24876
25206
0
0
0
0
0
0
0
0
0
0
0
0
0
23226
0
0
0
0
0
0
0
0
0
0
0
0
0
0
0
0
0
0
0
0
0
0
0
0
0
0
0
0
0
0
0
0
0
0
0
0
0
0
0
0
0
0
0
0
0
0
0
0
0
0
0
0
0
0
0
0
0
0
0
0
0
0
0
0
0
0
0
0
0
0
0
0
0
0
0
28032
0
23744
0
0
0
0
0
0
0
29410
0
24876
0
0
0
0
0
0
0
0
28032
0
0
0
0
28454
0
0
0
0
0
0
0
0
0
26165
0
0
0
0
0
0
0
0
0
0
0
0
0
0
0
0
0
0
0
0
0
0
29581
0
0
0
0
29729
0
0
0
0
0
0
0
0
0
0
0
0
0
0
29410
0
0
0
25844
0
0
0
0
29131
0
0
0
0
0
0
0
0
0
0
0
0
0
0
0
0
0
0
0
0
0
0
0
0
0
0
0
0
0
0
0
0
0
0
0
0
0
0
0
0
0
0
0
0
0
0
0
0
0
0
0
27692
0
0
0
0
0
0
0
0
0
0
0
0
0
0
0
0
0
0
0
0
0
0
0
0
0
0
0
30059
0
0
0
0
0
0
0
0
0
27479
26143
0
0
0
0
26667
0
0
0
0
0
0
0
0
0
0
0
0
0
0
0
0
0
0
0
0
0
0
0
0
30059
0
0
0
0
0
0
0
26667
0
0
28784
0
0
0
0
30388
0
0
0
0
0
0
0
0
0
0
0
0
0
0
0
0
0
0
0
0
0
0
0
0
0
0
0
0
0
0
0
0
0
0
30388
0
0
26914
0
0
0
0
0
0
0
0
0
0
26914
0
0
0
0
0
0
0
0
0
0
0
0
0
0
0
0
0
0
0
0
0
28674
0
30828
0
0
0
30230
0
0
0
0
0
0
0
0
0
0
0
0
0
0
0
0
30230
0
0
0
0
30059
0
0
0
0
0
0
0
0
0
0
0
0
0
0
0
0
0
0
0
0
0
28674
0
0
0
0
0
0
0
0
0
0
0
0
0
0
0
0
0
30230
0
28174
0
0
0
0
0
0
0
0
0
23868
0
0
0
0
0
0
0
0
24063
29964
30050
0
0
0
0
0
0
0
0
0
0
0
31216
0
0
0
0
0
0
0
0
0
0
31471
28278
0
0
0
0
0
28174
0
0
0
0
0
0
0
0
0
33351
29065
0
0
0
28174
29104
0
0
0
0
0
0
0
0
0
0
0
0
0
0
0
0
0
0
0
33351
0
0
0
0
0
0
0
0
0
0
0
0
0
0
0
0
0
0
0
0
0
0
0
0
0
0
0
33074
0
0
0
0
0
0
0
0
31216
0
0
0
0
0
0
24797
0
0
31552
0
0
0
31216
0
0
31216
0
0
0
0
0
0
0
0
0
0
0
0
0
0
0
0
0
0
0
0
0
0
0
0
0
0
0
0
0
0
0
0
0
0
0
0
0
0
0
0
0
0
28870
0
0
0
0
0
0
0
0
0
0
0
33301
0
0
0
0
0
0
0
0
0
0
0
0
31216
0
0
0
0
0
0
0
0
0
0
0
0
0
0
0
0
0
0
0
0
0
0
32907
0
0
0
0
0
0
0
0
0
0
0
0
0
0
0
0
0
0
0
29246
0
0
0
0
29246
29937
0
0
0
0
0
0
0
0
0
0
0
0
0
0
0
0
0
0
0
0
32581
0
0
0
0
0
0
0
0
0
0
0
0
0
0
0
0
0
0
0
0
0
0
0
0
0
0
33027
0
0
0
33375
0
29246
0
0
0
0
0
0
0
0
0
0
0
0
0
26261
0
33389
0
0
0
0
29937
30118
0
0
0
0
0
0
0
0
0
0
29246
0
0
0
0
0
0
0
0
29937
0
0
0
0
0
0
0
0
0
0
0
0
0
0
0
0
0
0
0
0
0
0
0
0
0
0
0
0
0
0
0
0
0
0
0
0
0
0
0
0
0
0
0
0
0
32072
0
0
0
0
0
0
0
0
0
0
0
0
0
0
34257
0
0
0
0
0
0
32148
0
0
0
0
0
0
0
0
0
0
26261
0
0
0
0
0
0
0
0
0
0
0
0
0
0
0
32196
0
0
0
0
0
0
0
0
0
0
0
0
0
0
0
0
0
0
0
0
0
0
0
0
0
0
0
0
0
0
0
0
0
0
0
0
0
0
0
0
0
0
0
0
0
0
0
35599
0
0
35599
0
0
0
33027
0
0
0
0
0
0
0
0
29283
0
0
0
33027
0
0
32778
0
0
36908
0
0
0
0
0
0
0
0
0
0
33027
32778
0
0
0
0
0
0
0
0
0
0
0
0
0
0
0
0
0
0
0
0
32765
0
37163
0
0
37163
0
0
0
0
0
0
0
0
0
0
0
32765
0
0
0
0
0
0
0
0
0
0
0
0
0
0
33150
0
0
0
0
0
0
0
38933
0
0
0
0
0
0
0
0
32765
0
0
0
0
0
0
0
0
0
29283
0
0
0
0
0
0
0
0
0
0
0
0
0
0
0
0
0
0
0
0
0
0
0
0
0
0
0
0
0
0
0
0
0
0
0
0
0
0
0
0
0
0
0
0
0
0
0
0
0
0
0
0
0
0
0
27373
0
0
0
0
38933
0
0
0
38933
0
0
0
0
0
0
0
0
36890
0
0
0
0
0
0
0
0
0
32765
0
0
0
0
0
0
32765
0
0
0
0
0
0
0
0
0
27373
36890
0
0
0
0
38933
0
0
0
33150
0
0
0
0
0
0
0
0
0
0
0
0
0
0
0
0
0
0
0
0
0
0
0
0
0
0
0
0
39721
0
0
0
0
0
36890
0
0
0
0
39721
0
0
0
34613
0
0
0
0
0
0
0
0
0
37163
0
0
0
0
30498
0
0
0
0
0
0
40019
0
0
0
0
0
0
0
0
0
0
36890
0
0
0
0
0
0
0
0
0
0
0
0
0
37163
27373
0
0
0
0
0
34613
0
0
0
37163
40351
0
0
34748
0
0
0
0
27373
0
0
0
0
0
0
0
0
0
0
0
0
0
0
0
0
0
0
0
0
0
0
0
0
0
0
0
0
0
36184
0
0
0
0
0
0
0
32967
0
0
0
0
0
0
0
0
34165
0
0
0
0
37163
0
0
0
0
0
36184
0
0
0
0
0
0
34165
0
0
0
0
0
0
0
0
0
0
0
0
28973
0
0
37163
0
35107
0
0
0
0
0
0
0
40351
33060
0
0
0
0
0
0
0
0
0
0
0
0
0
0
0
0
0
0
0
0
0
0
0
0
0
0
0
0
0
0
0
0
0
0
0
0
0
0
35880
0
0
0
0
0
0
0
0
0
0
0
0
0
0
0
0
37204
0
0
0
0
0
0
0
0
0
40351
0
0
0
0
0
33060
33060
0
0
0
0
0
0
0
0
0
0
0
0
0
0
0
0
0
0
0
0
0
33404
36071
0
37163
0
0
0
0
0
0
0
0
0
36071
0
0
37345
0
0
0
0
0
0
0
0
0
0
0
0
0
0
0
0
0
0
0
0
0
0
0
0
0
0
0
40351
0
0
0
0
0
0
0
0
0
0
0
0
0
0
0
0
0
0
0
0
0
0
0
0
0
0
0
0
0
0
0
0
0
0
0
0
0
38554
0
32960
37204
0
0
0
0
0
0
0
0
0
0
0
38554
0
0
0
0
0
0
0
0
0
0
0
0
0
0
35463
0
0
0
0
0
0
0
0
33979
0
0
35176
0
33979
0
0
0
0
0
0
0
0
0
0
0
0
0
39417
0
37204
0
0
0
0
0
0
0
0
0
0
0
0
0
0
0
0
0
0
0
0
0
0
0
0
0
0
0
0
0
0
0
0
33277
0
0
0
0
35856
0
0
0
0
0
0
0
0
0
0
0
0
0
0
0
0
0
0
0
0
0
0
35919
0
0
0
0
0
0
0
0
0
0
0
31020
0
0
35919
0
0
33979
0
0
0
0
0
0
36732
0
0
0
0
0
35919
0
0
0
0
0
0
0
0
0
0
0
0
0
0
0
35963
0
0
0
0
0
0
0
0
0
31886
0
0
0
39526
0
0
0
0
0
0
0
0
0
0
0
0
0
0
0
0
0
0
0
0
0
0
0
33979
0
0
0
35701
0
0
0
0
0
0
0
41410
0
0
0
38060
0
0
0
0
36732
0
0
0
0
0
36732
0
0
0
0
0
0
0
0
0
0
0
0
38060
0
35701
35701
0
0
36355
38060
0
0
0
0
0
35701
38644
38644
0
0
0
33051
0
0
0
38060
0
34333
0
36485
0
0
0
0
0
36485
0
0
0
0
0
0
0
0
0
0
0
0
0
0
36738
0
0
0
0
0
0
0
0
0
36355
0
0
0
0
0
0
36355
36485
0
0
0
0
0
0
0
0
0
34333
0
0
0
0
0
0
0
0
0
0
0
0
37937
34333
0
36738
0
0
0
0
0
0
40411
0
0
0
0
36485
0
0
0
0
0
0
0
0
0
0
0
0
0
0
0
0
0
0
0
0
0
0
0
0
0
0
0
0
0
0
0
0
0
0
0
0
0
39556
0
0
0
0
0
0
0
0
0
0
0
0
0
0
0
0
0
38947
0
0
0
38947
0
0
0
0
0
0
0
0
0
43907
0
0
0
0
0
0
0
0
0
0
0
0
0
0
0
36485
0
0
0
0
0
0
0
0
0
0
0
0
0
40069
0
0
0
0
0
0
0
0
0
0
0
0
0
0
0
0
44227
0
0
0
0
0
0
0
0
43907
0
0
0
0
0
0
0
0
0
0
0
0
0
0
0
0
0
0
0
0
0
0
0
0
44227
0
0
0
0
0
37169
0
0
0
0
0
0
0
0
0
0
0
44548
0
0
0
0
0
0
0
0
0
37266
0
0
0
0
0
0
0
0
37806
0
0
0
0
41905
0
0
0
0
0
0
0
0
0
0
0
37266
0
0
0
0
0
0
0
0
0
0
37548
0
41975
0
44548
0
38947
0
0
0
0
0
0
0
0
0
0
0
0
0
0
0
0
0
0
0
0
0
0
45315
0
0
0
0
0
0
0
0
0
0
0
0
0
0
37806
0
0
38722
0
0
38389
0
0
0
35454
0
0
0
0
0
0
0
0
0
0
0
42322
0
0
0
41824
0
0
0
0
0
0
0
0
0
0
0
0
0
0
0
0
0
35454
35454
0
0
0
0
0
0
0
41824
0
0
45343
0
0
0
0
0
0
45343
0
0
0
0
0
0
0
0
0
0
0
0
0
0
0
0
0
0
0
0
40076
0
0
0
0
0
0
0
0
0
0
0
0
0
0
0
0
0
0
0
0
0
44903
0
0
0
0
0
0
0
0
0
0
0
0
39081
0
0
0
0
0
0
0
0
0
0
0
0
0
0
44277
0
0
0
0
0
0
45013
0
0
0
0
0
0
0
0
0
0
0
0
0
0
0
0
0
0
0
36599
44277
0
0
0
0
0
0
0
0
0
0
0
0
0
0
39081
0
44457
0
0
44118
0
0
0
44457
0
0
0
0
0
0
0
39081
0
0
0
0
0
0
0
0
0
0
0
0
0
0
0
37531
0
0
0
36599
0
0
0
0
0
0
0
0
44457
0
0
0
0
0
0
0
0
0
0
0
0
0
0
0
0
0
0
0
0
0
0
0
0
0
0
0
39416
0
0
0
0
49371
0
0
0
0
0
44937
0
0
0
0
0
0
0
0
0
0
0
36605
0
0
36605
0
0
0
0
0
0
0
0
0
0
0
0
0
0
0
0
0
0
0
37531
0
0
0
0
0
46111
0
0
0
39803
0
0
0
0
0
0
0
0
0
0
0
0
0
0
0
0
0
0
0
46663
0
37379
0
0
0
42005
0
0
0
41192
39803
0
0
0
0
0
0
0
0
0
0
0
0
0
0
0
0
39964
0
0
0
41353
42154
0
0
0
0
0
0
0
0
37901
0
0
0
0
0
0
0
0
0
0
0
0
0
0
0
0
0
0
0
0
0
0
0
0
0
0
44937
0
0
0
0
0
0
0
0
0
0
0
0
0
0
0
0
40200
0
0
0
0
0
0
0
0
0
46670
0
42154
0
0
0
0
0
0
0
0
0
0
0
0
0
0
0
0
46670
0
0
38872
0
0
0
0
0
0
0
0
0
0
0
0
0
0
0
0
0
0
37999
0
0
0
0
0
0
0
0
0
48021
0
0
0
0
0
0
0
0
0
0
0
0
0
0
0
0
0
0
0
0
0
0
0
0
0
0
0
0
0
0
0
0
0
0
0
0
0
0
0
49849
0
0
0
0
0
0
0
0
0
0
0
0
48021
0
0
0
0
0
0
42370
0
42370
0
0
39582
0
0
0
0
0
0
0
0
0
0
0
0
0
0
49849
0
0
39582
0
0
0
0
0
0
0
0
49849
0
0
0
0
0
0
0
0
0
0
0
0
0
0
0
0
0
0
0
0
0
0
0
0
0
0
0
0
0
0
0
0
0
0
0
0
0
0
0
0
0
0
0
0
49683
0
0
0
0
40345
0
0
0
0
0
0
0
0
0
0
0
0
0
0
0
0
0
0
0
0
0
0
0
0
0
0
0
0
48754
0
0
0
0
0
0
0
0
0
42962
0
0
0
0
0
0
40345
0
0
0
49849
0
0
0
0
0
0
0
0
0
0
0
0
0
0
0
0
0
0
0
0
0
0
0
0
0
0
0
0
0
0
0
0
0
41028
0
0
0
0
0
0
0
0
0
0
0
0
0
0
49849
0
47035
0
0
0
0
0
43071
0
0
0
0
0
0
0
0
0
0
0
0
43205
0
0
0
0
0
50377
43205
49636
0
47035
0
0
0
47901
0
0
0
41028
0
0
0
0
0
0
0
0
41028
0
0
0
0
47901
0
0
0
0
0
0
0
0
0
0
0
0
0
0
0
0
0
0
0
0
0
0
0
0
0
0
0
0
0
0
0
41028
0
0
0
0
0
0
0
0
0
0
0
0
0
0
0
43963
0
0
0
0
0
0
0
0
0
0
0
0
0
0
0
0
0
0
0
0
0
0
0
0
0
0
0
0
0
0
0
0
0
0
0
0
42197
0
0
0
0
0
0
0
0
0
0
0
0
0
45716
51827
0
0
0
0
0
0
0
0
0
0
0
0
0
46394
0
0
0
0
0
0
0
0
0
0
43963
0
0
50601
42197
0
0
0
43963
0
0
0
45592
0
0
0
0
0
0
0
0
0
0
0
48893
0
0
0
0
0
45592
0
48893
0
0
0
43593
0
0
0
46394
50601
0
45716
0
0
0
0
0
0
0
0
0
0
0
48893
0
0
53831
0
0
0
0
0
46083
0
0
0
0
0
0
0
0
0
0
0
0
45592
0
0
0
0
0
0
0
0
0
0
45158
0
0
0
0
0
0
0
0
0
0
0
0
0
54010
0
43593
0
48893
0
0
0
0
42874
0
0
0
0
0
0
0
0
0
0
0
0
0
48893
0
0
0
0
0
0
0
54749
0
0
0
0
0
0
42874
0
0
0
0
0
0
0
0
0
0
0
0
0
0
0
0
0
0
53139
0
0
0
0
0
0
0
0
0
0
46693
0
0
0
0
0
0
0
0
0
0
0
47057
0
0
0
55937
46991
53139
0
0
0
0
0
0
0
0
0
0
47057
0
0
0
0
0
0
0
0
44201
0
0
47546
53032
0
47546
0
55937
0
0
0
0
0
53139
0
0
0
0
0
0
47702
0
0
0
47702
0
0
0
50347
0
0
0
0
0
0
0
0
0
0
0
0
0
0
0
0
47669
46655
0
0
0
0
0
0
0
0
0
0
0
0
0
0
0
0
0
0
0
0
0
0
0
0
44201
0
0
0
0
0
0
0
47057
0
0
53694
0
0
47178
0
0
47178
0
0
0
0
0
0
0
43152
0
0
44869
55937
0
0
0
0
0
0
0
0
0
0
44869
0
0
0
0
48087
0
0
0
0
0
0
0
0
0
0
0
0
0
0
0
0
0
0
0
0
44023
0
0
0
50574
0
0
0
0
0
0
0
0
0
0
0
53139
0
0
0
0
0
0
0
0
0
0
0
0
0
48720
0
0
0
0
0
0
44023
0
0
0
0
0
0
0
0
0
50574
0
0
0
0
45191
0
0
0
0
0
55937
0
55937
0
55937
55937
0
53139
0
0
0
0
0
0
0
0
0
0
0
0
0
0
49166
0
0
0
0
0
0
0
0
0
0
48882
0
44023
0
0
0
0
0
0
0
0
0
0
0
0
0
0
0
0
0
0
0
0
0
0
48720
0
0
49495
0
0
0
0
0
0
0
0
0
45043
0
45191
0
0
0
0
0
0
49166
0
0
53806
0
0
0
0
0
0
0
0
0
0
0
0
0
0
0
0
0
0
49166
0
0
48087
0
0
0
0
0
0
0
0
0
0
56871
0
0
0
0
0
0
49740
0
49250
0
0
0
0
0
0
0
0
0
0
0
0
0
0
0
0
0
0
0
0
0
55033
0
0
49250
0
0
0
50780
0
0
0
0
0
0
46530
0
0
0
45391
0
0
0
0
0
0
55033
0
0
0
0
0
0
0
0
0
49740
0
0
49740
46530
0
0
0
0
0
0
0
0
0
0
0
0
0
0
0
0
0
0
0
0
0
0
45915
0
0
0
0
0
0
0
0
0
0
0
0
0
0
0
0
0
0
0
0
0
0
0
0
55010
0
0
0
0
0
0
0
0
49740
0
0
49073
0
0
0
0
0
0
0
55010
0
0
0
0
0
0
50042
0
0
0
0
0
0
0
0
59432
0
0
0
50590
0
0
0
0
0
0
0
0
0
0
0
46530
49073
0
0
0
0
0
0
0
0
0
0
49073
0
0
0
0
0
0
0
0
0
0
0
0
0
0
0
0
0
0
0
0
0
0
0
0
0
0
0
0
0
0
0
0
0
0
0
0
0
0
0
0
0
0
48531
50590
0
0
59641
0
0
0
0
0
0
0
0
0
0
0
59641
0
0
49972
0
0
49443
0
0
0
0
0
0
0
0
50590
0
0
56857
0
0
0
0
0
0
0
0
0
0
0
0
0
0
0
0
0
0
0
0
0
0
0
0
0
0
0
0
48931
0
0
0
0
0
0
0
0
0
0
0
0
0
0
0
0
0
0
0
0
0
0
0
0
0
0
0
0
0
50571
0
0
0
0
0
0
0
0
0
0
0
0
0
0
0
49806
0
0
0
0
0
0
0
0
0
0
50571
0
0
0
0
0
50119
0
0
0
49443
0
0
49806
0
0
0
0
0
0
0
0
0
52607
0
0
0
0
0
53443
0
0
0
0
0
0
0
0
0
53443
0
0
0
0
0
0
53443
0
0
0
50355
0
0
0
0
0
0
0
0
0
0
0
0
0
0
0
0
48445
0
0
0
53153
0
0
0
0
61047
57409
0
0
0
0
0
0
0
48445
0
0
0
0
0
0
0
0
0
0
0
0
0
0
0
0
0
0
0
0
0
0
0
48445
0
0
0
0
0
51577
53443
0
0
0
0
0
0
0
0
50926
0
0
48445
0
51816
0
0
0
0
0
0
0
0
59050
0
0
0
0
0
0
0
0
0
0
0
0
0
48445
0
61047
0
0
0
0
0
0
0
50926
0
0
0
0
0
0
0
0
0
0
0
58364
0
0
0
0
0
0
0
0
61047
48755
48755
0
0
0
0
0
51994
0
0
0
0
0
51991
0
0
0
51991
0
53443
0
0
0
0
0
0
0
0
51001
0
0
0
0
0
0
0
0
0
0
0
0
0
0
0
0
0
0
0
58364
0
0
0
0
0
0
0
0
0
0
0
0
0
0
0
0
0
0
0
0
0
0
0
0
0
0
0
0
0
61047
0
0
0
0
0
0
0
0
0
0
0
0
0
59858
0
0
0
0
0
0
0
0
0
54596
53065
0
0
0
53065
0
0
0
0
0
0
0
0
0
0
0
0
0
0
0
0
0
0
0
0
0
0
0
50995
52924
0
0
0
49628
0
0
0
0
0
0
0
0
0
0
0
0
0
0
0
0
0
0
0
0
53147
0
0
0
0
0
0
0
0
0
50995
0
0
0
0
0
0
0
0
0
0
0
0
0
0
0
0
0
0
0
54213
0
0
0
55260
0
60195
0
0
0
0
0
0
0
0
0
0
0
0
0
53147
60195
0
0
0
0
0
0
0
51174
0
0
0
0
0
0
54213
0
0
59360
50995
0
0
0
0
0
53313
0
0
0
0
0
0
0
0
0
0
0
0
0
0
0
62065
0
0
0
0
0
0
0
0
0
0
0
0
0
0
61182
0
0
0
0
0
0
0
0
0
0
0
0
0
0
0
0
56254
0
0
0
0
0
0
0
51052
0
0
0
62065
0
0
0
0
0
0
0
0
0
0
0
0
0
0
0
0
0
0
0
0
0
0
0
0
0
0
0
0
0
0
55426
0
0
0
0
0
0
0
0
0
0
0
0
0
0
0
0
0
0
0
55426
0
0
51052
62065
0
0
0
0
0
0
0
0
0
0
0
0
0
0
0
0
0
0
51523
0
0
51523
0
0
61182
0
0
0
0
0
0
0
0
0
0
0
0
0
0
0
0
0
0
0
0
0
0
0
61182
0
0
0
0
0
0
0
55115
0
0
0
0
0
0
0
0
0
0
0
0
0
0
0
0
0
0
0
0
0
0
0
0
0
0
0
0
0
0
0
0
0
0
0
0
0
0
0
0
0
0
0
0
0
0
0
0
0
0
0
0
0
0
52101
0
0
0
0
58442
0
0
0
0
0
0
0
0
0
0
0
0
0
0
0
0
0
0
0
0
56016
0
0
0
56016
0
0
0
0
0
0
0
0
0
0
0
0
0
0
0
0
0
0
0
0
0
0
0
0
0
0
0
0
0
0
0
0
0
0
0
0
0
0
0
0
0
0
60040
0
0
0
0
0
0
0
0
0
0
0
0
0
0
0
0
0
55874
0
0
0
0
0
0
0
0
0
53848
0
0
57125
0
0
0
0
0
0
0
0
0
0
0
0
0
0
0
0
0
0
0
0
0
0
0
0
0
0
0
0
0
0
0
0
0
0
0
0
0
57342
0
60040
0
0
0
0
0
57752
0
0
0
0
0
0
0
0
0
0
58032
0
0
0
0
0
0
0
0
0
0
0
0
60435
58032
0
0
0
0
0
0
0
0
0
0
0
0
0
0
0
0
60435
0
0
0
0
0
0
0
0
58473
0
0
0
0
58032
0
62288
0
0
0
0
0
0
0
0
0
0
0
0
0
0
0
58499
0
0
0
0
0
0
0
0
0
0
0
0
0
0
63102
58473
56899
0
0
0
62288
0
0
0
0
0
0
0
0
0
0
0
0
0
0
0
60916
0
0
0
0
0
0
63159
0
0
0
0
51741
0
0
0
0
0
0
0
0
0
0
60036
0
0
0
0
0
0
0
0
0
0
61772
0
0
0
0
0
0
0
0
0
0
0
0
0
0
0
56899
0
0
0
0
52501
0
59744
55695
0
0
0
0
0
0
0
0
0
0
0
63159
0
0
0
0
0
0
59884
55695
0
0
0
0
0
0
0
0
55695
0
0
0
0
0
0
0
0
0
60036
0
0
0
0
0
0
0
0
0
0
59884
0
0
0
0
0
0
0
0
0
0
0
0
0
0
0
0
0
0
0
0
0
0
0
0
0
0
0
0
0
0
0
0
0
0
0
0
0
0
0
0
0
0
0
0
0
0
0
0
0
0
0
0
0
0
0
0
0
0
0
0
0
0
0
0
0
0
0
0
61046
0
0
59588
0
0
0
0
0
0
0
0
0
61841
0
0
0
60332
0
0
59588
0
62291
0
0
0
0
0
0
0
0
0
0
0
0
0
0
0
0
0
0
0
0
0
0
0
0
0
0
0
0
0
0
0
0
0
0
0
0
0
0
60332
0
0
0
0
0
0
0
0
0
0
0
0
0
0
0
0
0
0
63159
61048
0
54587
0
0
0
0
54587
0
0
0
0
0
0
0
0
65058
0
0
0
55870
0
62475
63159
0
0
0
0
0
0
0
0
0
0
0
0
0
0
0
55870
0
59588
61810
0
0
0
0
0
0
0
0
0
0
0
0
0
0
0
0
54587
65058
0
0
0
0
0
0
0
0
0
0
0
61646
0
0
0
0
56877
0
63778
0
0
0
0
0
0
0
0
0
61810
0
0
0
0
0
0
0
0
0
61646
54587
0
62699
0
0
0
0
0
0
0
0
0
0
0
0
61646
0
0
0
0
0
0
0
0
0
0
0
0
0
0
0
0
0
0
63778
0
0
0
0
0
0
0
0
0
56995
0
0
0
0
0
0
0
0
0
0
0
0
0
0
0
0
0
0
0
0
0
60840
0
0
0
0
0
0
0
0
0
0
62816
0
0
0
0
0
0
0
0
0
0
0
0
0
0
0
0
0
0
58121
0
0
0
0
0
0
0
0
0
0
0
0
0
0
0
0
0
0
0
0
0
0
67360
62816
0
0
0
0
0
0
0
0
0
0
0
0
0
0
0
0
0
0
0
63778
0
0
0
0
63630
0
0
67360
0
0
66225
0
0
63806
0
0
66225
0
0
0
0
0
0
66560
0
63732
0
0
0
0
0
0
0
66560
0
0
0
0
0
0
0
0
0
0
0
62816
0
0
0
0
0
62955
0
0
0
0
0
0
0
0
0
0
0
0
0
0
0
0
63732
0
0
0
0
0
0
0
0
0
0
0
64225
0
0
62955
0
0
0
67360
0
0
0
67568
63614
0
0
0
0
0
0
0
0
64225
0
0
67706
0
0
0
0
0
0
0
65380
0
0
0
0
0
0
67360
0
0
0
0
0
0
0
0
58858
0
67360
0
65380
0
0
0
0
0
65380
0
63614
0
0
0
0
0
0
0
0
0
0
0
0
0
0
0
0
0
0
0
0
0
0
0
0
65706
0
0
0
0
0
0
0
0
0
0
0
0
0
0
0
0
0
0
0
58769
64514
0
0
0
0
0
0
0
0
0
0
0
0
68301
67076
0
0
0
0
0
0
0
0
0
0
0
0
0
0
0
0
0
0
0
0
0
0
0
0
0
0
0
0
63798
0
0
0
0
0
0
0
0
0
68940
0
0
0
0
0
0
64397
0
0
0
0
0
0
0
0
68925
0
0
0
0
0
0
0
0
0
0
0
0
0
0
0
0
0
64514
0
0
0
0
0
0
0
64514
0
0
0
0
0
68925
0
0
0
0
63427
0
0
0
0
0
0
0
0
0
69602
0
0
0
0
67954
58769
0
0
0
0
0
0
0
0
69602
0
0
0
0
0
0
0
64705
0
0
0
0
0
64705
0
0
0
0
0
0
0
65328
0
0
0
0
0
0
0
0
0
0
0
0
0
0
0
0
0
0
0
0
0
0
63427
65264
0
0
0
0
0
0
0
0
0
0
0
0
0
0
0
0
0
0
0
0
65328
0
0
0
0
0
65264
0
0
0
0
70428
0
0
0
0
0
0
0
0
0
60215
0
71011
0
0
0
0
0
0
65328
0
0
0
69021
63433
0
0
0
0
0
0
0
0
0
70601
0
0
0
0
0
0
0
0
0
0
0
0
71011
0
0
65264
0
0
0
0
0
0
0
0
0
0
0
0
0
69021
0
0
59904
0
0
0
0
0
0
0
0
0
0
61200
0
0
0
0
0
0
66599
0
66599
0
0
0
0
0
0
0
0
0
0
0
0
0
0
0
0
0
0
66599
0
0
0
0
0
65798
0
65264
69021
0
0
0
0
0
65798
71099
0
0
0
0
0
0
0
0
0
66599
0
0
0
0
0
0
0
0
0
0
0
0
0
0
0
0
0
65447
0
0
0
0
0
0
0
0
0
0
0
0
0
0
0
0
0
0
0
0
0
0
66599
0
0
0
0
0
0
0
0
0
0
0
0
0
0
0
0
0
0
0
0
0
0
0
0
0
0
0
0
0
0
0
0
0
61215
0
0
0
0
0
0
0
0
0
0
0
0
0
0
0
0
0
0
0
0
0
0
0
0
0
0
0
0
0
0
0
0
0
0
0
0
0
0
0
0
0
0
0
0
0
0
0
0
0
0
0
0
0
0
0
0
0
0
0
0
0
0
0
0
0
0
0
66804
0
0
71641
0
0
0
66174
0
0
0
0
0
0
0
0
0
0
0
0
0
0
0
0
0
0
0
0
0
0
0
0
71641
0
67375
0
0
0
66174
0
0
0
0
0
0
0
69361
0
0
0
0
0
69006
0
0
0
0
0
0
0
66174
0
0
0
61215
0
0
0
60463
0
0
0
0
0
0
0
0
0
0
0
0
0
0
0
0
0
0
60463
0
0
0
0
0
0
61459
0
0
0
0
0
0
0
0
0
0
0
0
61848
0
0
0
0
0
0
0
0
0
0
0
0
0
0
72345
0
0
0
70028
0
74920
0
0
0
0
0
0
0
0
0
0
66719
0
0
72345
0
0
0
0
0
0
0
72345
0
70028
0
0
0
72345
0
0
0
61848
0
0
0
0
0
0
0
0
0
74771
61599
0
0
0
0
0
72345
0
0
0
0
0
0
0
0
0
0
0
72345
66719
0
0
0
70363
0
0
0
0
0
0
0
0
0
0
0
0
66719
0
0
0
0
0
0
0
0
0
0
0
0
0
0
61599
0
0
0
0
0
0
0
0
0
0
0
0
0
0
0
0
0
0
0
0
68474
66871
0
0
0
0
0
0
0
70363
0
0
0
0
0
0
0
75122
0
0
0
0
0
75122
0
0
0
0
0
0
0
0
0
0
0
0
0
0
0
0
0
0
0
0
0
0
0
0
0
0
0
0
0
0
0
0
0
0
0
0
0
0
0
0
0
0
0
0
0
0
0
0
0
70605
0
0
0
0
69093
0
0
0
0
0
0
0
0
0
0
70725
71199
0
0
0
0
0
0
0
0
0
0
0
0
0
0
0
0
71199
0
76344
0
0
0
0
71913
0
67292
0
0
0
0
0
0
0
0
0
0
0
0
0
0
0
69093
0
0
0
0
0
0
0
0
0
0
0
0
0
0
0
0
0
0
0
0
75122
0
0
0
0
0
0
0
0
0
0
0
0
0
0
0
0
0
0
0
0
62154
0
0
0
0
0
0
0
0
0
0
0
0
0
0
0
0
0
0
0
69093
72879
63284
0
0
0
0
0
0
0
63451
0
0
0
0
0
0
70725
72879
0
0
0
0
0
77125
0
0
0
0
0
0
0
0
0
0
0
0
0
0
0
0
0
0
63287
0
0
0
0
0
0
0
0
0
0
0
0
0
0
0
63287
0
0
0
0
0
0
0
0
0
0
0
0
0
0
0
0
0
0
0
0
0
0
0
78102
0
0
0
0
0
0
71430
0
0
0
0
0
0
0
0
0
0
0
72074
0
0
0
0
0
0
0
0
0
0
0
0
0
0
0
0
0
0
0
0
0
0
0
0
0
0
0
0
0
0
0
0
0
0
0
0
0
68949
0
0
0
0
0
68949
0
0
0
0
0
0
0
0
0
0
0
0
0
63607
0
0
0
0
0
0
68949
0
0
0
0
0
0
0
0
0
0
0
0
0
0
0
72485
0
0
0
0
63607
0
0
0
0
0
0
78102
0
0
0
0
0
78102
0
0
0
0
0
0
0
0
0
0
0
0
0
0
0
0
0
0
0
0
0
0
0
0
0
0
0
0
0
0
0
0
0
0
0
0
0
0
72263
0
0
0
0
0
0
78102
0
0
0
0
0
0
0
0
0
0
0
0
0
0
0
76782
0
0
0
0
0
0
0
0
0
0
0
0
0
0
0
0
0
0
0
0
68949
0
0
0
0
72917
0
0
0
0
0
0
0
0
65047
0
0
0
0
0
74349
0
0
0
0
0
0
0
68949
0
0
72818
0
0
0
0
0
0
0
0
76782
0
0
0
0
0
0
0
0
0
72921
0
0
0
0
0
0
0
0
0
0
0
0
0
0
0
0
0
0
0
0
65047
76718
0
0
0
0
0
0
0
0
0
0
0
0
0
0
0
0
0
0
0
0
74010
0
0
0
0
0
0
0
78732
0
0
0
0
76782
0
0
0
0
0
0
0
0
0
64144
0
76718
0
0
0
0
0
0
0
0
0
0
0
0
0
0
0
0
0
0
0
0
0
0
0
65047
0
0
0
0
74010
0
0
0
0
78732
0
0
0
0
0
0
0
0
0
0
0
0
0
0
76718
0
0
74883
0
0
0
0
0
0
0
74489
0
0
0
0
0
0
0
0
72159
76718
0
0
0
0
0
0
0
0
0
0
0
0
0
0
0
0
0
0
0
0
0
76718
0
0
0
76192
0
65047
0
0
0
0
0
0
0
0
0
0
0
75844
0
0
0
0
0
0
75844
0
0
0
0
0
0
0
0
0
0
0
0
0
0
0
76718
0
0
0
0
0
0
0
0
0
0
0
0
0
0
0
0
0
0
0
0
0
0
0
0
0
0
0
0
0
0
0
0
0
0
0
0
0
0
0
0
0
0
0
0
65982
0
0
0
0
79633
0
0
0
0
0
0
0
0
0
0
0
0
0
0
0
0
76300
0
0
0
0
0
0
0
66918
0
0
0
0
0
0
0
0
77566
0
0
0
0
0
0
0
0
0
0
0
0
0
0
76300
0
0
74375
0
0
0
0
0
0
0
79633
0
0
0
0
0
0
65982
0
0
0
0
0
0
0
0
0
0
78542
0
0
0
0
0
0
0
0
0
74810
0
76300
76616
0
0
0
0
0
0
0
76616
0
0
0
0
0
0
0
0
0
0
0
0
0
0
0
0
0
0
76616
0
0
0
0
0
74810
0
80306
0
0
74810
67287
0
0
0
0
80306
0
0
0
0
0
0
0
0
0
0
0
0
0
0
67287
0
0
79167
0
0
0
0
0
0
0
0
0
0
0
0
0
0
0
0
76285
0
77438
0
79180
0
76616
0
79180
0
0
76285
0
0
0
0
0
0
0
0
0
0
0
0
67885
0
0
0
0
0
0
0
0
0
0
0
0
0
0
0
0
0
0
0
0
0
0
0
0
0
77628
0
77136
0
0
0
0
0
0
66981
0
0
0
0
0
0
0
0
0
0
77628
0
77005
0
0
0
0
0
0
80930
0
0
0
0
0
0
0
0
0
0
0
0
0
0
0
0
0
0
0
0
0
0
0
0
0
0
0
0
0
0
0
0
0
0
0
0
0
0
0
0
0
0
0
0
77948
0
0
0
0
0
0
0
0
0
0
0
0
0
0
0
0
0
0
0
0
67064
0
77948
0
0
0
0
0
0
0
0
0
0
0
0
0
0
80618
0
0
0
0
0
0
0
0
77628
80618
0
0
0
0
0
0
0
0
0
0
0
0
0
0
0
0
0
0
0
0
0
68114
76584
0
0
0
0
0
0
0
0
0
0
0
77681
78183
0
0
0
0
80624
0
0
80852
0
0
0
0
0
0
0
0
0
78787
0
0
82560
0
0
80624
0
0
0
0
0
78787
0
0
77628
0
77628
0
0
0
0
0
0
0
0
0
0
0
0
0
0
0
0
68114
0
0
0
0
0
0
80852
0
0
0
0
0
0
0
0
0
0
0
0
0
0
0
0
0
0
0
0
80408
0
0
0
0
0
0
0
0
0
77093
0
0
0
0
0
0
0
0
0
77093
0
81005
0
79919
0
0
0
0
0
0
0
0
0
0
0
0
0
68803
0
68803
0
0
0
0
0
0
0
0
0
0
0
0
0
0
0
0
0
80540
0
0
0
0
0
0
0
0
0
0
0
0
81788
81005
0
0
0
77787
0
0
77093
0
80540
0
0
0
0
0
0
0
0
0
0
0
0
0
0
0
0
0
0
0
0
0
77093
0
0
0
0
0
0
0
77093
0
0
81005
0
0
0
0
0
68818
81005
0
0
81788
81005
0
0
0
81788
0
0
69655
0
0
0
83332
0
0
0
0
0
0
0
0
0
0
0
69047
0
0
0
0
0
0
0
83332
81355
82144
0
0
0
0
0
77093
0
0
0
0
0
0
0
0
0
0
0
0
0
0
0
0
82532
0
0
83332
0
0
0
0
0
0
0
0
81788
83208
0
0
0
0
0
0
69775
0
0
82144
0
0
0
77093
81788
0
0
0
0
0
0
0
0
0
0
77093
0
0
0
0
0
0
0
0
0
0
0
0
79728
0
0
0
0
0
0
0
0
0
0
0
0
0
0
0
0
0
0
0
0
0
0
0
0
0
0
0
0
0
0
0
0
0
0
0
0
0
81788
0
0
0
0
0
0
81788
0
0
0
0
0
0
81702
0
82350
0
0
0
0
0
0
0
0
0
0
0
0
0
0
0
0
0
0
0
0
0
0
0
0
0
0
0
79866
0
0
0
0
0
0
0
0
0
81702
0
69190
0
0
82028
0
0
0
0
0
0
0
0
0
0
0
0
0
0
69190
0
0
0
0
0
0
0
0
0
69190
0
0
0
0
0
0
0
0
0
0
0
0
0
0
83166
79866
0
0
0
0
0
0
0
0
0
0
0
69190
0
0
0
0
0
0
0
0
79866
0
0
0
0
0
0
0
0
0
79866
0
0
0
0
0
0
0
0
0
0
0
0
0
0
0
0
80069
0
0
0
0
72148
0
69190
0
0
80069
0
0
0
77568
0
0
0
0
0
0
0
0
0
0
82318
0
0
0
0
84149
0
0
0
0
0
0
0
0
0
0
0
0
0
0
0
0
0
0
0
0
0
0
0
0
0
0
0
0
0
0
0
0
0
0
0
77568
0
0
0
0
0
0
0
0
0
0
0
84149
0
0
0
0
0
0
0
0
0
0
0
84083
0
0
85839
0
0
0
0
0
82951
0
0
0
0
80947
0
0
0
0
0
72594
0
86638
0
0
0
0
0
0
0
0
0
0
0
0
82951
0
0
0
0
0
0
87180
0
0
0
0
0
0
0
84691
70142
0
0
0
80947
0
0
0
0
0
0
0
87180
0
77568
0
0
0
0
0
0
0
0
0
0
0
0
0
0
0
0
0
90274
0
0
0
0
0
0
0
0
0
0
0
0
0
0
0
0
0
84691
0
0
0
0
0
0
0
84691
0
0
0
0
0
0
0
81578
0
0
84490
0
0
0
0
0
84691
0
0
0
0
0
0
0
0
84490
0
0
0
0
0
0
0
0
0
0
0
0
0
0
0
0
0
0
0
0
0
84955
73631
0
0
0
0
0
0
0
0
0
0
0
73631
0
0
0
0
0
0
0
0
0
0
0
0
0
0
0
0
0
0
0
88334
0
0
81579
0
0
0
0
0
0
0
0
0
88038
0
0
0
0
0
0
0
88334
0
0
0
0
0
0
0
0
0
0
0
0
0
0
0
0
0
0
0
0
0
0
0
0
0
0
0
0
0
0
0
0
0
0
0
0
0
0
0
0
0
0
0
0
0
0
0
0
0
82487
86322
0
94120
0
0
0
0
0
0
0
0
0
0
0
0
0
87451
0
0
0
0
0
0
0
0
0
0
0
0
0
0
0
0
0
0
0
0
88648
0
0
0
0
0
0
0
0
0
0
0
0
0
0
0
0
0
0
0
0
0
0
0
0
0
84078
90475
0
0
0
0
94120
86838
0
0
0
0
0
0
0
0
0
0
0
0
84721
0
84078
0
84078
0
0
84078
0
0
0
0
84078
0
0
0
0
0
0
0
0
0
0
0
0
0
0
0
0
0
0
0
0
0
73739
0
0
0
0
0
0
0
0
0
0
0
73739
0
0
0
0
0
0
73739
0
0
0
0
0
0
0
94120
84078
0
0
0
0
0
0
0
0
0
0
84078
0
0
91377
0
0
94120
0
87873
0
0
87716
0
0
0
0
0
0
0
0
0
0
0
0
0
0
0
0
0
0
0
0
0
0
0
0
0
0
0
87716
0
0
0
0
0
88175
0
0
0
87297
0
0
0
0
0
0
0
0
0
0
0
0
0
0
0
87297
0
0
0
0
84078
0
0
72990
0
0
0
0
0
0
0
0
0
0
0
0
0
88175
0
0
0
0
0
0
0
0
0
0
74427
0
0
0
0
0
0
0
0
0
0
0
0
0
88911
0
0
0
0
0
0
0
0
0
0
0
0
0
88969
0
92124
0
0
79717
0
0
0
0
0
88969
0
0
88299
0
0
0
0
88972
85210
0
0
0
0
0
0
0
0
0
0
0
0
0
0
0
92124
0
0
79717
0
0
0
0
0
0
0
0
0
0
94892
0
0
0
0
85210
0
0
0
0
0
0
0
0
0
0
0
0
0
0
0
0
0
80340
0
0
0
0
0
0
0
0
0
0
0
0
0
0
0
0
0
0
0
0
0
0
0
0
0
88796
0
0
88796
0
0
0
0
0
0
0
0
0
0
0
88796
0
0
0
0
0
0
0
0
76161
0
0
0
0
0
0
0
0
0
0
0
0
0
0
90476
0
0
0
0
0
0
0
0
0
0
0
0
0
0
0
89700
0
0
0
89700
0
93492
0
0
0
0
0
0
0
0
0
0
0
0
0
0
0
0
0
0
0
0
0
0
0
0
0
0
0
0
0
0
0
0
0
0
0
0
0
85272
0
0
0
0
0
0
0
0
90408
0
0
0
0
0
76269
0
0
0
0
0
0
0
0
80340
0
0
89489
0
0
0
0
0
0
0
0
0
0
0
0
0
0
0
0
0
0
0
0
0
0
0
0
0
0
0
0
0
0
0
0
0
0
89489
0
0
0
0
0
76774
0
0
0
0
0
0
0
0
0
0
0
0
0
0
0
0
0
0
0
0
0
0
0
0
0
0
0
0
0
0
0
0
90716
80340
0
0
0
0
0
0
0
0
0
92092
0
0
0
0
0
0
0
0
0
0
0
0
0
85272
0
0
0
90192
0
0
0
0
95477
0
0
0
0
0
95477
0
0
0
0
0
0
92092
0
0
0
0
0
0
0
80520
0
0
0
92092
0
0
0
90192
0
0
0
0
0
0
0
0
76396
0
0
0
0
76396
95293
0
0
0
0
0
0
90716
0
0
0
0
0
0
0
0
0
0
0
0
0
0
0
0
0
0
76396
0
0
0
0
0
0
0
0
0
0
0
0
0
0
92092
0
0
0
0
0
0
0
0
0
0
0
0
0
0
0
0
0
0
0
0
0
0
92092
0
0
80520
0
0
0
0
0
0
0
0
0
0
0
0
0
0
0
0
0
0
0
0
0
0
0
0
0
0
77289
0
0
0
0
0
0
0
86460
0
0
0
0
0
0
0
0
0
0
0
0
0
0
0
0
0
0
0
0
95477
0
0
0
0
0
0
0
93084
0
0
0
0
0
0
0
86460
0
0
0
0
0
0
0
0
0
0
0
0
0
0
0
76879
0
0
0
0
0
0
0
0
0
0
0
0
0
0
0
0
0
86749
0
0
92092
0
0
0
0
0
0
0
0
0
0
0
0
90883
0
0
0
96081
0
0
0
0
0
0
0
0
0
0
0
0
0
92092
0
0
0
0
0
0
0
0
0
0
0
0
0
0
0
0
0
0
0
0
0
0
0
0
0
0
0
0
0
0
0
0
77934
86749
0
0
0
0
0
0
0
0
0
0
0
0
0
0
92147
0
0
0
0
0
0
0
0
0
0
0
0
0
77068
0
0
0
0
0
0
0
91197
0
0
0
0
0
0
0
92128
86750
0
77068
0
0
0
87122
0
0
0
0
0
0
0
0
0
0
0
0
0
0
0
0
0
0
0
0
0
0
0
0
0
0
0
0
0
0
0
92128
0
92128
95046
0
92128
0
0
0
0
0
0
0
0
0
0
0
95046
0
0
0
0
0
0
0
0
0
0
0
0
0
0
0
0
0
0
78794
0
0
0
0
92147
0
0
0
0
91953
0
97928
0
97928
0
0
0
0
0
0
0
0
0
0
0
0
0
0
90129
96528
0
0
0
0
0
0
0
0
0
0
90129
0
0
0
0
0
0
0
96800
0
0
0
0
0
92523
0
0
0
0
0
92104
0
0
97928
0
95347
0
0
0
0
0
0
0
0
0
0
0
0
0
0
0
0
0
0
0
0
0
0
0
0
0
0
0
0
0
0
0
0
0
0
0
95638
0
0
0
0
0
0
93714
0
0
0
0
0
0
0
0
0
90425
0
0
93696
0
0
0
0
0
0
0
0
0
0
0
0
0
0
0
0
0
80260
0
0
93735
0
0
0
0
96800
0
81641
0
0
0
0
0
0
0
0
0
0
0
0
95749
0
94623
80260
0
0
0
0
0
97928
0
0
0
0
0
0
0
90425
0
0
0
0
0
0
97928
0
0
0
0
0
0
0
0
0
0
0
0
0
0
0
80669
0
0
0
0
0
0
0
0
0
0
0
94623
0
0
0
0
0
0
93714
94623
0
0
0
0
0
0
0
0
0
0
0
0
0
0
0
0
0
98404
0
0
98404
0
0
0
0
0
0
0
80669
0
80669
0
0
0
94417
0
0
0
0
0
0
0
94417
0
92880
0
94623
0
0
0
0
99244
0
0
0
0
94623
0
0
0
0
0
0
0
0
0
0
0
0
0
0
0
0
0
0
0
0
0
0
0
0
0
82455
99817
0
93843
0
0
0
0
0
0
0
0
0
82455
0
0
0
0
0
0
93843
0
0
81482
94417
0
82455
0
0
0
0
0
0
0
0
0
0
0
0
0
99817
0
94856
0
0
0
0
0
0
0
0
0
0
0
0
0
0
94856
0
0
0
0
0
0
0
82455
94417
0
0
0
0
0
0
0
0
0
94856
80967
0
0
0
0
0
0
82455
0
0
0
0
0
0
0
0
0
0
0
0
0
0
0
0
98846
0
0
0
0
0
0
0
0
0
100940
80967
0
100940
0
0
0
0
0
0
0
0
0
0
0
0
0
0
0
0
0
0
0
0
0
0
0
0
0
0
0
0
0
0
0
0
0
0
0
0
0
0
0
0
0
0
0
0
0
0
0
0
0
0
0
0
0
95625
0
0
0
0
0
0
0
0
0
0
0
0
0
0
0
0
0
0
0
0
0
0
0
0
0
0
0
0
0
98178
0
0
0
0
0
93084
0
0
0
0
0
84111
0
0
0
0
0
99786
0
0
0
81311
0
0
84111
0
0
0
0
0
0
0
0
0
0
0
0
0
98178
0
84111
0
0
0
0
0
0
0
0
0
0
0
0
0
0
0
0
0
104031
0
0
0
0
0
0
0
0
0
0
0
0
0
0
0
0
0
0
0
0
0
83352
0
0
0
0
0
0
0
0
0
0
0
0
0
0
96291
0
0
95625
0
0
0
0
0
0
0
0
0
0
0
0
0
0
0
0
0
0
0
0
0
0
0
104471
0
0
0
0
0
0
82805
0
0
0
0
0
0
0
0
0
0
0
0
0
0
0
0
82805
0
98178
82805
0
0
0
0
0
0
0
0
0
0
82805
0
98178
0
0
84280
0
0
0
0
0
0
0
0
0
0
0
82805
0
0
0
0
84337
0
0
0
0
0
0
0
0
0
0
0
0
0
0
0
0
105017
0
0
0
0
0
0
0
0
94557
0
0
0
96697
0
0
0
97888
0
0
0
96859
0
0
0
0
0
0
0
0
0
0
0
0
0
0
0
0
0
0
0
0
0
0
0
0
0
0
0
0
0
0
0
0
0
0
0
0
0
0
0
0
0
0
0
0
0
0
0
0
0
0
0
0
0
0
0
0
0
0
84843
0
0
0
0
0
0
0
0
0
0
0
0
0
0
0
0
0
0
0
0
0
0
0
0
0
0
0
0
0
0
0
0
0
0
0
0
0
0
0
0
0
0
0
0
86519
0
0
106040
0
99470
84843
0
0
0
0
0
0
0
0
0
0
0
0
0
0
0
0
0
0
0
0
0
0
0
0
0
0
0
0
0
0
0
0
0
0
0
0
0
0
0
0
0
0
0
0
0
0
0
0
97830
0
0
0
0
0
0
0
0
0
0
84285
0
0
0
85591
0
0
0
0
0
0
0
0
0
0
84285
87340
0
0
0
0
0
0
0
0
0
0
0
0
0
0
0
0
0
0
103175
0
0
0
0
0
0
0
0
0
0
0
0
85620
0
0
0
0
0
0
0
0
0
0
0
0
0
0
106269
106269
0
0
98602
0
0
0
0
0
0
96417
0
0
0
0
0
0
0
98602
0
0
0
0
0
0
0
0
0
0
0
0
0
0
0
0
0
0
0
0
0
0
106269
0
0
0
0
0
0
0
0
0
0
0
97830
0
0
0
0
0
0
0
0
0
0
0
0
0
0
0
0
0
0
0
0
0
0
0
0
0
0
0
0
0
0
0
0
0
0
0
0
0
0
0
0
0
0
0
96882
0
0
0
0
0
0
104190
0
0
0
0
0
0
0
86271
102064
0
0
0
0
0
0
0
0
0
0
0
0
0
0
0
0
0
0
0
0
0
0
0
0
0
0
0
0
0
0
0
88390
0
0
0
0
0
0
0
0
0
0
99719
0
0
0
0
0
0
0
0
102874
0
0
0
0
0
0
0
0
0
0
0
0
0
106269
0
0
0
0
0
0
0
0
0
0
96882
0
0
100158
0
0
96882
0
0
0
0
0
0
0
0
0
102874
0
0
0
0
88390
0
0
0
0
0
0
0
0
0
0
0
0
0
0
0
0
100596
0
0
0
0
0
0
0
0
0
0
0
0
0
0
0
0
0
102874
98536
0
98536
0
0
0
0
0
0
88390
0
0
103070
0
0
0
0
0
98536
0
0
107106
0
0
100596
0
0
0
103070
0
0
85000
0
0
0
0
0
0
0
0
0
0
0
0
0
0
0
0
0
86475
0
0
0
0
0
0
0
86413
0
88390
0
0
0
0
0
0
0
0
0
0
0
86413
0
0
106058
0
107106
0
0
0
0
0
0
0
0
0
0
0
0
0
107106
106058
0
0
0
0
0
0
0
0
0
0
0
0
0
0
0
0
0
0
101193
0
0
0
0
0
0
0
0
0
0
0
0
0
0
0
0
0
0
0
0
0
0
0
0
0
0
0
0
0
0
0
106058
0
0
0
0
0
0
0
0
0
0
0
0
0
0
0
0
0
0
99326
0
0
0
0
0
0
0
0
0
0
0
0
99357
0
0
0
0
0
0
0
0
0
0
0
0
0
0
0
0
0
0
0
86946
0
0
0
0
0
0
0
0
100978
0
0
0
0
0
0
0
0
0
0
0
101193
0
0
0
0
89358
0
0
0
0
0
0
0
0
0
86946
0
0
0
0
0
0
0
0
0
0
0
0
0
0
0
0
0
0
0
0
0
0
0
86946
0
0
0
0
0
0
0
0
0
0
0
0
0
0
0
0
0
0
0
0
0
0
0
0
0
0
99326
0
0
0
0
0
0
0
0
0
0
0
0
0
0
0
100089
0
0
0
0
0
0
0
0
0
0
0
0
0
0
0
89928
0
0
0
0
0
0
0
0
0
0
0
0
87416
0
0
102210
0
0
109068
0
0
0
0
0
0
0
0
0
0
0
0
0
0
0
0
0
109482
0
0
0
0
0
0
0
0
0
0
0
0
88176
0
0
0
0
106058
0
0
90285
106058
0
0
0
0
0
0
90285
90285
0
0
0
0
0
0
0
0
0
0
0
0
0
0
0
0
0
0
0
0
0
0
0
0
0
0
0
0
0
0
0
0
0
0
0
0
0
0
0
0
0
0
0
0
0
0
0
0
100149
0
0
0
0
0
0
0
0
0
0
0
0
0
109482
106927
0
0
106927
0
0
0
0
0
0
106927
0
0
0
0
0
0
0
0
0
0
0
0
105600
0
0
100149
0
0
0
0
0
0
0
0
0
0
0
0
0
0
0
0
0
0
0
0
0
0
0
0
0
0
0
0
0
0
0
0
0
0
0
0
0
102769
0
0
0
0
0
0
0
0
0
0
100277
0
0
0
0
87232
0
0
102769
102915
0
0
0
0
0
0
0
0
0
0
0
0
0
0
0
0
0
0
0
0
0
0
102915
0
0
90285
0
0
105600
0
0
0
0
0
0
87232
0
0
0
0
0
0
102915
0
0
0
0
0
0
0
0
0
0
108061
105600
0
0
0
0
0
90055
0
0
0
0
0
0
0
0
0
0
0
0
0
0
0
0
0
0
108492
0
0
0
0
0
0
0
0
0
0
0
0
0
90816
108492
0
0
0
0
0
0
0
0
0
0
0
0
0
0
0
90816
0
0
0
101584
0
0
0
0
0
0
0
0
0
0
0
0
0
100793
0
0
0
0
0
0
0
103968
0
106854
0
0
0
0
0
0
0
0
0
0
0
0
0
0
0
0
0
0
0
0
0
0
0
90055
0
0
109925
0
0
0
0
0
0
0
0
0
0
0
0
0
0
0
0
0
0
0
0
0
0
0
0
0
0
0
0
0
0
0
0
0
0
0
0
0
0
0
0
0
0
106539
0
106854
0
0
90055
0
0
91220
0
0
0
0
0
0
0
0
0
0
106854
0
0
0
0
0
0
102491
102491
0
0
0
0
0
0
0
91220
0
0
0
90055
0
0
0
0
0
0
101801
0
0
0
0
0
0
0
0
0
0
0
0
0
0
0
0
0
0
106539
0
106854
0
0
0
0
0
0
0
0
0
0
0
0
89118
0
0
0
0
0
0
104099
0
0
0
110118
0
0
89118
0
104099
0
0
110466
0
0
0
0
0
0
0
0
0
0
106539
0
0
0
0
110489
0
107851
0
106815
0
0
0
0
104099
0
0
90055
0
0
0
0
0
0
0
0
0
0
0
0
0
0
0
0
0
0
102999
0
0
106815
0
0
0
0
0
0
0
0
0
0
0
0
0
0
0
0
0
0
102999
90123
0
0
0
0
0
0
0
0
0
0
0
0
0
0
0
110517
0
0
0
102999
0
0
0
0
0
0
0
0
90123
0
0
0
0
0
0
0
0
0
92351
0
0
0
0
0
0
0
0
0
0
0
0
0
90459
0
0
0
0
0
0
0
0
0
0
0
0
0
104293
0
0
110489
0
0
0
0
93361
0
0
0
0
0
0
0
0
0
0
0
0
0
0
0
0
0
0
0
105944
0
0
0
0
0
0
0
90459
0
0
0
0
0
0
0
0
0
0
0
0
91315
0
0
0
0
0
0
0
0
0
0
0
108867
91038
0
0
0
0
104372
0
0
0
0
0
0
0
0
0
0
0
0
106114
0
0
0
0
0
0
0
0
103902
0
0
0
0
0
0
0
0
0
0
0
0
0
0
91038
0
0
0
0
0
0
0
0
0
0
0
0
0
0
0
0
0
0
0
0
0
0
0
104372
110800
0
0
0
0
0
0
0
0
0
0
0
0
0
110800
0
0
0
0
0
0
0
0
0
0
0
0
0
0
0
91038
0
0
0
0
107339
0
0
0
0
0
0
0
91038
0
0
0
0
0
0
91315
0
0
0
0
0
0
0
0
0
0
0
0
0
0
0
0
0
0
0
113285
0
0
0
0
0
0
0
0
0
0
0
0
0
0
107981
0
107981
0
0
0
0
0
0
0
0
108821
0
91038
0
0
0
0
0
0
0
0
0
0
0
0
0
0
0
0
0
0
0
0
0
0
0
0
0
0
0
0
0
0
0
91315
0
0
104372
0
0
0
0
0
0
0
0
0
0
0
0
0
91315
96549
0
0
0
0
104372
113923
0
0
91038
0
0
97448
0
0
0
0
109506
0
0
0
0
0
0
0
0
0
0
0
0
0
0
0
0
0
0
0
0
92829
0
0
0
0
0
0
0
0
0
0
0
111229
0
0
0
0
0
0
0
0
0
0
0
0
0
0
0
0
0
0
0
0
0
0
0
0
0
0
0
111229
0
0
0
0
0
0
0
0
0
0
0
0
0
0
0
0
0
0
0
0
0
0
0
0
0
0
0
0
0
0
0
0
0
0
0
0
0
0
0
0
0
0
0
0
0
0
0
0
91984
0
93662
0
0
0
0
0
0
0
0
0
112203
109791
0
0
0
0
0
0
0
0
0
0
0
0
0
0
0
0
0
0
0
0
0
111773
0
0
0
0
0
0
0
0
97712
0
0
0
0
0
0
107638
113991
0
0
0
0
93662
0
0
0
0
0
0
0
97712
93662
0
0
0
0
0
0
0
0
0
0
0
0
0
0
0
0
0
0
0
0
0
0
104372
0
0
0
0
0
0
0
0
0
104372
104372
0
114597
111773
0
0
0
0
0
0
0
0
0
0
0
0
0
0
0
0
0
0
0
0
0
112718
0
0
0
0
0
0
0
0
112718
0
109884
112718
0
0
109884
0
0
0
0
0
0
108293
0
0
0
0
0
114597
0
0
0
0
0
92317
0
0
0
0
0
92317
0
0
0
0
0
0
0
0
0
0
0
0
0
0
0
0
0
108701
0
0
0
0
92714
0
0
0
0
0
0
0
0
0
0
0
0
0
0
0
111773
0
0
0
114613
0
0
92714
0
0
0
0
0
0
0
0
0
0
0
0
0
0
0
0
0
0
106203
112034
0
0
0
0
111773
0
0
0
0
0
0
0
0
0
0
0
0
0
0
0
0
0
106203
0
114885
0
0
0
0
0
0
0
0
0
98956
114904
0
0
0
0
0
0
0
0
0
0
0
0
0
0
0
0
0
0
0
0
0
0
0
0
0
0
0
0
0
0
0
0
0
0
0
0
0
0
0
113004
0
0
0
0
111466
0
0
0
0
0
0
0
0
0
0
0
0
0
0
0
0
0
0
0
0
0
0
0
107368
0
0
0
0
0
0
0
0
0
0
0
0
0
0
0
0
114314
0
114904
0
0
0
108489
0
0
0
0
0
0
113263
0
0
0
0
0
0
0
0
0
0
0
0
0
0
0
0
0
0
0
0
0
0
0
0
0
0
0
0
0
0
0
0
0
0
0
0
0
0
0
0
0
0
0
0
0
0
0
0
113874
113157
0
0
0
0
0
0
0
0
0
0
0
0
0
0
0
0
0
0
0
0
0
0
0
0
0
0
0
0
0
0
0
0
0
0
0
114444
112181
0
0
0
0
0
0
0
0
0
0
0
0
0
0
0
0
0
0
0
0
0
0
0
0
112181
0
0
115576
0
0
0
0
0
0
0
0
100944
0
0
0
0
0
0
0
0
0
0
0
0
116228
0
0
0
0
0
0
0
0
0
0
0
0
0
0
0
0
0
117261
118157
0
112644
0
95719
0
0
0
0
0
0
0
110469
0
0
0
0
0
0
0
0
0
0
0
118157
0
0
0
0
0
0
0
0
116228
0
0
0
0
0
0
0
115244
0
0
0
0
0
0
0
0
0
0
0
0
0
0
0
0
0
116507
0
0
115851
0
0
0
115851
0
0
0
0
0
0
0
95719
0
0
0
0
0
0
112860
111230
0
0
0
0
0
0
0
0
0
0
0
0
0
0
0
0
0
0
0
0
0
0
0
0
0
0
0
0
0
0
0
0
0
0
0
0
0
0
0
0
0
0
0
0
0
0
0
117261
0
0
0
0
0
0
117261
0
0
0
0
0
113294
0
0
0
100944
117214
0
0
0
0
0
0
117782
0
0
0
0
0
0
0
0
0
0
0
0
0
0
0
0
0
0
0
0
0
0
0
0
0
0
0
0
101686
0
0
115478
0
0
0
0
0
0
0
0
0
0
0
0
113294
0
0
0
95832
0
0
0
0
0
0
0
0
0
0
0
0
0
0
115478
0
0
112687
0
96029
0
0
0
0
0
0
0
0
0
0
115478
0
0
0
0
0
0
0
0
0
0
0
0
0
0
0
0
0
0
0
0
0
0
0
0
0
0
0
0
0
0
0
0
0
0
0
0
0
0
0
0
0
0
0
0
0
0
0
0
0
0
0
0
0
0
0
0
0
0
0
0
0
0
0
0
113294
0
113541
0
0
0
0
0
0
0
0
0
0
0
0
0
0
0
0
0
0
0
0
0
0
0
0
0
0
0
0
117627
0
0
0
0
0
0
0
0
0
0
0
96750
0
0
0
0
0
0
0
0
0
0
0
0
0
0
0
0
0
0
0
0
0
0
0
0
0
0
0
118769
0
0
0
0
0
0
0
0
0
0
0
0
121067
0
0
0
0
0
0
96980
0
0
0
0
0
0
0
0
0
0
0
0
0
0
0
121067
0
113541
0
0
0
116822
0
0
0
118769
0
0
0
0
0
0
0
0
0
0
0
0
0
0
0
0
0
0
114183
116205
0
0
0
0
0
121566
0
0
0
118476
97240
121566
0
0
0
0
0
0
0
0
0
0
0
0
0
0
121167
0
102466
0
117204
0
0
0
0
0
0
0
0
0
0
0
0
0
0
121566
0
0
0
0
0
0
0
0
97984
0
0
121167
0
0
117743
0
97984
0
0
0
0
0
0
0
0
0
0
102466
0
0
0
0
0
0
0
98019
0
0
0
0
0
0
0
0
0
0
0
0
0
0
0
0
0
0
0
0
0
0
0
118769
0
0
0
0
0
0
118718
0
0
0
0
0
0
0
0
0
0
0
118769
0
0
0
0
0
0
0
0
0
0
0
0
0
0
0
0
0
0
0
0
0
114924
0
118476
0
0
0
0
0
0
0
0
0
0
0
0
118829
0
0
0
0
0
103075
0
0
0
0
0
0
0
0
0
0
0
0
0
0
0
0
118476
0
0
0
103075
0
0
0
0
0
0
0
0
0
0
0
0
0
0
0
121298
0
121566
0
0
0
0
0
0
118829
0
0
0
0
0
0
0
0
0
0
0
0
0
0
0
0
0
0
118829
0
0
0
0
0
0
0
0
0
0
0
0
0
0
0
0
121399
0
0
0
0
0
0
0
0
0
0
0
0
0
0
0
0
0
0
0
0
0
0
0
0
0
0
0
0
121298
0
0
0
120437
0
0
0
0
0
0
0
0
0
0
0
0
0
0
0
0
0
0
0
0
0
0
0
0
121298
0
0
0
0
0
0
0
0
0
0
102134
0
0
0
0
0
0
102134
0
0
0
0
0
0
0
0
0
0
0
0
0
0
0
0
0
0
0
0
0
0
0
0
0
0
0
0
0
0
0
0
0
0
103075
0
0
0
121298
0
0
0
0
0
0
0
0
0
116355
0
0
0
0
0
0
0
0
0
0
0
0
0
0
0
122060
0
0
0
0
0
101378
0
0
122334
0
0
0
0
0
0
0
0
0
0
117351
0
0
0
0
0
104056
121298
0
0
104056
0
0
0
0
121298
0
122161
0
0
0
0
0
0
119281
0
0
0
0
0
0
0
0
0
0
0
0
0
0
0
0
122095
0
0
0
0
0
0
0
0
122502
0
0
0
0
0
0
0
0
0
0
0
0
0
0
0
0
0
0
0
0
0
0
101700
0
123485
0
104056
0
0
0
0
123908
0
0
0
0
0
0
0
0
0
0
0
0
0
0
0
0
0
0
0
0
0
0
0
0
122502
121649
0
0
121649
0
0
0
0
0
121649
0
0
0
117351
0
0
0
0
0
0
0
0
0
0
117351
0
123908
0
0
0
0
117351
0
0
0
0
0
0
0
0
0
0
0
0
0
0
0
0
0
0
0
0
0
0
0
0
0
0
0
0
0
0
0
0
0
0
0
0
0
0
0
0
103612
0
0
102573
0
124828
121649
0
0
0
0
0
0
0
0
0
0
0
0
0
0
0
0
0
0
0
0
0
0
0
0
0
0
0
0
0
0
0
0
0
0
0
0
0
0
122324
0
0
0
0
0
0
104282
0
0
0
0
0
0
0
0
0
0
0
0
0
0
0
0
0
0
0
0
0
0
104282
0
0
123435
0
0
122324
0
0
0
0
0
0
0
0
0
0
0
0
0
0
123670
0
0
0
0
0
0
0
0
0
0
0
123670
0
0
0
0
0
0
0
0
0
0
0
0
0
0
0
0
122340
0
0
0
124828
0
123670
0
0
0
0
0
0
0
0
0
0
0
0
0
0
0
0
0
0
104319
0
0
0
0
0
0
0
0
0
0
0
104319
103343
0
0
0
0
0
0
0
0
0
0
0
0
0
0
0
0
0
0
0
0
123670
0
0
0
0
0
0
0
0
0
0
0
0
0
123670
0
123670
0
0
0
0
0
0
0
122637
0
0
0
0
0
0
0
0
0
0
0
0
0
0
0
123996
0
0
0
0
0
0
0
0
0
0
0
0
0
0
0
0
0
0
0
0
0
0
0
0
0
0
0
0
0
0
0
0
0
0
127879
0
0
0
0
0
0
0
0
0
0
0
0
0
105074
0
0
104362
0
0
0
0
0
0
0
0
0
0
122114
0
0
0
0
0
105054
127879
0
0
0
0
0
0
0
0
0
0
0
0
0
0
0
0
0
0
0
0
0
0
0
0
0
0
0
0
0
122637
123996
0
0
0
0
0
0
0
0
0
0
0
0
0
0
0
0
0
0
124131
122637
0
104362
0
105074
0
0
0
0
0
0
0
0
0
0
0
0
0
0
0
0
0
0
0
0
0
0
0
0
0
0
0
0
0
0
0
0
0
0
0
0
0
0
0
0
0
0
0
105074
0
0
0
0
0
0
0
0
0
0
0
0
0
0
0
0
0
0
106453
0
123976
0
0
0
0
0
123472
0
0
0
0
0
105864
0
0
0
0
0
0
0
0
0
0
0
0
0
0
0
0
0
0
0
0
0
0
0
0
0
0
0
122669
0
0
0
0
0
0
0
0
0
0
0
0
0
0
0
0
0
0
0
106453
0
123472
0
0
0
123472
0
0
0
0
0
0
0
106772
0
0
0
0
0
125426
0
0
0
0
0
123472
0
0
0
0
0
0
0
0
0
0
0
0
0
0
106016
0
0
0
0
0
0
0
0
0
0
0
0
0
0
0
0
0
0
0
0
0
0
0
124681
0
0
0
0
0
106360
0
0
0
0
0
0
0
0
0
0
0
0
124743
0
0
0
0
0
0
122669
0
0
0
0
0
0
0
0
0
0
0
0
125723
0
0
0
0
0
0
0
0
0
0
0
0
0
0
0
0
107430
0
0
0
0
0
0
0
0
0
0
0
0
0
0
0
0
0
124298
0
0
0
125781
0
0
126585
0
0
0
0
107668
0
0
0
0
0
124298
0
0
0
0
0
0
0
0
0
0
0
0
0
0
0
0
0
0
107668
0
0
0
0
0
0
127395
0
0
0
0
0
0
106772
0
0
129278
0
0
0
0
0
0
0
0
0
129278
0
0
0
0
0
0
0
0
0
0
0
0
0
0
125781
0
0
0
0
0
0
0
0
0
0
0
0
0
0
0
0
0
124743
0
0
0
0
0
0
0
0
0
0
0
0
0
0
0
0
0
127706
0
0
124743
0
0
0
0
0
0
0
0
0
0
0
0
0
0
0
0
0
0
0
0
0
0
0
0
0
0
0
0
0
0
0
0
0
0
0
0
0
0
0
0
0
0
0
0
0
0
0
123449
0
0
0
0
0
0
0
0
0
0
0
0
0
129781
0
0
0
0
0
0
0
0
0
0
126974
0
108726
0
0
0
0
0
0
123449
0
0
0
127464
0
0
0
0
0
0
0
0
0
0
0
0
0
127046
0
0
108566
0
0
0
0
0
0
0
128342
0
0
0
107813
0
127706
0
0
0
0
0
0
107813
0
0
0
0
0
0
0
0
0
0
0
0
0
128342
0
0
0
0
0
0
0
0
129526
0
0
0
0
0
0
109458
0
0
0
0
0
0
126759
0
0
0
0
0
0
0
0
0
0
0
109327
0
0
0
0
0
0
0
0
0
129030
0
0
0
131546
0
0
0
0
110708
0
0
0
0
0
0
0
109458
0
0
0
0
0
0
0
0
0
0
0
0
0
0
0
0
0
0
0
0
0
0
0
0
126671
0
0
0
0
110760
0
0
0
0
0
127700
0
0
0
127700
0
0
0
0
0
0
0
0
0
0
0
0
0
0
0
110760
0
0
0
128427
0
0
0
0
0
0
0
0
0
0
0
0
0
128427
0
111033
0
0
0
0
0
0
0
0
0
0
0
0
0
0
0
0
0
0
0
0
0
0
0
0
111890
127700
0
0
0
0
0
0
0
0
110760
0
0
0
0
0
0
0
0
0
0
0
0
0
0
0
0
0
0
0
0
0
129841
0
111529
0
0
0
127899
0
0
0
0
0
0
0
0
130661
0
0
0
128229
0
0
0
0
0
0
0
0
0
0
0
0
131412
0
0
0
128934
0
0
0
0
0
0
0
0
128934
0
0
0
0
0
128173
111943
0
0
0
0
0
111784
0
0
0
0
0
0
0
0
0
130039
0
0
0
0
0
111943
0
0
0
0
0
0
0
0
0
0
0
0
0
0
0
0
0
0
132269
130141
0
0
0
0
0
0
0
0
0
112021
0
130141
0
129836
0
0
0
0
0
0
0
0
0
0
0
0
0
0
0
0
0
0
0
0
0
0
0
0
0
0
0
0
0
0
0
0
0
0
0
0
0
0
0
0
0
0
0
0
0
0
130237
0
0
0
0
132735
0
0
0
0
0
0
0
0
0
0
0
0
0
0
0
130393
0
0
0
0
130237
0
0
0
0
0
0
0
0
0
129000
0
0
0
0
0
0
0
0
0
111957
0
0
131566
0
0
0
0
0
0
131458
0
0
0
0
0
0
0
0
0
0
0
0
0
0
0
0
0
0
0
0
0
133090
0
0
0
0
0
0
0
0
0
0
131412
0
0
0
133212
131412
0
0
0
112930
0
0
0
0
0
0
0
0
0
0
0
0
0
0
0
0
0
0
0
0
0
0
0
0
0
131458
0
0
0
112038
0
0
0
0
0
0
0
0
0
0
0
130393
0
0
0
0
0
0
0
0
0
0
0
0
0
0
0
0
0
0
0
0
0
0
0
0
0
0
0
0
0
133223
0
0
0
132065
0
0
0
0
0
0
133642
0
0
0
0
0
0
0
0
0
0
0
0
0
0
0
130393
0
0
0
0
0
112038
0
0
0
0
0
0
0
113096
0
0
0
0
0
0
0
0
0
0
0
0
0
0
0
134347
0
0
134347
113096
0
0
0
0
0
0
0
0
0
0
0
0
0
0
0
0
0
134347
0
0
0
0
0
131871
0
134420
0
0
134420
0
0
0
0
0
131055
0
0
0
0
0
0
0
0
0
0
0
0
0
0
0
0
0
0
0
0
0
0
0
132381
0
0
0
113717
0
0
0
0
0
0
0
0
0
0
0
0
0
0
0
0
0
0
0
0
0
0
0
0
0
0
0
0
0
0
0
0
0
0
0
0
0
0
0
0
0
0
0
0
0
0
0
133389
0
0
0
0
0
0
0
0
0
0
0
0
0
0
0
114926
0
0
0
0
0
0
0
0
0
0
0
0
0
0
0
0
0
0
0
0
0
0
0
0
0
0
0
0
0
0
0
0
0
0
0
0
0
0
0
0
0
0
0
131798
132064
0
115225
0
0
0
0
0
0
0
0
0
0
0
0
0
0
0
0
0
0
0
0
0
0
131798
0
0
131798
0
0
0
0
0
0
0
0
0
0
0
0
115225
0
0
0
0
0
0
0
0
0
0
0
113102
132196
0
0
0
0
0
132196
0
0
0
0
0
0
0
0
0
0
0
0
0
0
0
0
0
0
0
0
0
0
0
0
134886
0
0
0
0
0
0
0
0
0
0
0
0
0
0
0
0
0
0
0
0
133640
0
0
0
136976
0
0
0
0
0
0
0
0
133873
0
0
0
0
0
0
0
0
0
0
0
0
0
0
0
0
0
0
0
0
137344
0
0
0
0
0
0
0
0
0
0
0
0
0
0
0
0
0
0
0
0
0
0
0
0
0
0
133640
0
115208
0
0
0
0
0
0
0
0
0
0
0
0
0
0
0
0
0
0
0
0
0
133845
133640
0
0
0
0
0
0
0
0
0
0
0
0
0
0
0
0
0
0
0
0
0
133845
0
0
0
0
0
0
0
0
0
0
133845
0
0
0
0
0
0
0
0
0
0
0
0
0
0
0
0
0
0
0
0
0
0
0
0
0
0
0
114395
0
0
0
115225
0
0
0
0
0
0
0
0
0
0
0
0
0
0
0
0
0
114395
0
0
115208
0
0
0
0
136241
0
135451
0
0
0
0
0
0
135451
0
0
0
0
0
0
0
0
0
0
0
0
0
0
0
114395
0
0
0
0
0
0
0
0
0
0
0
0
0
0
0
0
0
116504
0
0
0
0
0
0
0
0
0
138297
0
0
0
0
0
0
134933
0
136564
0
0
0
0
0
0
0
135492
116548
0
0
0
0
0
135492
0
0
0
0
0
0
0
0
0
0
0
0
0
0
0
0
0
0
0
0
0
0
0
0
0
0
0
0
117354
0
0
0
0
0
0
0
0
0
0
0
0
116548
0
0
0
0
0
0
136564
0
0
0
0
0
0
136564
0
0
0
0
0
0
137202
0
0
0
0
0
117354
0
0
0
0
0
0
0
0
0
0
0
0
137202
0
0
133297
134944
0
0
0
0
0
0
0
0
0
0
117354
0
0
0
0
0
0
0
0
0
0
0
0
0
0
0
0
0
0
0
0
0
0
0
0
0
117354
0
0
0
0
137659
0
0
139816
0
134944
0
0
118046
0
0
0
0
115041
0
0
0
0
0
137082
0
0
0
0
0
0
0
0
0
0
0
0
0
0
0
0
0
0
135934
0
0
0
0
0
0
0
0
0
0
0
0
0
0
0
0
0
137659
0
0
0
0
0
137162
0
0
117354
0
0
0
0
0
0
0
118418
0
0
0
0
0
0
137659
0
0
0
0
0
0
0
0
137472
0
0
0
0
0
0
135934
0
0
0
0
0
0
0
0
0
0
118418
0
0
138335
0
0
139816
0
0
0
0
0
0
0
0
0
0
138335
118418
0
0
0
0
0
138335
0
0
0
0
0
0
0
0
137659
115041
0
0
138137
0
0
0
0
0
0
0
0
0
0
0
117354
0
0
0
0
0
0
137659
0
0
0
0
0
0
0
0
0
0
0
0
0
0
0
0
0
0
0
0
0
0
0
0
0
0
0
0
0
0
0
138920
0
0
0
138920
0
0
0
138137
115041
0
135305
0
0
0
0
0
0
0
0
0
0
117354
0
0
0
0
117354
0
0
0
0
139816
0
0
0
0
0
0
0
0
0
0
138268
0
0
0
0
0
0
0
0
0
0
0
0
0
0
0
0
0
0
0
0
0
0
0
115041
0
0
139719
0
0
0
0
0
0
0
0
0
0
0
0
0
0
0
0
0
0
0
0
0
0
0
139719
0
0
0
0
0
139719
0
0
0
0
0
0
0
0
0
0
136798
0
0
0
0
0
0
0
0
0
0
0
0
0
0
0
0
139719
0
0
0
0
0
0
0
0
0
141688
0
0
0
0
0
138847
0
0
0
0
0
0
119939
0
0
0
0
0
0
0
0
0
0
0
0
0
0
0
0
0
0
0
0
0
0
0
139875
0
0
141798
0
0
0
0
0
0
0
0
0
0
0
0
0
0
0
0
0
142984
0
0
0
143713
0
0
0
0
0
0
0
0
121961
0
0
0
0
0
143713
0
0
0
0
0
0
0
0
0
0
139895
0
0
0
0
0
0
0
0
0
0
0
115082
0
0
0
0
0
0
0
0
0
0
143736
0
0
0
0
0
0
0
0
0
143736
0
0
0
0
139895
0
0
0
0
0
0
142542
0
0
0
0
0
143949
0
0
0
0
0
0
121961
117354
0
0
0
0
0
0
0
0
139895
0
0
142542
0
0
0
0
0
0
0
0
0
0
0
0
0
0
0
0
0
143214
0
0
0
0
0
0
0
0
0
0
0
0
0
0
0
0
0
0
0
143323
0
0
0
0
0
0
0
138948
0
0
138948
0
0
0
0
0
118129
0
0
0
0
0
0
0
0
0
0
0
0
0
0
0
0
0
0
0
0
0
0
0
0
0
0
0
119385
0
0
0
0
0
0
0
0
0
0
0
0
0
0
122558
144177
0
0
0
0
0
139911
0
0
0
0
0
0
0
0
0
0
0
0
0
0
0
0
0
0
0
0
0
0
140118
0
0
0
0
0
0
144177
146921
140118
0
0
0
0
140118
0
0
0
0
0
0
0
0
0
0
0
0
0
0
122558
0
0
138174
0
0
0
0
0
0
0
0
143323
0
0
0
0
0
0
0
0
0
0
0
0
0
0
0
0
0
0
0
0
0
0
0
0
0
138174
0
0
0
146921
0
0
0
0
119874
0
0
0
0
0
0
0
0
0
0
0
0
0
0
140973
0
0
0
0
0
0
0
0
0
0
122893
0
0
0
0
0
0
0
0
0
139487
0
0
0
140973
0
0
0
0
0
0
0
0
0
119874
0
0
0
0
0
139487
0
0
0
0
0
0
0
0
0
0
0
0
0
0
0
0
0
0
0
139487
0
0
138174
0
141403
0
0
0
0
0
138174
0
0
0
0
0
0
0
0
0
0
0
0
0
0
0
0
0
0
0
0
0
0
0
0
0
0
0
0
0
0
122893
0
0
0
0
139487
0
0
0
0
0
122893
0
0
0
0
0
0
0
0
0
0
0
0
0
0
0
0
141185
0
0
0
0
0
0
0
0
0
0
0
147483
0
0
0
147483
0
0
0
0
0
139823
139058
0
0
0
0
0
0
0
0
0
0
0
0
0
0
0
0
0
0
0
0
0
0
0
0
0
0
147438
0
0
0
0
0
0
0
0
0
0
0
0
0
0
0
0
0
0
0
121694
0
0
0
0
0
116566
0
0
0
0
0
0
0
0
0
0
139514
0
0
0
0
0
0
0
0
0
0
0
0
0
0
0
0
0
0
0
0
0
0
0
0
0
0
0
0
0
0
0
0
0
0
0
0
0
0
0
0
0
0
0
0
0
0
0
141403
0
0
144587
0
0
0
141320
0
0
0
0
117437
0
0
0
0
0
0
0
0
0
0
0
139514
0
0
0
0
0
0
0
0
0
0
0
0
0
0
0
0
147483
0
0
0
0
0
0
0
147161
0
0
0
0
0
0
0
0
0
0
0
0
0
0
0
0
0
0
0
0
0
0
0
117437
0
0
0
0
0
0
0
0
0
0
0
0
0
0
0
0
0
0
0
0
0
0
0
0
0
0
0
0
0
0
0
0
0
0
0
0
0
0
0
139514
0
0
0
0
0
0
0
0
0
0
0
0
0
0
0
0
0
0
0
0
0
0
0
0
0
0
0
0
0
0
0
0
0
125233
0
118372
0
0
118372
0
0
0
0
140818
0
0
0
0
0
0
141805
145427
0
0
0
0
0
0
0
0
0
0
0
0
0
0
0
0
0
0
0
0
149282
0
0
0
0
0
0
0
0
149058
0
0
0
0
0
0
0
118372
0
0
149058
0
0
0
0
118372
0
0
0
0
0
0
0
0
0
0
0
0
0
0
0
0
0
0
0
0
0
0
0
0
0
0
0
0
0
0
0
0
0
0
0
0
0
149070
0
0
0
0
0
0
0
0
0
0
0
0
0
0
0
141589
0
146685
0
0
0
0
0
0
0
0
0
142814
0
0
0
146685
0
0
0
0
126779
0
0
0
0
0
0
0
0
0
0
0
0
0
0
0
0
0
0
0
0
0
0
0
150258
0
0
0
0
0
0
0
0
0
0
0
150258
0
0
0
0
0
0
0
0
0
0
0
0
0
0
0
0
0
0
0
0
0
0
0
0
0
0
0
0
0
0
0
0
0
144311
0
0
0
0
119136
0
0
0
0
0
0
0
0
0
0
0
0
0
0
0
0
0
0
0
0
0
0
0
0
0
0
0
0
0
0
0
0
0
0
0
0
0
0
0
149058
0
0
0
0
0
146728
0
0
150775
141378
0
0
0
141378
0
0
0
0
0
0
0
0
0
0
0
0
0
0
150024
0
0
128420
0
0
0
0
0
128420
0
0
0
0
0
0
0
0
0
0
0
0
0
0
0
0
0
0
0
0
150024
150024
0
0
150024
0
141378
0
128507
0
0
0
0
0
125693
141378
0
147066
149660
0
0
0
0
0
0
0
144311
0
0
0
0
0
0
0
0
0
0
0
144311
0
0
0
151339
0
0
144311
0
0
0
0
0
0
0
150024
0
0
144858
0
0
0
0
0
0
0
0
0
0
0
0
0
0
0
0
0
0
0
0
0
0
0
0
0
148156
0
0
0
0
0
0
0
0
0
0
125693
0
0
0
0
0
0
0
0
0
0
0
0
0
0
0
0
0
0
0
0
0
0
0
0
0
125693
0
0
0
0
0
0
0
0
129547
0
0
0
0
125693
0
0
0
0
148156
0
148156
0
0
0
0
120974
0
0
0
0
125693
0
0
0
0
0
0
0
0
0
0
0
0
0
0
0
0
149042
0
0
0
0
0
0
0
120974
0
0
0
0
0
0
0
0
0
0
0
0
0
0
0
0
0
0
0
0
0
0
145175
149042
0
0
0
0
0
0
0
0
0
0
0
0
0
0
0
0
0
0
0
0
0
0
0
153768
0
0
0
0
0
0
0
0
0
0
153768
0
0
0
0
0
0
0
0
0
0
0
0
0
0
0
0
153768
0
130464
0
0
0
0
0
0
0
0
0
0
0
0
0
0
0
0
0
0
0
0
0
0
0
0
0
0
0
0
0
0
0
0
0
0
0
0
0
0
0
0
0
0
0
145464
145464
0
0
0
0
0
0
0
0
131106
0
0
0
0
0
0
0
0
0
0
0
0
0
0
146931
0
0
155076
0
127098
0
0
0
0
0
0
150123
0
0
0
120974
0
0
155076
0
0
0
0
0
0
0
0
0
0
0
155076
0
0
0
0
0
0
0
0
0
0
0
0
145792
127098
0
0
0
0
0
0
0
0
0
0
0
0
0
0
0
0
0
0
0
0
0
153768
0
0
0
0
0
0
0
0
0
0
0
0
0
0
0
0
0
0
0
0
0
0
0
0
0
0
145175
0
0
0
0
0
131515
0
0
0
0
0
0
0
147674
0
0
0
0
0
0
0
145175
0
121753
0
0
0
0
151179
0
0
121753
0
131515
0
0
0
0
0
0
0
0
0
0
0
0
0
0
0
0
0
0
0
0
0
0
0
0
0
0
0
0
0
0
0
0
0
0
0
0
0
0
0
0
0
0
0
0
0
0
0
0
0
0
0
0
0
0
0
0
0
0
0
0
0
0
0
0
0
0
0
0
0
0
159974
0
0
147974
0
0
0
0
146198
0
0
0
0
0
0
0
0
0
147974
0
0
0
159974
0
147974
0
0
0
0
0
0
0
0
0
0
0
0
0
0
0
0
0
0
0
0
0
0
0
0
0
0
0
0
0
0
0
0
0
0
0
0
0
0
0
0
0
0
0
159974
0
0
0
0
0
0
0
0
0
0
0
0
0
0
133300
0
154493
159974
0
0
0
0
146198
0
0
0
0
129070
0
0
0
0
0
0
0
0
0
0
0
0
0
0
0
0
0
0
0
0
0
0
0
0
0
0
0
0
0
0
0
0
147974
0
0
0
0
0
0
154493
156727
0
0
0
0
159974
0
134208
0
0
0
0
0
0
156727
0
0
0
0
0
0
0
0
0
0
0
0
0
159974
0
0
0
0
0
155032
0
0
0
0
0
160720
0
0
0
122485
0
149372
0
0
0
0
0
0
0
0
0
0
134208
0
0
0
130805
0
156727
0
0
0
0
0
0
0
0
0
0
0
0
0
0
0
0
0
0
0
0
160720
130805
0
0
0
0
134817
0
0
0
0
0
0
0
0
0
0
0
0
0
0
0
0
0
149372
0
0
0
0
0
0
0
0
0
0
0
0
0
0
0
0
0
0
0
0
0
153540
0
0
0
0
0
0
0
0
156727
0
0
150361
0
0
0
0
0
0
0
0
0
0
0
0
0
0
0
0
0
0
0
0
0
150361
0
0
0
0
0
0
0
0
0
0
0
0
0
0
148194
0
0
0
0
0
0
0
0
0
0
0
0
0
0
0
0
0
0
0
0
0
0
157300
0
149372
0
0
0
0
0
0
0
0
0
0
0
135676
0
0
0
0
0
0
153540
0
130805
0
0
0
0
0
0
0
0
0
0
0
0
0
0
0
0
0
0
127014
0
0
0
0
0
151006
0
0
0
0
0
0
0
0
0
0
0
0
0
0
0
0
0
0
0
0
0
0
0
0
0
0
0
0
0
0
0
0
0
0
0
0
0
0
0
0
0
0
0
0
0
0
156727
161186
154430
0
0
0
0
0
0
0
0
0
0
0
0
0
0
0
0
0
151006
0
0
0
0
0
0
0
0
149372
0
0
0
0
161186
0
0
0
0
0
0
0
0
149866
0
0
154430
0
0
0
0
0
0
0
0
0
0
0
0
0
0
0
0
0
0
0
0
0
0
0
0
151763
0
0
158685
0
0
0
0
0
0
0
154430
0
0
0
0
0
0
0
0
0
0
0
151763
0
0
0
0
0
0
0
0
0
0
0
0
0
0
0
0
128472
150726
0
0
0
0
0
0
0
158685
0
0
0
0
0
151763
0
0
0
0
0
0
0
0
0
0
0
0
0
0
0
149372
0
0
0
0
0
0
0
0
0
137812
0
0
0
132856
0
0
149372
0
0
0
0
0
0
0
0
0
0
151630
0
0
0
0
0
149676
0
0
0
0
0
0
0
0
0
0
0
0
0
0
149676
0
0
0
0
0
0
0
0
0
0
0
0
0
0
0
0
0
0
0
0
0
0
0
0
0
0
0
161712
128695
0
163926
0
0
0
0
0
0
0
0
0
0
0
0
0
0
0
0
0
0
0
0
0
0
0
0
137812
161712
134342
0
0
0
157845
0
0
0
0
0
0
0
0
0
0
0
0
0
0
161712
0
0
0
0
0
0
0
0
0
0
0
0
0
0
0
0
0
0
0
0
0
0
0
0
0
0
137812
0
0
0
0
0
0
0
0
0
0
0
0
0
0
150505
0
0
0
0
0
0
0
155763
0
0
0
0
0
0
0
0
0
0
0
0
134784
0
155763
0
0
0
0
137812
0
0
0
0
0
0
0
0
0
0
0
0
0
0
0
0
0
137812
0
0
0
0
0
0
0
0
0
0
0
0
0
0
0
0
0
0
0
0
0
0
0
0
0
0
0
134784
0
0
0
0
0
0
0
0
0
158560
0
0
0
153567
0
0
0
0
0
134784
0
0
0
0
0
0
0
0
0
0
155763
0
0
0
0
0
0
0
0
0
0
0
153654
0
0
0
167142
0
0
0
0
167142
0
138483
0
0
163367
0
153654
0
0
0
0
0
163367
0
0
0
0
0
0
0
0
0
0
0
0
0
0
0
0
0
0
0
0
135884
0
0
0
0
0
0
0
167170
0
0
136258
0
0
0
0
159102
0
0
0
167170
167170
0
0
153567
0
0
0
0
0
0
0
0
0
0
0
0
0
167170
0
0
163614
0
0
0
0
0
0
0
0
0
0
0
0
138579
0
0
0
0
0
0
0
0
0
0
0
164114
0
159192
0
0
0
0
0
0
0
131305
0
164970
0
0
0
0
156413
0
0
0
0
0
0
150532
0
0
0
0
159192
0
0
0
0
0
0
0
0
0
0
0
0
0
0
0
0
0
0
0
0
0
0
0
0
0
0
0
0
0
0
0
138559
0
0
0
0
0
0
150532
0
0
0
0
0
155384
0
0
0
0
159972
0
0
0
0
0
0
0
0
0
0
0
0
0
168120
155384
0
0
0
0
134018
155443
0
0
0
0
0
155443
157234
0
139440
0
157234
0
0
0
0
0
0
0
0
0
139642
0
0
0
0
0
0
0
0
168120
0
0
0
150532
0
0
0
0
0
0
0
0
0
0
157234
0
0
0
0
0
0
0
0
150688
0
0
0
0
0
0
0
139440
0
0
0
0
139642
0
0
0
0
0
0
0
0
0
150688
0
0
0
0
0
0
0
0
0
0
0
0
150688
0
0
0
0
0
0
0
0
0
0
0
0
0
0
0
0
0
150688
0
0
0
0
0
0
0
0
139440
0
0
0
0
0
0
0
0
0
0
0
0
0
0
0
0
0
0
0
0
0
0
0
139642
0
0
0
0
0
0
139440
0
0
0
0
0
0
0
0
0
0
134018
0
0
0
0
0
0
0
0
0
0
0
0
155495
0
0
0
0
0
0
0
0
0
0
0
0
0
0
0
0
0
0
139440
155495
0
0
0
0
0
0
0
0
134937
0
0
0
0
0
0
0
0
167009
0
0
0
0
0
0
0
0
0
0
0
0
0
0
0
0
0
0
0
0
0
0
167009
0
0
0
0
0
0
0
0
0
0
134937
0
0
0
0
0
0
0
0
140514
0
140514
0
0
0
0
0
0
0
0
0
0
0
0
0
0
0
0
0
0
0
0
0
0
167009
0
0
159449
0
0
0
0
0
0
0
0
0
0
0
0
0
0
0
0
0
0
141452
0
0
0
141452
0
0
0
0
0
0
163881
0
0
0
0
160387
156658
0
0
0
0
172784
0
0
0
0
157599
0
0
0
0
0
0
0
0
0
0
0
0
0
0
0
0
0
0
0
0
0
0
0
0
0
0
0
0
0
0
0
0
0
0
0
0
156658
0
0
0
0
0
0
0
0
0
140779
0
0
0
0
0
0
0
0
0
151871
0
165531
0
0
0
0
0
0
160647
0
0
0
0
141210
0
0
0
0
0
0
0
0
157599
0
158265
0
0
0
0
158265
141800
0
0
0
0
0
141210
0
0
160647
0
0
0
0
0
0
0
0
0
0
0
0
0
158632
0
0
0
0
0
0
0
0
0
0
0
159592
0
0
0
0
0
158265
0
0
0
0
0
142335
0
142335
0
0
0
0
0
0
166821
0
0
0
0
0
0
0
0
0
0
0
0
0
0
0
0
0
0
0
167295
0
0
0
0
0
0
0
0
0
0
0
0
0
0
0
0
0
0
173385
0
152024
0
0
0
0
0
0
160291
0
0
0
0
0
0
0
0
0
0
0
0
0
0
0
0
0
0
167295
0
0
0
0
0
0
0
0
0
0
0
0
0
0
0
0
0
167295
0
0
0
0
0
0
0
0
0
0
0
0
0
0
0
0
0
0
0
0
0
0
0
0
0
0
0
0
0
0
0
0
0
0
0
0
0
161266
0
0
0
0
0
0
0
0
0
0
152849
152849
0
0
0
169360
0
0
160622
0
0
0
0
0
0
0
0
0
0
161418
0
0
0
0
0
0
0
0
0
0
0
170022
0
0
0
162012
0
0
0
0
161524
0
0
0
0
0
0
0
152849
0
0
0
0
173513
0
0
0
0
0
0
0
0
0
0
0
0
0
0
0
0
0
0
0
0
0
0
0
0
0
0
0
0
0
0
0
0
0
0
0
0
0
0
0
0
0
0
0
0
0
0
0
0
0
0
167295
0
0
0
144592
0
0
0
0
0
0
0
0
0
161616
0
0
0
0
0
0
0
162098
0
0
0
0
153827
0
0
0
0
0
171346
0
0
0
0
0
145186
0
0
0
0
173513
0
0
0
0
0
0
0
162098
0
0
0
0
0
0
162098
162528
0
0
0
144910
0
0
0
0
0
0
0
0
0
0
0
0
0
0
137396
0
153827
0
0
0
0
0
0
0
0
0
0
0
0
0
0
145227
0
0
0
0
0
0
0
0
0
0
0
0
0
169374
0
171346
0
0
0
0
0
0
0
0
0
0
0
0
0
0
0
138599
0
0
0
0
0
0
0
0
0
145707
0
0
0
0
0
0
0
0
0
0
0
0
0
162256
0
0
0
0
0
0
0
0
145183
0
0
0
0
0
0
0
0
139147
0
0
0
0
163448
0
0
0
0
0
0
0
163448
0
0
0
0
0
0
0
0
0
0
0
0
0
0
0
0
0
0
0
162274
0
0
0
169522
0
0
154169
0
0
0
171628
0
0
0
0
0
171628
0
145768
0
0
0
0
0
0
0
0
0
0
0
0
0
0
0
0
0
0
139147
0
0
0
0
0
139147
0
0
0
0
0
139147
164823
0
0
0
0
139147
0
0
0
0
0
146958
0
0
0
0
0
0
0
0
0
0
0
162671
154780
0
0
0
165547
0
140103
0
0
140103
0
0
0
0
174049
0
0
0
0
0
0
0
0
0
0
0
0
0
0
0
0
0
0
0
0
0
0
165547
0
0
0
0
0
0
0
0
0
164432
0
0
0
0
0
0
0
0
0
0
0
141208
0
0
0
0
0
0
0
0
0
0
0
170055
0
0
0
0
0
0
0
175853
0
0
0
0
0
0
0
0
0
0
0
0
0
0
0
0
0
0
0
0
0
0
0
0
0
141208
0
0
0
0
0
0
0
0
0
0
0
0
0
0
0
147467
0
0
0
0
0
0
0
147467
0
0
0
0
0
0
0
0
0
172885
141259
0
0
0
0
0
0
0
0
0
0
0
0
0
0
0
0
170603
0
0
0
0
0
0
0
172885
0
0
0
0
0
172885
0
0
0
0
0
0
172885
0
0
0
0
0
0
0
0
0
0
0
0
0
141259
170603
0
0
0
0
0
0
148282
0
0
0
141259
0
0
0
0
0
0
0
0
0
0
0
0
0
0
0
164450
0
0
0
0
176841
0
0
0
0
0
0
0
0
0
0
0
0
0
0
0
0
0
0
0
0
0
0
172885
0
0
147760
0
0
0
0
0
0
0
0
0
172885
0
0
0
0
0
0
0
0
0
0
0
0
0
0
0
0
0
0
0
0
0
0
0
0
0
0
0
0
0
0
168042
0
0
0
0
0
0
0
0
0
0
0
0
0
0
141520
0
0
0
0
0
0
0
0
147760
0
0
147760
0
0
0
0
0
0
0
0
0
0
0
0
0
164450
0
0
164629
0
0
0
0
0
0
0
0
0
0
0
0
0
141520
0
0
0
0
0
0
0
0
0
0
0
0
0
0
141520
0
177615
164629
0
0
141520
164450
0
0
0
0
0
0
0
0
0
0
0
0
0
0
0
0
0
0
0
0
0
0
0
0
0
0
0
166068
0
0
0
0
0
0
0
0
0
0
0
0
0
0
0
0
0
0
0
0
0
0
0
0
166068
0
0
0
0
158344
0
0
0
0
166068
0
0
0
0
0
0
0
0
0
168575
0
0
0
0
0
0
0
0
0
0
0
0
0
166141
0
0
0
0
0
0
0
0
0
0
0
0
0
0
0
158344
0
0
0
0
0
0
173021
0
0
0
0
0
172885
0
0
0
166141
0
0
0
0
0
0
0
0
0
0
0
0
0
0
0
0
0
0
0
0
0
0
0
0
0
0
0
0
0
0
0
0
0
0
0
166141
0
0
0
0
0
151631
0
0
0
0
0
0
179197
0
0
0
0
143901
168575
0
0
0
0
0
0
0
0
0
159312
0
0
0
0
0
0
151011
174372
0
0
0
174372
0
0
0
0
0
0
0
0
0
0
0
0
0
0
0
173855
0
0
0
0
0
0
0
0
0
0
0
0
0
0
0
0
0
0
0
0
0
0
0
0
0
0
166515
0
0
0
0
0
0
0
143901
179772
0
0
0
167111
0
0
0
0
0
0
0
0
167111
0
0
168575
0
0
0
0
0
0
0
0
0
0
0
0
0
0
0
0
0
0
0
0
0
174372
0
0
0
151011
0
151011
0
0
0
169243
0
174449
0
0
0
0
0
0
0
0
0
0
0
174372
169243
0
166725
0
0
0
0
0
0
0
0
0
169243
167820
0
0
0
179772
0
0
0
179772
0
0
0
0
0
0
0
0
0
0
0
0
0
0
0
0
153227
0
0
0
0
144444
0
0
169243
0
0
0
0
0
0
0
0
0
0
0
0
0
0
0
0
174567
0
153227
0
175488
0
0
0
0
0
0
0
0
0
0
0
0
0
0
174567
0
0
0
0
0
0
0
0
0
0
0
0
167532
0
145195
0
0
0
0
0
0
0
169660
0
0
0
0
0
0
0
0
0
0
0
0
0
0
0
0
0
0
0
0
0
0
0
0
0
0
0
179994
0
0
0
0
0
0
0
0
0
0
0
0
0
167532
0
0
0
179994
174567
0
0
0
0
174567
0
0
0
0
0
0
0
0
0
0
0
0
0
0
0
0
0
0
0
0
160222
0
0
0
0
0
0
0
0
0
0
0
0
0
0
0
0
0
179994
0
175488
0
0
179994
0
179994
0
0
0
170374
0
0
0
0
0
0
0
0
145519
0
0
0
0
0
0
0
0
175488
0
175488
0
160222
0
0
0
0
0
0
0
0
0
0
0
0
0
145908
0
0
0
151842
0
0
0
0
0
0
0
0
0
0
0
0
160222
0
0
0
168302
176396
0
0
0
0
0
0
0
0
0
145908
0
0
0
145908
0
0
0
0
0
0
0
0
0
0
0
0
0
0
0
0
0
0
0
0
0
0
0
0
0
181787
0
0
0
0
0
170899
0
0
0
0
0
151842
0
0
0
0
0
0
0
0
0
0
0
0
0
0
0
0
0
0
161655
0
0
145908
0
0
0
0
0
0
0
0
0
0
0
0
0
0
0
0
0
0
0
0
0
0
0
0
0
0
0
0
0
0
0
0
0
0
0
0
0
0
0
161655
0
0
0
0
0
0
0
0
0
0
0
0
0
0
0
0
0
0
0
0
170493
176396
0
0
0
0
0
0
0
145908
0
0
0
0
0
0
0
0
178261
0
0
0
0
0
0
0
0
0
0
0
0
0
0
0
0
0
0
0
182234
0
0
0
0
154053
0
0
0
0
0
0
0
0
0
0
0
0
0
0
0
0
0
0
0
0
0
0
0
0
0
0
0
0
178261
0
0
0
0
0
0
0
0
154284
0
0
0
0
0
0
0
0
0
0
0
0
0
0
0
0
0
0
0
163533
0
0
0
155186
0
0
0
155186
0
0
0
0
170577
0
0
0
0
0
0
0
154161
0
0
0
0
0
0
0
0
0
154161
0
0
163533
0
0
0
0
0
0
0
0
0
0
0
0
0
0
0
0
0
0
0
0
0
147609
0
0
0
0
0
0
0
0
0
0
0
0
0
0
0
0
0
0
0
0
0
0
0
0
179334
0
0
0
0
0
0
0
0
0
154161
0
0
0
0
0
0
0
0
0
0
0
0
154161
0
0
0
0
0
0
0
0
0
155195
0
0
0
0
0
0
0
0
0
0
0
0
0
0
0
0
0
0
0
0
0
0
0
0
177907
147609
0
0
0
0
0
0
155195
0
171258
0
179334
0
0
0
0
0
0
0
0
0
0
0
155195
0
0
0
0
0
0
0
0
0
0
171554
0
0
0
0
0
0
0
0
0
0
0
0
0
0
0
0
0
0
0
0
0
0
154635
0
0
0
177907
0
0
0
0
0
184222
0
177907
0
0
0
0
0
0
0
0
0
0
0
0
0
0
173807
0
0
0
0
0
0
0
0
0
166304
173600
0
0
0
0
0
0
0
0
0
0
0
0
0
0
157179
166304
0
0
157179
0
0
0
0
0
174566
0
0
0
0
0
0
0
174566
0
0
0
0
0
148221
0
0
0
166304
0
0
0
0
157179
0
0
0
0
0
0
0
0
0
0
173807
0
0
0
0
0
0
0
0
0
0
0
0
0
0
0
0
0
0
0
0
0
0
0
0
0
179353
0
0
0
0
0
0
0
0
0
0
0
0
0
0
0
0
0
0
0
0
0
0
0
0
0
0
0
0
0
0
157278
0
0
0
0
0
0
166788
0
0
0
0
0
0
0
0
186080
0
0
0
0
0
180179
156479
0
0
0
0
0
0
0
0
0
0
0
186080
0
0
0
0
0
0
0
0
0
0
0
0
0
0
173807
0
0
0
172460
176749
0
0
0
0
0
0
186080
0
0
0
0
0
0
0
0
167063
0
0
0
0
0
0
0
0
0
0
0
0
0
0
0
0
0
0
0
0
0
158582
0
0
0
0
179353
0
167867
0
0
0
0
0
0
0
0
0
0
173927
0
0
0
0
0
0
0
0
0
0
0
0
0
0
0
0
0
0
176749
0
0
159118
0
0
0
0
0
0
0
150100
0
0
0
157456
0
0
0
0
174392
0
0
175572
0
0
150100
0
0
0
0
0
0
0
0
0
0
0
0
0
0
0
0
0
0
0
0
0
0
0
0
0
0
0
0
0
0
0
0
0
0
0
0
0
0
0
0
0
0
0
0
0
0
0
0
0
0
0
0
0
0
0
0
0
0
0
0
0
0
0
0
0
0
0
0
0
0
0
151267
0
0
0
0
0
0
0
0
0
182657
0
0
175816
0
0
0
0
0
0
0
0
0
0
0
0
0
0
0
0
0
0
0
0
0
0
0
0
176749
0
0
0
0
0
0
160353
0
0
0
182657
158377
0
0
0
0
0
0
0
0
0
0
0
0
0
0
0
0
0
0
0
0
0
0
0
0
0
0
0
0
0
0
0
0
0
0
0
0
0
0
0
0
0
0
0
0
0
0
0
170156
0
0
0
0
0
0
0
0
0
0
0
0
0
0
0
0
0
0
0
0
0
0
0
0
0
0
0
0
0
0
0
151532
0
0
0
0
0
0
0
0
0
0
159410
183630
0
0
151532
0
0
0
0
0
0
0
0
0
0
0
0
0
0
0
0
0
0
0
0
0
0
0
0
0
0
0
0
0
0
0
0
0
183630
0
0
0
0
0
0
0
187395
0
0
0
0
0
0
0
0
0
0
0
179013
0
0
0
0
0
0
0
0
0
0
0
187707
0
0
0
0
151787
0
0
0
0
0
0
0
0
0
0
0
0
0
0
0
0
0
0
0
0
0
0
0
0
0
0
0
0
0
0
187707
0
0
0
0
0
0
0
0
0
179013
0
0
0
0
0
0
0
0
0
182080
0
0
0
177227
0
177227
0
0
0
0
0
0
0
0
0
0
0
0
0
0
0
0
0
0
0
0
0
0
160353
159882
0
0
0
0
0
0
0
0
0
0
0
0
0
0
0
0
185741
0
0
0
0
0
0
179505
0
0
0
0
179505
0
0
0
0
0
0
180613
0
0
0
0
0
0
0
0
0
0
0
0
0
0
0
170692
182080
0
177608
0
0
0
0
0
0
0
0
0
0
0
0
0
0
0
0
0
0
0
0
0
0
0
0
0
0
0
0
0
0
0
0
0
0
0
0
0
0
0
0
189518
0
160703
0
0
0
160639
0
0
0
0
0
0
0
0
0
0
0
186490
0
0
0
0
0
0
0
156259
0
0
0
0
0
0
0
0
0
0
189518
0
0
0
0
0
0
0
0
0
0
0
0
0
0
190350
0
0
186490
0
0
179643
0
0
0
0
0
190350
0
0
0
0
0
0
0
0
0
0
161431
170692
0
0
156259
0
0
0
0
0
0
0
0
0
0
0
182418
0
0
0
156645
0
191124
0
0
0
0
0
0
0
0
0
0
0
0
0
0
156645
0
0
0
0
183463
0
0
0
0
0
0
0
179722
0
0
0
0
0
0
0
0
0
0
0
0
0
0
0
0
0
0
0
0
0
0
183733
0
0
0
0
0
0
0
0
0
0
191124
0
0
0
0
0
0
0
0
0
0
191124
0
0
0
0
0
0
0
0
0
183733
0
188263
0
0
0
0
0
0
0
0
0
0
0
0
0
174803
158377
0
0
0
0
0
0
0
0
162764
0
0
158377
0
0
0
0
0
0
0
0
0
0
191124
0
0
0
0
0
0
0
0
182573
0
0
0
180451
0
0
0
0
0
0
0
0
0
0
180451
0
0
158978
0
0
0
0
0
0
0
0
0
0
0
0
0
0
0
0
0
0
0
0
0
0
0
0
0
0
0
0
0
0
0
0
0
0
0
191124
0
0
0
188899
0
0
0
0
0
0
162738
0
0
175080
191124
0
0
0
0
0
0
163620
188899
0
0
0
0
0
0
191124
183733
0
0
0
0
0
0
0
0
0
0
0
0
0
0
0
0
0
0
0
0
0
0
0
0
0
0
0
159448
0
0
0
0
0
0
0
0
0
0
0
0
0
0
0
0
0
0
0
0
0
0
160372
0
0
0
0
0
0
0
0
0
0
0
0
185385
0
0
0
0
175080
0
0
0
183003
0
0
0
0
0
0
0
0
0
180451
0
180258
0
0
0
0
160372
0
0
0
0
0
0
0
0
0
0
0
191124
185002
0
185002
0
0
0
0
0
0
0
0
0
0
0
0
0
180451
0
0
0
0
191124
0
189313
0
0
0
0
0
0
0
0
0
0
180258
0
0
0
0
0
0
0
0
0
0
0
0
0
0
0
0
0
0
0
0
189313
0
0
0
0
0
191124
0
0
0
0
0
0
0
185947
176050
0
0
0
0
0
189313
0
0
0
0
0
0
0
0
0
0
0
0
0
0
181285
0
0
0
0
0
0
0
0
0
0
0
0
0
0
0
0
0
0
0
162007
0
0
0
0
0
0
0
0
0
0
0
189313
0
0
0
0
0
0
0
0
0
0
0
0
0
0
0
0
0
191124
0
0
0
0
0
0
0
0
0
176050
0
0
0
0
164427
0
0
0
0
0
0
0
0
0
0
0
0
0
186345
0
0
192128
0
0
0
0
0
0
0
176050
0
0
176050
0
0
0
0
0
0
0
0
0
0
0
0
0
0
0
0
0
0
0
0
0
0
0
0
0
0
0
0
0
0
0
0
0
0
0
0
0
0
0
0
0
0
0
0
0
0
0
183588
0
0
0
0
0
183588
0
0
162007
0
0
0
0
0
0
0
0
0
0
0
183242
0
0
0
0
0
0
0
162007
0
0
0
0
0
0
0
0
0
0
0
0
0
0
0
0
165663
0
0
0
0
0
0
166528
0
0
0
0
0
0
0
0
0
0
0
0
0
0
0
0
0
0
0
0
162630
0
0
0
0
0
0
0
0
0
189254
0
0
0
0
162630
0
0
0
0
0
0
183644
0
0
0
0
0
0
0
0
177422
0
0
0
0
0
0
183644
0
0
0
0
177422
0
163733
183644
0
0
0
192421
0
0
0
0
0
0
0
0
0
0
0
0
189254
162630
0
0
0
0
0
189254
0
0
0
0
192421
0
0
0
0
0
0
0
0
0
0
0
0
0
0
0
0
0
0
0
162630
0
0
184828
0
0
0
0
0
0
0
0
0
0
0
0
0
0
0
0
0
0
0
0
185078
0
0
0
0
0
0
0
0
0
0
0
163278
0
0
0
0
188463
0
0
0
0
0
0
0
0
0
0
0
0
0
0
0
0
0
0
0
0
0
0
0
0
0
0
0
0
0
0
0
0
0
0
0
0
0
178906
0
0
0
0
0
0
0
0
0
0
0
189806
0
0
188489
0
0
0
0
0
0
0
0
0
0
0
185770
0
0
0
0
0
0
0
185942
0
185942
185770
0
179019
185942
0
0
0
0
0
189050
0
0
0
0
0
0
0
0
0
0
0
0
0
0
185770
0
0
0
191069
0
0
0
0
0
0
0
0
0
0
0
0
0
0
0
0
0
0
0
0
0
0
0
0
0
189050
0
0
0
0
185770
0
0
0
0
0
0
0
0
0
0
0
0
0
0
0
0
0
0
0
0
0
0
0
0
0
0
0
189050
0
0
0
0
0
0
0
0
0
0
192672
186160
179588
0
0
0
0
0
0
0
0
0
0
0
0
0
0
0
0
0
0
186160
0
0
168003
0
0
0
0
168003
0
0
0
0
0
0
0
0
0
0
0
0
0
0
0
0
0
0
0
0
0
0
0
0
0
0
0
0
0
0
0
0
0
0
0
0
0
165697
0
0
0
0
165697
187710
0
0
0
0
0
0
0
0
0
0
0
191277
0
0
0
0
186447
0
0
0
0
0
0
0
187710
0
0
0
0
0
0
0
0
0
0
0
0
0
0
187710
0
0
0
0
0
0
0
0
0
191863
0
0
0
186447
0
0
166533
0
0
187710
0
0
0
0
0
181201
0
0
168893
0
0
0
0
0
187710
0
0
0
191863
0
0
0
0
0
181201
0
0
0
0
181201
0
0
0
0
0
0
0
0
0
0
0
0
0
0
169407
0
0
0
0
0
0
187710
0
0
0
0
0
0
0
0
0
0
0
0
0
0
196165
0
0
0
0
0
0
0
0
197138
0
0
0
0
0
0
0
0
0
0
0
0
0
0
0
0
0
170139
169283
0
0
0
0
0
0
0
0
191863
0
0
191863
0
0
0
0
0
0
0
0
0
0
0
169283
181608
0
0
0
0
0
186447
0
0
0
0
0
0
169283
0
0
0
0
0
0
0
0
0
0
0
0
0
0
0
0
0
0
0
0
0
0
0
0
0
0
0
0
191863
0
170546
0
0
0
0
0
0
167511
167511
0
0
191863
0
0
0
0
0
0
0
0
0
0
0
0
0
0
0
198632
0
0
0
0
0
0
0
0
0
192465
0
0
0
0
0
0
0
167511
0
181608
181608
0
0
0
0
0
0
0
0
0
0
0
0
0
0
0
0
0
0
0
0
0
0
0
190707
0
0
0
171491
0
0
0
0
0
0
0
170076
0
0
0
0
0
0
0
0
0
0
0
0
0
0
0
0
186447
0
0
0
0
0
0
0
0
0
0
0
0
0
0
0
0
170076
0
0
0
0
0
0
171491
0
0
0
0
193254
0
0
0
0
0
0
0
0
0
170076
0
0
0
0
0
0
0
0
0
0
0
0
0
0
193254
0
0
0
0
0
0
171491
0
0
0
0
171491
0
0
0
0
0
0
0
0
199328
0
0
191528
0
0
0
0
0
0
0
0
0
0
0
0
0
0
0
0
0
0
171491
0
0
0
0
0
0
0
0
0
0
0
0
0
0
0
0
0
193254
0
0
0
0
0
0
0
0
0
0
0
193254
0
194848
0
0
0
0
0
0
0
0
0
0
169836
0
0
0
0
0
0
0
0
0
0
181610
0
0
0
0
0
0
0
0
0
0
0
0
0
0
0
0
0
0
0
0
0
0
0
0
0
0
0
0
0
0
0
0
0
0
0
0
0
0
0
0
0
0
0
0
0
0
200563
0
0
0
0
200563
0
0
0
0
0
0
0
0
0
0
0
0
0
0
0
0
0
0
0
0
0
0
0
0
0
0
0
0
0
0
0
0
0
0
199328
0
0
0
0
171182
0
0
0
0
0
0
0
0
0
187236
0
0
0
0
0
0
0
0
0
0
0
0
0
0
0
0
0
0
0
0
0
0
0
0
0
0
0
0
0
0
0
0
0
0
0
0
0
0
0
0
0
0
0
0
0
0
0
0
0
0
0
0
0
0
0
0
0
0
0
0
0
0
0
0
0
0
0
0
172108
0
0
0
0
0
0
0
0
0
0
0
188058
0
0
0
188058
0
0
0
0
0
0
0
0
0
0
0
0
0
0
0
0
0
0
0
0
0
0
0
0
0
0
0
0
0
197293
0
0
0
0
0
0
0
0
201180
0
201180
0
0
0
0
0
0
0
0
0
0
201778
0
171491
0
0
0
0
0
0
0
0
0
0
0
0
0
0
0
0
0
0
0
0
0
0
0
0
0
0
0
0
0
0
0
0
201778
0
0
0
0
0
0
0
172442
0
0
0
0
0
0
0
0
0
0
0
0
0
190046
0
0
201778
0
0
0
195433
0
0
0
0
0
0
0
0
0
0
0
0
0
0
0
0
0
0
0
0
0
173030
0
0
0
0
0
0
0
0
199419
202008
195433
0
0
0
0
0
173030
0
0
0
0
0
199552
0
0
0
0
0
0
0
197735
0
0
0
0
0
0
0
0
173802
0
202439
0
0
196267
0
0
0
0
0
0
0
0
0
0
0
0
0
0
202439
0
0
0
0
0
0
0
0
0
0
0
0
0
0
0
0
0
0
0
0
0
0
0
174176
0
0
0
0
0
0
0
0
0
0
0
0
0
0
0
0
0
0
0
0
0
0
0
0
0
200553
0
0
0
0
190046
0
0
190046
0
0
0
0
0
0
173485
0
0
0
0
0
0
0
0
174522
201266
196979
0
0
0
0
0
0
201266
0
0
0
0
0
0
0
0
0
176399
174522
0
0
0
0
0
0
0
0
0
0
0
0
0
0
0
0
0
0
0
0
0
0
0
0
0
0
0
0
0
0
0
0
0
201266
0
0
0
177088
0
0
202439
0
0
0
0
0
0
0
0
0
0
202439
0
202815
199300
0
0
0
0
0
0
0
0
0
0
0
0
0
0
199595
0
0
0
0
0
0
0
0
0
0
0
0
0
0
202439
0
0
0
0
0
174522
0
0
0
0
0
0
0
0
0
0
0
0
0
177310
0
0
0
0
0
0
0
0
0
199434
0
0
0
174532
0
177310
0
0
0
0
0
0
0
0
175858
0
0
0
0
0
0
0
0
0
0
203646
0
0
200319
0
0
0
0
0
0
0
0
0
0
190509
0
0
0
0
0
0
0
0
0
177363
0
0
0
200319
0
0
176137
0
0
0
0
0
0
0
202770
0
0
0
0
0
0
0
0
0
0
0
177363
0
0
0
0
0
0
0
0
0
0
0
0
0
0
0
0
0
0
0
0
0
0
0
0
0
0
177363
177363
0
199595
191432
0
176717
177363
0
0
0
202618
0
186913
0
0
0
0
0
0
0
0
0
0
203646
0
0
0
0
0
0
0
0
0
0
202807
0
0
0
0
0
0
0
0
0
203646
0
0
0
0
0
0
0
0
0
0
0
0
202807
0
0
176717
0
0
0
0
0
176717
0
0
0
0
0
0
174532
0
0
0
0
0
0
0
0
0
0
0
0
0
0
0
0
0
0
0
203646
0
0
0
0
0
0
0
0
0
203646
202259
0
0
0
0
200190
202259
0
0
0
0
0
0
174616
200190
0
0
0
0
0
0
0
0
0
0
0
0
203296
0
0
0
0
0
0
203367
0
0
0
0
0
0
0
0
0
0
0
0
0
0
0
0
0
0
0
0
0
203814
0
0
0
0
0
0
0
0
0
0
0
0
0
0
0
0
0
0
0
0
0
0
0
0
0
0
0
0
0
0
177511
0
179229
203814
0
0
0
0
0
0
174616
0
0
0
174616
0
0
0
0
0
0
0
204099
0
0
0
0
0
0
0
0
0
0
0
0
0
0
0
0
0
0
0
191432
180598
0
201207
0
0
0
0
0
0
0
0
0
0
0
0
0
0
0
0
0
0
0
203813
0
0
0
0
0
0
0
0
191497
0
0
0
0
0
0
0
0
0
189531
203053
0
0
0
0
0
0
0
0
0
0
0
0
0
0
0
0
0
203813
0
0
0
0
0
0
0
0
0
0
0
0
0
0
0
0
0
0
0
0
0
0
0
0
0
0
0
0
0
0
0
0
204099
0
189531
0
0
0
0
191497
0
0
0
0
0
0
0
0
0
0
0
0
0
0
0
0
0
0
0
0
0
0
0
203053
0
0
0
0
0
0
0
0
0
0
0
0
0
0
0
203053
0
0
0
0
0
0
0
0
0
0
0
0
205584
177511
0
0
0
0
0
0
0
0
0
0
0
0
0
0
0
0
0
0
0
0
0
0
176280
0
0
0
0
0
0
0
0
0
0
0
0
0
0
0
0
0
204099
0
0
0
0
0
0
0
0
0
0
0
0
204593
0
0
0
0
0
0
0
0
0
204790
0
0
0
0
0
0
0
0
0
205599
0
0
0
0
0
0
0
0
0
0
0
0
0
0
0
0
0
0
0
0
0
0
0
0
0
0
0
0
0
0
203285
206544
0
0
0
0
0
0
0
0
0
0
0
0
0
0
0
0
0
0
203923
0
0
0
0
191832
191832
0
0
192227
0
0
0
205310
0
0
0
0
0
0
0
0
0
0
0
181880
0
0
0
0
0
0
0
0
0
0
0
0
0
0
0
0
0
0
0
0
0
0
0
0
0
0
0
0
205967
0
0
0
0
0
0
0
0
0
0
0
0
0
177100
0
192166
0
0
0
0
0
0
0
0
0
0
0
0
0
0
0
0
0
0
0
0
0
193169
0
0
0
0
177100
0
0
0
0
0
0
0
0
0
0
0
0
0
0
0
0
0
0
0
0
206001
0
0
0
0
0
0
0
0
0
0
0
0
0
206001
0
0
0
177100
0
206134
0
0
0
0
184764
0
0
0
0
0
0
0
0
0
0
0
0
0
184764
0
0
0
0
0
206570
0
0
0
0
0
0
184764
0
0
204503
0
0
0
0
0
0
0
0
0
0
0
0
0
0
194368
0
0
206134
0
0
0
0
0
0
0
0
0
0
0
0
0
0
0
0
0
195341
0
0
0
0
0
0
0
0
0
0
0
0
0
206001
0
0
0
0
0
0
0
0
0
0
0
0
0
0
0
0
204503
0
0
0
0
0
0
0
0
0
0
0
0
0
0
0
0
0
0
0
0
0
0
0
0
0
0
207284
0
0
0
0
0
0
0
0
0
0
0
0
0
0
0
0
0
0
0
185266
0
0
0
0
0
0
0
0
178658
0
0
0
0
0
0
0
0
0
208500
0
0
0
0
0
208500
0
0
0
0
206682
0
0
0
0
177100
0
0
0
0
0
0
0
0
0
0
0
0
0
0
0
0
210257
0
195341
0
0
177100
0
0
0
0
0
0
0
0
0
0
0
0
0
0
0
177356
208038
0
0
185266
0
0
0
0
0
0
0
0
0
0
0
0
0
0
0
0
0
0
0
0
0
0
0
0
0
0
0
206682
0
0
0
0
0
208297
0
0
0
0
0
0
0
0
0
0
207706
0
0
0
195508
0
0
197441
0
0
0
0
0
0
0
0
0
0
0
0
0
207597
179876
0
0
0
0
0
0
0
0
0
0
0
0
0
0
0
0
0
0
0
0
0
0
0
0
207706
0
0
0
0
0
0
0
0
0
0
0
0
0
0
0
0
206745
207597
0
0
0
0
210426
0
0
0
0
0
0
0
210426
196479
0
0
0
0
0
0
0
0
196479
0
0
186460
210426
0
0
0
0
0
0
0
0
0
207597
0
0
0
0
0
0
0
0
0
0
0
0
0
0
0
0
0
0
186460
0
0
0
0
177583
0
0
0
0
0
0
0
0
0
0
0
0
0
0
0
0
0
0
0
0
0
0
0
0
0
0
0
0
0
0
180717
0
0
0
199137
0
0
0
0
0
0
0
0
0
0
0
0
0
0
210761
0
208849
0
0
0
0
0
0
0
0
0
0
0
0
0
186460
0
0
0
0
0
199633
0
186460
0
0
0
0
0
0
0
0
186460
0
0
0
197671
0
181427
0
0
0
0
0
0
0
209387
0
0
0
0
0
0
187301
0
0
0
0
0
0
0
0
0
0
0
0
0
0
0
0
209676
0
0
0
0
0
0
0
208960
208317
0
0
0
0
0
0
0
0
0
0
0
0
0
0
0
0
0
0
0
208282
0
0
0
181427
209676
0
0
0
0
0
0
0
201332
181427
0
0
0
0
0
0
0
188324
0
179006
0
0
0
0
0
0
0
0
0
179147
0
0
0
208960
0
0
0
0
0
211053
0
0
211053
0
0
188324
0
0
0
0
0
0
0
0
0
0
0
0
0
0
0
0
0
0
0
0
0
0
201332
0
0
0
0
0
0
0
211053
201332
0
209282
0
0
0
0
0
0
188324
0
0
0
0
0
0
0
0
0
0
0
0
0
0
0
0
211053
0
0
0
0
0
0
0
0
0
0
0
0
0
0
0
0
0
210151
0
0
0
0
0
0
0
0
0
0
0
0
0
0
0
0
0
0
0
0
0
179603
0
0
0
0
0
0
210151
0
0
0
0
210777
0
0
0
0
0
0
0
0
0
0
0
0
0
0
0
0
210303
0
0
0
0
0
0
0
0
0
0
0
0
0
0
182222
0
211221
0
0
0
0
0
0
0
0
0
0
0
210412
0
0
0
0
0
0
0
0
0
198169
0
0
0
0
198169
0
211221
0
0
0
0
0
189109
0
0
183055
0
0
0
0
0
189109
0
0
189109
0
0
0
0
210412
0
210777
0
0
0
0
0
0
0
0
0
0
0
0
0
0
0
0
0
180494
0
0
0
0
0
0
0
0
0
0
0
0
0
0
0
198169
0
0
0
0
0
0
0
0
0
189109
210412
0
0
189109
0
0
180494
211512
0
0
0
0
0
0
0
0
0
0
0
0
0
0
0
0
0
0
189109
189109
0
0
0
0
198169
0
0
0
0
0
0
0
0
0
0
0
0
0
198169
0
0
0
0
0
0
0
0
0
0
211279
0
0
0
0
0
0
0
0
203503
0
0
0
183055
0
211341
0
0
0
0
0
0
0
0
0
211540
0
0
0
0
0
0
0
0
0
0
0
0
0
0
0
0
211540
0
0
0
0
0
0
0
0
0
0
0
0
204165
0
211384
0
0
0
0
0
0
0
0
0
0
0
0
0
0
212075
181431
0
181431
0
0
0
212451
0
210464
0
0
0
0
0
0
0
212046
0
0
0
0
212304
0
0
0
0
0
0
0
0
0
0
0
0
0
0
0
0
0
189706
0
0
0
0
0
0
0
0
0
0
0
0
0
212304
0
0
0
0
0
0
0
0
0
0
0
0
0
198283
0
0
0
0
189973
0
0
0
0
0
198283
0
198283
0
0
212046
0
0
0
0
0
211136
0
0
0
0
0
184598
0
0
0
0
0
0
0
198283
212903
0
213681
0
0
0
0
0
0
211136
0
0
0
0
0
0
0
0
0
0
0
0
0
0
0
213681
0
0
0
0
0
0
0
0
0
0
0
0
0
0
0
0
0
0
0
0
0
0
0
0
0
0
0
0
0
0
0
0
0
213681
0
0
0
211751
0
0
0
0
0
0
0
0
0
0
0
0
0
0
0
0
0
0
204575
0
0
0
0
0
0
0
0
0
0
0
0
0
0
0
0
0
0
0
0
0
0
0
0
181630
0
0
0
0
0
0
200138
0
0
0
0
0
0
214864
0
0
0
0
0
0
206362
0
0
211751
0
0
0
0
0
0
0
0
0
0
0
0
0
0
0
0
0
0
0
0
0
0
0
0
0
0
0
0
0
206362
0
0
0
0
0
0
0
0
201544
181630
0
0
0
0
0
0
0
213244
0
211751
0
0
0
216179
0
0
0
0
0
0
0
0
0
0
0
0
0
0
0
0
0
0
0
0
187818
216179
0
0
0
0
0
0
0
0
0
0
0
0
0
0
0
0
0
0
0
0
0
187818
0
213202
213458
0
0
213458
0
0
0
0
0
213458
206751
0
0
0
0
0
214718
0
0
182642
0
0
0
0
0
0
0
0
0
0
0
0
0
0
0
0
0
0
0
0
0
0
0
0
0
0
0
0
0
0
0
0
0
0
0
0
0
0
0
0
0
0
208435
208435
201841
0
0
213458
0
0
0
214718
0
0
0
0
0
0
0
0
187818
0
0
0
0
0
215295
0
0
0
0
0
0
0
0
0
0
0
0
0
0
0
0
0
0
0
0
0
0
0
0
0
0
0
215629
0
0
0
0
0
0
217393
0
0
0
0
0
0
0
0
0
0
215295
217393
0
0
0
0
0
0
0
0
0
0
0
0
0
214294
0
0
0
0
0
0
0
0
0
0
0
0
0
0
0
0
0
0
0
0
0
0
202437
0
0
0
0
0
0
215295
0
0
0
214294
0
0
0
0
214294
0
215295
0
0
0
0
0
0
203289
0
0
0
0
0
0
0
0
0
0
0
217910
197086
0
0
0
184834
0
0
0
0
0
0
0
0
0
0
0
0
0
0
0
0
0
0
0
0
0
0
0
0
0
0
0
0
0
0
0
0
210964
0
0
0
0
184834
0
0
0
0
0
0
0
0
0
0
0
210964
0
0
0
0
0
0
0
0
0
217910
0
0
210964
0
0
0
0
0
0
0
0
0
0
0
0
0
0
0
0
185707
0
0
0
0
0
0
0
0
0
0
0
0
0
0
0
0
0
0
0
0
204645
198177
0
0
0
215388
0
0
0
0
0
0
0
0
0
0
0
214294
0
214294
0
0
0
0
0
0
0
0
0
0
0
0
0
0
0
0
0
0
204645
204645
0
0
0
0
0
0
0
214294
185707
0
0
0
0
0
0
0
0
0
0
0
0
0
0
0
0
0
0
0
0
215388
0
0
0
211543
0
0
0
0
0
0
0
215388
0
0
0
0
0
0
0
0
0
0
0
0
0
0
0
0
0
0
0
0
211543
0
0
0
0
189679
0
0
0
0
0
0
0
0
0
0
0
0
0
0
0
0
0
0
0
0
0
0
0
0
0
0
0
0
0
198177
0
0
0
0
219794
0
0
0
0
0
0
0
0
0
0
0
0
0
0
0
0
0
0
0
0
0
0
0
0
0
0
212062
0
0
0
0
0
0
0
214997
0
0
0
0
0
0
0
0
0
0
204645
0
0
0
185707
0
198177
0
0
0
0
0
0
0
0
0
215240
0
186726
0
0
0
0
0
0
0
0
0
0
0
0
0
0
0
0
0
0
0
0
0
0
0
0
0
0
0
0
0
0
0
0
0
0
0
0
0
0
0
0
0
0
0
0
0
0
0
0
0
0
0
0
0
0
0
217336
0
0
212062
0
0
0
0
0
0
217336
0
0
0
198177
0
0
0
0
0
0
0
0
0
0
216845
0
0
0
0
0
0
219792
0
191656
0
0
0
0
0
0
0
0
220907
0
0
0
0
0
0
0
0
0
0
0
0
0
0
219792
0
216845
0
204645
0
0
0
0
0
0
0
0
0
0
0
0
0
0
0
0
0
204645
0
0
187072
0
0
0
0
0
187072
0
0
0
0
0
0
0
0
0
0
0
0
0
0
0
0
0
0
0
0
0
198578
0
0
0
0
0
0
0
0
0
0
0
0
191656
0
216845
0
0
0
0
0
0
0
0
0
0
191656
0
0
0
0
0
204645
0
0
0
0
0
0
0
220679
198578
0
0
0
0
0
216845
0
0
0
0
191821
0
0
204645
0
0
0
0
0
0
0
0
0
0
0
0
0
199420
0
0
216845
0
0
0
0
0
0
0
0
0
0
0
0
0
0
219072
0
0
0
0
0
0
0
0
0
0
0
0
0
0
0
0
0
0
0
0
0
0
0
0
218726
220679
0
216845
0
0
0
0
0
0
0
0
0
0
199420
216845
0
0
0
0
0
0
0
0
0
0
0
0
0
0
0
0
0
0
0
0
0
0
0
0
0
0
0
0
0
0
199420
0
0
0
0
199768
0
0
0
0
0
0
0
0
188533
0
0
0
0
0
0
0
0
0
0
0
0
0
0
0
0
0
0
0
0
0
0
220601
0
0
0
0
0
0
0
0
0
0
0
0
0
0
0
0
0
0
0
0
0
0
0
0
0
0
0
0
224245
0
0
0
0
0
0
0
0
0
0
206205
220942
0
0
0
0
214357
0
0
0
0
0
0
0
0
188533
0
0
217838
0
0
0
0
0
0
0
0
0
0
0
0
220499
215255
0
0
0
0
0
0
0
188533
0
0
0
0
0
0
0
0
0
0
0
0
0
0
0
215255
0
0
0
0
0
0
0
0
0
0
0
0
0
201456
215255
0
0
0
0
0
0
0
0
0
0
220942
0
0
0
0
0
207321
0
0
0
0
0
0
0
0
0
0
0
0
0
0
0
0
0
0
0
0
0
0
0
0
0
0
215255
224245
0
0
0
0
0
0
0
0
0
0
0
0
0
0
208151
224245
0
0
0
0
218887
0
0
0
0
0
0
0
0
0
0
0
0
189366
0
0
0
0
0
0
220942
0
0
0
0
0
0
0
0
0
0
0
0
0
0
0
189366
0
0
0
0
0
0
0
0
0
0
0
0
0
0
0
0
224503
0
0
0
0
0
218887
0
0
0
0
0
0
203658
0
0
218887
0
208325
0
0
0
0
0
0
0
0
0
0
0
0
0
0
0
223127
0
0
0
0
0
0
0
0
0
0
0
208325
0
223127
224503
0
0
0
0
0
0
0
0
0
0
0
0
0
0
0
0
0
195915
0
0
0
0
0
0
0
0
0
0
0
0
0
0
0
203658
0
0
0
0
0
0
0
0
0
0
0
0
0
0
0
0
0
195915
0
0
0
0
0
0
0
0
0
0
0
0
0
0
0
0
0
0
219355
0
0
0
0
0
0
0
208325
0
0
0
0
0
0
0
0
203658
0
0
0
0
0
223896
0
0
0
0
0
0
0
219355
0
0
0
0
0
0
217506
0
0
0
0
0
0
0
0
217506
0
0
0
0
0
0
0
0
203658
0
0
0
0
0
0
195915
0
225619
0
0
0
0
0
0
0
0
0
0
0
0
0
0
0
0
0
0
208492
0
0
0
0
0
0
0
208492
0
0
190376
0
0
0
0
0
0
0
0
0
0
0
208492
0
0
0
0
0
0
0
0
0
0
0
0
0
0
0
0
218265
0
0
0
0
0
0
0
0
0
0
0
0
0
0
196521
0
0
0
0
0
0
0
0
0
0
0
0
0
203683
0
0
0
0
0
0
0
0
0
0
222562
0
0
0
0
0
0
221398
0
0
0
0
222562
0
0
0
225872
0
0
0
0
0
0
0
0
0
0
0
0
0
0
0
0
0
0
0
0
204589
221398
0
0
0
0
0
0
0
227593
0
0
0
0
0
0
0
0
0
0
196521
204589
0
0
0
0
0
0
0
0
0
0
0
0
0
0
0
191376
0
0
0
0
0
196521
0
0
0
0
0
0
0
0
0
0
0
221398
196521
0
0
0
0
0
210044
0
0
0
0
221398
0
0
0
0
0
0
0
0
0
210044
0
0
0
221398
0
196521
0
0
0
205058
0
0
0
196521
0
0
0
228754
0
0
0
0
0
196521
0
0
0
0
0
191376
0
0
0
227815
0
0
0
0
0
0
0
0
0
0
0
0
196521
0
0
0
0
0
191376
0
0
0
0
0
0
0
0
229822
0
0
0
0
229822
0
0
0
0
0
0
196521
0
0
0
0
223573
0
0
0
0
0
0
0
0
0
223573
0
210911
0
0
0
0
0
0
0
0
0
0
0
0
0
0
224203
0
0
0
0
0
0
0
0
0
0
0
0
0
0
0
0
0
205058
0
0
0
223893
0
205058
0
210911
0
0
0
0
0
0
0
0
0
0
0
205058
0
0
227815
0
0
0
0
0
0
0
0
0
0
0
0
0
0
0
0
220395
0
224022
0
0
0
0
198056
0
0
0
0
0
0
0
0
192761
0
0
0
0
0
0
0
0
0
0
0
0
0
0
0
0
0
0
0
0
0
0
0
0
0
0
0
0
211121
0
0
0
0
0
0
0
220689
205058
0
0
0
0
231527
0
0
0
0
223893
0
0
0
0
0
0
225594
211121
0
0
0
0
224022
0
0
0
0
0
0
0
0
0
0
0
0
0
0
0
0
0
0
0
0
205058
0
0
0
205058
0
0
0
0
228422
0
0
0
0
0
0
0
0
0
0
0
0
198869
0
0
0
0
205203
0
0
0
0
0
0
205203
0
0
0
0
0
0
226065
0
0
0
0
0
232232
0
0
0
0
0
0
0
0
0
0
0
0
0
0
0
0
224545
0
220713
0
0
0
0
0
0
0
0
0
0
0
0
0
0
0
0
0
0
0
0
0
0
0
0
0
0
0
0
0
0
0
0
200276
0
0
0
0
0
0
0
0
0
0
233032
0
0
0
0
0
0
0
0
0
0
0
220713
0
0
0
0
0
0
0
0
0
0
0
0
194637
0
221018
233032
0
0
0
0
0
0
0
0
0
0
0
205203
0
0
205203
0
0
0
0
201006
0
0
0
0
0
0
0
0
0
0
233032
221018
0
0
0
0
0
0
0
0
0
0
231143
228304
0
0
0
0
0
0
0
0
0
0
0
0
0
0
231143
0
0
0
0
0
0
0
0
0
226932
0
225847
0
0
195266
0
0
0
0
226932
0
0
0
0
0
0
0
0
0
0
0
0
0
0
0
0
0
0
0
0
0
0
0
211788
0
0
0
0
0
0
0
227739
0
0
0
0
0
221018
0
0
0
0
0
0
0
0
0
0
0
0
0
0
0
0
0
0
0
0
0
221018
0
0
0
0
0
0
0
0
231882
0
221018
211788
202410
0
211788
0
0
0
0
0
0
0
0
0
0
0
0
0
0
0
0
0
206818
231882
0
0
229062
0
0
0
0
0
0
0
0
0
0
207076
0
0
0
0
0
0
0
0
0
0
0
0
229062
207129
0
0
0
0
0
0
0
221018
0
0
0
0
0
0
0
0
0
0
0
0
0
0
0
0
0
0
0
0
0
0
0
0
0
0
0
0
0
0
0
0
0
0
0
0
0
0
0
0
0
0
0
0
0
0
0
229062
0
0
198609
0
0
0
0
0
0
0
0
0
0
0
0
0
0
198609
0
0
0
0
235603
226029
0
0
0
0
0
0
0
0
0
0
202869
0
0
0
0
0
0
0
211794
0
0
0
0
0
0
0
0
0
0
0
0
0
0
0
235603
0
0
0
0
230384
0
0
0
0
227598
0
0
0
0
0
0
0
0
0
0
232320
0
0
0
0
202871
0
0
0
0
0
0
0
0
0
0
0
0
0
0
0
0
0
0
221436
0
0
0
0
0
202871
212334
0
0
202871
0
0
0
0
0
0
228714
0
0
0
0
0
0
0
0
0
0
232320
0
0
0
0
0
0
231737
0
0
0
0
0
0
0
0
0
0
227598
0
0
0
0
0
0
0
0
0
231817
0
0
0
0
0
222266
0
0
0
0
199056
0
0
0
231817
203400
0
0
0
0
0
0
0
0
0
0
0
0
0
227598
0
0
0
0
0
0
231817
0
0
0
0
0
0
0
0
0
0
0
0
227598
0
0
0
0
0
0
208962
0
0
0
0
0
0
0
0
0
0
0
0
0
0
0
0
0
0
0
208962
0
0
0
0
0
0
231987
0
0
0
0
0
0
0
0
0
0
0
0
238264
0
0
0
0
0
0
0
0
0
0
0
0
0
0
0
0
0
214804
209705
0
0
0
0
0
235082
0
0
0
0
0
0
239149
0
0
0
0
0
0
0
0
0
0
203400
0
0
0
0
0
0
0
0
0
0
0
0
0
214807
0
0
0
0
203400
0
0
0
0
0
0
0
0
0
0
0
0
235082
0
230671
0
0
0
0
222266
0
209849
0
0
230671
0
0
0
0
0
0
0
0
0
0
0
0
0
0
0
0
0
0
0
0
0
0
0
0
0
0
0
222596
0
0
0
0
0
0
0
0
0
0
236055
0
0
0
0
0
0
0
0
0
0
0
0
0
0
0
0
240671
0
0
0
0
0
0
0
0
0
0
236284
0
0
0
0
0
0
0
223806
0
0
0
201938
0
228028
0
0
0
0
215615
0
231156
0
0
0
0
0
210180
0
0
0
0
0
0
0
210713
0
0
0
0
231848
0
0
0
241304
0
0
0
228255
0
0
211384
0
0
0
0
228255
0
228255
0
0
0
0
0
0
0
0
0
0
0
0
0
0
0
0
224350
0
228255
0
0
0
0
0
0
0
0
0
234419
0
0
0
0
216178
0
0
0
0
0
224350
0
0
231848
0
0
0
0
0
0
0
0
0
0
0
0
0
202785
0
0
0
0
0
0
0
0
0
0
228255
0
0
0
0
0
0
0
0
0
0
0
0
0
0
0
0
0
0
218084
0
0
0
0
242687
0
0
0
0
0
0
0
0
0
0
0
0
0
0
0
0
0
0
0
0
0
0
0
0
0
0
0
0
0
0
0
0
0
0
0
0
0
0
0
0
0
0
0
0
0
0
0
0
0
0
0
0
0
0
0
0
0
0
0
0
224350
0
0
0
0
0
0
0
0
0
0
0
0
0
0
0
0
0
0
0
0
233152
0
0
0
0
0
0
0
0
0
220589
0
0
0
0
0
0
0
0
0
0
0
0
225082
0
0
0
0
0
0
0
233152
0
0
0
0
0
0
0
0
0
243576
0
0
0
0
0
0
0
0
0
0
0
0
0
0
0
0
0
0
0
0
0
0
0
0
0
203952
0
0
0
0
0
0
0
233152
0
0
0
0
0
214892
0
235356
0
0
0
0
0
0
0
0
222377
0
0
0
0
0
0
0
0
0
0
0
0
0
0
0
0
0
0
0
0
237766
0
0
0
0
0
0
0
0
0
0
0
0
0
0
214892
0
0
0
0
0
0
0
0
0
0
229129
203214
0
0
0
0
0
0
0
0
0
0
0
0
0
226935
0
0
0
214986
0
0
0
0
0
0
244164
0
0
227847
0
0
0
0
0
0
0
0
0
0
0
0
0
0
0
0
0
0
0
0
0
0
0
0
0
0
0
0
0
0
227847
0
0
0
0
0
0
0
0
0
0
0
0
0
0
0
0
0
0
203214
0
0
0
0
0
0
0
0
0
223233
0
0
0
0
0
0
0
223233
0
0
0
0
0
0
0
0
0
0
0
0
0
0
0
0
0
0
0
0
0
0
0
0
0
0
0
0
235484
223233
0
0
0
0
0
203271
223233
0
204936
0
0
0
0
203271
0
0
0
0
0
0
0
0
0
0
0
0
0
0
0
0
0
0
0
0
0
0
0
0
0
0
0
235484
230680
0
0
0
0
223233
0
0
0
0
0
0
0
0
0
0
0
0
0
0
216106
0
0
0
0
0
0
0
223233
0
0
0
203271
206834
0
206834
0
238226
0
0
0
0
0
0
0
0
203271
0
0
206834
0
0
0
0
0
0
0
0
0
0
0
0
0
0
0
0
0
223233
0
0
0
0
0
0
223233
0
0
229730
0
0
0
0
0
0
0
0
0
0
0
0
0
0
0
238838
0
0
0
0
0
0
0
0
246804
0
0
0
0
0
0
0
0
0
0
247140
0
0
0
0
0
0
0
0
0
0
0
230921
0
0
0
0
0
0
0
0
0
0
0
203271
0
0
224564
0
0
0
0
0
0
0
0
206834
0
0
0
0
0
0
0
0
0
0
0
0
0
0
0
0
235475
0
0
0
0
0
0
0
0
0
0
0
0
0
0
0
230921
0
0
0
0
0
0
0
240059
229730
0
0
0
235475
0
0
0
0
0
0
0
0
0
0
0
0
0
0
229730
0
0
0
229730
0
0
225822
0
0
204653
0
0
0
229730
0
0
0
0
0
0
0
0
0
0
0
0
0
0
0
0
0
0
231875
240639
0
0
0
247638
0
0
0
0
0
0
0
0
0
0
0
0
0
0
0
0
0
0
0
0
0
236626
0
0
0
0
0
0
0
231875
0
0
0
0
0
0
0
0
247638
0
0
0
0
0
236626
0
0
0
0
216686
236626
0
0
231875
0
0
0
0
0
0
0
0
0
0
0
0
0
0
0
0
0
0
0
0
247638
0
0
0
0
0
0
0
0
0
0
204663
0
0
0
0
0
0
0
0
0
0
0
0
0
0
0
0
0
0
0
0
0
227087
0
0
0
0
0
0
0
0
0
0
0
0
0
0
0
0
0
0
0
231875
0
0
0
0
0
0
0
0
0
0
0
0
0
0
0
0
0
0
0
0
0
0
0
0
0
0
0
0
0
0
0
0
0
0
0
0
0
0
0
0
0
0
216912
0
0
0
0
0
0
0
0
0
0
0
0
0
0
0
0
0
0
0
216953
232530
0
0
0
0
0
0
0
238868
0
209676
0
0
0
0
0
0
0
0
232029
0
209676
0
232029
238344
0
0
241367
0
0
0
0
0
0
0
0
0
0
0
0
0
0
0
205949
0
241367
0
0
0
0
0
0
0
0
0
0
0
0
238868
0
0
0
0
0
0
0
0
0
0
209854
0
0
0
0
0
0
232029
0
0
0
0
0
0
0
0
0
0
0
0
0
0
0
0
0
0
0
0
0
0
0
0
232029
0
0
0
0
0
0
0
0
0
0
0
0
0
0
0
0
0
0
0
0
0
0
0
0
0
0
0
0
0
0
0
0
0
0
0
0
0
0
0
0
0
0
0
0
0
0
0
0
0
0
0
0
0
0
0
0
0
0
0
0
0
0
0
0
0
232743
0
0
0
0
0
0
0
0
0
0
252419
0
0
0
0
217660
0
0
0
0
0
0
0
0
0
232743
0
0
232776
0
0
0
0
0
0
0
0
0
0
210723
0
0
0
0
0
254770
0
0
0
0
0
0
0
242335
0
0
0
0
0
0
0
0
0
0
0
239292
0
0
0
0
0
254770
0
0
0
0
0
0
218351
0
0
0
0
0
0
0
0
0
0
0
0
0
0
0
0
0
0
0
0
0
0
218351
243496
0
0
0
0
0
206139
0
0
0
0
211475
0
0
0
0
0
0
0
211475
0
0
234090
0
0
0
0
0
0
0
0
0
0
233611
0
0
0
0
0
0
0
207093
0
0
211745
207093
255323
0
0
0
0
0
0
0
0
0
0
0
0
0
0
0
0
0
0
241420
241420
0
0
0
0
0
0
0
0
0
0
0
0
0
0
0
0
0
0
0
0
0
0
0
0
0
0
0
0
0
0
0
0
0
227912
0
0
0
0
0
0
227912
0
0
0
0
255323
0
0
233611
0
0
0
0
0
0
0
0
0
0
244735
0
0
0
0
0
212089
0
0
0
0
0
0
0
0
0
234090
0
0
0
0
0
0
0
0
0
0
220073
0
227912
0
0
0
0
0
0
0
239831
0
0
0
0
0
0
0
0
0
0
0
0
0
0
0
241420
0
0
0
220073
0
0
0
0
0
0
0
0
0
0
0
0
0
0
0
0
241420
0
0
0
0
0
0
0
0
0
0
0
0
208733
0
0
0
0
0
244927
0
0
0
0
0
0
0
0
0
0
0
0
0
0
0
0
0
0
0
0
0
0
0
0
0
0
0
0
0
0
0
0
0
0
0
244927
0
0
0
0
0
0
0
228139
0
0
0
0
0
0
212372
0
0
0
0
0
0
228139
0
0
0
0
0
0
0
0
0
0
0
0
0
0
0
0
0
0
0
0
0
0
0
0
0
0
0
0
0
228139
0
242426
0
0
0
0
0
0
0
0
0
0
235386
0
0
0
0
0
0
0
0
0
0
0
0
0
0
0
0
0
0
0
0
0
0
0
0
0
0
0
0
209444
0
0
0
0
0
235458
0
0
0
0
0
0
0
0
0
0
0
0
0
0
0
0
0
0
0
0
0
0
235413
0
0
0
0
0
0
0
0
0
0
0
0
0
0
0
0
247058
0
244103
0
0
0
0
0
0
0
235850
0
0
0
0
0
0
0
0
0
0
0
0
0
0
0
0
0
0
0
0
0
0
242727
0
0
0
0
0
0
0
0
0
0
0
210416
0
0
0
0
0
0
0
0
214333
0
0
0
0
0
0
0
0
0
0
0
0
0
0
0
0
0
0
0
242727
0
235751
0
0
0
0
0
0
0
0
0
0
0
0
0
0
0
0
0
0
0
0
0
0
0
0
0
0
0
0
0
0
0
0
0
229205
0
0
0
235850
0
0
0
0
0
0
0
0
0
0
235850
0
0
0
0
0
0
0
0
0
0
0
236837
0
0
0
0
0
0
0
0
0
0
0
0
0
0
0
0
0
0
0
0
0
0
0
0
0
0
0
0
0
0
211585
0
0
0
0
0
0
0
0
0
0
0
0
0
0
0
0
0
0
0
0
259223
0
0
0
0
0
0
0
0
0
0
0
0
0
0
0
0
0
0
0
248014
0
0
0
0
0
0
0
0
0
0
260080
0
0
0
0
215365
0
0
0
0
0
0
0
0
0
0
0
0
0
0
0
0
0
0
0
0
0
0
0
0
0
237432
0
0
0
0
0
0
0
0
0
0
0
0
0
0
0
0
0
243593
215365
0
0
0
0
0
0
0
0
0
0
0
0
0
0
0
0
0
0
0
0
0
0
0
237432
0
0
260785
0
0
0
0
0
0
0
243593
0
237432
0
0
0
0
0
0
0
0
0
0
239822
0
0
0
0
211585
0
0
0
0
0
221902
244488
0
0
0
0
0
0
0
0
0
0
0
231479
0
0
0
0
0
0
246206
211585
0
0
0
0
0
0
0
0
0
0
0
0
0
0
0
0
0
0
0
0
0
0
0
0
0
0
0
0
0
0
0
0
0
0
0
0
0
0
244488
0
0
0
0
0
0
249616
0
0
0
0
0
0
0
0
0
0
0
0
0
0
0
0
0
0
0
0
0
0
0
0
0
0
0
0
0
0
0
0
0
0
0
0
0
0
0
0
0
0
0
249901
0
0
0
0
0
249901
0
0
0
0
0
0
0
0
0
0
0
249901
0
0
0
0
0
0
0
0
0
0
0
239822
0
0
211585
0
0
0
0
0
0
0
0
0
0
0
0
0
0
0
0
0
0
0
0
0
0
0
0
0
0
0
0
0
0
0
0
245017
0
0
0
216625
0
0
0
0
0
245017
0
0
0
0
0
0
0
0
0
0
216625
0
0
0
0
248600
0
0
0
0
0
0
0
0
0
240392
0
0
0
0
0
0
0
0
0
0
0
0
0
0
222077
0
0
0
0
216625
0
0
0
0
0
0
0
0
0
0
0
0
0
0
0
246029
0
0
0
0
0
0
0
233924
0
0
0
0
0
0
0
0
0
262943
0
0
0
0
0
0
0
0
0
0
0
0
0
0
0
0
0
0
0
0
0
0
0
0
0
0
0
0
0
0
0
0
212921
0
0
0
0
0
0
0
0
0
0
0
0
0
0
0
0
0
0
0
0
0
241015
0
249279
0
0
0
0
0
0
0
0
0
0
0
0
0
249279
0
0
0
0
0
0
217158
0
0
0
0
0
0
0
0
0
0
0
0
0
0
0
0
0
0
241015
0
212921
0
0
212921
0
0
0
0
0
0
0
0
0
0
0
222411
0
0
0
0
0
0
0
0
0
0
0
0
0
0
0
0
0
0
0
0
0
0
0
0
0
0
0
217158
0
249924
0
0
0
0
0
0
0
0
217158
0
0
0
0
0
0
0
249843
0
0
0
0
0
0
0
0
0
0
0
0
0
0
213601
0
0
0
0
0
0
0
0
0
0
0
0
0
0
241991
0
236501
0
0
246585
0
0
0
0
0
0
0
0
0
0
0
0
0
265244
0
0
0
0
0
0
0
0
249929
0
0
265244
0
0
0
0
241991
0
0
265244
0
0
0
0
242766
0
0
0
0
0
0
0
0
0
0
0
250514
0
0
0
0
250790
0
0
0
0
0
0
0
0
0
0
0
0
0
0
0
0
0
0
0
0
0
0
0
0
0
265840
0
0
0
0
217987
0
0
0
0
0
0
0
0
0
0
0
0
0
0
0
0
0
0
0
247433
247433
0
0
0
0
0
0
0
0
0
0
0
0
0
0
252565
0
0
0
236915
0
0
0
0
0
0
0
0
0
0
0
0
0
0
0
0
0
0
0
0
0
0
0
0
0
0
0
0
0
0
0
0
0
0
0
0
0
0
0
0
0
0
0
0
0
0
0
0
0
0
0
0
0
0
0
0
237055
0
0
0
0
0
0
0
0
0
0
0
0
0
0
0
0
0
0
0
0
0
0
0
0
0
0
0
0
0
0
0
237055
0
0
0
242766
0
0
0
0
0
0
0
0
0
0
0
0
217147
0
0
0
0
0
0
0
0
0
0
0
0
0
0
0
0
0
0
0
0
0
0
0
0
0
0
0
0
0
0
0
0
0
0
0
0
0
0
0
0
0
0
0
0
0
0
0
0
0
0
0
0
0
0
0
0
0
0
0
0
0
0
0
0
0
0
0
0
0
0
0
0
0
267384
0
0
0
253079
0
0
251828
0
0
0
0
0
0
0
0
0
0
0
0
0
0
253079
0
0
0
0
0
0
0
0
0
0
0
253079
0
0
0
0
0
0
0
0
0
0
0
0
217431
0
0
0
0
0
0
253079
0
0
0
0
0
0
0
0
0
0
252612
0
0
0
0
0
268615
0
0
0
0
0
0
0
0
0
0
0
0
0
0
0
252612
217431
0
0
0
0
0
0
253521
0
0
0
0
0
0
252612
0
0
0
0
0
0
0
0
0
0
0
0
0
0
0
0
0
0
0
0
0
0
0
0
0
0
0
0
0
0
0
0
0
0
0
0
0
0
238229
0
0
0
226316
0
0
0
0
0
0
0
0
0
0
0
0
0
0
0
0
0
0
0
0
219708
0
0
0
0
249379
0
0
0
0
0
268884
0
0
253540
0
0
0
0
0
0
0
0
0
0
0
0
0
0
0
0
0
0
0
0
0
0
0
0
0
0
0
0
0
253540
0
0
0
0
0
0
0
0
0
0
0
249617
0
249617
0
0
0
0
0
0
0
247046
254031
0
0
0
0
0
247046
0
254031
0
238229
0
0
0
0
220625
0
254031
254031
245213
0
0
0
0
0
230331
238229
0
0
0
0
0
0
269614
0
0
0
0
219708
0
0
0
0
0
0
0
0
0
269614
0
0
0
0
0
0
0
0
0
0
230331
0
0
0
0
239037
0
254786
0
0
0
0
0
0
0
0
0
0
0
0
0
0
0
0
0
0
0
0
0
0
0
0
0
0
0
220625
0
0
0
0
0
0
0
0
0
0
0
249617
0
0
0
0
0
0
0
0
0
0
0
0
0
0
0
0
0
0
245433
0
0
0
0
0
0
0
220911
0
0
0
0
0
0
0
0
0
0
0
0
0
0
0
254786
0
0
0
0
0
0
220911
0
0
0
0
0
0
0
0
0
0
0
0
0
0
239328
0
0
0
0
0
0
0
0
0
255627
0
0
271009
0
0
0
255627
0
0
0
246818
0
221960
0
0
0
0
0
0
0
0
0
0
0
0
0
0
0
0
0
0
257035
223074
0
0
0
255627
0
231284
0
0
0
0
0
0
0
0
0
0
0
0
0
0
0
0
0
0
0
0
0
0
0
0
0
0
0
0
0
0
0
0
250140
271044
0
0
0
0
0
0
0
0
0
0
0
0
0
0
0
0
0
231284
0
0
0
0
0
0
0
0
0
0
0
0
0
0
0
247496
0
0
0
0
222836
0
0
0
0
0
0
0
0
0
0
0
0
0
0
0
0
0
0
0
247240
0
0
0
0
0
0
0
0
0
0
0
0
0
251141
0
0
0
0
0
0
0
0
0
0
0
0
0
0
0
0
241114
0
0
0
0
0
0
0
0
0
0
0
0
0
0
0
248175
0
0
0
0
0
0
0
0
0
0
0
0
0
0
0
0
0
0
0
0
0
242079
0
0
0
0
0
0
0
0
0
0
0
225135
0
0
0
0
255627
258754
0
0
0
0
0
0
0
0
0
0
0
0
0
0
248175
242079
0
0
0
0
248175
0
0
0
0
0
232328
0
0
0
0
0
0
0
0
0
0
0
0
0
0
0
0
0
247496
0
0
0
0
0
0
0
0
0
0
0
0
0
0
0
0
0
0
0
0
0
0
0
0
0
0
0
0
0
0
0
0
0
0
0
0
0
0
0
0
0
0
0
0
0
0
251141
248673
0
0
0
0
0
0
0
0
0
0
0
0
0
0
251141
0
0
0
0
0
0
0
0
0
0
0
0
0
0
0
0
0
0
225407
232785
0
0
0
0
251859
0
0
0
0
0
0
0
0
0
0
0
0
0
0
0
0
0
0
0
0
0
0
0
0
248673
0
0
0
0
0
0
0
0
0
0
0
0
251859
246834
0
0
0
0
0
0
0
0
0
257740
0
0
0
0
0
0
0
0
0
0
225976
0
0
0
0
0
0
0
0
0
0
0
0
0
0
0
0
0
0
0
0
0
0
0
0
0
0
0
0
0
0
0
0
0
0
0
0
0
0
0
0
0
0
0
0
0
0
0
0
0
0
0
0
0
246834
0
0
0
0
0
0
0
226807
0
0
247787
0
0
0
0
0
226884
262367
0
0
0
0
0
0
0
0
0
0
0
0
0
0
0
0
0
227221
0
0
0
0
0
246834
0
0
0
0
0
0
246834
0
0
0
0
0
0
0
0
0
250575
0
0
0
0
0
0
0
227518
0
0
0
0
248742
0
0
251859
0
0
0
0
0
0
0
250575
0
0
0
0
0
0
0
0
0
0
0
0
0
0
0
0
0
251859
0
0
0
0
0
0
0
0
0
0
0
0
0
0
235885
0
0
0
0
0
0
247832
0
0
0
0
0
0
0
0
248742
0
0
235885
0
0
0
0
0
0
0
0
0
0
0
0
0
273661
0
0
0
0
0
0
0
0
0
0
0
0
0
0
0
0
0
0
0
0
0
0
0
0
0
0
0
0
0
0
0
274758
0
0
0
0
264393
0
0
0
0
0
250575
0
0
0
0
0
0
0
0
0
0
0
0
0
0
0
0
0
0
0
0
0
0
0
0
0
260440
0
0
0
0
260440
0
0
0
0
236071
0
0
0
0
0
0
0
0
0
0
0
0
0
0
0
0
0
264393
0
0
0
0
250575
0
0
0
0
0
0
0
0
0
0
0
229234
0
0
0
0
0
0
260440
0
0
0
0
0
0
0
0
0
226884
248315
0
0
0
229234
0
0
0
250575
0
0
0
0
0
0
0
0
0
0
0
0
0
0
0
0
0
0
0
0
0
0
0
229234
0
0
0
0
0
0
0
0
0
0
0
0
0
0
0
0
0
249503
0
0
0
229825
0
0
0
0
0
0
0
227815
0
0
0
0
0
0
0
0
0
0
0
0
0
0
0
0
0
229825
0
0
0
0
0
0
0
0
0
0
251506
0
229825
251990
0
0
0
0
0
0
0
0
0
0
264835
0
0
0
0
0
0
0
0
0
0
0
0
0
0
0
0
0
236071
0
0
0
0
0
0
0
0
0
0
0
0
0
0
0
0
0
0
0
0
0
0
0
0
0
0
0
0
0
251791
0
0
0
236694
0
0
0
0
0
0
0
0
0
0
0
0
0
0
0
0
0
0
0
0
0
0
0
0
0
0
0
250094
0
0
0
0
0
0
0
0
0
0
0
0
0
0
0
261575
0
236694
261575
0
0
0
0
0
0
251542
0
0
0
253738
0
251542
0
0
0
251146
0
265827
0
251947
0
261575
0
0
0
261575
0
0
0
0
0
0
0
0
0
0
0
0
0
0
0
0
0
0
0
0
0
0
0
0
265827
0
0
230500
0
251146
0
0
0
0
0
0
0
266737
0
0
0
0
0
0
232628
0
0
0
0
0
0
0
0
0
0
0
0
0
0
0
0
0
0
0
0
0
0
0
0
0
0
0
0
0
0
0
0
0
0
0
0
0
0
0
0
0
0
0
0
0
0
0
262311
0
0
0
0
0
0
0
0
0
0
0
0
0
0
0
0
0
0
0
0
0
0
231527
0
0
0
0
0
0
0
0
236694
0
0
0
231527
0
0
0
0
0
0
252214
0
0
0
232628
0
0
262311
0
0
0
0
0
0
0
0
0
0
231527
0
0
0
0
0
0
0
0
0
0
0
0
0
0
0
0
0
0
0
0
0
252214
0
0
0
0
0
0
0
0
256311
0
0
0
0
0
0
0
262874
232258
0
276109
0
0
0
0
0
0
0
0
0
0
0
237485
0
253059
0
0
0
0
0
0
0
0
0
0
0
0
0
0
0
0
0
0
0
0
0
0
0
0
0
0
0
0
0
0
0
0
0
0
0
0
0
0
0
0
0
0
0
0
0
0
0
0
0
0
0
253219
0
269615
0
252426
0
252426
0
253219
0
0
0
0
270100
0
0
0
0
0
0
0
0
0
0
0
0
0
0
0
0
0
0
262874
0
270572
0
0
0
253219
0
0
0
0
0
0
0
0
0
0
0
0
0
270572
0
0
0
0
0
0
270572
0
0
0
0
276109
0
0
0
0
0
0
0
0
0
0
0
0
235066
0
0
0
0
263607
0
0
253219
0
0
0
0
0
270572
0
0
0
0
0
253219
0
0
0
0
0
0
0
0
0
0
0
0
0
0
0
0
0
0
0
0
0
0
0
0
0
0
0
0
276889
0
0
0
0
253452
0
0
0
0
0
0
0
0
0
0
0
0
0
0
265549
0
234369
0
0
0
0
0
0
0
0
0
0
0
0
0
265792
0
0
0
0
0
0
0
0
0
254822
0
0
0
0
0
0
0
0
0
0
0
0
0
270572
0
0
0
0
0
0
0
0
0
234369
0
0
0
0
0
0
0
0
0
0
0
0
0
0
0
0
0
0
0
0
0
0
0
0
0
277808
254437
0
0
0
0
253930
0
0
0
0
0
0
0
0
0
0
0
0
0
278801
254822
0
0
254437
0
0
0
0
0
0
0
0
0
0
0
0
0
270572
0
0
0
0
0
0
0
0
0
0
0
0
0
0
0
0
0
0
0
0
0
0
0
0
0
0
0
0
0
0
0
0
0
0
234369
0
0
0
0
0
254902
0
0
0
0
0
0
0
0
0
0
0
278801
0
0
0
236689
0
0
0
0
0
0
266977
0
0
0
0
0
0
0
270611
0
0
0
236876
0
0
0
0
0
236876
0
0
0
0
0
0
0
0
0
270611
0
0
0
0
0
0
0
0
0
0
0
278801
0
0
0
278801
0
0
0
0
0
0
0
0
0
0
0
0
0
254437
0
0
0
0
0
0
0
0
0
0
0
0
0
0
239371
0
0
0
278801
0
0
0
0
0
0
0
254822
0
0
0
0
0
0
0
0
0
0
0
0
0
0
0
0
0
0
0
0
0
0
0
0
0
0
0
0
254822
0
239371
0
0
0
0
0
0
237740
0
0
0
0
270611
0
0
0
0
0
0
0
0
0
0
0
0
0
0
0
0
0
262703
0
254505
239371
237740
0
0
0
0
279651
257623
0
0
0
0
0
270611
0
0
0
0
0
0
0
0
0
237740
0
0
0
0
0
0
0
0
0
0
0
0
0
0
0
0
0
255656
0
0
0
0
0
0
0
267331
0
0
0
0
0
0
0
0
0
0
0
0
0
0
0
0
271568
0
0
0
0
0
0
267331
0
0
0
0
0
255317
0
0
0
0
0
0
0
0
0
0
0
0
0
0
0
0
0
0
237740
0
259452
0
0
0
0
0
0
0
0
0
0
0
0
242341
237740
0
0
0
280246
0
0
0
0
0
0
0
0
0
0
0
256588
0
237740
0
0
0
0
0
0
0
0
0
0
0
0
0
0
0
0
0
0
0
0
0
0
0
0
0
0
0
0
0
0
0
0
0
0
0
0
0
0
0
0
0
0
261094
0
0
0
280246
0
0
0
236493
0
0
0
0
0
0
0
0
0
0
0
0
0
0
237740
0
0
0
0
0
0
0
0
0
261094
0
0
0
0
0
0
0
0
0
0
0
0
0
0
271568
0
0
0
0
0
0
0
0
0
0
0
271568
0
0
0
0
0
0
0
0
0
0
0
0
0
0
0
0
239233
0
0
0
0
0
0
0
0
0
0
0
0
237334
0
0
0
0
0
0
237334
0
0
0
0
262082
0
0
0
238002
257684
0
0
0
0
0
0
0
255841
0
0
0
0
0
0
0
0
263145
264801
0
0
0
0
0
0
0
0
0
0
0
0
0
0
0
0
0
0
0
268761
0
0
0
0
0
0
0
0
0
0
0
0
255841
238002
271568
0
264801
0
0
0
0
0
0
0
0
0
0
0
0
0
0
0
0
0
0
0
238002
0
0
0
0
0
255975
0
0
0
0
0
0
0
0
0
0
0
0
0
0
0
271673
0
0
281874
0
0
0
0
0
0
0
0
0
0
282732
0
0
0
0
0
0
0
0
0
0
0
0
0
0
0
0
0
0
0
0
0
0
0
0
0
0
0
0
0
0
272155
239507
0
0
282732
0
0
0
256360
0
0
0
0
0
0
0
0
272155
0
240365
0
0
257684
263533
256360
0
0
265661
0
263533
0
0
263533
265661
0
257684
0
0
0
256360
0
240507
0
0
0
0
0
0
0
0
0
0
0
0
0
0
0
256686
0
0
0
0
0
0
0
0
0
0
0
0
0
258050
0
0
0
0
0
0
0
241351
0
0
0
0
0
0
0
0
0
0
0
0
0
0
241116
0
244309
0
0
0
0
241351
0
0
0
0
258050
0
0
0
0
0
0
0
0
0
241351
0
0
241116
257826
0
0
0
241351
0
0
0
0
0
0
270790
0
0
0
266572
0
0
270790
0
0
0
0
0
264316
0
0
0
284545
0
0
0
0
0
0
0
241351
0
0
0
0
0
0
0
0
0
0
0
0
0
0
0
0
0
0
0
0
0
0
0
0
0
0
0
0
0
0
271140
0
0
0
0
0
0
272020
0
0
258050
0
0
242721
0
244942
0
0
0
0
0
0
0
0
241803
265127
0
0
0
0
0
258107
0
265127
0
0
0
0
0
272257
0
0
0
0
0
0
0
0
0
0
0
0
0
0
0
0
0
0
0
0
0
265127
0
0
0
0
0
0
0
0
0
0
0
0
0
0
0
0
0
0
0
0
0
0
0
0
0
0
0
0
0
0
0
0
0
0
0
0
0
0
0
0
0
0
258107
0
0
0
0
0
0
0
0
0
0
0
266572
0
0
0
0
0
0
0
0
0
0
0
0
0
0
0
273794
0
0
0
0
0
0
258107
0
0
0
0
0
0
0
246251
0
0
0
0
0
0
0
0
0
0
0
0
0
0
0
0
273794
0
0
0
0
0
0
0
0
0
0
0
0
0
0
265158
0
0
0
0
0
272699
0
0
0
0
0
0
0
0
0
0
0
0
0
0
0
0
0
0
0
258107
0
0
0
0
0
242721
0
0
0
0
0
0
0
0
0
0
0
0
0
0
0
0
267020
0
0
0
0
0
0
0
0
0
0
0
0
0
0
0
0
0
0
0
274796
243199
0
0
0
0
0
0
0
0
0
0
0
0
0
0
0
0
0
0
0
0
0
0
0
0
0
0
0
0
0
0
258582
0
0
267457
0
0
0
0
0
0
0
0
0
258107
0
0
0
0
0
0
0
0
0
0
0
258107
0
267457
0
0
267020
0
0
0
0
0
0
0
0
0
0
0
267020
0
0
0
0
0
0
0
0
0
0
0
0
0
243953
0
0
0
0
0
0
0
0
0
0
0
0
0
0
0
0
0
0
0
0
246869
0
0
0
0
288059
0
0
0
0
0
0
0
0
268749
0
0
0
267020
0
0
268749
0
0
0
0
0
0
0
0
0
0
0
0
0
0
0
0
0
0
0
0
0
0
0
0
0
288059
0
0
0
0
0
0
0
0
0
0
0
0
0
0
0
0
0
0
0
274753
0
0
0
0
0
267020
0
0
0
0
0
274753
0
0
276745
0
0
267020
0
0
0
0
0
0
0
0
0
0
0
0
0
0
0
0
0
0
288059
0
0
0
0
0
0
0
0
0
0
0
0
0
244185
0
0
0
0
288584
0
0
0
0
288584
0
0
0
0
0
0
0
0
0
0
0
0
0
0
0
0
0
275044
0
0
0
0
0
0
0
0
0
0
0
0
0
0
0
248335
0
0
268749
0
267020
0
0
269944
0
258582
0
0
0
0
0
0
0
0
0
0
0
0
0
0
0
0
0
0
0
0
0
0
0
0
0
244718
0
0
258590
0
0
0
0
0
0
0
0
0
0
0
0
0
268114
277201
276788
0
0
0
0
0
0
0
0
269994
0
0
0
0
0
0
0
269994
0
0
0
0
0
0
0
0
0
0
0
0
0
0
0
0
0
0
0
0
0
0
0
0
0
0
0
0
0
0
0
0
0
246132
289956
0
289956
0
0
0
0
0
289956
0
0
0
0
0
258590
0
0
0
0
0
0
0
0
246132
0
0
0
0
0
0
0
0
0
258590
0
0
0
0
246132
0
0
0
0
0
0
0
0
279039
0
0
290199
0
260754
0
0
245477
0
279039
0
0
0
0
0
0
0
0
0
279039
0
0
0
0
0
0
0
0
0
279039
0
0
0
0
0
0
0
0
0
0
0
260754
0
0
0
0
0
0
0
0
0
0
0
0
0
0
259028
0
0
0
0
0
0
0
0
0
0
259028
0
0
269994
0
0
0
0
279560
0
0
0
0
0
0
0
0
0
0
0
0
0
0
259028
0
0
0
0
0
0
0
0
290199
0
0
0
0
0
0
0
0
0
0
0
0
0
0
0
0
0
0
0
0
0
0
0
0
0
0
0
0
0
0
279804
0
0
0
279804
0
259028
0
0
0
0
0
0
0
0
0
0
0
0
0
0
0
0
246765
0
0
0
0
259028
0
0
0
0
0
0
0
0
0
0
280044
0
0
261765
0
0
0
0
0
0
0
0
0
0
0
0
247295
0
0
0
0
0
0
0
0
0
0
0
0
290956
0
0
0
0
0
0
0
0
0
0
0
261765
0
0
0
0
0
0
0
0
0
0
0
0
0
0
0
0
259028
0
0
0
0
0
0
0
0
0
0
280315
0
0
0
0
0
0
0
0
0
0
0
0
247295
0
0
0
0
0
0
0
0
0
0
0
0
0
0
0
0
0
0
247295
0
0
0
0
0
0
262207
0
0
0
0
0
0
0
0
246765
0
259893
0
0
0
0
0
0
0
0
0
0
0
0
280315
0
0
0
0
0
0
0
0
0
0
0
0
0
0
0
271332
0
0
0
0
0
0
0
0
0
0
0
0
273494
0
0
0
247429
0
0
0
0
0
0
0
0
0
0
0
0
0
0
0
0
0
0
0
0
0
0
248928
0
0
0
0
0
0
0
0
0
0
0
0
0
259990
0
0
0
0
0
274665
0
0
0
0
248998
0
281939
0
0
0
0
0
0
0
0
0
0
0
0
0
0
0
0
0
0
0
0
0
0
0
0
0
0
0
0
0
0
0
0
0
0
0
0
0
0
0
0
0
0
0
0
0
0
0
0
0
0
0
0
0
0
0
0
0
0
0
0
0
0
0
0
0
0
0
0
0
0
0
0
0
0
0
0
0
0
0
0
0
280544
0
0
0
0
0
0
0
0
0
0
0
0
0
0
0
0
0
0
0
0
0
0
0
0
0
0
0
0
0
0
0
0
0
0
0
0
0
0
0
0
0
0
0
292557
0
0
0
265245
0
0
0
0
0
0
0
0
0
0
0
0
250362
0
0
0
0
0
0
0
0
0
0
0
0
0
0
248710
0
0
0
0
0
0
0
0
0
0
0
248710
0
0
0
283866
0
292907
0
280761
0
0
0
0
0
0
0
0
0
0
0
0
0
0
0
0
0
0
0
0
0
0
0
0
0
250362
0
0
0
0
0
0
265245
0
0
277325
0
0
0
0
250399
0
0
0
0
0
0
0
0
0
0
0
0
0
0
0
0
0
0
0
0
0
0
0
0
0
0
0
0
0
0
0
272316
0
0
0
0
0
278587
283898
0
0
0
0
0
266067
0
0
0
0
0
0
0
0
0
251862
0
267086
0
0
0
0
0
0
0
0
0
0
0
0
0
0
0
0
0
0
0
0
0
0
251862
0
0
0
0
0
0
0
0
267602
267602
0
0
0
0
0
0
272316
0
0
0
293677
0
0
0
0
0
0
0
0
0
0
264592
0
0
0
0
0
0
0
0
0
0
0
0
0
0
0
0
0
0
0
0
0
0
0
0
0
0
0
279507
0
0
252496
0
0
0
0
0
0
0
0
0
0
0
0
0
284549
279507
0
0
0
0
0
0
0
0
282673
0
0
0
252360
0
0
0
0
0
0
0
294277
0
0
0
0
0
0
0
0
0
0
0
0
0
0
0
0
0
0
0
0
0
0
0
0
0
0
0
0
0
0
0
0
0
0
0
0
0
0
0
0
0
0
0
0
0
0
0
0
0
252702
0
0
285312
0
0
0
0
0
0
0
0
0
0
0
0
0
268540
250884
0
0
265938
0
0
0
0
0
0
0
0
0
0
0
0
0
250884
0
0
0
0
0
0
0
0
0
0
280470
0
0
0
0
0
0
0
252996
0
0
0
0
0
0
0
0
0
0
0
0
0
270257
0
0
0
0
0
0
0
0
0
0
0
0
286072
0
0
0
0
0
0
0
0
0
0
0
0
0
0
0
0
0
0
0
0
0
0
0
0
0
0
250891
0
283958
0
0
0
286072
0
0
0
0
0
0
284208
0
0
0
0
281615
0
0
0
284208
295223
0
0
0
0
0
0
284208
0
0
0
266150
0
0
0
0
0
0
0
0
0
0
0
0
0
0
0
0
0
0
0
0
0
286072
0
0
0
251599
0
266150
0
0
0
0
0
0
0
284208
0
0
0
0
251599
0
0
0
0
0
0
0
0
0
0
0
0
0
0
0
0
0
0
0
0
0
0
0
0
252996
252976
0
0
0
0
252996
0
0
0
0
0
271689
0
0
0
0
0
0
0
0
0
0
0
0
0
0
0
0
0
0
0
0
0
0
0
0
0
0
0
0
0
0
0
0
0
0
0
0
0
0
274145
0
0
0
281615
0
0
0
0
266150
0
0
0
0
0
0
0
0
0
0
0
0
0
0
0
0
0
0
0
0
0
0
285705
0
0
0
252976
0
0
0
0
0
0
0
0
0
0
0
0
0
0
0
0
281864
0
0
0
0
0
281864
0
0
253132
0
0
0
0
0
0
0
0
0
0
0
0
0
0
0
0
0
0
0
0
0
0
253132
0
0
0
0
0
0
0
0
253010
0
0
0
0
0
0
0
252268
0
0
0
0
0
252268
0
0
0
0
0
0
0
0
0
0
0
0
0
253010
285756
275169
0
0
290403
0
0
253132
0
0
0
0
0
0
273582
0
0
0
0
0
267093
0
0
0
0
282196
0
0
0
0
0
0
0
0
0
0
0
0
0
0
0
0
0
0
0
0
0
0
0
0
0
0
0
0
254166
252560
0
0
0
0
0
274526
0
0
0
0
0
0
0
0
0
0
0
0
0
0
0
0
0
0
0
0
0
0
0
0
0
0
0
0
0
0
0
0
0
0
0
0
0
0
252560
0
0
0
0
0
0
0
0
0
0
0
0
283034
275838
0
0
0
0
253306
0
0
0
0
0
0
0
0
0
0
0
0
0
253306
0
252560
0
0
0
0
0
0
0
0
0
0
267615
0
0
0
0
0
0
0
0
0
0
0
0
0
0
0
0
0
0
0
256053
0
0
0
0
0
0
283894
0
0
0
0
0
0
0
0
0
0
0
288991
0
0
0
0
0
0
0
0
0
0
0
0
0
253306
0
302045
0
0
0
0
0
276651
0
0
0
0
0
0
0
0
0
0
0
0
0
0
0
0
0
0
0
0
0
0
0
0
0
0
0
0
0
0
0
0
0
0
0
0
0
0
0
0
0
0
0
0
0
0
0
0
0
0
0
0
0
0
256495
0
0
0
0
0
0
0
284765
0
0
0
0
0
0
0
253577
0
0
0
0
0
0
0
0
0
0
0
0
0
0
0
0
303065
0
0
0
0
288991
0
0
0
0
0
0
0
0
0
0
0
0
0
0
0
0
303065
0
0
0
276887
0
0
0
0
0
276651
288991
0
288991
0
0
0
288991
0
0
0
267962
0
0
0
0
0
0
0
0
292118
0
0
0
0
0
0
0
0
0
0
0
0
0
0
292118
0
0
0
0
0
0
0
0
255439
0
0
0
0
0
0
0
0
0
0
0
0
0
0
0
290571
0
0
0
0
0
0
278161
0
0
0
0
0
0
0
0
0
0
0
0
0
0
0
0
0
0
0
0
0
0
0
290777
0
0
0
0
0
0
0
0
0
267962
0
0
0
0
0
0
0
0
0
0
0
0
0
0
0
253421
0
0
0
0
0
292118
0
0
268434
0
0
0
0
0
0
0
0
0
0
0
0
0
0
0
0
0
0
293004
0
0
0
0
0
0
0
0
0
0
0
0
0
0
0
0
0
0
0
0
0
0
0
286232
277004
0
0
0
0
253421
0
0
0
0
278089
0
286232
0
0
257352
258773
0
278089
0
0
0
0
0
0
0
269247
0
0
0
0
253421
0
0
0
0
0
0
0
0
0
0
0
0
0
0
0
0
0
0
0
0
0
257352
0
0
0
0
0
0
0
0
0
278089
0
0
0
0
0
0
0
0
0
0
0
0
0
258235
0
0
0
0
0
286232
0
0
278180
278089
0
0
0
0
0
0
0
0
0
0
0
0
0
0
0
0
0
0
0
0
0
0
0
0
0
0
0
0
0
0
0
