0
0
0
0
0
0
0
0
0
0
0
0
0
0
568
0
0
0
0
0
0
0
0
0
0
0
0
0
0
0
0
0
0
0
0
0
0
0
0
0
0
0
0
0
0
568
0
0
0
0
0
0
0
0
0
0
0
0
0
0
0
0
0
0
0
0
0
0
0
0
0
0
0
0
2844
0
0
0
0
0
0
0
0
0
0
0
0
0
0
0
0
0
0
0
0
0
0
0
0
0
0
0
0
372
0
0
0
0
0
0
0
0
0
0
0
0
0
0
0
0
0
0
0
0
0
0
0
0
0
0
0
0
0
0
0
0
0
0
2302
0
0
0
1007
0
0
0
0
0
0
0
0
0
0
1007
0
0
0
0
0
0
0
0
0
0
0
0
0
0
0
0
0
0
0
0
0
1213
0
0
0
0
0
0
0
0
0
0
0
0
2598
0
0
0
1946
0
0
0
2270
0
0
0
0
0
0
0
0
0
0
3787
0
0
0
0
0
0
0
0
0
0
0
0
0
0
0
0
0
0
0
0
0
0
0
0
0
0
0
0
0
2273
0
0
0
2273
0
0
0
0
0
0
0
0
0
0
0
0
0
0
0
0
0
0
0
0
0
0
0
0
0
0
0
0
1153
0
0
1153
0
1213
0
0
0
2273
0
3295
0
0
0
4435
0
0
0
0
0
1489
0
0
0
0
0
0
0
3295
0
0
0
1906
0
0
0
0
0
0
0
0
0
0
0
0
0
0
2224
1489
0
0
0
0
0
0
4518
0
0
0
0
0
1489
0
0
0
0
0
2598
0
0
0
0
0
2393
0
0
1489
0
0
0
0
0
0
0
0
0
0
0
0
0
0
4594
1488
0
0
0
2598
0
0
0
0
0
0
0
0
0
0
0
0
0
0
0
3539
0
0
0
0
0
0
1637
0
0
0
5298
0
0
4435
0
0
0
0
0
0
0
0
1488
0
0
0
2352
0
0
0
0
0
0
0
0
0
0
0
0
0
0
1637
0
0
0
0
0
0
0
0
0
7174
0
0
0
0
0
0
0
0
1488
0
0
0
0
0
0
0
0
0
0
0
0
0
0
0
0
0
0
0
0
0
0
0
0
0
0
0
0
0
0
0
0
0
0
0
0
0
0
0
0
0
0
0
0
0
0
0
0
0
0
0
0
0
0
0
0
0
0
0
0
0
0
0
0
0
0
0
0
0
0
0
0
0
2598
0
0
0
0
2598
0
0
0
0
0
0
0
0
0
0
0
0
0
0
4197
0
0
0
0
0
0
0
0
0
0
0
0
0
0
0
0
0
0
0
0
0
0
0
0
0
0
7838
0
0
0
0
0
0
0
0
0
0
0
0
0
0
0
0
0
0
0
0
0
0
0
0
0
0
0
0
0
0
0
0
0
0
0
0
0
0
0
0
0
0
0
0
0
0
0
0
0
0
0
0
0
0
0
5476
0
0
0
0
3270
3270
0
0
3270
0
6375
0
0
0
0
0
0
0
0
0
8595
0
0
0
0
0
0
3172
0
0
0
0
0
0
0
0
0
0
0
4722
0
3270
0
0
0
0
0
0
0
0
0
0
0
3172
0
0
6375
0
6043
0
0
0
0
0
0
0
0
0
0
0
0
0
0
0
8595
8595
0
0
0
0
0
0
0
0
0
0
0
0
0
6407
0
6407
0
0
0
0
0
0
0
0
0
0
0
0
0
0
0
3172
0
0
0
0
0
0
0
9323
6407
0
0
0
0
0
4993
0
0
0
0
0
0
0
0
0
0
0
0
0
0
0
0
0
0
0
0
0
0
0
3172
0
0
0
0
0
0
0
0
0
0
0
0
0
0
7369
0
0
0
0
0
9323
0
0
0
0
0
0
0
0
0
0
0
0
0
0
0
0
0
0
0
0
0
0
0
0
0
0
0
0
0
0
0
0
0
0
0
0
0
0
0
0
0
7369
0
0
0
0
0
0
0
5455
0
0
0
0
0
5514
0
0
0
0
6660
0
0
5514
0
11875
0
0
0
7369
0
0
0
6660
0
0
0
0
0
0
0
0
0
0
0
0
0
0
0
0
0
0
0
0
0
0
0
0
0
11875
0
6367
0
0
0
0
0
0
0
0
0
0
0
11875
5822
0
0
0
0
0
0
5822
0
0
4097
0
0
0
0
0
0
0
0
0
0
0
5455
0
0
0
0
0
0
0
0
0
0
0
0
0
0
0
0
0
0
0
0
0
7137
0
0
0
0
0
0
0
0
0
0
0
0
0
0
0
0
0
0
0
0
0
0
0
0
0
0
0
5822
0
0
0
0
0
0
0
0
0
0
0
0
8014
0
0
8014
0
0
0
0
0
0
0
0
0
0
0
0
0
0
0
0
0
12713
0
0
0
0
0
0
0
7301
0
0
0
0
0
0
0
0
0
0
0
0
0
0
0
0
0
0
8754
0
0
0
12991
0
0
0
0
0
0
0
12991
0
0
0
0
0
9479
0
0
0
12991
0
0
0
0
0
0
0
0
0
0
0
0
0
0
0
0
0
0
0
0
0
0
0
0
0
0
0
0
0
0
0
0
0
0
0
0
0
0
0
0
0
0
0
0
0
0
0
0
0
0
7731
0
0
0
0
0
0
0
8688
0
13940
5736
0
0
0
0
0
0
0
0
0
0
0
0
0
0
0
5736
0
0
7221
0
0
0
0
10678
0
5736
0
0
0
0
0
0
0
0
0
0
0
0
0
0
0
0
0
0
0
0
0
0
0
0
0
10166
0
0
0
0
0
9454
0
0
0
0
0
0
13940
0
0
0
0
0
0
0
0
0
0
0
13940
0
0
8169
0
0
0
0
0
0
0
0
0
0
0
0
0
0
0
0
0
0
0
8311
0
0
0
0
0
0
0
0
0
0
0
0
0
0
0
0
0
0
0
0
0
0
0
0
0
0
0
0
0
9672
0
0
0
0
8311
0
0
0
0
0
0
0
0
0
0
6852
0
0
0
0
0
0
8311
0
14966
0
12119
0
0
0
14966
0
0
0
0
0
0
0
0
0
0
0
0
0
0
0
0
0
0
0
0
0
0
0
0
0
0
0
0
0
0
0
0
0
0
0
0
0
0
0
0
0
0
0
0
14966
0
0
0
0
0
0
0
0
0
7789
0
0
0
0
0
0
0
0
0
0
0
0
0
0
0
0
0
0
0
0
0
0
0
0
0
0
0
0
0
0
0
0
0
0
0
10986
0
12538
0
0
10612
0
0
0
0
0
0
0
0
0
0
0
0
0
0
0
0
0
0
0
9103
0
0
0
0
7789
0
0
0
0
0
0
0
0
0
0
0
0
0
0
0
0
13563
0
0
0
0
14966
0
0
0
0
0
0
0
0
0
0
0
0
9103
0
0
0
0
0
0
0
0
0
0
0
0
0
0
15086
0
0
0
0
0
14104
0
0
0
0
0
0
0
0
0
0
0
0
0
0
0
0
0
0
10794
0
0
0
0
0
0
0
9103
12538
0
11451
0
0
0
0
11650
0
0
11451
0
0
11451
15293
0
0
0
0
0
0
0
10323
0
8605
0
0
0
0
0
0
0
11507
0
0
0
0
0
0
0
0
0
11650
0
0
0
0
14873
0
0
12339
11076
0
9427
0
10794
0
0
0
9594
0
0
0
0
0
0
0
11507
0
0
0
0
0
0
0
0
0
0
0
0
0
0
0
0
0
0
0
0
0
0
0
0
0
0
0
0
0
0
0
0
0
0
0
15401
0
0
0
0
11507
0
0
0
0
11650
0
0
0
0
0
0
0
0
16119
0
0
0
15401
10495
0
0
0
0
0
0
0
0
10794
0
0
0
0
17024
0
0
0
0
0
0
0
0
0
11775
0
0
0
0
0
0
0
0
0
0
0
0
0
0
0
0
0
0
0
0
0
0
0
0
0
0
0
0
0
0
0
0
0
0
0
0
0
0
11775
0
13847
0
13847
0
0
0
0
0
0
0
0
18849
0
0
0
0
0
0
0
0
0
12220
0
0
0
0
0
0
0
0
0
0
0
0
0
0
13592
0
0
0
0
0
13592
11029
0
16294
0
0
0
0
0
12759
0
0
0
0
0
0
13935
0
0
0
0
0
0
0
0
0
0
0
0
0
0
0
0
0
0
0
0
0
0
0
0
14369
0
0
0
0
0
0
0
0
0
0
0
0
0
0
0
0
0
0
0
0
0
0
0
14369
0
0
0
0
0
0
0
0
0
0
0
0
0
0
12358
0
0
0
0
0
0
14369
0
0
0
0
0
0
0
0
12358
0
0
0
0
0
0
0
0
0
0
0
0
0
0
0
0
20499
0
14867
0
0
0
0
12018
0
0
0
0
0
0
0
0
0
12892
12892
0
0
0
0
0
0
0
0
0
0
0
0
0
0
0
12506
0
0
0
0
0
0
0
0
0
0
15742
14155
16718
0
14507
0
0
0
0
0
0
0
0
0
0
0
0
0
0
0
0
0
0
0
0
0
0
0
0
0
0
0
0
0
0
0
0
0
0
0
0
0
0
0
0
0
0
0
0
0
0
0
0
0
14874
0
0
0
0
0
0
0
0
14828
0
0
0
0
0
0
0
0
0
0
0
0
0
0
0
13558
0
0
0
0
0
0
0
0
0
0
13558
0
0
0
0
0
14867
0
0
15742
0
0
0
0
0
0
0
0
0
0
0
0
13558
0
0
0
0
0
0
0
0
0
0
0
0
14874
0
0
0
0
0
0
0
0
0
0
0
0
0
0
0
0
0
0
0
0
0
0
0
0
0
0
0
0
0
0
13558
0
0
0
0
0
0
0
0
0
0
0
0
0
0
0
0
0
14874
0
0
0
17117
0
0
0
0
0
0
0
0
0
0
0
0
0
0
0
0
0
0
0
0
16718
0
0
0
0
0
0
0
0
13546
0
0
0
13760
0
0
14180
0
22327
0
0
0
0
0
0
0
0
0
0
0
0
0
0
0
0
0
0
0
0
17632
0
0
0
0
0
17632
22327
14454
0
0
0
0
0
0
0
0
0
0
0
0
0
23078
0
0
0
0
0
0
23078
0
0
0
0
0
0
0
0
0
0
0
0
0
0
0
0
0
0
0
0
0
0
0
0
0
0
0
0
0
0
0
0
0
0
0
0
13760
0
0
0
0
0
0
0
17857
0
0
0
17232
0
0
0
0
0
0
0
0
0
14214
0
0
0
0
0
17539
0
23078
0
0
0
0
0
0
0
0
0
0
0
0
23078
0
0
0
0
0
0
18188
0
0
0
0
0
0
0
0
0
0
0
0
0
0
0
0
0
0
0
0
0
0
0
0
0
0
0
0
0
0
0
19195
0
0
0
0
0
0
0
0
0
0
0
0
0
0
0
0
0
0
0
0
0
0
0
0
0
0
0
0
23919
0
0
0
0
0
0
18110
0
0
0
0
0
0
0
0
0
0
0
0
0
0
0
0
0
0
0
0
0
0
0
0
16424
0
0
0
0
0
0
0
0
0
0
0
0
0
0
0
0
0
0
0
0
0
14914
0
0
0
0
0
0
0
0
0
19248
0
0
0
0
0
0
0
0
0
0
0
0
0
0
0
0
0
0
0
25589
0
0
0
0
0
0
0
0
0
0
0
0
0
0
0
0
0
0
0
0
0
0
0
0
0
0
0
0
15633
0
0
0
0
0
0
0
0
0
0
0
0
0
0
0
15779
0
0
0
0
0
0
19248
0
0
20072
19248
0
0
0
0
16424
0
0
0
0
0
0
0
0
0
0
0
0
0
0
0
0
0
0
0
0
0
0
0
0
0
0
0
19567
0
0
0
0
0
0
0
0
0
0
0
0
19914
0
0
0
0
19914
0
0
0
0
0
0
0
0
0
0
0
0
0
0
0
0
0
0
0
0
0
20044
0
0
0
0
0
0
15247
0
0
0
0
0
0
0
0
0
0
0
20044
0
0
0
0
0
15247
0
0
26082
0
0
0
0
0
20766
0
0
0
0
0
0
0
0
0
0
0
0
0
21058
0
0
0
0
0
0
0
19999
0
0
0
0
0
0
20748
0
0
0
0
0
0
0
0
0
0
0
0
0
0
0
0
0
0
0
0
0
0
0
0
0
26462
0
0
0
0
0
0
0
0
0
0
0
0
0
0
0
0
0
0
0
0
0
0
0
0
0
0
0
0
0
0
21571
0
0
0
0
0
0
0
0
0
0
0
0
0
0
0
0
0
0
15779
21187
0
0
0
0
0
0
0
0
0
15798
0
0
0
0
0
0
0
0
0
0
0
0
0
0
0
0
0
0
0
0
0
0
0
0
0
0
0
0
0
0
0
0
16655
22094
0
0
0
0
22094
0
0
0
0
0
0
0
0
0
22766
0
0
0
0
20048
0
0
0
0
22779
0
0
0
0
0
0
0
0
0
0
0
0
0
0
0
0
0
0
0
0
0
0
0
0
20048
0
0
0
0
0
27332
0
0
0
0
0
0
0
0
0
0
0
0
0
0
0
0
0
0
0
0
0
0
0
15946
0
0
0
0
0
0
0
0
0
0
20329
0
0
0
0
0
0
0
0
0
0
0
0
0
0
0
0
0
0
0
0
0
0
0
0
0
0
23055
0
0
0
22626
17688
0
0
0
17688
0
0
0
0
0
0
0
23737
0
0
0
0
0
0
0
0
0
0
0
0
0
18029
0
0
0
0
0
0
0
0
0
0
0
0
0
0
0
0
19174
0
0
0
0
0
0
0
0
0
0
0
0
0
15946
0
0
0
0
19796
0
0
0
0
0
0
0
0
0
0
0
0
0
23737
0
0
0
0
0
0
0
0
0
0
19010
0
0
0
0
0
0
0
0
0
0
0
0
0
0
0
0
0
0
0
0
0
0
0
0
0
0
0
0
0
0
0
0
0
0
0
0
0
19174
0
23602
0
0
0
0
28949
0
0
0
0
0
0
0
0
0
0
0
0
0
0
0
0
0
28949
0
0
0
0
0
0
0
0
0
0
0
0
0
0
0
0
0
0
24245
0
0
0
0
0
19174
0
0
0
0
0
0
19174
0
0
0
0
23602
0
0
21432
0
0
0
0
0
0
0
0
0
19174
0
0
0
0
0
24245
16717
0
0
0
0
0
0
0
0
0
0
0
16717
0
24245
0
0
0
0
0
0
0
0
0
0
0
0
0
0
0
0
0
0
0
0
22294
0
0
0
0
0
0
0
25499
24245
0
0
0
0
0
0
0
0
0
0
0
0
0
0
0
0
0
0
0
0
0
30115
0
0
0
0
0
0
0
20249
0
0
0
0
0
0
0
0
0
0
0
0
0
20441
0
0
0
0
0
0
0
0
26361
0
0
0
0
0
26361
0
0
0
0
0
0
0
0
0
0
0
0
0
0
0
30115
0
0
0
0
0
21424
0
0
0
0
0
0
0
0
0
0
0
0
0
0
0
0
26103
0
0
0
0
0
0
0
0
0
0
0
0
0
22418
0
0
0
0
0
0
0
0
0
0
0
0
0
0
0
0
0
0
0
0
0
0
0
0
0
0
0
0
0
0
0
0
0
0
0
0
26361
0
0
0
0
0
0
0
0
0
0
0
0
0
0
0
0
0
0
0
0
0
0
0
0
0
0
27108
0
0
0
0
0
0
0
0
0
0
0
0
0
27108
0
0
0
0
0
0
0
0
0
0
0
0
23381
0
0
0
25305
0
0
0
0
0
0
0
0
0
0
0
0
0
0
0
22532
0
0
0
0
0
0
0
0
0
24365
0
0
22532
0
0
0
0
0
23271
0
0
24365
0
0
0
0
0
24157
0
0
0
0
27354
0
26221
0
0
0
24365
0
0
0
0
0
23204
0
0
24365
24157
0
0
0
0
0
0
23204
0
0
0
0
0
0
0
0
31403
0
28789
0
0
0
0
0
0
0
0
0
0
0
0
0
0
0
0
19044
0
0
0
0
19044
0
0
0
0
31464
0
0
0
29099
0
0
0
0
0
0
0
0
0
0
0
0
0
0
0
0
25716
0
31464
0
0
0
0
0
0
0
0
0
0
0
0
0
24194
0
0
0
0
0
0
0
26880
0
0
0
0
0
0
0
0
0
0
0
0
0
29769
0
0
0
0
0
0
0
0
0
0
0
0
0
0
0
0
0
0
0
0
0
0
19744
0
0
0
0
0
0
0
0
0
0
0
0
0
0
0
0
0
0
0
0
0
0
0
0
0
0
32079
0
0
0
0
24716
31382
0
0
0
0
0
0
0
0
0
0
0
0
0
31382
0
0
0
0
0
0
0
0
0
0
0
0
0
0
0
0
0
0
0
0
0
0
0
0
0
0
0
0
0
0
0
0
0
0
0
0
0
0
0
0
0
0
0
0
0
26402
0
0
0
0
0
0
0
25386
0
0
0
0
0
0
0
0
0
0
0
0
0
0
0
25492
0
0
0
0
0
32040
0
33233
0
0
0
0
0
0
0
0
0
0
0
0
0
0
0
0
20854
0
0
0
0
0
0
26402
0
0
0
20854
0
0
0
0
26402
0
0
25480
0
0
0
0
0
0
0
25480
25480
0
0
0
0
0
0
0
0
0
27027
0
0
0
0
0
0
0
0
0
0
20854
0
0
0
0
0
0
0
0
0
0
0
0
0
0
0
32879
0
0
0
0
21027
27057
0
0
0
0
0
0
0
0
0
0
25836
0
0
0
0
0
0
0
0
0
0
0
27057
0
0
0
0
0
25836
0
0
0
32879
0
0
0
35428
0
0
0
0
0
0
0
0
0
0
0
0
0
0
0
0
0
0
27688
0
0
0
0
0
0
0
0
27491
0
0
0
0
0
0
0
0
0
0
0
0
0
0
0
0
0
0
0
25480
0
0
0
0
27688
0
0
0
26397
0
0
0
0
0
0
0
26397
0
0
0
0
21420
0
0
0
0
0
0
0
0
27256
0
0
0
0
0
27491
0
0
0
0
0
0
0
0
0
0
0
0
0
0
21420
0
0
0
0
0
0
0
0
0
0
0
0
0
0
0
0
0
25527
0
0
21420
0
0
0
27688
0
0
21420
0
0
0
0
0
0
0
0
0
0
0
0
0
0
0
0
0
0
0
0
0
0
0
0
0
0
21420
0
0
0
0
0
0
0
0
0
0
0
0
0
0
0
0
25527
0
0
0
0
0
26821
0
0
0
0
0
0
0
0
0
0
0
0
0
0
0
0
0
0
0
0
0
0
0
0
0
0
0
0
0
0
0
27972
0
0
0
0
0
0
0
0
0
0
0
0
0
0
0
0
0
29085
26821
0
0
0
0
33898
0
0
0
0
28016
0
0
0
0
0
0
0
0
0
0
28016
0
0
0
0
28016
0
0
0
0
0
0
0
0
0
0
0
0
0
0
0
0
0
0
0
0
0
0
0
27410
0
30723
0
0
0
0
0
0
0
0
27795
0
0
0
0
0
0
0
0
0
0
0
0
0
27795
0
0
0
0
0
0
0
28788
28579
0
0
0
0
0
0
0
0
0
0
0
0
33898
0
0
0
0
0
0
0
0
33898
0
0
0
0
25527
33780
0
0
0
0
0
0
0
0
33780
0
0
0
0
40103
28788
23201
33898
0
0
0
0
0
0
0
0
33780
40103
0
40103
0
0
0
0
0
0
0
0
0
0
0
33898
0
0
0
0
0
23785
0
0
0
0
0
0
31567
0
0
0
0
0
0
0
0
28579
0
0
0
0
0
0
26043
0
0
0
0
0
0
0
28268
0
0
30046
0
0
0
0
0
0
0
28268
26043
0
0
0
30046
0
0
0
0
0
0
0
0
0
0
0
0
0
0
0
0
0
0
0
0
0
0
0
0
0
0
0
0
0
0
26043
0
0
0
0
0
0
0
0
0
0
0
33470
0
0
0
0
0
0
0
0
0
35358
29982
0
0
0
0
0
0
0
0
0
29982
0
0
0
0
0
0
0
0
0
0
0
0
0
0
0
0
0
0
0
0
0
0
0
0
0
0
0
0
0
0
0
0
0
0
0
0
30784
0
0
0
0
0
0
0
30784
0
0
0
0
0
0
25037
0
0
0
0
0
0
0
0
0
0
0
0
0
0
0
0
0
0
35435
0
0
0
35435
0
0
25037
0
0
0
0
0
0
0
0
0
0
0
0
0
0
0
0
0
36172
0
0
31249
0
0
0
0
0
0
0
26018
0
0
0
0
0
0
0
0
0
0
0
0
0
0
0
0
36172
0
0
0
0
0
0
0
30379
0
0
0
0
0
0
0
0
0
0
0
0
0
0
0
0
0
0
31249
0
0
0
0
0
0
0
0
0
36235
0
42644
36235
0
0
0
0
0
0
0
0
0
0
0
0
0
0
0
0
0
0
0
0
0
0
0
0
0
0
0
0
0
0
0
0
0
0
0
0
0
0
0
0
0
0
0
0
0
31249
0
0
0
0
0
0
0
0
0
0
36172
0
0
0
0
36172
0
0
0
0
0
0
0
0
0
0
0
0
0
0
0
0
0
0
32679
0
0
36235
0
0
0
32254
0
30379
0
0
0
0
0
0
0
0
0
0
0
0
0
0
0
0
0
0
0
0
0
43732
0
0
0
0
26896
0
0
0
0
0
0
0
0
0
0
0
0
0
0
0
0
0
0
0
0
0
0
0
0
0
0
0
0
0
0
0
0
0
0
0
0
0
0
0
0
0
0
0
0
0
0
0
0
36844
0
0
0
32742
0
0
0
0
0
0
0
0
34222
0
0
0
0
0
0
0
0
0
0
0
0
0
0
0
0
0
0
0
0
34222
0
0
0
0
0
0
0
0
0
0
0
0
0
0
0
0
0
0
0
0
0
0
0
0
0
0
0
0
0
0
0
0
0
30360
0
45253
0
0
0
0
0
32742
0
0
0
0
0
0
0
0
0
0
0
0
0
0
0
0
0
0
0
0
0
0
0
36871
0
0
0
0
0
0
0
34222
0
0
0
0
0
0
0
0
0
0
0
0
0
0
31714
0
0
0
0
0
0
0
0
0
0
0
0
0
0
0
0
0
0
0
0
0
0
0
0
0
32742
0
0
37456
0
0
0
0
0
0
0
37197
0
0
0
0
0
0
0
0
0
0
0
0
0
0
0
31714
0
0
0
0
0
0
45563
0
0
0
0
0
0
0
0
35006
0
34222
0
0
0
0
38603
0
32742
0
0
0
0
0
0
0
37197
0
0
0
0
0
0
0
0
0
0
0
0
37197
0
0
0
0
34222
32742
0
0
0
0
0
0
0
0
0
0
0
0
0
0
0
0
0
0
0
0
0
0
0
0
0
0
0
0
0
0
0
0
0
0
0
0
0
0
0
32742
0
0
0
34733
0
0
0
0
0
0
0
0
0
0
0
0
37838
0
38603
31714
0
0
0
0
35539
0
0
0
0
33433
0
38603
0
0
0
0
0
0
0
0
0
0
0
37838
0
0
0
0
0
0
0
0
38656
0
0
0
35075
35075
0
0
0
0
0
0
0
0
0
0
38656
28366
0
0
0
0
0
0
0
0
0
28366
0
0
47213
0
0
0
0
34733
0
0
0
0
0
0
0
0
0
0
0
0
0
0
0
0
0
28366
0
0
0
0
31714
0
0
0
0
0
0
0
0
0
0
0
0
0
0
0
0
0
0
0
0
38942
0
0
0
0
0
0
0
0
0
0
0
0
0
0
0
0
0
0
0
0
32385
0
0
0
0
0
0
0
0
0
0
0
0
0
0
0
0
0
0
0
0
32385
0
0
0
0
0
0
28366
0
0
0
0
0
0
34146
0
0
34733
0
0
0
0
0
0
0
0
0
0
0
0
0
0
0
0
0
0
0
0
0
0
0
0
0
0
0
0
0
0
0
0
0
39516
0
0
0
0
0
0
0
0
0
0
0
0
0
0
0
32385
0
0
39660
0
0
34146
0
0
0
34146
0
0
0
0
0
0
0
0
40434
0
0
0
0
0
0
0
0
0
0
0
0
39917
0
0
0
0
0
0
0
0
0
0
0
39917
0
0
0
0
0
0
0
0
0
0
0
0
0
39917
0
0
0
0
0
0
0
0
0
0
0
0
0
0
0
0
0
0
0
0
0
0
0
0
0
0
0
0
0
0
50085
0
0
0
0
0
0
0
0
0
0
0
0
50829
0
0
0
0
0
0
0
0
0
0
0
0
0
0
0
0
0
0
0
0
0
0
0
0
0
0
0
0
0
0
0
0
0
0
38706
0
0
0
0
0
0
29759
0
0
0
0
0
0
0
0
0
0
0
0
0
0
0
0
0
0
0
0
0
0
0
0
0
0
0
0
0
0
0
0
0
0
0
0
0
0
0
0
0
0
39954
0
0
0
0
0
0
0
0
0
0
0
0
0
0
0
0
0
0
0
0
30436
0
0
0
0
0
0
0
0
0
0
0
0
0
0
0
0
0
0
0
0
0
0
0
0
0
0
34851
0
0
0
0
0
39954
0
0
39954
0
0
0
0
0
0
0
42377
0
0
0
0
0
0
0
0
0
0
0
0
43041
0
0
35731
0
0
0
0
0
0
0
43041
0
0
0
0
0
0
0
0
40370
0
0
0
0
0
0
0
0
0
0
36144
0
0
40370
0
0
0
52069
0
42965
0
0
0
0
0
0
0
0
0
52069
0
0
0
0
0
0
40466
0
0
0
0
0
0
0
0
35731
0
0
0
0
0
0
0
0
0
0
0
0
0
0
0
0
40419
0
0
0
0
0
0
36144
0
0
0
0
0
0
0
0
0
0
0
0
0
0
0
0
0
0
0
0
0
0
52069
0
0
0
0
0
0
0
0
0
0
0
0
0
0
0
0
0
0
0
0
41601
0
0
0
0
0
0
0
0
0
0
0
0
0
0
0
0
0
0
45345
0
45345
0
0
0
40419
0
0
0
0
0
0
0
0
0
0
0
0
0
0
0
0
0
0
0
0
0
0
0
0
0
0
0
0
0
0
0
0
0
0
0
0
0
45345
52665
0
0
37948
41601
0
0
0
0
0
0
0
0
0
0
0
0
0
0
0
0
0
0
41611
0
0
0
0
0
0
0
53324
0
0
0
0
0
0
0
0
0
0
0
0
0
0
0
0
0
0
0
0
0
0
0
0
0
0
40031
0
0
0
0
0
0
0
0
0
40419
0
0
0
0
0
0
0
0
0
0
0
0
0
0
0
0
0
0
0
0
0
0
0
0
0
0
0
0
0
0
0
0
0
0
0
0
0
53660
0
0
0
0
37948
0
0
0
0
0
37948
0
0
0
0
0
0
0
0
0
0
0
0
0
0
0
0
0
0
0
0
0
0
0
0
0
0
0
0
53660
0
0
0
0
0
0
0
0
0
0
0
0
0
0
0
0
0
0
0
0
38484
0
0
0
0
0
0
0
0
0
0
0
0
0
0
0
0
0
0
0
0
46645
0
0
0
0
0
43033
0
0
0
0
0
0
0
0
0
0
0
0
0
0
0
0
41996
0
0
0
0
0
0
0
0
0
42401
0
0
0
0
0
0
0
0
0
0
0
41996
0
0
0
0
0
0
0
0
0
0
0
0
0
0
43221
0
42401
0
43791
0
0
0
0
0
0
54891
0
0
0
0
0
0
0
0
43221
0
0
0
0
0
0
0
0
35186
0
0
0
0
0
0
0
0
0
36976
0
0
0
0
0
0
0
47230
36976
0
0
0
0
0
0
0
0
0
38751
0
0
0
0
0
0
0
0
0
0
0
0
0
0
0
0
0
0
0
0
0
0
43388
0
0
0
35186
0
0
35186
0
0
0
0
0
0
0
0
0
0
0
0
0
0
0
0
0
0
0
0
0
0
0
0
0
0
0
0
0
0
0
0
44340
0
0
0
0
0
0
0
0
0
0
0
0
0
0
0
0
0
0
0
0
0
0
0
0
0
0
0
0
0
0
0
0
0
0
0
0
0
0
0
0
0
0
0
0
0
48039
48039
0
0
40221
0
48086
0
0
0
0
0
0
0
0
0
0
0
0
0
0
0
0
0
0
0
0
0
0
0
0
0
0
0
0
0
0
0
0
0
0
0
43180
0
0
0
0
48039
0
0
0
0
0
0
0
0
0
0
0
43180
0
0
48039
0
0
0
0
0
0
48547
0
0
0
0
0
44377
0
0
0
0
48039
0
0
0
0
44377
0
0
0
0
0
0
0
0
0
0
0
0
0
0
0
0
0
0
0
0
0
0
0
0
41365
0
0
0
0
0
0
0
0
0
0
0
0
0
0
0
0
0
0
0
0
0
0
0
0
0
0
0
0
0
0
0
0
0
36810
0
0
0
49007
0
0
0
0
0
0
0
0
0
0
0
0
0
0
0
0
0
46503
0
0
0
0
0
0
0
0
0
0
0
0
45237
0
0
38500
0
0
0
0
0
0
45237
0
0
0
0
0
0
0
0
0
0
0
0
49555
0
0
0
0
0
0
0
0
0
0
0
0
0
0
0
0
0
0
45237
45547
0
0
45547
0
0
0
0
0
0
0
0
0
0
44564
0
0
0
0
0
0
0
0
44564
0
0
46070
0
46070
0
0
45547
0
0
46070
0
0
49369
36823
0
0
0
0
0
0
49369
0
0
0
0
0
0
0
0
0
0
0
0
0
0
0
0
0
0
0
0
0
45547
0
0
45547
0
0
46479
0
0
47234
0
0
0
0
0
0
0
0
0
0
0
0
0
0
44307
0
49369
0
0
0
0
0
0
0
0
0
0
0
0
0
0
0
0
0
0
46627
44307
0
0
0
0
0
39442
0
0
0
0
0
0
0
0
0
0
0
0
45629
0
0
0
50933
39442
0
0
0
0
0
0
0
0
0
37859
0
0
0
50071
0
0
0
0
0
0
0
0
0
0
57615
0
0
0
46163
0
0
0
0
0
0
0
0
0
0
0
0
0
0
46163
0
0
0
0
0
0
0
39509
0
0
0
0
0
0
0
0
0
0
0
0
0
0
50084
0
0
0
0
0
0
0
45718
0
0
0
0
46163
0
0
0
0
0
0
0
0
0
0
0
0
0
38126
0
0
0
0
46573
0
0
0
0
0
0
0
38126
0
0
0
0
0
0
0
0
0
0
0
0
53431
0
0
0
0
47713
0
0
0
0
0
0
38126
0
0
0
53431
0
0
0
0
0
0
0
0
50937
0
0
0
0
39509
0
0
38126
0
0
0
0
0
0
0
0
0
0
0
0
0
0
0
39509
0
0
0
0
0
0
0
0
0
0
0
0
0
0
0
0
0
0
0
0
0
0
0
0
0
0
39509
0
0
0
0
0
0
0
0
48073
0
0
0
0
0
0
0
48878
0
0
0
0
48897
0
0
0
0
0
0
0
0
0
48346
0
0
0
0
0
0
0
0
0
0
0
0
0
0
0
0
0
40413
0
0
0
0
0
0
0
0
0
0
0
0
0
0
0
0
0
0
0
0
0
0
0
0
0
0
0
0
0
0
0
0
53628
0
0
0
0
0
0
0
0
0
0
40413
47621
0
0
60211
0
0
0
48346
0
0
0
0
0
0
0
0
0
0
0
0
0
0
0
0
47621
0
0
0
0
0
60211
0
53628
0
0
0
0
50005
40745
0
0
0
0
0
0
0
0
48346
0
0
0
0
0
0
0
0
0
0
0
0
0
0
0
0
49478
0
0
0
0
0
0
0
0
0
0
0
0
0
0
0
0
0
0
0
0
54421
0
0
0
0
0
0
0
0
0
0
0
0
0
0
0
0
52903
0
0
0
0
0
0
0
0
0
0
0
0
0
0
0
0
0
0
0
41881
0
0
0
0
0
0
0
0
0
0
0
0
0
0
0
0
51007
0
0
0
0
0
47012
52903
0
0
0
0
0
0
0
0
0
0
40218
0
0
0
0
0
0
0
0
0
0
0
0
0
0
47012
0
0
0
40991
0
0
0
0
0
0
0
0
0
0
0
0
0
0
0
0
0
0
0
0
0
50779
0
0
0
51189
41881
0
0
0
61822
0
0
0
0
0
0
0
0
0
0
0
0
0
0
0
0
0
0
0
0
47503
0
0
0
0
0
0
0
0
0
0
0
51189
0
0
0
0
0
0
0
0
0
0
0
0
0
0
0
0
0
0
0
0
0
0
0
0
0
0
48524
0
0
0
61822
0
0
61822
0
0
0
40991
0
48524
0
0
0
0
0
48524
0
0
0
0
0
0
61822
0
0
0
0
0
0
0
0
0
0
0
40991
0
0
62716
0
0
0
0
0
54101
0
0
0
0
0
0
0
0
0
0
0
0
0
0
0
0
0
0
0
0
0
0
0
0
0
0
0
0
0
52276
0
0
49965
0
52276
0
0
0
0
0
0
0
0
0
0
0
0
56582
0
0
0
0
54101
0
0
0
0
0
0
0
0
0
0
0
0
0
54101
0
0
0
0
0
0
0
0
0
0
0
54126
53532
43609
0
0
0
0
0
0
0
0
0
0
0
0
0
0
0
0
0
0
0
0
0
0
0
0
0
0
0
0
0
0
0
0
0
0
0
0
0
0
0
0
0
0
0
0
0
0
0
0
0
0
0
0
42549
55448
0
0
50795
55025
0
0
0
0
0
0
0
0
0
0
0
0
0
0
0
0
0
0
0
53677
0
0
0
55063
0
0
0
55448
50795
0
0
0
0
0
0
0
0
0
0
0
0
0
0
0
0
0
0
0
0
0
0
0
0
0
0
50795
43196
0
0
0
0
0
0
0
0
0
0
0
0
0
55888
0
0
0
0
0
0
43369
0
0
0
0
0
0
0
0
0
0
0
0
0
0
0
0
0
0
0
0
0
0
0
0
0
0
0
0
0
0
0
0
43976
0
0
0
0
50590
0
0
0
0
0
0
0
56170
0
0
0
0
0
0
0
0
0
0
63501
0
0
0
50795
0
0
0
0
0
0
0
0
0
0
0
0
0
0
0
0
0
0
0
0
0
0
0
63501
0
0
0
55988
0
0
0
0
63501
0
0
0
0
0
51507
0
0
0
0
0
0
0
0
0
0
0
0
0
0
0
0
0
0
0
0
0
0
0
0
44807
0
0
0
0
0
51385
0
0
0
0
0
0
56461
0
0
0
0
0
0
0
0
0
0
0
0
0
0
0
0
0
0
0
0
0
0
0
0
0
0
0
0
0
0
0
0
0
0
0
0
0
0
0
0
0
64598
0
0
0
0
0
0
58682
0
0
0
0
0
0
0
0
0
0
57340
0
0
53681
0
0
0
0
44807
0
65068
0
0
0
0
57340
0
0
0
0
0
0
0
0
0
0
55707
0
0
0
0
0
0
0
0
0
56760
0
0
0
0
55988
0
0
0
0
65068
51707
0
0
0
58682
0
0
0
0
57340
0
0
0
0
0
0
0
53681
0
0
0
0
0
0
0
0
0
0
0
0
0
0
0
0
0
0
0
0
0
65793
0
0
0
0
0
0
0
56177
0
0
53884
0
0
0
0
0
0
0
0
0
0
0
0
0
0
0
0
0
0
0
0
0
66739
0
0
0
0
0
0
0
0
0
0
56765
51707
56844
0
0
0
0
0
0
0
0
0
0
0
0
0
0
48479
0
0
0
0
56177
0
0
0
0
0
0
0
0
0
0
0
0
66739
0
57340
0
0
0
59228
0
0
0
0
51707
0
0
0
0
0
0
0
0
0
0
0
47472
0
0
0
0
0
0
0
59228
0
0
0
0
0
0
0
0
51707
0
0
0
66739
54302
0
0
0
0
0
0
0
0
0
0
0
0
56765
0
0
0
0
56177
49494
0
0
0
0
0
0
0
0
0
0
0
0
0
0
0
0
0
0
0
0
0
0
0
0
0
0
0
56765
0
0
58737
0
47472
0
0
0
0
0
0
0
0
0
0
0
0
0
0
0
0
0
0
0
0
0
0
0
0
0
0
0
0
0
0
0
0
0
57153
0
0
0
0
0
0
0
0
0
0
0
0
0
0
0
0
0
0
0
0
0
0
0
0
0
0
0
0
49494
0
0
0
55188
0
0
0
0
0
0
0
0
0
0
0
0
0
0
0
0
0
0
0
0
0
0
0
0
57893
0
0
0
0
0
0
0
0
0
0
0
0
0
59835
0
0
0
0
0
0
0
0
0
0
0
0
0
0
0
0
57893
0
0
0
0
0
0
0
0
0
0
0
0
0
0
0
0
0
0
0
0
0
0
0
0
0
0
0
66739
66739
0
0
0
0
0
0
0
0
52919
0
0
66739
60870
0
0
0
0
0
0
0
0
0
0
0
0
0
0
0
0
0
0
0
0
61446
0
0
0
0
0
0
0
0
0
0
0
0
0
0
0
0
0
0
0
0
0
0
0
0
0
57893
0
0
0
0
0
0
0
0
0
0
0
0
0
0
0
0
0
0
0
0
0
0
0
0
0
0
0
0
0
0
0
0
0
0
0
0
0
0
0
0
0
0
0
0
0
0
0
0
0
0
0
0
62199
0
0
0
0
0
0
0
0
0
0
0
0
0
0
50690
0
0
0
0
57369
0
0
0
0
0
57893
0
0
57893
0
0
0
48830
0
0
0
0
0
0
0
0
0
0
0
62233
0
0
0
0
57893
0
0
0
0
0
0
0
0
0
0
0
0
0
0
0
0
58025
0
0
0
62233
0
0
0
0
0
0
0
0
0
0
0
0
0
0
48830
0
0
0
0
0
0
0
0
67521
0
0
0
0
0
67521
0
0
0
0
0
0
0
0
0
0
0
59389
0
0
0
0
0
0
0
0
0
0
0
0
0
0
0
0
62879
63865
0
0
0
0
0
0
0
0
0
0
0
0
0
63601
55745
0
0
55745
0
0
0
57893
0
0
0
0
0
0
0
48983
0
0
0
0
0
0
0
0
0
0
0
0
0
0
0
57893
0
59389
0
0
0
0
60758
0
0
0
0
0
0
0
0
0
0
67521
0
0
0
0
0
0
0
0
0
0
0
0
0
65628
0
0
0
0
0
0
0
0
0
0
0
0
0
0
65167
0
0
0
59550
0
0
0
0
0
0
0
58499
68506
0
0
0
0
0
0
0
0
0
0
0
0
0
0
0
0
0
0
59389
0
0
0
0
0
0
0
0
0
0
0
0
0
0
0
0
0
0
0
0
0
0
0
0
69371
0
0
0
0
0
62220
0
48983
0
0
0
0
0
0
0
0
0
0
0
0
0
0
0
0
0
0
0
0
0
0
0
0
0
0
0
0
56994
0
0
0
0
0
0
0
0
0
0
0
0
60027
0
70333
0
65387
0
0
65387
57947
0
0
0
57947
0
0
0
0
0
0
0
0
0
0
0
0
62220
0
0
0
0
0
0
0
0
0
0
0
65387
0
0
0
0
0
0
0
0
0
0
0
0
0
0
0
0
0
0
0
0
0
0
0
61739
0
0
0
0
0
0
0
0
0
0
0
0
0
53382
0
0
0
0
65387
0
0
0
0
0
0
0
0
0
0
0
0
0
62671
0
72693
0
0
0
0
0
0
0
0
0
0
70729
0
0
0
0
0
0
0
0
0
0
0
0
0
0
0
0
0
62671
0
0
0
0
0
0
0
0
0
0
0
0
0
60989
0
0
0
0
0
0
0
60858
0
0
0
0
0
0
0
0
0
0
0
0
0
0
0
0
0
0
0
0
0
0
0
0
0
0
0
0
0
0
0
0
0
0
0
64011
0
0
0
0
0
0
0
0
0
0
0
0
0
0
0
0
0
0
0
66130
0
0
0
60449
0
0
0
0
0
0
0
0
0
72693
0
0
0
0
64011
0
0
0
0
0
0
0
0
0
0
0
0
64259
0
0
60449
0
0
0
0
0
0
64259
0
0
0
0
0
0
0
0
0
0
0
0
0
0
0
72606
72693
0
0
0
0
0
62192
0
0
0
0
0
0
0
0
0
0
0
0
0
0
67188
52840
0
0
62345
0
0
0
60449
62528
0
0
0
0
0
0
0
0
0
0
0
0
0
0
0
0
0
0
0
0
0
0
0
0
0
0
0
65924
0
0
62345
0
0
0
0
0
0
0
0
0
0
0
0
0
0
0
0
0
0
0
0
0
0
0
67188
0
0
0
0
0
0
0
0
0
0
0
55130
0
0
0
0
0
0
0
0
0
0
0
0
0
0
0
0
0
0
0
0
0
0
0
63570
0
0
0
0
0
0
66809
0
0
0
66809
0
67188
0
0
54491
0
0
0
0
0
66809
54491
0
0
0
55130
0
0
0
0
0
0
0
0
0
0
0
0
0
0
61436
0
0
74005
0
0
0
0
0
0
0
0
0
0
0
0
74005
0
0
0
0
0
67188
0
0
0
0
0
0
0
0
0
0
0
0
0
0
0
0
0
0
0
0
67188
0
0
0
0
0
0
64559
0
0
0
0
0
64559
0
0
0
0
0
0
0
0
67685
0
0
74102
0
67685
0
0
0
0
0
0
0
0
0
0
0
0
0
0
0
0
0
0
0
0
0
0
0
0
0
0
0
0
0
0
0
0
0
0
0
0
0
0
0
0
0
0
0
0
64450
0
0
0
0
0
0
0
0
0
0
0
0
0
0
0
0
0
0
0
0
0
0
0
0
0
0
0
0
0
0
0
0
0
0
0
0
0
0
0
0
0
0
0
0
0
0
0
0
0
0
0
0
0
0
0
0
0
67437
65769
64578
0
0
0
0
0
0
0
0
0
0
0
0
0
0
0
0
0
0
0
0
0
0
0
0
0
68607
0
0
0
0
0
77874
0
0
0
0
0
0
0
0
0
0
0
0
0
0
0
0
65787
0
0
0
0
0
0
0
0
0
0
0
0
0
69626
61813
0
0
0
0
0
0
0
0
0
0
0
0
0
0
0
0
0
0
0
0
0
69626
0
0
0
0
0
0
0
0
0
0
0
0
67954
0
0
0
0
0
0
0
0
0
0
0
0
0
0
0
0
0
0
0
0
0
0
64578
0
0
0
0
0
65787
0
0
0
0
0
0
0
0
0
0
0
0
67954
0
0
0
0
0
0
0
65787
0
62667
0
0
0
77986
0
0
0
0
0
0
0
0
0
75369
0
0
0
0
0
0
0
0
0
0
0
0
0
0
0
0
0
0
0
64578
0
0
0
0
0
65787
0
0
0
0
0
0
0
75369
0
0
0
0
62667
0
0
0
0
0
0
0
68993
0
0
0
0
0
68993
62667
0
0
0
0
0
0
0
0
0
0
0
0
0
0
0
0
0
0
0
0
0
0
0
0
0
0
0
69363
0
0
0
58689
0
0
0
0
0
0
0
69401
0
0
0
0
0
0
0
0
0
0
71782
70320
0
0
0
0
65601
0
0
70320
0
0
0
0
0
0
63460
0
0
65787
0
0
0
0
0
0
0
0
0
0
0
0
0
0
0
0
69431
0
0
0
0
0
0
0
0
0
0
0
0
69431
0
0
65601
0
0
0
0
0
0
0
0
0
0
0
0
0
0
0
0
0
72471
0
0
0
0
0
58689
0
0
0
0
0
0
0
0
73087
0
0
0
0
0
0
0
0
0
0
0
0
0
0
0
0
80707
0
0
58689
0
0
0
0
0
64614
73087
0
0
0
0
0
67030
0
0
0
73087
0
0
60372
0
0
0
0
0
0
60372
0
60372
0
0
0
0
0
0
0
0
0
71157
0
0
0
0
0
0
0
0
0
0
0
0
0
0
0
60242
0
0
0
0
0
0
0
0
0
0
71375
0
0
0
0
0
81281
0
0
0
0
72809
0
0
0
0
0
0
0
0
0
0
0
0
0
0
0
0
73380
0
0
0
0
0
0
0
60937
0
0
0
0
0
0
0
0
0
0
0
0
75435
67030
0
0
0
0
0
0
0
0
0
0
0
0
0
0
0
82054
0
0
64758
0
0
0
0
0
0
64758
0
60372
0
0
0
0
0
0
0
0
67030
0
0
0
0
0
0
0
0
0
0
0
0
65601
0
0
0
0
0
0
0
0
65601
61648
0
0
0
0
0
0
0
0
76235
0
0
0
0
0
0
0
0
0
0
0
82967
0
0
0
0
73877
0
65601
0
84750
0
0
64758
0
0
0
0
0
0
0
0
0
0
0
60372
0
0
0
0
0
0
73877
0
0
0
0
0
0
0
0
0
0
64758
0
0
0
0
0
0
0
0
73877
0
0
67482
0
0
0
0
0
67482
73597
0
0
0
0
0
0
0
0
0
0
0
0
67482
0
0
0
0
0
0
0
0
0
0
0
0
0
0
0
0
0
66502
0
0
0
0
0
0
0
0
0
0
0
0
0
0
0
0
0
0
0
0
0
0
0
72468
0
0
0
0
0
0
0
0
0
0
0
0
0
0
0
0
73597
0
0
0
0
0
78092
0
0
0
0
0
0
0
85089
0
0
0
0
73209
0
0
61991
0
0
61991
0
0
0
0
0
0
0
0
61550
0
0
0
0
0
61991
0
0
0
0
0
0
0
0
0
0
0
0
0
0
0
0
0
0
0
0
0
0
78622
78622
62513
0
66502
0
0
0
0
78622
0
85175
0
0
0
0
0
0
0
66502
0
0
0
0
0
78622
0
0
0
0
0
0
0
0
0
0
0
0
0
0
0
0
0
0
76429
0
0
0
0
0
0
0
61991
0
0
0
0
0
0
0
0
0
0
0
0
0
0
0
0
0
0
0
0
0
0
0
0
0
0
0
0
0
0
0
0
0
0
85175
76590
0
0
85175
0
0
0
0
0
85175
66901
0
0
0
0
0
0
0
0
0
0
0
0
0
0
0
0
0
0
0
0
77083
0
75577
0
0
0
0
0
0
0
0
0
0
75577
0
0
0
0
0
0
0
0
0
0
0
0
0
63345
0
0
0
63004
75936
0
0
0
0
0
0
0
0
0
0
0
0
0
0
0
0
0
0
0
0
0
0
0
0
0
0
0
0
0
0
71003
0
0
0
0
0
0
0
0
0
0
0
0
0
0
0
0
0
0
0
0
0
0
0
0
0
0
0
64335
64808
0
0
75936
0
86037
0
0
0
0
0
0
0
0
0
0
0
82034
0
0
0
0
0
0
0
0
64808
0
0
0
0
0
0
0
0
0
0
0
0
0
0
0
0
0
0
68491
0
71003
0
0
0
0
0
0
0
0
0
65350
0
0
0
0
0
0
0
0
0
0
0
0
0
0
64335
0
0
0
0
0
0
0
0
0
0
0
0
0
0
0
0
79524
0
0
0
0
0
0
79524
0
0
0
0
0
69504
0
0
0
0
0
64335
82668
0
71003
64335
0
0
0
0
0
0
0
0
0
0
82668
0
0
0
0
0
82668
0
0
0
0
0
0
0
86625
0
0
0
0
0
0
0
0
0
0
0
0
69580
0
0
0
0
0
0
0
0
0
0
0
75936
0
0
0
0
0
0
0
0
0
69580
0
0
0
0
0
0
0
0
0
0
0
0
0
0
0
0
0
0
0
0
69580
0
0
0
0
0
0
0
78163
0
0
66232
0
68824
0
0
0
0
0
80384
0
71003
0
0
0
0
0
0
78163
0
0
0
0
0
0
0
0
0
0
0
0
0
0
0
0
0
0
0
0
0
0
0
0
0
0
76438
87447
0
0
0
0
0
0
0
0
0
0
0
0
0
0
0
0
0
0
0
0
0
0
0
0
0
0
0
0
76467
0
0
0
0
66544
84167
66232
0
0
0
0
0
0
0
0
0
0
0
0
0
0
0
0
0
0
0
0
0
88752
0
0
66232
0
0
0
0
72332
0
66232
0
0
72332
0
0
0
0
0
0
0
0
70142
0
0
0
0
80815
0
0
0
0
0
78163
0
0
68824
0
0
0
0
0
0
0
0
0
0
0
0
0
0
84610
0
0
0
0
0
0
0
0
0
0
0
0
0
0
0
0
0
80815
78163
0
0
0
0
0
0
0
0
78799
0
0
0
0
88752
0
0
0
88752
0
0
0
0
0
0
0
84610
84610
0
0
0
0
0
0
0
0
0
0
0
88752
0
0
0
0
0
0
78163
0
0
0
0
0
0
0
0
0
0
0
0
0
0
0
0
0
0
0
0
0
0
0
0
0
0
0
0
0
0
0
0
0
80815
0
0
0
0
0
0
0
0
0
0
0
0
0
0
0
0
0
0
0
72332
0
0
0
0
70366
0
0
0
0
0
0
0
0
88752
0
0
79438
0
0
0
0
78448
0
0
0
0
0
0
0
0
0
86480
0
0
0
0
0
0
0
0
72332
0
0
0
0
0
0
0
86480
0
0
0
0
0
0
0
0
0
0
0
0
0
0
0
0
0
67089
0
0
0
0
0
0
0
0
0
0
0
0
81739
0
0
0
0
0
0
0
0
0
0
78448
0
0
0
0
0
0
0
0
0
0
0
0
0
0
0
0
0
0
0
0
0
80340
78448
0
0
0
0
0
0
0
0
0
89487
0
0
0
0
86749
0
0
0
0
0
0
0
0
0
0
0
0
0
0
0
0
0
0
0
0
0
0
0
71557
0
0
0
0
0
0
0
0
80340
0
0
0
0
0
0
0
0
0
0
78448
89977
0
0
0
0
0
0
71557
0
0
0
0
0
0
73263
0
0
0
70357
0
0
0
0
0
0
0
0
0
69507
0
0
70357
0
0
0
0
0
0
0
0
0
0
0
0
0
0
0
0
0
0
0
0
71923
0
0
0
0
0
0
0
0
0
0
0
0
0
0
0
0
0
90841
0
0
0
0
0
0
0
0
0
0
0
80959
0
0
0
69507
0
0
0
0
0
0
0
0
0
0
69694
0
74258
0
0
0
0
0
81154
0
0
0
0
0
0
0
87810
0
0
0
0
0
0
0
0
0
92530
0
0
0
0
75215
0
0
0
71557
0
0
81154
0
0
0
0
0
87810
0
0
0
0
0
0
0
0
0
0
0
0
0
0
0
0
0
0
0
0
71055
0
0
0
0
0
0
0
0
72171
0
0
0
0
0
0
0
0
0
72171
0
0
0
0
0
0
71055
0
0
0
0
0
0
0
0
0
0
0
82031
82031
0
72171
0
0
0
0
69694
0
0
0
0
0
0
0
72171
0
0
0
0
0
0
0
0
69694
75661
0
0
0
87810
0
0
0
0
0
0
69694
82984
0
0
0
0
0
0
0
0
0
0
0
72909
0
0
0
92530
0
0
0
0
0
71557
0
0
0
92530
0
0
0
0
0
0
0
0
83489
0
0
0
83489
0
0
0
0
0
0
0
0
0
0
0
0
0
0
0
0
72909
0
0
92530
0
0
72909
0
70129
0
0
0
0
0
0
0
0
0
0
0
0
0
89058
0
0
70129
0
0
0
0
0
0
0
0
76442
0
0
0
0
0
0
0
0
0
0
0
0
0
0
0
0
0
0
0
0
0
0
0
0
0
0
0
0
0
0
0
0
72909
0
0
0
0
90750
0
0
0
0
0
90750
73882
0
0
0
0
0
0
0
0
0
0
0
0
71388
0
0
0
0
0
0
0
0
0
0
0
0
0
0
0
0
0
0
0
0
0
0
0
0
0
0
0
73882
0
0
0
0
0
0
0
0
0
0
0
0
0
0
0
0
91594
0
0
0
0
93484
0
0
0
0
0
0
0
0
0
0
0
0
0
0
0
0
0
0
0
0
84627
0
0
0
93484
0
0
0
0
0
0
0
0
0
0
84127
0
0
0
0
0
0
0
0
0
0
0
0
0
0
0
0
84127
0
0
0
0
0
0
93484
84636
0
73349
0
0
0
0
0
0
0
0
0
0
0
0
0
0
0
0
0
0
0
0
84636
0
0
0
0
0
0
0
0
0
0
0
0
0
0
0
0
0
0
0
73349
0
0
0
0
0
0
0
0
0
0
0
0
77592
0
0
0
0
0
0
0
0
0
0
0
0
0
0
0
0
0
0
0
0
0
0
0
0
0
0
0
0
0
0
73349
0
0
0
0
0
0
0
0
0
0
0
0
0
0
0
0
0
84937
0
0
0
0
0
74400
0
0
0
0
78919
73454
0
0
0
78919
0
78919
0
0
0
0
0
0
74400
0
0
0
72880
0
0
0
0
0
0
0
0
0
0
0
0
0
0
0
73349
0
0
0
96190
0
0
0
0
0
0
0
0
0
0
0
72880
0
0
0
0
0
0
0
0
0
0
0
0
0
74346
0
0
0
0
0
0
0
0
74346
0
0
86361
0
0
0
0
0
0
0
0
0
0
0
0
72880
0
0
0
0
0
0
0
0
0
0
0
0
0
0
0
0
0
0
0
0
0
0
0
0
0
0
0
0
0
0
0
0
85275
0
0
0
0
78919
0
0
0
0
78919
72880
85275
0
0
0
0
0
0
0
0
0
0
0
74857
0
0
0
0
0
0
0
0
0
0
0
0
0
0
0
0
0
72880
0
0
0
0
0
0
0
0
0
0
0
0
0
0
0
0
0
86992
0
0
0
0
0
0
0
0
0
0
0
0
0
0
0
0
0
0
0
0
0
87723
0
0
87723
72880
0
0
0
0
0
0
76043
0
0
0
0
0
0
0
0
0
0
0
0
0
0
0
0
0
0
0
72880
0
0
0
0
0
0
0
99070
0
0
0
0
0
0
0
0
0
0
0
0
0
0
0
0
0
0
0
0
0
0
0
0
75178
0
0
0
0
0
0
0
0
0
0
0
0
0
0
0
0
0
0
0
0
0
0
0
0
0
0
0
0
0
87822
0
0
0
0
0
0
0
0
0
81084
0
0
0
0
0
0
96124
0
0
0
0
99070
0
0
0
0
0
0
0
0
0
0
0
0
0
0
0
0
0
0
0
0
0
0
0
0
85962
0
0
0
77388
0
96941
0
0
0
0
0
99070
0
0
0
0
0
75505
0
0
0
0
0
0
0
0
0
0
0
0
99070
0
0
0
0
0
0
0
0
0
0
0
0
0
0
0
0
0
0
0
0
0
0
97540
0
0
0
81895
0
0
0
99070
0
0
0
0
0
0
0
0
0
0
0
0
85962
0
0
0
0
0
0
0
0
0
0
0
0
0
0
0
0
0
0
0
0
0
0
0
99070
0
0
0
0
0
0
0
0
0
0
0
0
0
0
0
0
0
0
0
0
0
0
0
0
87343
0
0
0
0
0
0
0
0
0
0
0
0
0
0
0
0
0
0
0
0
0
0
0
0
0
0
0
0
0
0
0
0
82525
0
0
0
0
0
0
0
0
0
0
88027
0
0
0
0
98968
0
0
98968
98968
0
0
0
0
77458
0
0
0
99070
0
0
0
0
0
0
0
0
0
0
0
0
0
0
0
0
88027
0
0
0
0
0
0
0
0
0
0
0
0
0
0
0
100788
0
0
0
0
100788
0
0
0
0
83142
0
0
76969
0
0
0
0
76969
100788
0
0
0
0
0
0
79719
0
100788
0
0
0
0
0
0
0
0
0
0
0
83142
0
0
0
0
0
0
0
0
0
0
0
0
0
0
0
100788
0
0
79719
0
0
0
0
0
0
0
0
0
0
0
0
0
88576
0
0
0
0
0
0
0
0
0
0
0
0
0
0
0
0
90268
0
0
0
0
0
0
0
0
0
0
0
0
0
0
83142
0
0
0
0
0
0
0
0
0
0
0
0
0
0
0
0
0
0
0
0
0
0
0
0
0
101601
0
0
0
80489
0
101601
0
0
0
0
0
0
0
0
0
0
0
0
0
0
101013
77923
0
0
0
0
0
0
0
0
0
0
89029
0
0
0
0
0
0
81269
0
0
0
0
0
0
0
0
0
0
102530
0
0
0
0
78941
0
0
0
0
0
0
0
0
0
0
0
0
0
0
0
0
0
0
0
0
0
0
0
0
0
102530
0
0
0
0
0
0
0
89029
0
0
0
0
0
0
0
0
0
0
0
0
0
0
81269
0
0
0
0
0
0
86745
0
0
0
0
0
0
0
0
89029
92406
0
0
0
0
0
0
0
0
0
0
0
0
0
0
0
0
0
0
0
0
0
0
0
0
0
0
0
0
0
102530
0
0
0
0
0
0
0
0
0
0
0
0
0
0
0
0
0
0
0
0
0
0
0
0
0
0
0
0
0
0
0
0
0
0
0
0
0
0
0
84460
0
0
0
74446
0
0
0
0
0
80037
79469
0
0
0
0
0
0
80037
0
0
0
87092
0
0
0
0
0
0
0
0
0
0
0
90004
0
0
0
0
0
0
104121
0
0
0
0
0
0
0
0
0
0
0
0
0
0
0
0
0
0
0
0
0
0
0
0
0
0
0
0
0
84672
0
0
103367
0
0
0
74446
0
0
0
0
0
0
0
0
0
0
0
0
0
104121
0
0
0
0
0
0
0
0
0
0
0
0
74446
0
0
96686
0
0
0
0
0
90208
103367
0
0
0
0
0
0
0
0
103367
80037
87830
0
0
0
96686
0
0
0
0
0
0
96686
0
0
0
103367
80037
104729
0
0
0
0
0
0
0
0
0
0
0
0
0
0
0
0
0
0
0
0
0
0
0
0
0
0
0
84381
0
0
0
0
0
0
0
0
0
0
88845
0
0
0
0
0
0
74654
0
0
0
0
0
0
0
0
0
0
0
0
0
0
0
0
0
0
0
0
0
74654
0
0
0
0
0
0
0
84659
0
0
0
0
0
0
0
0
0
0
0
0
0
0
0
0
0
0
0
0
89650
0
0
0
87080
0
0
0
0
0
0
0
0
0
0
0
0
0
0
0
0
0
0
0
0
0
0
0
0
0
0
0
0
103367
0
0
0
84138
0
80214
0
0
0
0
0
0
0
0
0
0
0
96968
0
0
0
0
0
0
0
0
0
0
0
0
0
0
0
0
0
0
0
0
0
0
0
0
0
0
0
0
0
0
0
0
0
0
0
0
0
0
0
0
0
0
74945
0
0
88651
0
0
0
0
0
0
0
0
0
0
0
0
0
0
0
88651
0
0
0
0
0
0
0
0
0
0
0
0
0
0
0
0
0
0
0
0
0
0
0
0
0
0
0
0
86238
0
0
0
96968
107595
0
0
86238
0
0
0
90955
0
0
0
0
75264
0
0
0
0
0
0
0
107595
75264
0
0
0
0
0
0
0
0
0
0
0
0
0
0
0
0
0
0
88651
0
0
0
0
0
0
0
0
86238
0
0
0
0
0
0
86238
0
0
0
106079
0
0
0
0
0
0
0
0
0
0
0
0
0
0
0
0
85967
0
0
0
88651
0
0
0
0
0
0
0
0
0
88651
0
0
0
0
0
75696
0
0
0
0
0
0
0
0
0
0
0
0
97894
0
0
0
0
0
0
0
106274
0
0
0
0
86804
0
0
85967
0
0
0
0
0
0
81357
0
0
0
0
0
0
0
0
0
0
0
0
0
0
75696
0
81357
0
0
0
0
0
0
91618
0
0
0
81357
0
0
0
0
0
0
75696
0
0
0
0
89196
0
92817
0
0
0
0
0
0
0
0
0
98384
0
0
0
0
0
0
0
86804
0
0
0
0
0
0
0
0
0
0
0
0
0
0
0
0
0
0
0
0
0
82872
87566
0
0
0
0
0
87566
0
0
0
0
0
0
0
0
0
92504
0
0
0
0
0
0
0
0
0
87145
0
0
0
0
110707
0
0
75933
0
0
0
0
90449
0
0
0
82890
0
0
82890
0
0
0
0
0
0
0
0
0
0
0
92504
0
93418
0
0
0
0
0
0
0
0
0
0
0
0
0
0
0
0
0
0
0
0
0
92112
87676
0
0
0
0
106274
0
0
0
0
82890
0
0
0
0
0
0
0
0
0
0
0
0
0
0
0
0
0
0
0
0
0
0
0
0
0
0
0
0
0
0
0
0
83228
0
83228
0
0
0
0
0
0
0
93037
0
111079
93418
0
0
0
0
0
0
0
0
0
0
0
0
0
0
0
0
0
0
0
0
0
0
0
0
76815
0
0
0
83228
0
93418
0
0
0
0
0
0
0
0
88387
0
0
0
0
0
0
88387
107028
0
0
0
0
0
93037
0
0
0
83228
0
0
0
0
0
0
0
0
0
0
0
93418
0
0
0
0
0
0
107028
0
0
0
0
0
0
0
0
0
0
0
0
0
0
0
83228
0
0
0
0
0
0
92628
0
0
0
0
0
0
0
0
0
77664
0
0
0
0
0
0
0
0
100967
0
0
0
0
0
0
0
0
0
94213
0
0
0
0
94213
0
0
0
0
0
0
0
0
0
0
0
0
0
0
0
0
93276
0
0
0
0
0
0
0
0
0
89206
0
0
0
0
0
0
0
0
0
0
0
111811
0
0
0
0
0
0
0
0
0
0
0
0
100967
0
0
0
0
0
0
0
0
0
93582
94213
107899
0
77664
0
0
0
0
0
88148
0
0
0
112168
0
93276
0
0
107899
0
94018
0
0
0
0
0
0
0
0
113122
0
0
0
90901
0
0
100967
0
0
0
0
0
77664
94528
0
0
0
0
0
0
100967
88148
0
91146
0
0
0
0
0
0
0
0
0
0
0
0
0
0
0
0
0
0
0
0
0
0
0
0
0
0
0
0
0
0
0
0
0
0
0
0
0
0
0
0
0
0
0
0
0
0
0
0
0
0
0
0
0
0
0
0
0
0
0
87978
0
0
0
0
0
0
0
0
0
0
0
0
0
0
0
89238
0
0
0
0
0
0
0
0
0
0
0
0
0
0
0
0
0
0
0
107899
0
0
0
0
0
0
0
0
0
0
0
0
0
0
0
0
0
0
0
0
0
0
0
0
0
0
0
107899
0
0
96449
0
0
0
0
0
0
0
0
0
87978
0
0
0
0
0
0
0
0
0
0
0
0
0
0
0
0
0
0
0
0
0
0
0
0
88254
0
0
0
0
0
0
0
0
0
0
0
0
0
0
0
0
114116
0
0
0
0
0
0
0
0
102666
0
0
0
0
0
0
96449
0
108043
0
0
0
0
0
94904
0
0
0
102666
0
0
0
0
0
114919
0
0
0
0
0
0
0
0
0
94904
0
0
0
0
108753
0
0
0
79778
0
0
0
0
0
102666
0
0
0
0
0
0
0
109755
0
0
0
0
0
0
0
0
0
0
0
0
0
0
0
0
0
95600
0
0
0
0
0
0
0
0
0
0
0
0
0
0
0
0
0
0
0
0
0
0
0
0
0
0
0
0
0
0
0
0
0
0
0
0
0
0
0
0
0
0
0
89921
0
0
0
0
0
0
0
0
0
0
0
0
0
0
0
0
0
0
0
0
0
0
0
0
92414
0
0
0
0
89921
0
0
0
0
0
0
0
93914
0
0
0
0
0
0
0
0
0
0
0
0
0
90929
0
0
0
0
0
0
0
0
0
0
0
0
0
0
0
0
0
0
0
0
0
0
0
0
0
0
0
0
0
0
0
0
0
0
0
0
0
0
0
0
0
0
0
0
0
0
0
0
93597
110554
0
0
103750
116818
0
0
0
0
0
0
0
0
0
0
93690
0
0
0
96307
0
0
93597
0
0
96307
0
0
0
0
0
0
0
0
0
0
0
0
0
0
81862
0
0
0
0
0
0
0
0
0
0
0
0
0
0
0
0
81862
0
0
0
0
0
110554
0
0
0
0
0
0
0
0
0
0
0
0
0
0
0
97982
0
0
0
0
0
0
0
0
0
0
0
0
96839
0
0
0
0
0
0
0
0
0
0
0
0
0
0
0
0
118738
0
0
0
0
0
0
0
0
0
0
0
0
0
0
0
0
0
0
0
0
93637
0
93999
0
0
0
0
0
0
0
0
0
0
0
0
0
0
0
0
0
97982
0
0
0
0
0
0
0
0
0
0
0
0
0
0
0
0
0
0
0
0
104622
118738
0
0
0
93999
0
0
0
118738
0
98040
96307
0
0
0
0
0
0
0
0
0
0
0
0
0
94418
0
0
0
98040
0
0
0
0
0
0
0
0
0
0
0
0
0
0
0
0
0
0
0
0
0
0
0
99691
0
0
0
0
0
0
0
0
0
0
104622
0
0
0
0
0
0
0
0
0
0
0
0
0
0
0
0
0
0
0
0
0
0
0
0
0
0
0
0
0
0
0
0
99840
0
0
0
0
0
0
97253
0
0
0
0
0
0
84602
0
0
0
84602
0
0
0
0
0
0
0
0
0
0
0
0
0
0
0
0
0
0
0
0
0
0
0
0
0
97253
0
0
0
0
0
0
96976
0
0
0
0
0
0
0
0
0
0
0
0
121194
0
0
0
0
0
0
0
0
96976
0
0
0
0
0
0
0
95035
0
0
0
0
104622
0
0
0
0
0
98914
0
0
0
0
0
0
0
0
0
0
0
99840
96058
96976
0
0
0
0
0
0
0
0
0
0
0
0
0
0
113455
0
0
0
96976
0
0
0
0
0
0
0
0
0
0
0
114060
0
104622
0
0
0
0
0
0
0
0
0
0
0
0
0
0
0
96170
0
0
0
0
0
0
0
0
0
0
0
0
0
0
0
0
0
0
0
0
106017
106017
0
0
0
0
0
0
0
0
0
0
0
0
96976
0
0
0
0
0
0
0
0
0
0
96976
84602
0
0
0
0
101093
0
0
0
0
0
0
0
0
0
0
0
96976
0
0
0
0
0
0
0
0
0
0
0
0
0
121765
0
0
0
96976
121765
0
97040
0
0
0
0
0
0
0
0
97055
0
0
0
0
0
0
0
0
0
121765
0
85577
0
0
0
0
0
0
0
0
0
0
0
0
0
0
0
0
85577
0
101647
0
0
0
0
0
85577
0
0
0
0
0
0
100804
0
0
0
0
0
0
0
0
0
0
0
0
0
0
0
0
0
0
0
0
0
0
97882
0
0
0
0
0
98637
0
0
0
0
0
0
0
0
0
0
0
98099
0
0
0
100804
0
0
0
0
0
0
98099
0
0
0
100804
0
0
0
0
0
0
0
0
0
0
0
0
0
0
0
0
0
0
122064
0
0
0
98099
0
0
0
0
0
0
0
0
0
0
0
0
0
0
0
97544
0
0
85577
0
0
0
0
0
0
0
115694
0
0
0
0
0
0
0
0
0
0
0
0
0
0
0
0
0
0
122064
0
0
0
0
102087
0
0
0
97760
0
0
0
0
0
0
0
0
100804
0
0
0
0
0
0
0
0
0
0
0
0
0
0
0
0
0
0
0
0
0
0
115734
0
0
0
0
0
0
0
0
122064
0
0
0
99933
0
0
0
0
0
0
0
0
0
0
0
0
0
0
0
0
0
0
0
0
0
0
0
0
0
0
0
0
0
0
0
115734
0
0
0
0
0
0
0
0
0
0
0
0
0
0
0
0
0
0
0
0
101428
0
0
0
0
0
107117
0
0
0
0
0
0
0
103161
0
0
0
107117
0
0
116490
99969
0
116490
0
0
0
0
0
0
0
0
0
0
0
0
0
107117
0
0
0
0
0
0
0
0
0
0
0
0
122064
0
0
0
0
0
0
0
0
0
0
0
0
0
0
100006
0
0
103161
0
0
0
0
0
0
101503
0
0
0
101263
0
0
0
0
122064
0
0
0
103161
0
0
0
100516
0
0
0
0
0
0
0
0
0
0
100516
0
0
0
0
0
0
0
0
103522
0
0
0
0
0
0
0
0
0
0
0
0
0
0
0
0
0
0
122064
0
0
0
0
0
0
0
0
0
0
0
0
0
0
0
0
0
0
0
0
0
0
0
0
0
0
107117
0
0
0
0
0
0
0
0
0
0
0
0
0
0
0
0
0
0
102332
0
0
0
0
0
88782
0
0
0
0
0
0
0
0
0
0
0
0
0
0
0
0
0
0
0
0
0
0
0
0
102690
0
0
0
0
0
0
0
0
0
0
0
0
0
0
0
0
0
0
0
0
0
0
0
0
0
0
0
0
0
0
0
102690
0
0
0
0
0
0
0
0
0
0
0
0
0
0
100516
0
0
0
0
0
0
0
0
0
0
0
0
0
0
0
0
0
0
0
0
0
0
0
0
0
0
0
0
0
0
105967
0
0
0
0
0
0
0
0
0
0
0
0
102514
0
0
0
0
89004
0
0
0
123568
0
102690
0
105234
0
0
0
0
0
105234
0
0
0
0
0
0
0
0
89004
0
0
0
0
0
0
0
0
0
0
0
0
106666
0
0
0
0
0
0
0
106666
0
0
0
0
0
89004
103452
0
0
0
0
0
0
0
0
0
0
103452
0
0
109026
0
0
0
0
109026
89004
106666
0
0
0
0
0
0
0
0
0
0
0
0
0
0
0
0
0
0
0
0
0
0
0
0
0
0
0
103993
0
0
103993
0
0
0
0
0
0
0
0
0
0
0
125218
0
106666
0
0
89004
0
0
0
0
0
0
0
0
120669
0
0
0
0
0
104106
0
126188
0
0
0
120669
0
0
0
0
0
0
0
0
0
0
0
0
0
0
0
0
0
0
0
0
0
0
0
0
0
0
0
0
104106
0
104751
0
0
0
0
0
0
0
0
0
0
0
0
0
0
0
0
0
0
0
0
0
122159
90346
103600
0
0
0
0
0
0
90346
0
0
0
0
0
0
0
0
0
0
0
0
0
0
0
0
0
0
0
0
0
0
0
0
0
102445
0
0
0
0
0
0
0
0
0
0
0
0
0
0
0
0
0
0
90346
0
0
0
0
0
0
0
0
0
0
122521
0
0
0
0
127653
0
0
0
0
0
0
102445
0
0
0
0
0
0
0
0
0
0
0
0
0
0
0
0
105617
128481
0
0
0
0
0
0
105617
0
0
0
0
0
0
0
104599
0
0
0
0
0
0
0
0
0
128481
0
0
0
0
0
0
0
0
0
0
0
0
0
0
0
0
0
0
0
0
0
0
0
109477
0
0
0
123249
0
0
0
0
0
0
0
0
0
0
0
0
103219
0
0
111305
0
0
0
0
0
0
0
0
0
0
0
0
123249
0
0
0
103219
103219
0
0
0
0
0
0
0
0
109539
0
0
123249
0
0
0
0
0
0
0
0
0
0
0
0
0
109477
0
0
0
0
0
0
0
0
0
0
0
0
0
0
0
0
110368
0
0
0
0
0
0
0
0
0
0
0
0
0
0
0
0
0
0
0
0
0
0
0
0
0
0
0
0
0
0
0
0
0
0
0
0
0
0
0
0
0
0
0
0
0
0
0
0
0
0
123377
0
0
111305
0
0
0
0
0
0
0
0
0
0
0
0
105164
0
0
0
0
0
0
0
0
0
0
0
0
0
0
0
0
0
0
0
0
0
0
0
0
0
0
0
0
0
0
0
0
0
0
0
0
0
0
0
0
0
0
0
129673
0
0
0
0
0
0
0
0
0
0
0
0
0
0
0
0
0
0
0
0
0
111401
0
0
0
0
0
0
0
110943
0
0
0
0
0
110753
0
105658
0
0
0
0
0
0
0
0
107622
0
0
0
0
0
0
0
0
110943
123377
0
0
0
0
105658
0
0
0
0
0
0
111596
0
0
0
0
0
0
0
0
0
0
0
0
0
0
0
110943
0
0
0
0
0
0
0
0
0
0
0
0
0
105658
0
0
0
0
0
0
0
0
111478
0
0
0
0
107296
0
0
0
0
0
0
0
0
0
0
0
0
0
0
107296
0
0
0
0
0
0
0
0
107296
0
0
0
0
0
0
0
0
0
0
0
0
0
111741
0
0
0
0
0
0
0
0
0
0
0
0
0
0
0
0
0
107296
0
0
0
0
0
0
0
0
0
0
0
0
0
0
0
0
0
0
0
0
0
0
0
0
0
0
0
105658
0
0
0
0
0
0
0
130605
0
0
0
111742
0
0
0
0
0
0
0
0
109501
0
0
0
0
0
0
0
0
0
0
0
0
0
0
0
0
0
0
0
0
0
0
130605
0
0
0
0
125251
0
0
0
0
105658
0
0
0
0
0
0
0
130605
0
0
0
0
0
0
0
0
0
125251
0
0
0
0
0
0
0
0
0
0
0
0
0
113426
0
0
0
0
0
93026
0
0
0
0
0
0
0
0
0
0
0
0
0
0
0
0
0
0
0
0
113426
0
0
0
0
0
0
0
0
0
0
0
0
0
0
0
0
0
112766
0
0
0
0
0
0
113426
0
0
0
0
0
0
0
0
112456
0
0
0
0
0
0
0
113426
0
0
0
0
0
0
0
0
0
0
0
113805
0
0
0
112456
0
0
0
107914
0
0
0
0
0
0
0
125700
0
0
0
0
126243
0
0
0
0
0
0
0
0
0
0
0
0
0
0
0
0
131038
0
0
0
0
0
0
0
0
0
112460
0
108443
0
0
0
0
0
114377
0
0
0
0
0
114377
0
0
0
0
0
0
0
0
0
0
0
0
0
0
0
0
0
0
0
0
107180
0
0
0
0
114377
113288
108222
0
0
0
0
0
0
0
0
0
0
0
0
0
0
0
0
0
0
0
0
0
0
0
0
0
0
0
0
0
94923
0
0
0
0
0
0
0
107180
0
0
0
0
0
131038
0
0
108443
0
0
0
0
0
113748
0
0
0
94923
0
0
0
0
0
0
0
0
0
0
0
0
0
0
0
0
0
0
108443
0
0
0
94923
0
0
0
131038
0
0
0
0
0
0
0
0
0
0
0
0
0
0
0
0
0
0
131038
0
127885
0
0
107180
0
0
0
0
0
0
0
0
0
0
0
0
0
111290
0
0
0
0
0
0
0
0
0
0
0
128341
0
0
0
0
0
0
0
0
0
0
0
0
0
0
0
0
0
0
0
0
0
0
0
0
0
0
0
0
0
0
0
0
111329
0
0
0
0
0
0
0
109248
107773
0
0
0
0
0
0
0
128341
111329
0
0
0
0
0
0
0
0
0
0
0
0
0
0
0
0
0
0
0
0
0
0
0
0
0
0
0
0
0
109248
0
0
113653
0
0
0
0
0
0
0
0
0
0
0
0
0
0
0
0
0
0
0
117954
0
0
0
0
0
0
0
108042
0
0
0
0
0
0
0
0
0
0
0
0
0
0
0
0
0
0
114219
0
0
0
0
0
0
0
0
0
0
0
0
0
0
0
0
0
0
0
114219
131910
0
0
0
0
0
0
0
0
0
0
0
0
0
0
0
118645
0
0
0
0
0
0
0
0
0
0
0
110096
0
0
0
0
0
118645
0
0
0
133825
0
0
0
0
0
0
0
0
0
0
0
0
0
0
0
0
0
0
0
0
0
0
0
0
0
0
0
0
0
0
0
0
0
0
0
0
0
0
0
0
0
0
0
0
0
0
0
0
0
0
0
0
0
111934
0
0
0
0
0
111934
97842
0
0
0
0
0
0
0
115961
0
0
0
0
0
0
0
0
0
0
0
0
0
0
0
0
119582
0
0
0
0
0
0
0
0
128341
136315
0
0
0
0
0
0
0
0
109265
0
112067
0
0
136315
0
0
0
0
0
0
0
0
0
0
112632
0
97842
0
109891
0
0
0
0
0
0
0
0
128341
0
0
0
0
0
0
0
0
0
0
116519
0
0
0
0
0
0
0
0
0
0
0
0
0
0
0
0
0
0
0
0
0
0
0
0
0
0
0
0
0
0
0
0
0
0
0
0
0
0
0
0
97842
0
0
0
0
116519
0
0
0
0
0
0
0
0
0
128463
0
0
0
0
0
0
0
0
136315
0
0
0
0
0
0
0
0
0
0
136315
0
0
0
0
0
0
0
0
0
112632
0
0
0
0
0
0
0
0
0
0
0
0
0
0
0
0
0
0
129678
0
0
0
0
0
0
0
0
0
0
0
0
0
0
0
0
0
0
109954
0
0
0
0
130054
0
0
0
0
0
116519
0
0
0
113257
0
0
0
0
0
0
0
100539
0
116519
0
0
0
0
0
0
0
0
0
0
0
0
137718
0
0
0
0
0
0
0
0
0
0
0
0
0
0
0
0
0
120243
0
0
0
0
0
0
0
0
0
0
0
0
0
113760
0
0
0
0
0
0
0
0
0
0
0
0
0
0
137718
0
0
0
137718
0
0
0
0
109954
137718
0
0
100608
0
0
0
0
0
0
0
0
0
0
0
0
109954
0
100608
0
0
0
0
0
0
0
0
0
0
100608
0
0
0
0
0
0
110123
0
0
0
0
0
0
0
0
0
0
112106
0
0
0
0
0
0
0
0
0
0
0
0
0
0
0
0
0
0
0
100969
0
0
0
110142
0
0
0
0
120993
0
0
0
0
0
0
0
0
0
0
0
0
0
0
0
0
0
0
120993
0
0
0
0
0
0
0
0
0
120993
0
0
0
112106
0
0
0
0
0
0
0
0
0
0
120993
0
122463
0
0
0
130961
0
0
0
0
0
0
0
0
0
0
0
0
0
120993
0
0
0
0
0
0
0
0
0
137718
117999
120993
112820
0
0
0
0
0
0
0
137718
0
116158
0
0
0
0
100969
0
0
0
0
0
117999
0
0
0
0
0
0
110598
138550
0
0
0
0
116712
0
0
0
0
0
0
0
0
0
0
0
0
0
0
0
0
0
0
0
0
0
0
0
0
0
0
100969
0
0
0
0
0
112820
0
0
0
0
0
0
0
0
0
0
0
0
0
0
0
0
0
0
0
0
0
0
138550
0
0
0
0
131455
0
0
0
117359
0
0
0
0
0
0
0
0
0
0
0
0
0
0
0
0
0
112820
0
0
0
112820
0
0
0
0
0
121361
0
110966
0
0
0
0
0
0
0
0
0
0
0
0
0
0
132200
0
0
0
101847
0
123760
0
0
0
0
0
0
0
0
0
0
0
0
0
0
0
0
0
0
0
0
0
0
0
0
0
0
0
0
0
0
0
0
0
0
0
0
116839
0
0
0
0
0
0
0
0
0
0
0
0
0
0
0
0
0
0
0
0
0
0
0
0
116839
0
0
0
0
0
0
101847
0
0
0
0
0
0
0
0
0
0
0
0
0
0
132651
0
0
118356
0
0
0
140854
0
0
0
0
0
0
0
0
0
111317
0
0
0
0
122012
0
124686
0
0
0
0
0
0
0
0
124686
0
0
118356
113450
0
0
0
122012
0
0
0
0
0
0
0
0
0
0
0
0
0
102227
116852
0
0
0
0
0
0
0
0
0
0
0
0
0
0
116852
0
0
0
0
118356
0
0
0
0
0
0
0
0
0
0
122080
0
118356
0
0
0
0
0
0
0
0
0
0
0
0
0
112668
0
0
0
0
0
0
0
0
0
0
0
0
0
135731
0
0
0
117374
0
142389
0
0
0
0
0
0
0
0
0
0
0
0
117374
0
0
112668
0
0
0
112668
0
0
0
0
0
122080
117374
0
0
0
0
0
0
122080
0
0
117374
0
0
0
0
0
0
113545
0
0
126403
0
0
0
0
0
0
0
0
0
0
0
0
0
0
117374
0
0
0
0
105098
0
0
0
0
0
0
0
0
0
0
0
0
0
0
117374
0
0
0
117374
0
0
0
0
0
0
0
0
0
0
122828
0
0
0
0
0
0
0
0
117374
0
0
0
0
0
0
0
0
122828
0
0
0
0
0
0
0
0
0
0
126403
0
0
0
0
0
0
0
0
0
0
0
120518
113856
0
0
0
0
0
0
0
123310
0
0
0
0
123310
0
120518
0
0
0
0
0
136083
0
0
114230
0
0
0
0
0
0
0
0
0
0
0
0
0
0
0
121609
123310
0
0
0
0
0
0
0
0
0
136556
0
0
105459
0
0
0
0
0
0
0
0
0
0
0
0
0
0
0
0
0
0
0
0
0
128447
0
0
0
0
0
106237
0
106237
0
129320
0
117921
0
0
0
0
0
0
0
0
0
0
0
0
0
0
0
0
0
0
0
0
0
0
0
0
0
0
0
0
0
0
123675
0
107230
107230
0
0
0
0
129876
0
0
0
0
0
0
0
0
0
0
0
0
0
0
0
0
0
0
0
0
0
0
137550
0
0
0
0
0
0
0
0
0
0
0
0
0
0
0
125482
0
0
0
0
0
0
0
0
0
137550
0
0
0
0
0
0
129876
0
129876
0
0
0
0
0
0
0
0
0
129876
114658
0
0
137550
0
0
0
0
0
0
0
0
0
123476
0
0
0
0
0
0
0
0
0
0
0
0
0
0
0
0
0
0
0
0
0
117136
0
0
0
0
0
0
0
0
0
0
0
114658
119892
0
0
0
0
0
109617
0
138766
0
0
0
0
0
0
0
109617
0
0
0
123927
0
0
0
0
0
0
0
0
0
0
0
120393
0
0
0
0
0
0
0
0
0
0
0
0
0
0
0
0
0
0
0
0
117774
0
0
0
0
0
0
0
0
0
0
0
0
0
0
0
0
0
0
0
0
0
0
0
0
0
0
0
0
0
0
0
0
0
0
0
0
0
0
0
0
0
0
0
0
0
0
0
0
0
0
0
0
0
0
0
0
144351
0
0
0
0
123927
0
110659
0
131525
138766
0
0
0
0
0
0
0
0
0
0
0
0
0
0
0
0
0
0
0
117843
0
0
0
0
0
0
0
0
0
0
0
114658
0
0
0
0
0
0
144351
0
0
0
123927
0
0
0
0
0
144351
0
0
0
0
0
125119
118345
144351
0
0
0
0
0
0
0
0
0
0
0
0
0
0
0
0
0
0
0
0
145668
0
0
0
0
0
0
125412
0
0
0
139599
0
125398
125398
0
0
0
0
0
0
0
0
0
0
0
0
0
0
0
0
0
0
0
0
0
0
0
0
0
0
0
0
0
0
0
0
0
0
0
0
0
0
0
0
0
125412
0
0
0
0
0
0
0
0
0
0
133781
0
0
0
0
0
0
0
0
0
0
0
0
0
0
0
0
0
0
0
0
0
139599
0
0
0
0
0
0
0
0
0
0
124920
0
0
0
0
0
0
0
0
126335
0
125412
0
0
0
0
0
0
0
0
0
0
0
0
0
0
0
0
0
119344
0
0
0
0
0
0
0
0
0
0
0
0
0
0
0
0
0
0
0
0
0
0
0
0
0
0
0
0
0
0
0
0
0
0
0
0
0
0
0
0
0
0
0
126335
119344
0
0
0
0
0
0
0
0
0
0
0
0
0
0
0
0
0
118243
0
0
0
0
0
125432
0
0
0
0
0
0
0
0
0
0
0
0
0
0
125432
0
0
0
128242
0
118243
0
0
0
0
0
0
133856
0
0
119344
0
0
0
0
0
0
0
133856
0
0
0
0
0
0
0
0
0
0
0
0
0
0
0
0
0
0
0
0
141021
0
0
0
0
0
0
0
0
0
0
0
0
119344
0
0
0
0
0
0
0
0
0
0
0
0
0
0
0
0
0
0
0
0
0
133856
0
133856
0
0
133856
0
0
0
0
118443
0
0
0
0
0
0
0
0
0
0
0
0
127974
0
0
0
0
0
0
0
0
0
0
0
0
0
0
0
0
0
0
0
127974
0
0
0
127974
0
0
0
0
0
0
0
0
0
0
0
0
0
0
125682
0
0
133856
0
120442
0
0
0
125682
0
0
0
0
0
0
0
0
0
0
0
0
0
0
0
0
0
0
0
0
0
0
118443
0
141393
0
0
0
0
0
0
0
0
0
112973
0
0
0
0
0
0
118731
0
0
0
0
0
0
0
0
0
0
0
0
0
0
0
0
0
0
0
0
0
0
147780
0
0
131295
0
0
0
0
0
0
112973
118731
0
127974
0
128898
0
0
0
0
0
0
0
0
0
0
0
135451
0
0
128898
112973
0
0
0
0
0
0
0
0
131295
0
0
0
0
0
0
0
135451
0
0
0
0
121603
0
0
0
0
0
0
0
0
118736
0
118736
0
141393
0
0
0
127974
0
0
0
0
0
0
0
0
0
0
0
0
0
0
135892
0
131426
0
112973
0
0
0
0
0
0
0
0
0
0
0
0
0
112973
0
0
0
0
0
0
0
0
0
0
0
0
0
0
0
0
119443
0
0
0
0
0
0
0
0
0
0
0
0
141393
0
126785
0
0
0
0
122471
0
0
0
113949
0
0
0
0
0
0
0
0
0
0
0
0
0
0
122471
0
0
0
0
0
0
122471
122471
0
0
0
0
0
0
0
0
0
0
0
0
0
0
0
0
0
0
150961
0
0
0
0
0
0
0
0
0
0
128853
0
0
0
0
0
0
0
0
0
0
0
131426
0
0
0
0
0
0
0
0
0
0
0
0
0
0
0
0
130644
0
0
0
0
0
0
0
0
0
0
0
0
0
0
0
0
0
0
0
0
0
0
0
0
0
0
0
0
0
0
0
138438
0
0
0
0
0
130644
0
0
0
0
0
0
0
0
0
0
0
0
0
0
0
0
0
0
0
0
0
0
0
0
0
0
0
0
0
0
0
0
0
0
0
0
0
0
0
0
0
0
0
0
0
0
0
0
115413
0
0
0
0
0
140463
0
0
0
142146
0
0
0
0
0
0
0
0
0
0
0
0
0
0
0
0
0
0
0
0
0
0
0
0
0
0
126785
0
0
0
0
0
0
0
130644
0
0
0
0
0
0
0
0
0
0
117460
0
0
0
0
0
0
0
0
0
0
0
0
0
152524
0
0
0
0
0
0
0
0
0
0
0
0
0
130644
0
0
0
0
0
0
0
0
0
0
0
0
130644
0
0
0
133683
0
0
0
0
0
0
0
0
0
0
0
0
0
0
0
0
0
0
0
0
0
0
125395
0
0
0
0
0
0
0
0
0
0
0
0
0
0
0
0
0
0
0
0
0
0
0
0
0
0
0
0
0
0
0
140815
0
0
0
0
0
0
0
0
0
0
0
0
0
0
0
0
129005
120005
0
0
0
0
0
0
0
0
0
118452
0
0
0
153490
0
0
153490
0
0
0
0
0
0
0
0
0
0
142771
0
0
0
0
0
0
0
0
0
119471
0
0
0
0
134237
0
0
0
0
0
0
0
0
0
0
0
0
0
0
120005
0
0
0
134237
0
0
143771
0
153490
0
0
0
0
0
0
0
0
0
0
0
0
0
0
0
0
0
0
0
0
0
0
0
0
0
0
0
0
144514
0
127423
0
133414
0
0
0
0
0
0
0
0
0
0
120621
0
0
0
0
0
0
0
127747
0
0
0
0
144514
121424
127423
0
0
0
0
0
0
0
0
0
0
0
153581
0
0
0
0
0
0
0
0
0
135450
0
0
0
0
0
0
0
0
0
0
0
0
0
0
133698
0
0
0
0
0
0
0
0
0
0
0
0
0
0
0
0
0
0
0
0
0
0
0
120346
153581
0
0
0
0
0
0
120346
0
0
0
0
0
0
0
0
0
0
0
122405
0
0
0
0
0
0
0
127423
0
0
0
0
0
0
0
0
0
0
0
0
0
0
0
0
0
0
0
122405
128647
122405
146369
0
0
0
0
0
0
0
0
0
146369
0
0
0
0
0
0
0
0
0
0
0
129913
0
0
0
0
129913
0
0
0
0
0
0
0
0
0
0
145215
0
0
0
0
0
0
0
0
128584
0
0
0
0
0
0
0
0
0
121239
0
0
0
136555
0
0
0
0
0
0
0
0
0
0
0
0
0
0
0
0
0
0
134693
0
0
0
0
0
0
0
0
0
0
134693
0
122650
0
0
0
0
0
0
0
0
145399
0
128584
0
0
146525
0
0
0
0
0
0
0
130359
146525
137474
0
0
122650
130359
0
0
0
145399
0
0
0
0
0
122650
0
0
0
135840
0
0
0
0
0
0
0
137474
0
0
0
0
0
0
128663
0
0
0
0
0
0
0
0
0
0
0
0
146094
0
0
0
0
0
0
129591
0
0
0
0
0
0
0
0
0
0
0
0
0
0
0
0
0
0
0
130612
0
0
0
0
0
0
0
0
0
0
0
0
0
0
0
0
0
0
129591
0
0
157080
0
0
0
0
0
0
0
121239
125232
0
137474
0
0
0
0
0
121239
0
0
0
0
0
0
0
0
0
137474
0
0
0
0
0
0
0
0
0
0
0
0
0
0
0
0
0
0
0
0
0
0
0
0
0
0
0
0
0
0
0
0
0
0
0
0
0
125232
0
0
0
0
0
0
0
0
0
0
0
0
157916
0
0
0
0
0
0
0
0
0
0
0
0
0
0
0
0
0
0
0
0
0
147488
0
0
0
0
0
0
0
0
129096
0
0
0
0
0
0
0
0
0
0
147488
0
0
0
149522
0
159070
0
0
0
129096
0
0
0
0
0
0
0
0
0
0
0
0
0
0
136274
0
0
149522
0
0
0
0
0
0
0
0
0
0
0
0
0
0
0
0
0
0
0
0
0
132468
0
0
0
0
0
0
0
0
0
0
0
0
0
0
0
0
0
0
0
0
0
0
0
0
0
0
0
0
138603
0
0
0
0
0
0
0
0
0
0
132468
0
0
0
129187
0
0
135024
0
0
0
0
126742
0
0
0
0
0
0
0
0
0
0
0
0
121378
0
0
0
132909
0
0
133016
0
0
0
0
0
0
0
0
0
0
0
0
0
149082
0
0
0
0
0
0
0
0
0
0
0
0
0
0
0
0
0
121950
0
160159
0
137280
149082
0
0
0
0
0
0
0
0
0
0
0
0
0
0
0
0
0
0
0
0
0
0
0
0
160159
0
0
0
0
0
0
0
0
0
122008
0
0
0
122008
0
138977
0
0
0
0
0
0
0
0
0
0
0
0
0
0
0
0
0
0
0
0
149881
0
0
0
0
131274
0
0
0
0
0
0
0
0
0
0
0
0
0
0
0
0
0
149694
0
133325
149881
0
0
0
0
0
0
160874
0
0
0
0
0
0
122755
0
0
0
0
0
0
0
0
0
0
0
0
0
0
0
0
0
0
0
151763
0
0
123669
0
0
0
128316
0
0
0
135024
0
0
0
0
0
0
0
0
0
0
0
0
0
0
0
137613
0
135024
0
0
0
131681
0
0
0
0
0
0
0
0
0
0
0
135024
0
0
0
0
0
0
0
0
0
161700
0
0
0
0
0
0
0
0
0
123669
0
0
0
0
0
0
0
0
0
0
0
0
162562
0
0
0
0
0
128658
0
0
0
0
0
0
0
0
0
0
0
162562
0
123669
0
0
0
0
0
0
0
0
0
0
0
123669
0
0
135844
0
0
0
0
0
0
0
137773
0
0
0
0
0
0
0
0
0
0
0
140976
0
0
0
0
0
0
0
0
0
0
0
0
0
0
0
0
128658
0
128658
0
0
0
0
0
132533
0
0
0
0
0
0
0
0
0
0
0
0
0
0
0
0
0
0
0
0
0
0
0
0
0
135835
0
0
0
0
140976
0
0
0
0
0
151803
0
0
128658
0
0
133486
0
135835
0
0
0
135844
0
0
0
0
135835
0
0
163089
0
0
0
0
0
0
0
0
0
0
0
0
0
0
0
0
0
0
0
0
129217
0
135835
0
153252
0
124461
0
0
0
0
0
0
134426
151180
0
0
0
0
0
0
0
0
0
0
0
0
0
0
0
0
0
0
0
0
0
0
0
0
0
0
0
0
0
0
0
0
0
0
0
0
0
0
0
0
0
0
134613
0
0
0
0
0
163357
0
138795
0
0
0
163357
0
0
0
0
0
0
0
141143
0
0
0
0
0
0
0
0
0
0
0
0
0
0
0
0
0
0
0
0
141143
151180
0
0
0
0
0
0
0
0
0
0
0
0
0
0
0
0
0
0
164198
0
0
0
126456
0
0
0
0
0
0
0
0
0
0
0
0
0
0
0
136688
0
0
0
0
0
0
0
0
0
153571
0
0
0
0
0
0
0
0
0
0
0
153571
0
0
0
0
0
0
0
0
0
0
0
0
0
0
0
141143
0
0
0
0
0
0
153571
0
0
0
0
0
0
0
0
0
0
0
0
0
0
130817
0
0
151926
0
0
0
0
0
0
127504
0
0
0
0
0
0
139333
0
0
139333
0
0
0
0
127504
0
0
0
0
0
0
141143
0
0
0
0
0
0
0
0
0
0
0
153571
0
0
0
165668
0
0
0
0
0
0
0
0
0
0
0
0
0
0
0
0
0
0
0
0
0
0
128449
0
0
152462
0
0
0
0
0
0
0
0
0
0
0
0
0
0
0
0
0
0
0
0
0
0
0
0
0
0
0
0
0
0
0
0
0
0
0
0
0
0
0
0
0
0
0
0
0
0
131768
0
0
0
0
0
0
0
0
166348
131768
0
140686
0
0
0
0
0
0
0
0
0
0
0
0
0
0
0
0
0
0
0
0
152462
0
0
0
0
0
0
0
0
0
0
0
0
0
0
0
0
0
0
0
0
0
0
0
0
0
0
0
0
167184
0
0
131768
0
0
0
0
0
0
0
0
0
0
0
0
0
0
0
0
0
0
155279
0
136428
0
0
0
0
0
0
0
0
0
0
0
0
0
131897
0
0
0
0
0
0
0
0
0
0
0
0
131897
0
0
0
0
0
0
0
0
0
0
0
0
0
129423
0
0
0
0
0
0
0
0
0
0
0
0
0
0
168082
0
0
0
0
0
0
0
0
0
0
0
0
0
0
0
0
0
0
0
0
0
140686
0
0
168082
0
0
0
0
152462
0
0
0
0
0
0
0
0
0
0
140959
0
138694
0
0
0
0
0
0
0
0
0
0
0
0
0
0
0
0
0
0
0
0
168082
0
0
130501
0
0
0
0
0
0
0
0
0
0
0
0
0
143639
0
0
0
0
0
0
0
0
143639
0
0
0
0
0
0
0
0
0
0
0
0
0
0
0
0
0
0
139019
0
0
0
0
0
0
0
0
0
0
0
0
143639
0
0
0
132798
0
0
0
0
0
0
0
0
0
0
0
0
0
0
0
0
141505
0
0
0
0
0
0
0
143639
0
0
0
0
0
0
0
0
0
0
0
141505
0
0
0
0
0
0
0
139658
0
0
0
0
0
0
0
0
0
0
134330
0
0
0
0
0
0
0
0
0
0
0
0
0
0
0
153737
0
0
0
0
0
0
0
0
0
0
0
0
0
0
0
0
133079
0
0
0
0
0
0
0
134457
0
153737
0
141715
0
0
0
0
0
0
0
0
0
0
0
0
0
0
0
0
0
0
0
0
133079
0
153737
0
0
0
0
0
0
0
0
0
0
0
0
0
0
0
140447
0
0
0
0
0
0
159300
133079
0
0
0
169639
0
0
0
0
0
0
0
0
0
0
141208
145345
0
0
0
0
0
0
145345
0
0
0
141208
0
0
0
0
0
140521
0
0
0
0
0
0
0
0
0
0
0
0
0
159340
0
0
0
0
0
0
0
0
0
142997
0
0
0
0
0
0
0
0
0
0
0
0
0
0
135235
0
0
0
0
0
0
0
0
0
0
0
0
0
0
0
0
0
0
135546
0
0
0
141208
0
0
0
0
0
0
0
140782
0
0
0
0
0
0
0
0
0
0
0
0
0
0
0
0
141208
0
0
0
142997
0
0
0
142997
0
0
140782
0
0
0
0
140782
0
0
0
0
0
0
0
0
0
0
0
0
0
0
0
0
0
0
0
0
0
0
0
0
0
0
0
0
0
134700
0
0
0
0
0
140782
0
0
0
0
0
0
0
0
0
0
0
0
0
0
0
0
0
0
0
0
0
0
0
0
0
0
0
0
0
0
0
0
0
0
0
0
0
0
141137
0
0
0
0
0
0
161749
0
0
0
0
0
0
0
0
0
0
0
0
141897
0
0
0
0
0
0
161749
0
0
0
0
0
0
0
0
136746
0
0
0
0
0
0
134700
0
146389
0
0
0
0
0
0
0
0
0
0
0
143937
0
0
141137
0
0
0
0
0
0
0
0
0
0
0
146389
0
0
0
0
0
0
0
0
0
0
0
0
0
0
0
0
141137
0
0
0
0
0
0
142863
0
0
0
0
0
174535
0
0
0
0
0
0
0
155099
0
0
0
0
142863
0
0
0
142863
0
0
0
142863
0
0
0
0
0
0
0
0
0
0
0
0
0
0
0
0
0
0
0
0
141137
0
0
0
0
0
0
0
0
0
0
0
0
0
0
0
174535
0
0
142945
0
0
0
0
0
0
0
0
141137
0
0
0
0
0
0
0
0
0
137772
0
0
0
0
0
0
0
0
0
0
0
0
0
138123
0
0
0
142945
0
0
0
0
147684
0
0
0
141137
0
0
0
0
0
0
0
0
0
0
0
0
0
0
155936
0
0
0
0
0
143252
0
0
163913
0
0
141275
0
0
135549
0
0
0
0
0
0
0
0
0
0
175137
0
0
0
0
0
0
0
0
0
0
0
0
0
0
0
138123
0
0
148821
0
0
0
0
175137
144923
0
0
0
138123
0
0
0
0
0
0
163913
0
0
0
0
0
0
0
0
0
0
0
0
0
0
0
0
0
0
0
0
0
0
0
0
148821
0
0
0
0
0
0
0
0
0
0
0
0
148821
142100
0
0
0
0
0
0
0
0
0
0
143849
0
0
148821
0
0
0
0
0
0
148821
0
142100
136287
0
0
0
0
0
0
0
0
0
0
137266
0
0
0
0
0
0
0
0
0
145463
0
137266
0
0
0
0
0
0
0
0
0
142309
0
0
0
0
0
0
139190
143849
0
0
0
0
0
0
0
0
0
0
145463
0
0
0
0
0
0
0
0
0
145463
0
0
0
0
0
145705
145705
0
0
0
0
0
0
0
0
158074
0
0
0
0
0
0
0
175424
0
0
0
0
0
0
0
146053
0
0
165104
137371
0
0
0
0
0
0
0
0
0
0
0
0
0
0
0
0
0
0
0
0
0
145705
0
0
165104
0
0
0
0
0
0
0
0
0
0
0
0
0
0
0
0
0
0
0
0
0
0
175424
0
0
0
0
0
0
0
0
0
0
0
0
0
139324
0
142731
0
139324
0
0
0
0
0
0
0
0
0
0
0
0
175424
0
0
0
0
0
0
0
0
0
0
0
0
0
0
0
149650
0
0
0
0
0
0
0
0
0
0
0
0
0
0
0
0
0
0
0
0
0
0
0
0
165104
0
175990
0
0
0
0
0
0
0
0
0
0
0
0
0
0
0
0
0
0
0
0
0
0
0
0
0
0
0
0
0
0
0
0
0
165104
0
146018
0
0
0
0
0
160445
0
0
0
0
0
0
0
0
0
0
0
0
0
0
0
0
0
0
0
146018
0
0
147374
0
0
0
0
140952
0
0
0
0
0
0
0
0
0
0
0
0
142731
0
0
0
0
0
0
0
0
0
0
0
0
0
0
0
0
0
0
0
0
150156
0
0
145709
0
142731
0
0
150156
0
0
0
0
0
0
0
142578
0
0
0
0
0
0
0
0
0
0
0
0
0
0
0
0
0
0
0
0
0
0
0
0
0
0
0
0
0
0
0
0
0
0
0
0
0
0
0
176915
0
0
0
0
0
0
143438
0
0
0
0
0
0
0
0
165254
0
0
0
0
0
0
0
0
0
0
147790
143933
0
0
0
0
0
0
177617
0
0
0
0
0
0
0
0
0
0
0
0
0
0
0
0
165254
0
0
143933
0
0
0
0
0
0
0
0
0
0
0
0
0
0
0
0
0
165254
0
0
0
0
0
165254
0
0
0
0
0
0
0
0
0
0
0
0
0
0
0
0
0
0
0
0
0
0
0
0
0
0
0
0
0
0
0
0
0
0
0
0
0
0
0
0
0
0
0
0
0
0
0
0
0
0
0
0
0
0
0
0
0
0
0
148367
0
0
0
0
148209
0
0
0
0
0
0
0
0
0
0
0
0
0
0
180002
0
0
0
0
0
0
0
0
0
0
161058
0
0
0
0
0
0
0
146283
0
0
0
0
0
0
0
0
0
0
146283
0
0
0
0
0
0
0
0
0
0
0
0
0
0
0
0
0
0
161058
0
138746
0
148367
0
0
0
146283
0
0
0
0
0
0
0
165254
144228
0
0
0
0
0
0
0
0
0
0
0
0
0
0
0
0
0
0
0
0
0
0
148367
0
0
0
0
0
0
0
0
0
0
0
0
0
0
0
0
0
0
0
0
0
144792
0
0
146283
0
145400
0
0
0
0
0
0
0
0
0
0
0
0
0
0
0
146283
0
0
0
0
0
146283
0
0
0
0
0
0
165477
0
0
0
0
0
0
0
0
148367
0
0
0
0
0
0
0
0
0
0
0
0
0
0
150212
0
0
0
0
0
0
0
0
0
145834
0
180699
146283
0
0
0
0
0
0
0
0
163552
0
0
0
0
163552
0
0
0
0
0
0
163552
0
0
0
0
0
0
0
0
0
0
0
0
0
150212
149072
0
0
165477
0
0
0
149072
0
0
0
149199
0
0
0
0
0
0
0
165477
0
0
0
0
0
0
0
0
0
0
0
0
0
0
150212
0
0
149753
0
0
0
0
145834
0
0
0
0
0
0
0
0
0
0
0
0
0
0
0
0
0
0
0
0
0
0
0
0
0
0
0
0
0
0
0
0
0
0
0
0
0
0
0
0
0
146755
0
0
0
0
0
0
0
0
0
0
0
0
0
0
0
0
0
0
0
0
0
0
151037
0
141080
0
0
0
0
0
0
0
0
0
0
0
0
0
0
0
0
0
0
0
0
0
0
0
146755
0
0
0
0
0
0
0
0
0
0
0
0
0
0
0
0
0
0
0
0
0
0
0
0
0
0
0
0
0
0
0
0
0
0
0
0
0
0
0
0
0
0
0
0
0
0
0
0
0
0
0
0
0
0
0
147212
0
0
0
0
0
0
0
0
0
0
0
0
0
0
0
0
0
168086
151073
0
0
0
0
0
0
0
0
0
168086
0
0
0
0
0
0
148201
0
0
0
0
184365
0
0
0
0
0
0
0
0
0
0
0
0
0
0
168512
0
0
0
0
0
0
149230
0
151073
0
0
0
167613
151073
0
151984
0
0
0
0
0
0
0
0
0
0
0
0
0
0
0
0
0
0
0
0
0
0
167809
151863
0
0
0
0
0
0
0
143689
0
0
0
0
0
0
0
0
0
0
0
0
0
0
0
0
0
0
0
0
0
0
0
0
0
148201
0
0
0
149230
0
0
0
0
0
0
0
0
0
0
0
0
0
0
0
148221
0
0
0
0
0
0
0
0
146511
146511
0
0
0
0
0
0
0
0
0
0
0
0
0
0
0
0
0
0
143689
0
0
0
0
0
0
0
0
0
0
0
0
0
0
0
0
0
0
0
0
0
0
0
0
0
0
0
0
0
184945
0
0
0
0
0
0
0
0
0
0
0
0
0
0
0
0
0
0
0
0
0
0
0
0
0
0
0
0
0
0
0
0
0
0
171223
0
0
0
0
0
0
0
0
0
0
0
148201
0
0
0
0
0
0
0
0
0
0
0
0
0
0
0
0
0
0
0
0
0
0
0
0
0
0
0
0
0
0
0
0
0
0
0
0
0
0
0
0
0
0
154297
0
0
0
0
148268
171223
0
0
0
0
0
149717
0
0
0
0
0
0
0
0
0
0
0
0
0
0
0
0
0
0
0
0
0
0
0
0
0
0
0
0
148268
0
185252
0
0
0
0
0
0
0
0
154297
0
149717
0
154297
0
0
0
0
0
0
0
0
0
149899
148654
0
0
0
0
0
0
0
0
0
154297
0
0
0
0
0
0
0
144521
0
148358
0
0
0
0
0
0
0
0
0
149967
0
0
0
0
0
144521
0
0
0
0
0
0
0
0
0
0
0
0
0
0
0
0
0
0
0
0
0
0
0
0
0
0
0
185252
0
144521
154297
0
0
0
0
152587
0
0
185651
0
0
0
0
0
0
0
0
0
0
0
0
154915
0
0
0
174029
0
0
0
0
0
0
0
0
0
0
0
0
0
0
0
0
0
0
0
0
153480
0
0
0
0
0
150903
0
0
170866
0
0
146650
0
0
0
0
0
0
0
0
0
0
0
0
0
0
0
0
0
0
0
0
0
0
0
0
153480
0
148358
0
0
0
0
0
0
153480
0
154915
0
0
0
0
0
0
0
0
0
0
0
0
0
0
0
0
0
0
0
0
0
0
0
0
149139
0
146650
0
0
0
0
0
0
0
0
0
0
0
0
0
187422
0
0
0
154915
0
0
0
0
0
149347
0
0
0
0
0
0
0
0
0
0
187422
0
0
0
0
0
0
0
0
0
0
0
0
0
0
0
0
0
0
152298
0
0
0
0
0
0
0
0
0
0
0
0
152298
0
0
0
0
0
0
176661
0
0
187422
0
173040
0
0
0
155844
0
0
0
0
0
0
0
0
0
152298
0
0
0
0
0
0
0
0
0
149347
0
0
0
0
0
0
0
0
0
0
0
0
0
149947
0
0
0
0
0
0
0
155844
0
0
0
0
0
176978
0
0
157131
0
0
0
176978
0
0
0
0
0
147773
0
0
0
149947
0
0
155844
149347
0
0
149347
0
0
0
0
0
0
0
0
0
0
0
0
0
152856
147773
0
0
0
0
0
0
0
0
0
0
0
0
0
0
0
0
0
0
0
0
0
0
0
0
0
0
173823
0
0
0
0
0
0
0
0
0
0
0
0
0
0
0
0
0
0
0
0
0
0
0
0
0
0
0
0
0
0
0
0
0
0
0
0
0
0
0
0
0
156747
0
158044
0
0
0
0
0
0
0
0
0
0
0
0
0
0
0
0
0
0
0
0
0
0
0
0
0
154320
0
0
0
0
0
0
150011
0
0
0
0
0
0
0
0
0
0
0
149220
0
0
0
0
0
0
0
0
0
0
0
0
0
0
0
0
0
0
0
0
0
0
0
0
158805
158273
0
0
188516
0
0
0
0
0
0
0
0
0
0
0
0
0
0
151222
0
0
0
0
0
0
0
0
0
0
0
0
0
0
0
154388
0
0
189308
0
0
0
0
0
0
0
0
0
0
0
0
0
0
0
0
151545
0
0
0
0
0
0
0
149575
0
0
0
0
0
0
0
0
0
0
0
0
0
0
0
0
0
0
0
0
0
0
0
0
0
0
176024
0
0
0
0
0
0
0
0
0
0
0
0
0
0
0
0
0
0
0
0
0
0
0
0
0
0
158273
0
0
0
0
0
0
0
0
0
0
0
0
190846
0
0
0
0
0
0
0
0
0
0
190846
0
0
0
0
150314
0
0
0
0
0
0
0
0
0
154945
0
0
0
0
0
0
0
0
0
0
0
0
0
0
0
0
0
0
0
0
0
0
0
0
0
0
0
0
0
0
0
153189
0
0
0
0
0
0
0
0
0
0
0
0
0
0
0
0
0
0
0
0
0
0
0
0
0
0
0
0
0
0
0
0
0
0
0
0
0
0
0
0
0
0
0
0
0
153741
0
0
0
0
0
153741
0
0
192554
0
0
0
0
0
0
0
0
0
0
0
0
159544
0
150938
0
0
0
0
0
0
0
0
157722
0
0
0
0
0
0
0
0
159544
0
0
0
150314
0
0
0
0
0
0
0
0
0
0
0
0
159544
0
0
0
153741
0
0
0
0
0
0
0
0
0
0
0
0
0
0
0
0
0
0
0
0
0
0
0
0
0
0
0
0
0
0
183095
0
0
183095
0
0
177858
0
0
0
0
0
0
0
0
0
0
0
0
0
0
0
0
0
0
0
0
0
0
0
0
0
0
0
0
0
0
0
0
0
0
0
0
157132
0
0
0
0
0
0
0
0
0
0
0
158536
0
0
0
0
0
0
0
0
0
0
0
0
0
0
0
0
0
158919
0
0
0
194308
0
0
0
0
0
0
0
157132
0
0
0
0
0
158919
0
0
0
162970
0
0
0
0
0
0
0
0
0
158919
0
0
0
0
0
0
0
0
0
0
0
0
0
179440
0
0
0
0
0
0
0
0
0
0
0
183836
0
0
0
162970
0
0
0
0
0
0
0
0
0
0
0
0
0
0
0
0
0
0
0
155436
0
0
0
0
0
0
0
0
0
0
0
159544
0
159544
0
157132
0
0
0
0
0
0
0
0
0
0
0
0
0
0
0
0
0
0
0
0
0
0
0
0
0
0
0
0
0
0
0
0
0
194819
0
0
0
0
0
0
0
0
0
0
0
0
0
0
0
0
0
0
0
0
0
179440
0
0
0
0
0
0
195409
0
0
0
0
0
0
0
0
195997
0
0
0
0
0
0
0
0
0
195997
0
0
0
0
0
0
0
0
0
0
154214
0
155948
0
0
0
0
0
0
0
0
0
0
0
0
0
0
0
0
0
0
0
0
0
0
0
0
0
0
0
0
0
0
0
0
0
0
0
0
0
0
0
0
0
0
0
0
0
0
0
0
0
0
0
0
0
0
0
0
152682
154304
0
0
0
0
0
0
0
0
0
0
0
0
0
0
0
0
0
0
0
0
0
0
0
0
0
0
0
0
0
0
0
162036
0
163433
0
0
0
0
0
0
0
0
0
0
0
0
0
0
0
0
152682
0
0
0
0
0
0
0
0
0
0
0
0
0
0
0
0
0
0
0
0
0
0
0
0
0
0
0
0
0
0
0
159778
0
0
0
0
0
0
0
0
0
0
0
0
0
0
0
0
0
0
0
0
0
0
0
0
0
0
0
0
0
0
0
0
0
0
0
196544
0
0
0
0
0
0
0
0
155948
0
0
0
0
0
0
0
0
0
0
0
0
163805
0
0
0
0
0
0
0
0
0
0
155948
0
0
0
0
0
0
0
0
0
0
0
0
0
0
0
0
0
0
0
0
0
164112
180663
0
0
0
0
0
180663
0
0
0
0
0
0
0
0
0
0
0
0
0
0
164112
0
0
0
0
0
0
154560
160325
0
0
0
0
0
0
0
0
0
0
0
154560
0
0
165224
0
165224
0
0
0
0
0
0
0
0
0
198424
0
0
0
0
0
160739
0
0
0
0
0
0
0
0
165224
0
0
0
0
0
0
0
0
0
0
0
0
0
0
0
0
0
0
0
0
0
0
0
0
0
0
160739
0
0
0
0
0
0
0
0
0
0
181621
0
0
0
0
0
0
0
0
0
0
0
0
0
0
0
0
0
0
0
156518
0
0
0
0
0
0
0
0
0
0
0
0
154813
154821
0
0
0
0
0
0
0
0
0
0
0
156518
0
0
156518
0
0
0
0
0
0
198424
0
0
0
0
0
0
0
0
0
155632
0
0
0
0
0
0
0
0
0
0
0
0
166797
0
162946
0
154880
0
0
0
0
0
181621
0
0
0
0
0
0
0
0
186540
0
0
0
0
164136
0
160947
0
0
0
0
0
0
154880
0
0
0
0
0
0
0
0
0
0
0
0
198424
0
0
0
0
0
0
0
0
0
0
0
0
0
0
0
0
156539
0
0
0
0
0
0
0
0
0
0
0
0
0
0
0
0
0
0
0
162946
0
0
0
0
0
0
0
0
0
0
0
0
0
0
0
0
0
0
0
0
0
167487
0
0
0
0
0
199663
0
0
154880
0
0
0
0
0
0
0
0
0
0
0
0
0
0
0
0
0
0
0
0
0
0
0
0
0
0
0
0
0
181777
0
0
154880
0
0
0
0
0
0
0
0
167487
0
0
0
0
0
0
0
0
0
0
0
0
0
0
0
0
0
0
0
0
0
164080
0
0
0
0
0
0
0
0
0
0
0
0
0
0
0
0
0
0
0
0
0
0
0
0
0
200142
0
0
0
0
0
0
0
0
167227
0
0
0
0
0
0
183597
0
0
0
0
0
0
0
0
0
0
0
0
0
0
0
0
0
0
0
164080
0
0
0
0
0
0
167487
0
0
0
0
0
0
0
0
0
0
0
0
0
0
187353
0
0
0
0
0
0
167540
0
0
0
0
0
0
0
0
0
0
0
0
154880
0
200142
0
158272
0
0
0
183597
0
0
0
0
0
0
0
0
0
0
0
0
167540
0
0
158272
0
0
0
0
0
0
0
158272
0
0
0
0
0
0
162191
0
0
0
0
0
0
0
0
200142
0
0
0
0
0
168525
0
0
0
0
0
0
0
0
0
0
200142
0
0
0
183597
0
0
0
0
0
0
0
0
0
0
0
0
0
0
0
187353
0
0
0
0
0
0
0
0
0
0
0
0
0
0
0
0
0
0
0
0
0
0
0
0
0
0
0
0
0
0
0
0
0
0
0
0
0
0
0
0
0
0
0
0
0
0
159146
0
0
0
0
0
168525
0
0
0
0
156650
0
0
0
0
0
156650
0
0
0
0
0
0
0
0
0
0
200322
0
0
188333
0
188333
0
0
0
184758
0
0
0
0
0
0
0
0
0
0
0
156650
164851
0
0
0
0
0
0
200322
0
0
0
0
0
0
0
0
0
0
188333
0
0
0
0
0
0
0
0
168272
0
0
0
0
156650
156650
0
0
0
0
0
0
0
0
0
0
0
0
0
0
0
0
0
0
0
0
0
0
164851
0
0
0
184758
0
0
0
0
0
0
0
0
0
0
0
0
0
0
0
0
0
0
0
0
0
0
0
0
0
0
0
164851
0
0
0
184758
0
0
0
0
0
0
0
0
0
0
0
0
188859
0
200322
0
0
0
0
0
0
0
0
0
0
0
0
0
0
0
188859
0
0
0
0
0
200322
184758
0
0
0
0
0
0
0
0
159993
0
0
0
0
0
0
0
0
0
0
168749
0
188859
0
0
0
0
0
0
0
0
0
0
0
0
0
169438
0
0
0
165122
0
0
0
0
0
0
0
0
0
0
0
0
0
160679
0
184758
0
0
0
0
169438
0
0
0
0
168749
0
0
0
0
0
159851
0
0
0
0
169126
184758
0
0
0
0
169438
0
0
0
0
0
0
0
0
0
0
0
0
0
0
0
0
0
0
0
0
0
0
184758
0
0
0
0
0
0
0
0
0
0
0
0
0
0
0
0
0
0
0
0
0
0
0
0
0
0
0
168749
0
160679
0
0
0
0
0
0
0
160777
0
0
0
0
0
0
0
0
0
0
0
0
0
0
0
0
0
0
0
0
0
165964
0
0
0
0
0
0
165964
0
0
0
0
0
0
0
0
0
0
0
0
0
0
0
0
0
0
200503
184758
0
161691
0
0
0
0
0
0
0
0
0
168749
0
0
0
0
161670
0
0
0
0
200503
0
0
185673
0
0
0
161762
0
0
0
0
0
0
0
0
0
0
0
0
0
0
0
0
0
0
0
0
0
0
191600
0
0
0
0
0
0
0
0
0
0
0
0
164066
0
0
0
0
0
0
0
0
0
0
200588
170645
0
0
0
0
0
0
0
0
0
0
0
0
164066
0
0
0
0
200588
0
0
0
0
0
0
0
0
0
0
0
0
0
169215
0
172072
0
0
200588
0
0
0
0
200588
0
0
0
0
0
0
0
0
0
169215
0
0
0
0
0
0
0
0
191600
0
0
0
0
0
0
0
0
0
0
0
0
0
0
0
0
0
0
0
0
0
0
186462
0
0
0
0
0
0
0
0
0
0
0
0
0
0
0
0
0
0
0
0
0
0
0
0
0
0
0
0
0
0
0
162982
0
169215
0
0
162391
0
0
0
0
0
0
164568
0
0
0
0
0
0
0
0
0
0
0
0
0
0
169215
0
0
0
0
0
0
0
0
0
0
162982
0
0
0
0
0
0
0
0
0
0
0
0
0
0
0
0
186462
0
0
0
0
0
0
0
0
0
0
0
0
0
0
0
0
0
0
0
0
0
0
0
0
0
0
0
0
0
0
0
0
0
0
0
0
0
174511
0
0
0
0
0
0
0
0
192214
0
0
0
0
0
0
166195
0
0
0
0
0
0
175206
0
0
0
0
0
0
0
0
0
0
0
0
0
192214
0
0
0
0
0
162986
0
0
162986
0
0
0
0
0
0
0
0
0
0
0
0
0
0
0
0
187627
162986
0
0
0
0
0
0
0
0
0
0
0
0
0
0
0
0
0
0
0
0
0
0
0
0
0
0
0
175206
0
0
0
0
0
0
0
0
0
0
0
0
0
0
0
0
193811
203157
0
0
0
0
0
0
0
0
0
0
0
0
0
0
0
0
0
0
0
0
0
0
0
0
0
0
0
0
0
0
0
0
0
0
0
0
0
0
0
0
0
0
0
0
0
0
0
0
0
0
0
0
194796
0
0
0
0
0
0
174052
0
170757
0
0
0
0
0
0
0
164029
0
0
0
0
0
0
0
0
0
0
0
0
0
0
0
0
0
0
0
0
0
0
0
0
0
164029
0
0
0
0
0
0
0
0
0
0
0
0
167393
0
0
0
0
175895
0
0
0
0
170757
0
0
0
0
0
0
0
0
0
0
0
0
0
0
0
0
0
0
0
0
0
0
0
0
0
171093
0
0
0
0
0
0
0
0
0
0
0
0
0
0
0
0
0
0
0
0
0
0
0
0
0
0
0
0
0
0
195351
0
0
0
0
0
0
0
0
0
0
0
0
0
175895
0
0
164763
0
0
0
0
164763
0
0
0
0
0
0
0
0
0
0
0
0
0
0
0
0
0
0
0
0
0
0
0
171558
0
0
0
166195
0
0
0
0
0
0
0
0
0
0
0
0
0
0
0
0
0
0
0
0
0
0
0
0
0
0
0
0
0
0
0
0
0
0
0
0
0
0
166837
0
0
0
0
0
0
205650
167302
0
0
0
0
0
0
0
0
0
0
187627
0
0
0
0
0
0
0
0
0
0
167302
0
0
0
0
0
0
0
0
0
0
0
0
0
0
0
0
0
0
0
0
0
177159
0
0
0
0
0
164378
0
0
0
0
0
0
0
197362
171999
0
0
0
0
0
0
0
0
0
0
0
0
170163
0
0
171999
0
0
0
0
0
167608
0
0
0
170163
0
0
166837
0
0
178118
0
0
0
0
0
0
0
0
0
0
206174
0
0
0
0
0
170163
0
0
0
0
0
0
0
0
207054
0
0
0
0
0
0
0
0
0
0
0
0
0
0
0
0
0
0
0
0
0
0
0
0
0
0
0
0
0
0
0
0
0
0
0
0
0
0
0
0
0
0
0
0
0
0
0
0
0
0
0
165555
0
0
0
0
0
0
0
0
0
0
168663
0
0
0
0
178569
0
0
0
165604
0
0
0
187627
0
0
0
170270
0
0
0
0
0
0
0
0
178937
0
0
0
0
0
0
0
0
0
0
0
179967
0
0
0
0
0
0
0
0
0
0
0
0
0
179967
0
165604
0
0
0
0
178937
0
165604
0
170270
0
0
0
0
0
0
0
0
0
0
0
0
0
0
0
0
0
0
0
0
0
0
0
179967
0
0
0
0
0
0
0
0
0
0
0
0
0
0
0
0
0
0
0
0
0
0
0
0
0
0
0
0
0
0
0
0
0
0
0
168663
0
0
0
0
0
0
0
0
0
208425
0
0
0
0
0
0
0
0
0
0
170270
0
0
0
169247
0
0
0
0
0
169247
0
0
0
0
0
0
0
0
0
0
0
0
0
0
0
0
0
0
0
0
0
0
208549
0
0
0
0
0
0
0
0
0
0
0
0
0
0
0
0
0
172029
0
0
0
0
0
171922
0
0
0
0
0
0
0
0
0
0
0
0
0
0
0
0
0
0
0
0
0
0
0
0
0
180741
0
0
189781
0
0
179967
209517
0
0
0
0
0
0
0
0
0
0
0
0
0
0
0
0
0
0
0
0
0
0
0
0
0
0
0
0
0
0
0
0
0
169229
0
0
170883
0
0
0
173010
0
0
0
0
0
0
0
0
173010
0
0
0
0
0
0
0
0
170883
0
0
0
0
0
0
0
0
0
0
0
0
0
0
0
0
0
0
0
0
0
0
0
0
0
0
0
0
0
0
0
0
0
0
0
0
0
0
0
0
0
0
0
0
0
0
0
0
0
0
0
0
0
0
0
0
0
0
0
179967
170883
0
0
0
0
0
0
0
0
182981
0
0
0
0
0
179967
0
0
0
0
0
0
0
0
0
0
200251
0
0
0
0
0
0
0
0
0
0
0
0
0
0
0
0
0
0
0
0
0
0
0
0
0
0
0
0
0
0
0
0
0
0
179967
0
0
0
0
0
0
0
210812
0
0
0
0
0
0
0
173278
0
0
0
0
0
0
0
0
0
0
182981
0
0
0
0
0
179967
0
0
0
0
0
0
0
0
0
0
0
0
0
0
0
0
0
0
0
0
0
0
0
0
170294
0
0
0
179967
0
0
0
0
0
0
0
0
0
0
0
0
0
0
0
0
0
0
0
0
0
0
0
0
0
0
0
0
0
0
0
0
0
0
0
172513
0
0
0
0
0
0
0
0
0
0
0
0
0
0
0
0
0
0
0
0
0
0
0
0
0
0
0
0
0
0
0
0
0
0
0
0
172111
0
0
0
0
0
0
210812
0
0
0
0
174192
0
0
0
0
184839
0
0
0
0
0
0
0
0
0
0
0
0
0
0
0
0
0
0
0
0
0
191406
0
0
0
0
0
0
0
0
0
0
0
173140
0
0
0
0
0
0
0
0
0
0
0
179967
174192
0
0
0
0
0
0
0
0
0
0
171074
0
0
0
0
0
179967
173995
0
0
0
0
0
179967
0
0
0
0
192396
173140
192396
173140
0
0
0
0
0
0
0
0
186170
0
0
0
0
0
0
176192
0
0
179967
0
0
0
192396
0
0
0
0
0
0
0
0
0
0
171310
0
0
0
0
0
0
176192
171310
0
0
0
0
0
0
0
0
0
0
0
0
0
0
0
0
0
0
0
0
0
0
0
0
0
0
0
0
0
173066
0
201729
0
0
173066
0
0
0
0
0
0
0
0
0
0
0
0
0
0
0
186170
0
0
0
0
0
0
0
0
0
0
173145
0
0
0
0
0
0
0
0
0
0
192432
0
0
0
0
0
0
201729
0
0
0
0
0
0
0
0
192432
0
0
0
0
0
0
0
0
0
0
0
186170
0
0
0
0
0
0
0
0
186170
0
0
0
0
0
0
0
0
202179
0
0
0
0
0
0
172681
0
0
0
173643
0
179664
0
0
0
0
0
0
0
0
0
0
0
0
0
0
0
0
0
0
0
0
0
0
0
193066
0
0
0
0
173879
0
173930
0
173930
0
0
0
0
0
0
0
0
0
0
0
0
0
0
0
0
0
0
174134
0
0
0
0
0
0
0
0
0
0
0
212350
174134
0
0
0
0
0
0
0
0
0
0
0
0
0
0
0
0
0
0
0
0
0
193066
0
0
0
0
0
0
0
0
0
0
0
0
0
0
0
0
0
0
0
0
0
0
0
0
0
0
0
0
0
0
176341
0
0
0
0
0
0
203046
0
0
176341
0
0
0
181806
0
0
0
0
0
0
0
0
178266
0
193066
0
0
0
0
0
0
0
0
0
0
0
0
0
0
204309
0
0
204309
0
0
0
181806
0
0
0
0
0
0
0
182283
0
0
0
0
0
0
0
0
0
0
0
0
0
0
0
0
0
0
0
0
0
0
0
0
0
180055
0
0
0
0
0
0
0
0
0
0
0
0
0
0
0
0
0
0
213913
0
0
0
0
187069
177761
0
0
174419
0
0
0
0
180707
0
0
0
180055
0
0
0
0
0
0
0
0
0
0
0
0
0
182283
0
0
0
0
182313
0
0
0
0
0
178460
0
178460
0
0
0
187240
0
0
0
0
0
0
0
0
0
0
175896
0
0
0
0
0
0
0
0
0
0
0
0
204309
0
0
0
0
0
0
0
0
0
0
0
0
0
0
0
0
0
0
0
0
0
214742
0
0
0
0
0
0
0
187908
0
0
0
0
0
0
0
0
0
0
0
181542
0
0
0
176639
178460
0
0
0
0
0
0
198144
0
0
0
0
0
0
0
0
0
0
0
0
0
0
0
0
0
0
0
0
0
0
0
0
187908
0
0
0
0
0
0
181542
0
214742
0
0
0
0
0
0
0
0
0
0
0
0
0
0
0
176639
0
0
0
0
0
215470
0
0
0
0
0
177517
0
0
0
181542
0
0
0
179231
0
0
0
0
0
0
0
0
0
179231
0
182789
0
0
0
0
0
0
0
0
178372
0
0
181542
0
0
198600
0
0
0
0
0
0
0
0
0
0
0
0
0
0
0
0
0
0
0
0
0
0
0
0
0
0
198600
0
0
0
178186
0
0
0
0
178745
0
0
178745
0
0
0
0
0
0
0
0
0
0
0
0
181542
0
0
0
0
0
0
0
0
0
198600
216285
0
0
0
0
0
0
0
183265
0
0
0
0
0
0
183265
0
0
198600
0
0
0
0
0
0
0
0
0
0
0
183816
0
0
0
0
204510
0
0
0
0
0
0
0
0
0
0
0
0
0
178745
0
0
0
0
0
0
0
0
0
0
0
0
0
0
0
0
0
0
0
0
0
0
0
199196
0
0
0
0
0
0
0
0
0
204510
0
0
218357
0
0
0
218357
0
0
0
0
0
0
0
0
0
0
0
0
0
0
0
182741
0
0
0
0
0
0
0
0
204885
0
0
0
0
0
0
0
0
0
0
0
0
0
0
178186
0
0
0
0
185326
0
0
0
0
0
0
0
0
0
0
0
0
0
0
0
0
0
0
178400
0
0
0
0
0
0
185620
180770
0
0
0
0
0
0
0
0
0
0
0
180770
0
0
0
0
0
0
0
180770
219227
0
0
0
0
189924
0
0
0
0
0
0
0
0
0
0
0
0
0
0
219227
185620
0
0
182741
0
0
0
0
0
0
182741
0
0
0
0
0
0
0
0
0
0
0
0
0
0
0
0
0
0
0
0
0
0
0
0
191265
0
0
0
0
0
0
0
0
0
0
0
191265
0
219668
0
0
0
0
0
0
0
0
0
0
0
0
0
178777
0
0
0
0
0
0
0
180133
0
0
0
0
0
0
0
0
0
0
0
0
0
0
0
0
0
0
0
0
0
186728
178777
0
0
0
0
0
0
0
0
0
186728
0
0
0
0
0
0
0
0
0
0
0
0
0
0
0
183229
0
0
0
0
0
0
0
0
0
0
0
0
0
0
205625
0
0
0
0
0
0
0
206625
0
0
0
220909
0
0
191265
0
0
0
0
0
0
0
0
183229
0
187464
0
0
0
0
0
0
0
0
0
184481
0
0
0
0
0
0
0
0
0
0
186781
0
0
0
0
178777
0
0
180256
178777
0
0
0
0
0
0
0
0
0
0
0
0
0
0
0
0
0
0
0
0
0
0
183229
0
0
0
0
0
0
0
0
0
0
0
180355
0
0
0
202953
0
0
0
0
183229
0
0
0
0
0
192492
0
0
0
0
0
0
0
0
0
202953
187487
0
0
0
0
0
0
0
0
0
0
185392
0
0
0
0
0
0
0
0
0
0
0
0
0
0
0
0
0
0
0
0
0
0
0
0
0
0
0
0
0
0
0
0
0
0
0
0
0
0
0
0
0
0
0
0
0
0
0
0
0
0
0
180507
221360
0
0
0
0
0
0
0
187851
0
0
0
0
187851
0
187851
0
0
186149
0
0
0
0
0
0
0
0
0
0
0
0
0
186149
0
0
0
0
206742
0
0
0
0
181948
0
193411
0
0
0
0
221360
0
221360
0
0
0
0
0
0
0
0
0
0
0
0
0
0
0
183298
0
0
222355
186825
0
222355
183298
0
181264
0
0
0
0
0
0
0
0
0
0
0
0
206951
0
0
0
184096
0
0
0
0
0
0
0
187851
184186
0
0
0
0
0
0
0
0
0
0
0
0
0
0
203756
0
0
0
0
0
0
0
0
0
184186
0
0
186941
207935
0
0
0
0
0
0
0
0
0
0
0
0
0
0
0
0
0
0
194871
0
0
0
0
0
0
0
0
0
0
0
0
0
0
0
0
0
0
203756
194871
0
0
0
0
0
186941
0
0
0
0
0
0
0
0
0
0
0
0
0
0
0
189107
0
0
0
0
195649
0
0
0
0
0
0
0
0
0
0
0
0
0
0
223531
0
0
0
0
0
0
0
0
0
0
0
0
0
203756
0
184497
0
0
0
0
0
186941
0
0
195649
0
0
0
0
189107
0
0
0
0
184497
0
0
0
0
0
0
0
0
0
186941
209437
0
188618
0
209437
181360
0
0
0
0
0
0
0
0
0
0
0
186941
0
0
0
0
0
0
0
0
0
0
0
0
0
189610
0
0
223799
0
0
0
0
0
0
0
0
0
0
0
0
0
0
0
0
0
0
0
0
0
195649
0
0
0
184186
0
0
183388
0
0
184696
0
0
0
0
0
0
0
0
0
0
0
0
0
0
0
224728
0
0
0
195649
0
0
0
0
0
0
0
0
0
0
0
0
0
0
0
0
0
0
0
0
0
0
0
0
0
184186
0
0
0
0
0
0
0
0
0
0
0
0
0
0
187520
0
0
0
0
0
190489
0
0
0
0
0
0
0
0
0
0
0
187520
0
224728
0
0
0
0
0
0
0
0
0
0
0
0
187520
0
0
0
0
0
0
0
0
0
0
0
0
0
0
0
184331
0
0
0
0
0
187520
0
0
0
0
0
0
184331
0
0
0
196662
0
0
0
0
0
0
0
0
0
0
0
0
0
184186
0
0
0
0
0
0
0
0
0
0
0
191279
0
0
0
0
0
184825
0
0
0
184825
0
0
0
0
0
0
0
0
0
0
0
0
0
211617
0
0
205216
187970
0
0
0
0
0
205216
0
0
0
0
0
0
0
0
225247
0
0
198194
0
0
0
0
0
0
0
0
0
0
0
0
0
0
0
0
0
225247
0
0
0
0
0
0
0
0
0
0
0
0
0
198194
191584
0
0
0
0
0
186582
0
0
0
0
0
0
0
0
185513
0
0
0
0
0
0
0
0
0
191132
0
0
0
0
0
0
0
0
0
0
0
0
0
0
0
0
0
0
0
0
0
186582
0
0
0
0
0
0
0
0
0
0
0
0
0
0
0
0
0
0
0
0
0
0
0
0
0
0
185513
0
0
0
198194
0
0
0
0
0
0
0
0
0
0
0
0
0
0
0
0
0
0
0
0
0
0
0
0
0
0
0
0
213570
0
0
0
0
0
0
0
0
0
0
209205
0
0
0
0
0
0
0
0
0
0
0
0
0
0
0
0
0
0
191648
0
0
0
0
0
0
0
0
0
0
0
226756
0
0
0
0
186820
0
226756
0
0
0
0
0
0
0
214178
0
0
186820
0
186582
198801
0
0
0
0
188231
0
0
0
0
0
0
0
0
0
0
0
191648
0
0
0
0
0
0
227771
0
0
0
0
0
0
0
198801
0
0
0
0
0
0
0
0
192000
0
211463
0
0
0
186673
0
0
0
0
0
211463
0
191648
0
0
0
0
0
0
0
0
0
0
0
187206
199736
0
0
0
0
0
227771
0
0
0
0
0
0
0
214178
0
0
0
187618
0
0
0
0
227771
0
0
0
188450
0
0
0
0
0
0
0
0
0
0
0
0
0
0
0
0
0
0
0
0
211463
0
0
0
0
0
200036
0
0
0
0
188450
0
0
0
0
0
0
0
0
0
0
0
0
0
0
214932
0
0
0
0
0
0
0
0
0
0
0
0
0
0
0
0
0
0
188450
0
0
0
0
0
0
0
0
200036
0
0
0
0
0
200036
0
0
0
0
0
0
0
0
0
0
0
0
228762
0
0
0
0
215543
187029
0
192000
0
0
0
0
0
0
0
0
0
0
0
0
0
228762
0
0
0
0
0
0
215543
0
0
200036
0
0
0
0
0
0
0
0
0
0
0
188808
0
0
0
0
0
0
0
0
0
0
0
0
0
0
0
192000
228762
0
188322
0
0
0
0
0
0
0
0
0
0
0
0
0
211463
0
0
228762
0
0
0
0
0
216403
0
0
0
0
0
187765
0
0
0
0
0
0
0
0
0
0
0
0
0
0
0
0
0
0
216403
0
0
0
0
0
0
0
211463
0
0
0
0
192393
0
0
0
0
0
0
0
0
0
0
0
0
0
187937
211463
0
0
0
190639
0
0
0
0
0
0
0
0
0
0
0
193016
0
0
0
188952
0
217151
0
0
0
190639
189506
0
0
0
0
0
0
0
0
0
0
192369
0
0
0
0
0
0
0
0
0
0
0
0
0
187937
0
0
0
0
0
0
0
0
0
0
0
0
0
0
0
0
0
192369
0
0
0
0
0
0
0
0
0
0
0
0
0
193016
0
201745
0
230480
0
0
188069
0
190215
0
0
0
0
0
0
0
0
0
0
0
0
189231
0
0
0
0
0
0
0
0
0
0
0
0
0
0
0
0
0
0
0
0
0
0
193812
0
0
0
0
0
0
230480
0
0
0
0
0
190474
0
0
0
193016
0
0
0
0
0
0
0
0
190474
0
0
0
0
0
0
0
193272
0
0
0
0
0
0
0
0
0
0
0
0
0
0
0
0
0
0
0
0
188069
0
0
0
0
0
0
0
189898
0
0
0
0
0
0
0
0
211463
0
0
0
0
217151
0
0
0
0
0
0
0
0
0
0
232860
192918
0
203006
0
0
0
0
0
217151
0
0
0
0
0
0
0
189898
0
188069
0
0
0
0
0
0
0
0
0
0
0
211463
193812
193272
0
0
203006
0
0
0
0
0
0
0
0
0
0
0
0
0
0
0
0
0
190853
0
0
0
188605
0
0
0
194103
0
0
0
0
0
0
0
0
0
0
0
0
0
0
0
0
0
0
0
0
0
0
0
0
0
0
0
0
0
0
0
0
234181
0
0
0
0
0
0
0
0
0
213127
0
0
0
188733
188733
0
0
0
0
0
0
0
0
0
0
0
0
0
0
0
0
0
0
0
0
0
190853
0
0
0
0
0
0
0
190853
0
0
0
0
0
0
190853
0
0
0
0
203299
0
188733
0
0
0
0
0
0
0
0
0
0
0
0
0
0
0
0
0
0
0
0
0
218119
0
0
0
0
0
0
0
0
0
0
0
0
0
0
0
0
0
0
0
0
0
0
0
0
0
0
0
0
0
0
195046
0
0
0
0
0
0
0
0
0
0
0
0
0
0
0
0
0
0
0
0
0
0
0
0
0
0
0
0
192154
0
0
0
0
0
0
0
0
0
0
0
0
236076
0
0
0
0
0
0
0
0
0
0
0
0
0
0
0
0
0
0
0
0
0
0
0
0
0
0
0
0
0
0
0
0
0
0
0
0
0
0
0
0
0
0
0
0
0
0
0
218119
0
0
0
0
0
0
0
0
0
0
0
0
0
0
203461
0
0
191312
0
0
0
0
191312
0
0
0
0
0
0
0
0
0
0
0
0
0
0
0
219052
0
0
0
0
0
0
0
0
0
0
0
0
192216
0
215170
219052
0
0
0
0
192216
0
0
0
0
0
0
0
0
0
0
0
0
0
0
0
220060
0
195006
0
0
0
0
0
0
0
0
0
0
0
0
0
0
0
0
0
0
197198
0
206768
0
0
0
0
195006
0
195111
0
0
0
0
193164
0
0
0
0
0
0
0
0
0
0
0
0
0
0
0
0
197787
0
0
0
0
0
0
0
0
0
0
0
0
0
0
0
0
0
0
0
0
0
0
0
0
0
0
0
0
0
0
198334
216494
0
0
0
0
0
0
0
0
207369
191204
0
0
0
0
0
0
0
0
0
0
0
0
0
0
0
0
0
195006
0
0
0
0
0
0
0
0
0
0
0
0
0
0
0
0
0
0
0
0
195183
0
0
0
0
195111
0
0
0
0
0
0
0
191204
0
0
0
0
191204
0
207369
0
0
0
0
0
0
0
0
0
0
0
0
0
0
0
0
237480
0
196007
0
0
217262
0
0
0
0
0
0
0
0
0
0
217262
0
0
0
0
199287
194933
0
0
0
0
0
0
0
0
0
195625
0
0
195006
191204
0
0
0
0
0
0
0
0
0
0
0
207955
0
0
0
0
0
0
0
0
0
0
194933
0
0
195006
0
0
0
0
0
199855
0
0
196007
0
0
0
0
0
0
0
0
0
0
0
0
195006
0
0
0
0
0
0
0
0
0
0
220060
0
0
0
0
0
0
0
0
0
0
0
0
0
0
220060
0
0
0
0
0
0
0
220060
0
0
0
0
0
0
0
0
0
0
0
0
0
0
0
0
0
0
0
0
0
0
0
0
0
0
0
0
0
0
0
0
0
0
0
0
0
0
0
0
0
0
0
0
0
0
0
0
195832
0
0
0
0
0
0
195625
0
195832
0
0
0
200834
0
0
0
0
0
196675
0
0
208715
0
0
0
0
0
0
0
192534
0
0
0
0
0
0
0
0
0
0
0
0
0
0
0
0
0
0
0
0
0
0
0
0
0
0
0
0
0
0
0
0
0
0
0
0
0
0
0
0
0
0
0
0
220421
0
0
0
0
0
0
0
0
0
0
0
0
0
0
0
0
0
0
0
0
239252
0
0
200834
0
196701
0
0
0
0
0
0
0
0
0
0
0
0
0
0
0
0
0
0
0
0
0
0
0
0
0
220421
0
0
0
0
0
0
0
0
0
0
0
0
0
0
0
217467
0
196355
0
0
0
0
0
0
0
0
197824
220421
0
201595
0
0
0
0
0
0
0
0
196355
0
0
0
0
0
0
220421
0
196701
0
0
0
0
0
0
0
0
0
239252
0
0
0
0
0
0
0
0
0
0
0
0
0
0
0
0
194080
0
0
0
0
0
0
0
0
0
0
0
0
0
0
0
0
0
0
0
0
0
198550
0
0
0
0
0
0
222203
0
0
0
0
0
0
0
0
0
0
0
0
0
0
0
0
0
199632
0
0
0
0
0
0
0
0
0
217762
197533
0
0
0
0
0
0
0
0
0
0
0
0
0
0
0
0
195411
0
0
0
0
0
0
0
0
0
0
0
0
0
0
0
0
0
0
0
0
0
0
0
0
0
0
0
0
0
0
0
0
0
0
0
0
197085
0
0
0
0
0
0
0
0
0
0
0
0
0
0
199169
0
0
0
201595
0
0
0
198968
0
0
0
0
0
0
0
0
0
0
0
0
0
0
0
0
0
201456
0
0
201595
0
0
195577
0
0
0
0
0
0
0
0
0
0
0
0
0
0
0
197085
0
199797
0
0
0
0
0
0
199169
0
0
0
0
0
0
0
0
0
0
0
0
218401
0
0
0
0
239615
0
0
0
210713
0
0
0
0
0
0
0
0
0
0
0
0
0
0
0
0
0
0
0
0
195577
0
0
0
0
211208
0
0
0
0
0
0
0
0
0
0
0
0
196458
0
0
0
197921
0
0
0
0
0
0
0
0
202040
0
0
0
0
0
0
0
0
0
0
0
0
0
0
0
0
0
0
0
0
0
0
0
0
0
199797
0
0
0
0
0
0
0
0
0
0
0
0
0
0
200243
0
0
0
0
0
0
0
0
0
0
0
0
0
0
0
0
0
0
0
0
0
0
0
0
0
0
0
0
0
0
200994
0
0
223120
0
0
0
0
0
0
0
0
220115
0
0
0
0
0
0
0
0
0
0
0
0
0
0
201578
0
0
0
0
0
0
0
0
0
0
212404
0
0
0
0
201578
0
0
223120
223120
201641
0
0
0
0
201578
0
0
223120
0
0
223120
0
0
220509
0
0
0
0
0
0
0
0
201641
0
0
0
0
0
0
0
0
0
0
0
200148
0
203897
0
0
0
0
0
0
0
202351
0
0
0
0
0
0
0
0
0
0
0
0
0
0
0
0
0
0
0
0
198779
0
212404
0
0
0
0
201460
0
0
0
0
240978
0
0
0
0
0
0
0
0
0
0
0
0
0
0
0
0
0
0
0
0
0
0
0
0
0
0
0
0
0
0
0
0
240978
0
0
0
0
0
241016
0
0
0
199584
0
0
0
0
221783
0
0
0
0
241016
0
0
0
0
0
0
0
0
0
0
0
0
0
0
0
200227
0
0
0
222509
0
0
0
0
0
0
0
0
0
0
0
0
0
0
0
0
0
0
0
0
0
0
0
0
223431
241016
0
0
0
0
212773
0
0
0
0
0
0
204824
202651
0
200981
0
0
0
0
0
0
0
0
0
0
0
0
0
0
0
0
202351
0
0
0
0
0
0
0
0
0
0
0
0
0
0
0
0
0
0
0
0
0
0
0
0
0
0
0
0
0
0
0
203546
0
0
0
0
0
222509
0
0
0
0
0
0
0
0
0
0
0
0
0
0
0
0
0
0
202651
0
0
0
0
0
0
0
0
0
0
0
0
0
0
0
0
222509
0
0
0
0
0
0
205793
0
0
0
242017
0
0
0
0
0
0
0
0
0
0
0
0
0
206587
205067
0
0
0
0
0
0
0
0
0
0
206020
0
0
0
0
0
0
0
205067
0
0
0
0
0
0
203365
0
0
0
0
0
0
0
0
0
0
0
0
0
0
0
0
222509
0
0
0
0
0
0
0
0
0
222509
0
0
0
0
0
0
0
0
0
222509
0
0
0
0
0
0
0
0
0
0
0
0
0
201964
0
0
0
0
0
0
0
0
0
0
0
0
0
206775
0
0
0
0
0
0
0
0
0
0
0
0
0
0
0
0
0
0
0
0
0
0
0
0
0
0
0
0
0
0
0
0
0
0
0
0
0
0
0
0
0
0
213889
0
0
0
0
0
204258
0
0
0
0
0
0
0
0
207715
0
0
0
0
0
0
0
202627
0
0
0
243813
202350
0
0
0
0
0
243813
0
0
0
209284
0
0
0
0
0
0
0
0
0
0
0
0
0
0
0
0
0
0
0
0
0
0
0
0
206891
0
0
224859
0
0
0
0
0
0
0
0
0
0
224112
0
0
0
209572
0
0
0
0
0
0
0
224112
0
0
0
0
0
0
0
0
0
0
0
0
0
0
0
0
0
0
0
0
0
0
0
0
0
0
0
0
202627
0
0
0
0
244168
0
0
0
0
0
0
0
0
0
0
0
0
0
0
207433
0
0
0
0
0
0
0
0
0
206891
209572
0
0
206891
0
0
0
0
0
207604
0
0
0
0
224859
206166
0
0
0
0
0
0
0
0
224112
0
0
0
0
0
224112
0
209572
0
0
0
0
0
0
0
0
0
0
0
0
203883
0
0
0
244168
244168
203883
0
0
0
0
0
0
0
0
0
0
0
0
0
0
0
0
0
0
0
0
0
0
209572
0
0
0
0
0
0
0
0
0
0
207566
206166
0
0
0
0
0
0
0
0
0
0
0
0
0
0
209979
0
0
209979
0
0
0
0
0
0
0
0
0
0
0
245958
0
0
202627
0
0
0
0
0
0
0
0
0
0
0
0
0
0
0
0
245958
0
0
0
0
0
0
0
0
0
0
0
0
0
0
0
0
0
0
0
0
0
0
226502
0
0
0
0
245958
0
0
0
0
0
0
0
0
0
226253
0
0
0
0
0
0
0
0
0
0
0
0
0
208059
0
0
0
0
0
0
0
0
0
0
0
0
0
0
0
0
0
0
0
0
0
0
226502
0
0
0
245958
0
0
0
0
0
0
0
0
0
0
0
0
0
0
0
0
0
0
0
0
0
0
0
0
0
0
0
0
0
0
0
0
0
203305
0
0
0
0
0
0
209835
0
0
0
0
0
227459
0
0
0
0
0
0
0
0
0
0
0
0
0
0
0
0
0
0
0
0
0
0
0
0
0
0
0
0
0
0
0
0
0
0
0
0
0
0
0
0
0
0
226669
226669
0
0
0
0
0
0
0
203305
0
0
0
0
0
0
0
0
0
0
209835
211548
0
0
0
0
220342
0
226669
0
0
220342
0
0
0
0
0
0
0
0
0
246959
0
210859
204886
0
204886
0
0
0
0
220342
0
204886
0
0
0
0
0
0
0
0
204133
0
0
0
0
0
0
0
209835
0
0
0
0
0
0
211548
0
0
0
0
0
0
208293
0
0
227396
0
0
0
0
0
0
0
0
213309
0
0
0
0
0
0
0
0
213309
0
0
0
0
0
0
0
0
0
0
0
0
0
0
0
0
0
0
0
0
0
0
0
0
0
204886
0
0
0
0
0
0
0
211548
0
0
0
0
0
0
0
0
0
0
0
0
0
0
0
0
0
0
0
0
0
0
0
0
0
0
0
0
0
0
204886
211548
0
0
0
204886
0
0
0
0
0
211666
0
0
0
0
0
0
0
0
0
0
0
0
0
0
0
0
209163
0
0
0
0
209163
0
204997
0
0
0
0
211677
0
0
0
0
0
0
0
221328
0
0
0
0
211548
0
209163
0
0
0
0
0
0
0
0
0
0
0
211677
0
0
0
0
0
0
0
248029
0
0
228104
206808
0
0
0
0
0
0
0
0
210295
0
0
0
0
0
0
222215
0
222215
0
0
0
0
0
215362
0
0
0
0
0
0
0
0
0
0
0
0
0
0
248029
230360
0
0
0
0
0
0
0
0
0
0
0
0
0
212488
0
0
212488
0
0
0
0
0
0
0
0
0
0
249042
205710
0
0
0
0
215362
0
0
0
0
0
0
0
210701
0
0
0
0
0
0
0
0
0
0
0
0
208812
0
0
0
0
0
0
0
0
0
0
215911
0
0
0
0
0
0
0
0
0
0
0
0
0
0
0
0
0
0
0
0
0
0
0
0
0
0
0
0
0
0
0
0
0
0
0
0
0
0
0
223162
0
0
0
0
249042
228104
0
0
0
0
0
0
0
0
0
0
0
0
0
0
0
0
0
0
0
0
0
0
0
0
0
0
0
0
0
0
0
0
0
0
0
0
0
223162
0
0
0
0
215911
0
0
0
0
0
0
0
0
0
0
0
229033
0
0
0
0
0
0
0
0
0
0
0
0
0
0
0
0
0
0
0
0
0
0
211950
0
0
223162
0
0
0
0
0
0
0
0
0
0
0
0
224599
0
0
0
232176
211631
0
0
209236
0
0
0
211631
0
0
0
0
229033
0
0
0
0
0
0
0
0
0
215308
0
0
0
0
0
0
207194
0
0
0
232176
0
0
0
0
0
0
0
0
0
224599
0
0
0
0
0
209236
0
0
0
0
0
0
0
0
0
0
0
0
0
0
0
0
0
0
0
0
0
0
0
0
0
0
0
0
0
0
0
0
0
0
0
0
0
0
0
0
0
0
0
0
0
0
0
0
0
0
207194
0
0
0
0
0
0
0
0
0
0
0
0
0
0
0
0
0
0
0
0
0
0
0
0
0
0
0
213348
0
0
0
0
0
0
0
0
0
0
215308
0
0
0
0
0
233322
0
0
0
0
233322
0
0
0
0
0
0
0
0
0
0
0
0
0
0
229077
0
0
0
218046
0
0
0
0
0
0
0
0
0
0
0
0
0
0
0
0
0
0
0
0
0
0
0
0
0
0
215622
0
0
0
0
0
0
0
252634
0
0
0
0
0
0
0
0
0
0
0
0
0
0
0
0
0
0
0
0
0
0
0
0
0
0
0
219007
0
0
0
0
0
0
0
0
0
0
0
0
0
0
0
0
230203
0
0
0
0
0
0
0
0
0
0
0
210511
0
0
230203
0
0
0
0
0
0
0
0
0
0
0
0
0
0
0
0
0
0
0
0
0
215090
0
0
209580
0
0
0
233427
0
0
0
0
0
0
0
0
0
0
0
0
0
0
0
0
0
0
0
0
0
0
213846
0
0
0
0
0
0
0
0
0
233427
0
0
253432
228705
216576
0
0
216576
0
0
0
230203
0
0
0
0
216576
0
0
0
0
0
210286
0
0
233427
0
0
0
0
0
0
0
0
0
0
0
210286
0
0
213846
0
0
0
0
0
0
0
0
0
0
233734
0
0
0
0
0
213846
0
0
0
0
229507
0
0
0
0
0
0
0
0
212612
0
0
0
231009
0
0
0
0
0
0
0
0
212612
0
0
0
0
0
0
0
0
0
0
0
215710
0
0
0
0
0
0
0
0
216608
0
0
0
0
233734
0
0
0
0
0
0
0
0
0
0
0
0
231009
0
0
0
0
0
0
0
0
0
0
0
0
0
234756
0
0
0
0
0
0
0
0
0
0
0
0
0
0
0
0
213572
0
0
0
0
234756
0
0
0
0
0
0
0
0
0
0
0
0
0
0
0
0
0
0
0
0
210286
0
0
0
0
0
0
0
0
0
0
0
0
213572
0
220245
0
210286
0
234756
0
0
0
0
0
0
0
0
0
0
0
0
0
0
0
0
231676
0
0
0
0
0
0
0
0
0
0
0
0
0
0
220245
0
0
0
0
0
0
0
0
216115
0
0
0
0
0
0
0
0
0
0
0
0
0
0
220245
0
0
0
0
0
0
0
216115
0
0
0
0
0
0
0
0
0
0
0
0
0
0
0
0
213764
0
0
0
0
0
0
0
0
0
0
0
0
216608
0
0
0
0
0
0
0
0
0
0
0
0
0
0
0
0
0
0
0
0
0
0
0
0
255494
216115
0
0
0
0
0
215000
0
0
220247
0
0
0
0
0
0
215000
0
0
0
0
0
0
0
0
0
216608
0
0
0
0
0
0
0
0
0
0
255531
0
0
232096
235592
0
215000
0
0
0
0
0
0
0
0
216608
0
0
0
0
0
0
215000
0
216608
235592
0
0
0
0
0
0
0
0
0
0
0
0
0
0
0
255531
0
0
0
0
0
0
0
0
0
216759
0
0
0
0
0
0
0
0
0
0
0
0
0
215000
0
0
0
0
0
0
232877
0
0
0
0
0
0
0
213764
0
0
213764
0
0
0
0
0
0
0
0
0
0
0
0
0
0
0
0
0
0
0
0
0
0
0
0
0
0
0
0
0
0
0
237303
0
0
0
0
0
0
0
0
0
0
0
0
0
0
0
232877
0
0
0
0
0
0
0
0
0
0
0
0
0
0
0
0
0
0
217614
215597
239027
0
0
0
0
0
0
0
0
0
0
0
0
221683
0
0
255592
0
0
0
0
0
255725
0
0
0
0
0
0
214782
0
0
0
0
0
0
0
0
0
0
0
0
0
0
0
0
0
215488
0
0
0
0
0
0
0
0
0
0
0
0
0
0
0
0
0
233347
0
0
0
0
0
0
0
0
0
0
0
0
0
0
217614
0
0
0
0
0
0
0
0
0
0
0
0
0
0
0
0
0
0
0
0
0
0
0
0
0
0
0
0
0
240017
0
0
0
0
0
0
0
0
0
0
0
0
0
0
0
0
0
0
0
0
0
0
0
217614
0
0
0
0
0
0
0
232877
0
0
0
0
0
0
0
0
0
0
0
232877
0
215488
0
0
0
0
0
0
0
0
0
0
0
0
0
232877
0
0
0
0
0
241142
0
0
0
0
0
0
0
256137
0
0
0
0
0
0
0
0
0
0
0
0
0
0
0
0
0
0
0
0
213898
0
0
0
0
0
0
0
0
0
0
0
0
0
241142
0
213898
0
0
213898
0
0
0
0
218377
0
0
0
0
0
0
0
0
232877
0
0
0
0
0
0
0
0
0
0
0
0
0
0
0
213898
0
0
0
0
0
0
0
0
0
0
0
0
0
0
0
0
0
0
217614
0
0
0
0
0
0
0
0
0
216087
0
0
0
0
0
0
0
0
0
0
0
233148
256137
0
0
241513
0
0
233588
0
0
0
233588
0
0
0
0
0
0
219376
0
0
0
0
0
0
216811
0
0
0
216457
213898
0
0
0
0
0
0
0
0
0
0
0
0
0
0
0
0
0
0
0
0
0
0
0
0
0
0
0
0
0
0
0
0
0
0
0
0
0
0
0
0
0
0
0
0
0
0
0
0
0
0
0
0
0
0
0
0
0
0
0
0
0
0
213898
0
0
0
0
0
0
0
0
0
216533
0
0
0
0
0
0
216983
221383
0
0
0
216533
0
0
0
0
0
217173
0
0
0
0
0
0
0
0
0
0
0
0
0
0
0
0
235985
0
218383
0
235985
0
0
0
0
0
0
0
0
0
0
222128
0
0
0
0
0
0
0
0
0
0
0
0
0
0
0
0
0
221041
0
0
0
0
0
0
0
0
216533
222128
0
0
0
0
0
0
0
0
0
0
0
0
0
218817
0
0
0
0
0
0
0
0
0
0
0
257205
0
0
0
0
0
0
0
0
0
0
0
0
0
234535
0
0
0
0
0
0
0
218817
0
0
236801
0
0
0
0
0
0
0
214129
234535
0
0
0
0
214129
222128
0
0
0
0
0
0
0
0
0
0
0
0
218817
0
0
0
0
0
0
0
0
0
0
0
257205
0
0
0
0
0
222300
0
0
0
0
0
0
0
0
222300
0
0
0
237685
0
0
0
0
0
0
224712
0
0
0
0
0
0
0
0
0
0
0
0
0
0
0
0
0
0
0
0
0
0
0
0
0
0
216533
0
258052
0
0
0
0
0
0
0
0
0
0
0
0
0
0
0
0
0
0
0
258052
0
220844
0
0
0
0
0
224712
0
0
0
0
0
0
0
0
0
0
0
0
0
0
0
0
0
223053
0
0
0
0
0
0
0
0
0
0
0
0
0
0
0
0
0
0
235205
0
0
0
0
0
0
0
0
0
0
0
0
0
0
0
0
0
0
0
0
0
0
0
0
235205
0
217575
0
0
0
0
0
0
0
0
0
0
0
0
0
224414
0
0
0
0
0
0
0
0
223476
0
0
0
0
0
0
0
0
0
0
0
0
0
0
0
0
0
247693
0
0
0
0
0
0
0
0
0
0
0
0
0
0
225665
0
0
0
0
0
0
0
0
258827
0
0
0
0
0
235536
0
0
0
0
0
0
0
0
0
0
0
0
0
0
0
0
0
0
0
0
0
0
235946
0
0
0
0
0
0
0
247693
223476
0
0
0
0
0
0
0
0
221822
0
0
0
224414
0
0
0
0
0
225665
0
219242
0
0
0
0
0
0
0
239737
0
225665
0
0
0
0
0
0
235946
0
226160
0
0
0
0
0
0
0
0
0
0
0
0
0
259582
0
0
0
0
0
0
0
0
0
0
0
0
0
0
0
0
0
259582
0
0
0
0
0
0
0
0
0
0
0
0
0
0
0
0
0
0
220965
0
0
0
0
0
0
0
0
0
0
0
0
0
0
0
0
0
259582
0
0
0
0
0
0
0
0
0
0
0
0
0
218558
0
0
0
0
0
0
248700
0
0
0
0
220965
0
0
0
0
0
0
0
0
0
0
0
0
0
0
0
222728
0
0
0
0
0
0
0
0
0
0
0
0
241041
0
0
0
0
259582
259582
0
0
0
0
0
0
0
0
222728
0
0
0
0
0
0
0
0
0
0
0
0
0
0
0
241443
0
0
0
0
0
219388
0
0
0
0
0
222235
0
0
0
0
0
0
0
0
0
0
0
0
0
0
0
0
0
0
0
0
0
0
0
0
0
259887
0
0
0
226935
0
0
0
0
0
0
0
0
0
0
0
0
0
0
0
0
0
0
0
0
0
0
0
0
0
0
0
0
0
0
0
0
223102
0
222728
220299
0
0
0
0
0
0
0
0
220299
226139
0
0
0
0
0
0
0
0
0
228521
0
0
0
0
259887
0
0
0
0
0
0
0
0
0
0
0
220299
0
0
0
0
0
0
0
0
0
0
0
0
0
0
0
0
0
0
0
0
0
0
0
0
0
0
226435
0
0
0
0
0
0
0
0
0
0
0
0
227865
0
0
0
0
0
0
0
0
0
0
0
0
0
0
0
0
0
0
0
0
0
224604
0
0
0
228741
0
0
0
0
0
0
0
0
226435
0
0
0
0
0
0
224310
0
0
0
0
0
0
0
224604
0
0
0
0
0
0
0
259887
0
238438
0
0
0
0
0
0
0
0
228685
0
0
0
0
0
0
0
0
0
0
0
0
0
0
0
0
0
0
0
0
0
0
0
0
0
0
0
0
0
226435
0
0
0
229884
0
0
0
225299
0
0
0
0
0
0
0
0
0
0
0
0
0
0
0
0
0
0
0
0
0
0
0
0
0
0
0
0
0
0
261922
0
0
0
0
0
0
261922
0
0
0
0
0
227301
0
0
0
0
230378
0
0
0
0
0
0
0
0
0
227498
0
0
261922
0
0
0
0
0
0
0
0
0
0
0
0
0
0
0
0
0
0
0
0
0
0
0
0
0
0
0
0
0
231100
0
0
0
0
250012
0
0
0
0
0
0
0
0
0
0
227498
0
0
0
0
0
0
0
0
0
223149
0
0
0
0
0
228393
0
0
0
231100
244647
0
0
0
0
0
0
0
0
0
0
0
0
0
0
0
0
0
0
0
0
0
0
230378
0
228393
0
0
0
0
0
0
0
0
0
0
0
0
0
0
0
0
0
0
0
0
0
0
0
263398
0
0
0
0
0
0
0
0
0
0
0
0
0
0
0
0
0
0
0
0
0
0
0
0
230378
0
0
0
0
0
0
0
0
0
0
0
0
0
0
0
0
0
0
0
0
0
0
232162
0
230629
0
0
0
0
0
0
0
0
250521
241084
0
0
0
0
250521
0
0
0
0
0
0
0
0
0
0
0
0
0
0
0
0
0
0
0
0
0
0
230625
0
0
0
0
0
0
229620
0
0
0
0
233135
0
0
0
0
0
0
247027
0
0
0
0
0
233135
0
263398
0
0
0
233135
0
0
0
0
0
0
0
0
0
0
0
0
0
0
0
247027
0
0
0
0
0
0
0
0
0
0
0
0
0
0
0
0
0
0
263398
0
0
230629
0
0
0
0
0
0
0
0
0
0
0
0
0
0
230225
0
0
0
0
0
0
233135
0
0
0
0
0
0
0
0
0
0
0
0
231574
232150
0
0
0
0
0
0
0
0
0
0
0
0
231602
0
232150
0
0
0
230709
0
0
232150
0
0
0
0
0
0
0
0
0
230225
0
0
0
0
0
0
0
0
0
0
0
0
0
0
0
0
0
0
0
0
0
232630
0
0
0
0
0
0
0
0
231602
0
0
0
0
0
0
0
0
0
0
0
230709
0
0
0
0
0
0
0
0
0
0
0
0
0
0
0
0
0
0
0
0
0
0
245673
0
0
0
0
0
230709
0
0
0
0
0
0
0
0
231661
0
0
0
0
0
0
0
0
0
0
0
0
0
0
0
0
0
231255
248292
0
0
251920
0
246101
0
0
0
0
0
230915
233135
0
0
248292
0
0
0
0
0
0
0
0
0
0
0
0
0
0
0
0
0
0
0
0
0
0
0
0
0
0
0
0
0
0
0
0
0
0
263398
232367
225609
0
0
0
0
0
0
0
0
0
0
0
0
246428
0
0
0
0
0
0
0
0
0
0
0
233135
0
0
0
253531
0
0
225609
0
0
0
0
233135
0
0
0
0
0
0
0
0
0
0
0
230915
0
0
0
0
0
0
0
0
0
0
0
0
0
0
0
0
0
0
0
0
234361
0
0
0
233287
0
0
233397
0
0
249074
0
0
0
0
233287
0
0
0
0
0
0
0
0
0
0
247232
0
0
0
0
0
0
0
0
0
0
0
0
0
0
0
0
0
0
0
0
0
0
236200
0
0
0
0
0
0
0
0
0
0
0
0
0
253997
0
0
0
0
0
230968
0
0
0
0
249470
0
0
0
230968
0
0
236674
0
0
0
0
0
0
0
0
0
0
0
0
0
0
0
0
0
0
0
0
0
0
0
0
0
0
0
0
0
247276
0
0
0
0
0
0
0
0
0
0
0
0
0
0
0
0
0
233397
0
0
0
253997
0
0
0
0
0
0
0
228289
0
0
0
0
0
0
0
0
228289
0
0
0
238381
0
0
0
0
0
0
0
0
0
0
0
0
0
0
0
0
0
0
0
0
0
0
0
0
0
0
0
0
0
0
0
0
0
0
0
0
0
0
0
0
0
0
0
0
0
0
0
0
0
0
0
0
0
0
0
0
0
0
0
0
0
0
238397
0
266802
0
0
0
0
234326
0
0
0
0
0
0
0
0
0
0
0
0
0
0
0
0
0
0
0
0
0
0
0
0
0
0
0
0
0
0
0
0
0
0
0
0
0
0
0
0
0
0
0
0
0
253997
0
0
0
231947
0
0
0
0
0
0
0
0
0
0
0
0
249840
0
228466
0
0
0
0
0
0
0
0
0
0
0
0
0
235427
0
0
0
249851
0
236830
249840
0
0
0
0
0
0
0
235427
237198
0
0
0
0
235427
0
0
0
238671
0
249851
0
0
0
0
0
0
0
254718
267580
0
0
237198
0
0
0
0
0
249851
232516
0
0
0
0
0
0
0
0
0
0
0
249851
0
0
0
0
237198
0
0
0
0
0
0
0
0
0
0
0
0
239659
0
0
0
0
0
0
0
0
0
0
0
0
237198
0
0
0
0
0
0
0
0
0
0
0
0
0
237836
0
0
0
0
0
0
0
0
0
0
0
0
0
0
0
0
0
0
0
229269
0
0
0
0
0
0
0
0
0
0
0
0
0
0
0
0
0
0
238034
0
0
0
0
0
255389
0
0
0
0
0
0
0
0
0
0
0
0
0
0
0
0
0
0
0
0
0
0
0
0
0
0
0
267923
0
0
0
0
230004
0
240256
0
0
0
0
0
0
0
0
0
0
0
0
0
237598
0
240256
0
0
0
250022
0
0
0
0
0
0
0
0
0
0
0
0
0
267923
230382
0
0
0
0
0
0
0
0
0
0
0
0
0
0
0
0
0
0
0
0
0
0
0
0
0
0
0
0
0
0
0
0
0
0
0
0
0
0
0
0
0
0
0
0
0
0
0
0
0
230382
0
0
0
0
0
241517
0
238458
0
256622
0
241517
0
0
0
0
230382
0
0
230382
0
0
0
0
0
230382
0
0
237673
0
0
0
0
0
0
0
0
0
0
0
0
0
0
0
0
0
0
0
0
0
0
0
0
241517
0
0
0
0
0
0
0
239173
0
0
0
0
0
250723
0
0
0
239173
0
0
0
0
0
0
0
0
0
0
0
0
0
0
0
239427
0
0
0
0
0
0
0
0
0
0
0
0
0
0
0
0
0
0
0
0
0
239581
0
0
0
254347
0
0
0
0
0
239720
0
0
234548
0
0
0
0
0
0
0
0
0
0
0
0
0
0
0
0
0
0
250723
0
0
250723
0
242624
234548
0
0
0
0
239729
0
0
0
239729
0
0
242624
242815
0
0
0
0
0
0
0
0
0
0
0
0
0
0
0
0
0
0
0
239720
0
0
0
0
0
0
0
0
0
0
0
0
0
0
0
0
250723
0
0
0
0
0
0
0
0
0
0
234548
0
0
0
0
0
0
0
0
0
0
0
0
0
0
0
257944
0
0
0
0
0
0
0
0
0
0
0
0
251170
255985
0
0
0
0
0
0
0
0
0
0
0
0
0
0
0
0
0
0
0
0
0
243867
0
0
0
0
0
0
0
0
240133
0
0
0
0
0
0
0
0
0
0
0
0
259220
0
0
0
0
0
0
239775
0
0
0
0
0
0
0
0
0
0
0
0
0
0
244010
0
0
0
0
0
0
0
243867
0
0
0
0
244859
0
0
0
0
0
0
243977
0
0
0
0
239775
0
0
0
0
0
0
0
0
0
0
0
0
0
0
0
0
0
0
0
0
0
0
0
0
0
232399
0
0
243977
0
0
0
243977
0
0
0
0
0
269745
0
0
0
232399
0
0
0
0
0
244600
0
0
0
0
0
0
0
0
0
0
244859
0
234675
0
234675
0
0
0
240384
0
0
0
0
0
0
0
0
0
0
0
0
0
0
0
0
0
0
0
0
0
240964
0
0
0
0
0
244859
0
0
0
0
0
0
0
0
0
0
0
269745
0
0
0
0
0
0
0
0
0
0
0
0
0
0
0
0
0
0
0
0
0
0
0
0
0
0
0
0
0
0
256906
0
0
0
244663
0
0
262807
0
0
234675
0
0
234675
0
0
0
0
0
0
262807
0
0
0
0
0
0
0
0
0
0
0
0
0
243509
0
0
0
0
0
0
0
243509
0
0
0
0
0
0
0
0
0
0
0
270842
0
0
0
0
0
0
0
0
0
247329
0
0
0
0
0
0
0
0
0
0
0
0
0
0
0
0
0
0
0
0
0
0
233971
0
0
0
0
0
0
0
0
0
0
0
0
236194
0
0
0
0
0
246435
0
0
0
0
0
0
0
0
0
262807
0
0
0
0
0
0
0
0
0
0
0
0
0
0
0
271093
0
0
0
0
0
0
0
0
0
0
0
0
0
0
0
0
236194
254937
0
0
0
0
0
0
0
0
0
248311
0
0
0
0
0
0
0
0
0
0
0
0
0
0
0
0
0
0
0
0
0
0
0
0
0
254937
248311
0
0
0
0
0
0
264158
0
0
0
0
0
0
0
0
0
0
0
0
0
0
0
0
0
0
0
0
0
0
0
0
0
0
0
0
0
244679
0
0
0
0
0
0
0
0
0
0
0
0
0
0
0
254937
0
0
0
0
0
0
0
0
0
0
0
0
0
0
0
0
0
0
0
0
0
0
0
0
0
0
0
0
0
0
0
0
0
0
0
0
0
0
0
0
0
0
0
236446
250058
0
236446
0
0
236446
0
0
0
0
0
0
0
0
0
0
0
0
0
0
0
0
0
0
0
0
0
0
0
0
0
0
0
0
0
250058
0
0
0
0
0
0
0
236672
0
0
273176
248394
0
236446
0
0
0
0
0
0
0
0
0
0
0
0
0
0
0
0
236672
0
0
0
0
250058
0
0
0
0
0
0
0
0
0
0
0
236672
0
0
0
0
249628
0
0
0
0
0
0
0
0
0
0
0
0
0
0
0
0
0
0
0
0
273322
0
0
0
0
0
0
0
0
0
0
0
0
0
0
0
0
0
273322
0
236446
0
0
265054
0
0
0
0
0
0
0
0
251177
0
0
0
0
0
0
0
0
0
0
0
251177
0
0
0
0
0
0
0
0
0
0
265054
0
0
0
0
265054
0
0
0
0
0
0
0
0
0
0
0
0
0
0
0
0
0
0
0
