0
0
0
0
0
0
0
0
0
0
0
0
0
0
0
0
0
0
0
0
0
0
0
0
0
0
0
0
0
0
0
0
0
0
0
0
0
0
0
0
0
0
0
0
0
0
0
86
0
0
0
0
0
0
0
0
0
0
0
0
0
0
0
0
0
0
0
0
0
705
0
0
0
0
0
0
0
0
0
0
0
0
0
0
0
0
0
0
0
0
0
0
0
0
0
0
0
0
0
0
0
0
0
0
0
0
0
0
0
379
0
379
0
0
0
0
0
126
0
0
126
0
0
379
0
0
0
0
0
0
0
0
0
0
0
0
0
0
0
0
0
0
0
0
0
0
0
0
1228
0
0
0
0
0
0
0
1228
0
0
0
0
0
0
0
0
0
0
0
0
0
0
0
0
0
0
0
0
0
0
0
0
0
0
0
0
0
0
0
0
0
0
0
0
0
0
0
0
0
0
0
0
0
0
0
0
0
0
0
0
0
0
0
0
0
0
0
0
0
0
0
1034
0
0
0
0
0
0
0
0
0
0
0
0
2251
2251
0
0
0
0
0
0
2251
0
0
0
2251
0
0
0
0
0
0
0
795
0
0
0
0
0
0
2469
0
0
0
0
0
0
0
0
0
0
0
0
0
0
0
0
0
0
0
0
0
0
919
0
246
0
0
0
0
0
0
0
0
0
0
0
0
2251
0
0
246
0
0
0
0
0
2469
246
0
0
0
0
0
0
0
0
0
0
0
0
0
246
0
0
0
0
0
0
0
0
0
0
0
0
0
0
0
0
0
2120
0
0
0
0
0
0
0
0
0
0
0
0
0
0
0
0
0
0
0
0
0
0
0
0
0
0
0
982
0
0
0
0
0
0
0
0
0
0
0
0
0
0
0
0
2344
0
0
0
0
0
0
0
0
0
0
735
0
0
0
0
0
0
0
0
0
0
0
0
0
0
0
0
0
0
0
0
0
0
0
0
0
0
2344
0
0
2344
0
0
0
0
0
0
0
0
0
0
0
0
0
0
0
0
0
0
0
0
0
0
0
0
0
0
0
0
4047
0
0
0
0
0
0
0
0
0
0
2912
0
0
0
0
735
0
0
0
0
0
734
0
0
735
0
0
0
0
0
0
0
0
0
0
0
0
0
0
0
0
0
0
0
0
0
0
0
0
0
0
0
0
0
0
734
0
0
0
0
0
0
0
0
1730
0
0
0
0
0
2105
0
0
0
0
0
0
735
0
0
0
0
0
0
0
0
0
735
0
734
0
0
0
0
0
0
0
735
0
0
0
4047
4047
0
0
0
0
2669
0
0
0
0
0
0
0
0
0
0
0
0
0
0
0
1933
0
0
0
2669
0
0
0
0
0
0
0
0
0
0
0
0
0
0
0
0
0
0
0
0
0
0
0
0
0
0
0
1187
0
0
0
0
0
0
0
0
734
0
0
0
0
0
0
2344
0
0
0
0
0
0
0
0
0
0
0
1187
0
0
0
0
0
0
0
0
0
1933
0
0
0
0
0
0
0
1187
0
0
0
0
0
0
0
0
0
0
0
0
0
0
0
0
0
0
0
0
0
0
0
0
0
0
0
0
0
0
0
0
0
0
0
0
0
0
0
0
4047
0
0
3999
0
0
0
0
0
0
0
0
0
0
0
0
0
0
0
0
0
0
0
0
0
0
0
0
0
0
0
0
0
0
0
0
0
0
0
0
0
0
0
0
0
0
0
3086
0
0
0
0
4157
0
0
0
0
0
0
0
4047
0
0
0
0
0
0
4047
0
0
3086
734
0
734
0
0
0
0
0
0
0
0
0
0
0
0
0
0
0
0
0
4157
0
0
0
0
0
0
0
0
0
0
0
0
0
0
0
0
0
0
0
0
0
0
0
0
0
0
0
0
0
0
0
0
0
0
0
0
0
0
4872
0
0
0
0
0
0
0
0
0
0
0
0
0
0
0
0
0
4707
0
0
0
3086
0
3999
0
0
0
0
0
0
0
1999
0
0
0
0
0
0
3999
0
0
0
0
4157
0
0
0
0
4872
0
0
0
0
0
0
0
0
0
0
1999
0
0
0
0
0
0
0
0
0
0
0
1999
0
0
0
0
0
3086
0
0
0
0
0
0
0
4613
0
0
0
0
0
0
0
5454
0
5454
0
0
0
0
0
0
0
0
0
0
0
2006
0
0
0
0
0
0
0
0
0
0
2208
0
0
0
0
0
4613
0
0
0
0
0
0
0
0
0
0
0
0
0
0
0
0
0
0
0
0
0
0
4613
0
0
0
0
0
0
0
0
0
0
0
0
0
0
0
0
0
0
0
0
0
0
0
0
0
0
0
0
0
0
0
3221
0
0
0
0
0
0
0
4872
0
0
0
0
0
0
0
0
0
0
0
3221
0
0
0
0
5996
0
0
2006
0
3221
0
0
0
0
0
0
0
0
0
0
0
0
0
0
0
0
0
0
0
4872
0
0
0
0
3221
4494
0
0
0
0
0
0
0
0
0
0
0
0
0
0
0
0
0
0
0
0
0
0
0
1523
0
1523
0
0
0
1523
0
0
0
0
0
0
0
0
0
0
0
2006
0
0
0
0
0
1269
6790
0
0
0
0
0
0
0
0
0
0
0
0
0
0
0
0
0
0
0
0
0
0
4654
0
0
0
0
0
0
0
0
0
0
0
0
0
0
0
0
0
0
0
0
0
0
0
0
0
0
0
0
0
0
0
0
0
0
0
0
0
1421
0
4888
0
0
0
0
0
0
0
0
0
0
0
0
0
0
0
0
0
0
0
0
0
0
0
0
0
0
0
0
0
0
0
0
0
0
0
0
0
0
0
0
0
0
0
0
0
2539
0
4888
0
0
7189
0
0
0
0
0
0
0
0
0
4888
0
0
0
0
0
0
0
0
2006
0
0
0
0
0
0
2006
0
0
0
0
0
0
0
0
0
0
7189
0
0
5879
4494
0
0
0
0
0
0
0
0
0
0
0
0
0
0
0
0
0
0
0
0
0
4494
0
0
0
0
0
0
0
0
0
0
0
0
0
0
0
0
5917
0
0
0
4494
0
0
0
0
0
0
0
0
0
0
0
0
0
0
0
0
0
0
0
0
0
0
0
0
0
0
0
3221
0
0
1421
0
0
0
0
0
0
0
0
0
0
0
5917
0
5398
5879
3221
0
0
0
0
0
0
0
0
0
0
0
0
0
0
0
0
0
0
0
0
0
0
0
0
0
0
0
0
0
0
0
0
0
0
3221
5420
6351
3644
0
0
0
0
0
0
0
0
0
0
0
0
0
0
0
0
0
0
0
0
0
0
0
0
0
0
0
0
5917
0
0
0
0
0
5593
0
0
0
0
0
0
0
0
0
0
0
0
0
5879
0
0
0
0
0
0
0
0
0
0
0
0
0
0
0
0
0
0
0
0
5593
0
0
0
0
0
0
0
0
0
0
0
0
0
0
0
5593
0
0
0
7189
0
0
0
0
0
5879
3221
0
0
0
0
0
5593
0
0
0
0
0
0
0
0
0
0
0
0
0
5257
0
0
7338
0
0
0
0
0
0
0
0
0
0
0
0
0
0
0
0
0
0
0
0
0
0
0
0
0
0
0
0
0
0
0
0
0
0
0
0
0
5593
0
0
0
0
0
0
0
0
0
0
0
0
0
0
0
0
0
0
0
0
0
0
0
0
0
0
0
0
0
0
0
0
0
0
0
0
0
0
0
0
0
0
0
0
0
0
0
5609
6877
0
0
0
0
0
0
0
3221
0
0
0
0
0
0
0
0
0
6877
0
0
0
0
7338
0
0
7337
0
0
0
0
0
0
0
0
0
0
0
0
0
0
0
0
0
0
0
0
0
0
0
0
0
0
0
2842
0
0
0
0
0
0
0
0
0
0
0
0
0
2693
0
0
0
0
0
0
0
0
0
0
0
0
0
0
0
0
0
0
0
0
0
3518
0
0
0
2693
0
0
0
0
0
0
0
0
0
0
0
0
0
0
0
5609
3657
0
0
0
0
0
0
0
0
0
0
0
0
0
0
0
0
0
0
0
0
0
0
0
0
0
0
0
0
0
0
0
0
0
0
0
7189
0
0
0
0
0
0
0
0
7189
0
0
0
0
0
0
0
0
0
0
0
0
0
0
0
0
0
0
0
3657
0
0
0
0
0
0
0
0
0
0
8936
0
0
0
0
7189
0
0
0
0
0
0
0
0
0
0
5609
0
0
0
2693
0
0
0
0
0
0
7770
0
0
0
0
7189
0
0
0
0
0
0
0
0
0
0
3604
8240
0
0
0
0
0
0
0
0
0
0
0
0
0
0
0
0
0
0
0
0
0
0
0
0
0
0
8159
0
0
8240
0
0
0
0
0
0
5609
0
0
0
2693
0
0
0
0
0
0
2693
0
0
0
0
0
0
0
0
0
8728
0
0
0
0
0
0
0
0
7770
0
0
0
2693
0
0
0
0
0
0
0
0
8159
0
0
9604
2693
0
0
0
0
0
0
0
0
0
0
0
0
0
0
0
0
0
0
0
0
0
0
0
0
0
0
0
8159
0
0
0
0
9604
0
0
0
4064
0
0
0
0
0
0
0
0
0
0
0
0
0
0
0
0
0
0
0
0
0
0
0
0
0
0
0
0
0
0
0
0
0
0
0
0
0
0
0
0
0
5998
0
0
0
0
0
0
0
0
0
0
0
0
0
0
0
0
0
0
0
0
0
0
0
8159
2693
0
0
0
0
0
0
0
0
0
0
3958
0
0
0
0
0
0
0
0
8778
0
0
0
0
0
0
0
0
0
0
0
0
0
0
0
0
0
0
0
0
0
0
0
0
0
0
0
0
0
0
0
0
0
0
0
0
0
0
0
0
0
0
0
0
0
0
0
0
0
0
0
0
4750
0
0
0
0
9429
0
0
0
0
0
0
0
0
0
0
0
0
0
0
0
0
0
0
0
0
0
10817
0
5436
0
0
5436
0
0
0
0
0
0
0
0
0
0
0
0
0
0
0
0
0
0
0
0
0
0
0
0
2693
0
0
0
0
0
0
0
0
0
0
0
10965
0
4520
0
0
0
0
0
0
0
0
0
0
0
2693
0
0
0
0
0
0
0
0
0
0
0
0
4520
0
5697
0
0
0
0
0
0
5697
0
0
0
0
0
0
0
0
9797
0
0
0
0
0
0
0
0
0
0
9797
0
0
0
0
0
0
0
0
0
0
0
0
9797
0
0
6681
0
0
0
0
0
0
0
0
0
0
9535
0
0
0
5697
0
0
0
0
0
0
0
0
0
0
0
0
0
0
0
0
0
0
0
10515
0
0
0
0
0
0
0
0
0
0
0
0
0
0
0
7136
4520
0
10515
0
5697
9002
0
0
3535
0
0
0
9535
4520
0
0
0
0
0
0
0
0
0
0
0
0
0
11380
0
0
7955
0
5697
10604
0
0
0
0
0
0
0
0
0
0
0
0
0
0
0
0
0
0
0
0
0
0
0
0
0
0
0
0
0
0
0
0
0
0
4520
0
0
0
0
0
0
0
0
0
0
0
0
0
4520
0
0
0
0
0
0
0
0
0
0
0
0
0
0
0
0
0
0
0
11540
0
0
0
0
0
0
9002
0
0
0
0
0
0
0
0
0
0
0
0
0
0
0
0
7955
0
0
0
0
0
0
0
0
0
0
0
0
0
0
0
0
0
0
0
11540
0
0
0
0
0
0
0
11540
0
11361
0
0
0
11361
0
0
0
0
0
0
0
9632
0
0
0
0
4520
0
0
0
0
0
0
0
0
0
0
0
0
0
5981
0
0
0
0
0
0
9632
0
0
0
0
0
0
0
0
0
0
0
11380
0
0
0
0
0
0
7955
11361
0
12247
0
0
0
0
0
4694
0
7955
0
0
0
0
0
0
11361
0
0
0
0
0
10352
0
0
0
0
0
0
0
0
0
0
0
0
0
0
0
0
0
0
0
0
0
8408
0
10352
0
0
0
0
0
0
0
0
0
0
0
0
0
0
0
0
0
0
0
0
0
0
0
0
0
0
0
0
0
0
0
0
0
0
0
9632
0
0
0
0
0
0
0
0
0
11380
0
0
0
0
0
0
7073
0
0
0
0
0
0
0
0
0
0
0
0
0
0
0
0
0
0
0
0
0
0
0
0
0
0
0
0
0
0
0
0
0
0
0
0
0
0
0
0
0
0
0
0
0
0
0
0
0
0
5981
0
0
0
0
0
0
0
0
0
0
0
0
4694
8408
0
0
0
0
0
0
0
0
0
0
0
0
0
0
0
0
0
0
0
0
0
0
0
0
0
0
0
0
0
0
0
0
0
0
0
0
11380
0
0
0
0
0
0
4694
12800
0
0
0
0
0
0
0
0
0
0
0
0
0
0
0
11380
0
12087
0
0
0
0
0
9831
0
0
0
0
0
0
0
0
0
0
0
0
0
8408
0
0
8408
0
0
0
0
0
0
0
0
0
0
4816
0
0
0
0
7517
0
0
0
0
0
0
12087
0
0
0
0
0
0
4816
0
0
0
0
0
0
0
0
0
0
0
0
0
0
11199
0
0
0
0
0
5793
0
0
0
0
0
0
0
0
8408
0
0
0
12087
0
0
0
12087
0
0
0
0
8408
0
0
0
0
11199
12087
0
0
0
0
0
0
0
0
0
0
13406
0
0
0
0
0
0
0
0
0
0
0
0
8408
0
0
0
0
0
0
0
0
0
0
0
11199
0
11675
0
0
0
11199
0
0
0
0
0
13406
0
0
0
0
0
0
11675
0
0
0
5581
0
0
0
12087
7517
0
0
5581
0
0
0
0
0
0
7517
0
0
0
0
0
0
0
0
0
0
0
0
0
0
0
0
0
0
0
0
12087
0
0
0
13406
0
0
0
5581
0
0
0
0
0
0
0
0
0
0
0
0
0
0
0
0
0
0
0
0
0
0
0
0
0
0
0
10393
0
11675
0
0
0
0
0
0
0
0
0
11199
0
0
6190
0
0
0
0
0
0
0
0
13406
0
0
0
0
8408
0
0
0
0
0
11199
0
0
0
0
0
0
0
0
0
0
0
0
0
0
0
0
0
0
11675
0
0
0
0
0
0
0
0
0
0
0
0
0
11675
0
0
0
0
0
0
0
0
10393
0
0
0
0
0
0
0
11199
0
8408
0
0
0
0
0
0
0
0
0
0
8408
0
0
0
11199
0
0
0
0
0
0
0
0
5793
0
0
0
0
0
0
14091
0
0
0
0
0
0
0
0
0
0
0
0
0
6190
0
0
0
0
0
0
0
0
0
0
0
0
0
0
0
0
0
0
0
0
0
0
0
0
0
0
0
0
0
0
0
0
0
0
0
0
0
0
0
11675
5627
0
0
0
0
0
0
0
0
0
0
5793
6970
0
0
0
0
0
0
0
0
0
0
0
0
0
0
14091
0
0
0
0
0
0
0
6970
0
11199
0
0
0
0
0
11675
14091
8408
0
5793
0
0
0
0
0
0
0
0
0
0
0
0
0
0
0
0
0
0
0
0
0
0
0
0
0
0
0
0
0
0
0
0
0
0
0
0
0
0
0
0
0
0
6581
0
0
0
0
0
0
8408
14982
0
0
0
0
0
0
0
0
0
0
0
0
0
0
0
0
0
0
0
0
0
0
0
0
0
0
0
12156
0
0
0
0
0
0
0
0
0
0
0
0
0
0
0
0
0
0
0
0
0
0
0
0
0
0
11303
0
0
0
0
0
0
0
0
0
0
0
0
0
0
0
0
0
8408
12167
0
0
0
0
0
0
0
0
0
0
8408
0
0
0
8700
0
0
0
0
0
0
0
0
0
0
0
0
0
0
0
0
0
0
0
0
0
0
0
12845
0
0
0
0
0
0
0
0
0
0
0
0
0
0
0
0
0
0
0
0
0
8700
0
0
0
0
0
0
0
7054
6407
0
0
0
0
0
0
0
8408
0
0
0
0
0
0
0
0
0
0
0
0
8700
0
0
13925
0
0
0
0
0
0
8408
0
8700
8700
0
0
0
0
0
0
0
0
0
0
0
0
0
0
0
0
0
0
0
0
0
0
14982
6407
0
0
0
0
0
0
0
0
0
0
0
0
0
0
0
0
0
0
0
0
0
0
0
0
0
0
0
0
0
0
0
0
13323
0
0
0
0
0
0
0
0
0
0
0
0
0
0
0
0
0
0
0
0
0
0
8700
0
0
0
0
13323
0
0
0
0
0
0
0
0
0
0
0
0
0
0
0
0
0
0
0
14982
0
8700
0
0
0
0
0
0
0
0
0
0
0
0
0
0
0
0
0
0
12974
0
0
0
0
0
0
7747
0
0
0
0
0
0
0
0
0
0
0
0
0
0
0
14477
0
0
0
0
0
0
0
0
8700
0
0
0
0
0
0
0
0
0
0
0
0
0
0
0
7470
13941
0
0
0
0
0
7470
0
0
0
0
0
0
0
15386
0
0
0
0
0
0
0
0
13941
0
0
0
0
0
0
0
0
0
0
0
7747
0
0
0
0
0
0
7747
0
0
0
0
0
0
0
0
0
0
0
0
0
0
0
0
0
0
0
0
0
0
0
0
0
0
0
7470
0
0
11494
0
0
0
0
16212
0
0
0
0
0
0
0
0
0
0
0
0
9387
0
0
11494
0
0
14346
0
0
0
0
0
0
0
0
0
0
0
0
0
0
0
0
0
0
0
0
0
14346
0
0
0
0
0
0
0
0
0
0
0
0
14346
0
13323
0
0
0
0
0
0
0
0
0
0
0
0
0
0
0
0
0
0
0
0
0
0
0
0
0
0
0
0
9403
0
0
0
0
0
0
16800
0
0
16800
8919
7470
0
0
0
0
0
0
0
0
0
0
0
0
0
0
0
0
0
0
0
0
0
0
0
0
7470
11494
0
0
10214
0
0
0
0
10214
0
9572
0
0
0
15231
0
0
14184
0
0
0
0
0
0
0
0
9572
0
0
0
0
0
0
0
0
0
0
0
0
0
0
0
0
0
0
0
0
0
0
0
0
0
0
0
0
0
0
0
0
14792
0
0
0
0
0
0
0
0
0
0
0
0
0
0
0
0
0
0
0
0
0
0
0
0
0
0
0
0
0
0
0
0
0
0
15231
0
0
0
10169
9572
0
0
0
0
0
0
0
0
0
0
0
0
0
0
0
0
0
0
0
0
0
9572
0
0
0
17319
0
0
0
0
0
0
0
0
0
0
0
0
0
0
0
0
9244
0
0
0
0
0
0
0
0
0
0
9244
0
0
0
9244
0
0
0
0
0
0
0
0
0
0
0
0
0
0
0
15956
0
0
0
0
0
0
0
0
0
0
0
0
8362
0
9572
0
15915
0
0
0
0
0
0
0
0
0
0
0
0
0
0
0
0
9549
0
0
16513
15783
0
0
0
0
0
0
0
0
0
0
0
0
0
0
0
0
0
16513
0
0
0
0
8999
0
0
17992
0
0
0
11249
0
0
0
0
0
0
0
0
0
0
0
0
0
0
0
0
0
17992
0
0
0
0
0
0
0
0
0
0
0
0
0
0
0
0
0
0
0
9549
0
0
0
0
0
0
0
11687
0
0
0
0
0
0
0
0
0
15915
0
0
0
0
0
0
0
10014
11257
0
12399
0
0
0
0
0
0
0
0
0
0
12247
0
0
0
0
0
0
0
0
0
0
0
0
0
0
0
0
0
0
0
11249
0
0
0
0
0
0
0
0
0
0
0
0
17992
0
0
0
0
0
0
0
0
0
9572
0
0
0
0
0
0
0
12399
0
0
0
0
0
0
9549
0
0
0
0
0
0
0
0
0
9572
0
0
0
0
0
0
0
17577
0
0
9572
0
0
0
0
0
0
0
0
0
0
0
0
0
0
0
0
0
0
0
0
0
0
0
0
0
0
0
0
0
17079
0
0
0
0
0
0
0
17577
0
0
0
0
0
0
0
0
0
9766
0
0
0
0
0
0
0
0
17079
0
0
0
0
0
0
0
0
12399
0
0
0
9766
0
0
0
0
0
0
0
0
9729
17577
0
0
0
0
0
0
0
0
0
0
0
0
0
0
0
10244
0
0
0
0
0
0
9729
0
0
0
0
0
0
17577
15783
0
0
0
15783
0
0
0
0
10935
0
0
0
0
0
0
0
0
0
0
0
0
0
17577
0
0
0
0
0
0
0
0
0
0
0
0
0
0
0
0
0
0
12247
0
0
0
0
0
0
0
0
0
0
0
0
0
0
17577
0
0
0
0
0
0
0
0
0
0
0
0
0
0
0
0
0
0
0
0
0
0
0
0
0
0
12399
0
0
0
0
0
0
0
17992
0
0
0
0
0
12399
0
0
15783
0
15783
0
0
0
0
17577
12247
0
0
0
0
0
0
0
0
0
0
0
0
0
0
0
0
17873
0
17873
0
0
0
0
0
0
0
0
0
0
0
0
0
0
0
0
0
0
0
0
0
0
0
0
12540
0
0
0
0
0
0
0
0
11228
0
0
0
0
0
0
0
0
0
0
0
0
0
0
0
0
0
9729
0
0
0
0
17992
0
0
0
0
0
0
0
0
0
0
0
0
0
0
0
0
0
0
0
0
0
0
13078
0
0
0
0
0
0
0
0
0
12399
0
0
0
0
0
13078
0
0
11228
0
0
0
0
0
0
0
0
16603
0
0
0
0
0
11228
0
0
0
0
0
11228
0
0
0
0
0
0
0
0
0
0
0
0
0
17943
0
0
0
0
0
0
0
0
0
0
0
0
0
0
0
0
12399
0
0
0
0
0
12540
0
0
0
0
0
0
12540
0
0
0
0
0
0
0
19015
0
0
0
0
0
0
0
0
0
0
0
0
0
0
12540
0
0
0
0
0
0
0
0
0
0
0
0
0
0
0
0
0
10043
0
0
0
0
0
0
0
0
11228
0
0
0
0
0
0
0
17612
0
0
0
0
0
0
0
0
0
0
0
0
0
0
12399
0
0
0
0
0
0
0
0
0
0
0
0
0
0
0
0
0
0
0
0
0
10043
0
17932
0
0
0
19015
0
0
0
17932
0
0
0
0
0
0
0
0
0
0
0
0
0
11879
0
0
0
0
0
0
0
17873
0
0
0
0
0
0
0
0
0
0
0
0
0
0
0
12540
0
0
0
0
0
0
0
0
10930
0
0
0
0
0
0
0
0
0
0
0
0
0
0
0
0
0
20044
0
0
11879
0
0
0
0
0
0
0
0
0
0
0
18089
0
0
0
0
0
17873
0
0
0
0
0
12399
0
0
0
0
10930
0
0
20044
0
0
0
0
0
0
0
0
0
0
0
0
0
12540
0
0
0
0
0
0
0
0
0
0
0
0
0
0
0
0
0
0
0
0
0
0
0
0
0
0
0
0
0
0
0
0
0
17932
0
0
0
0
0
0
0
0
0
0
0
11130
0
0
0
0
0
0
0
0
0
0
0
0
0
0
0
0
0
0
0
0
0
0
0
0
0
0
0
0
0
0
0
0
11130
11130
0
0
0
0
0
0
0
12295
0
0
0
0
0
0
21528
0
0
0
0
0
0
18576
0
0
0
0
0
0
12824
0
0
0
0
0
0
0
0
0
0
0
0
0
0
0
0
12295
0
0
0
0
0
0
0
0
0
0
0
18576
0
21528
0
0
0
0
0
0
0
0
0
0
0
0
0
0
0
0
0
0
0
0
0
0
0
0
0
17932
0
12442
0
0
13955
0
0
13315
0
20045
0
0
13315
0
0
0
0
0
0
21528
0
0
0
0
0
0
0
0
0
0
0
0
0
0
0
0
0
0
0
0
0
0
0
0
0
0
0
0
0
0
0
0
0
0
13427
0
0
0
0
0
0
0
0
0
0
0
0
0
0
0
0
0
0
0
0
0
0
0
0
0
0
0
0
0
0
0
0
20045
0
0
0
0
0
0
0
18147
12442
0
0
0
13427
0
0
0
0
0
0
0
0
0
12180
0
0
0
0
0
12842
0
0
0
0
0
0
0
0
0
0
0
0
0
0
0
0
0
12442
0
0
0
0
0
0
0
0
0
0
0
0
0
0
0
0
0
0
0
0
14318
0
0
18554
0
0
0
0
0
0
0
0
0
0
0
0
0
0
0
0
0
0
0
0
0
0
0
0
0
0
0
0
0
12442
0
0
0
0
0
0
0
0
0
0
0
0
13256
0
18147
0
0
0
12873
0
0
0
0
0
0
0
0
0
0
0
0
0
0
0
0
0
21528
13955
0
0
0
0
0
0
0
0
13955
0
0
0
12442
0
0
14318
0
0
0
0
0
0
0
13256
0
0
0
0
0
18147
0
0
0
0
0
0
0
12442
0
0
18147
0
0
0
0
0
0
0
0
0
0
0
0
0
0
0
12873
0
0
0
0
0
0
0
0
0
0
0
0
0
0
0
12442
0
0
0
0
0
0
0
0
0
0
0
0
0
0
0
0
12787
0
0
0
0
0
0
0
0
0
0
0
0
0
0
0
0
0
0
18147
0
0
13170
0
0
0
0
0
0
0
0
13256
0
0
18147
0
0
0
0
0
0
0
13020
14318
0
0
0
0
0
0
0
13427
20878
0
0
0
0
0
0
0
0
0
0
0
0
0
0
0
0
0
0
0
0
0
0
0
20878
0
0
0
0
0
0
0
0
0
0
0
0
0
0
0
0
0
0
18147
0
0
0
0
0
0
0
0
14734
0
0
0
0
0
18554
0
0
0
0
0
0
0
0
0
0
0
18147
14258
0
0
0
0
0
0
0
0
0
20878
0
0
0
0
0
0
0
0
0
0
0
0
0
0
0
0
0
13794
0
18147
0
0
0
0
0
18554
15147
0
0
0
0
0
0
0
0
0
0
0
0
0
0
0
0
0
0
0
0
0
0
0
0
0
0
0
0
0
0
0
0
0
0
0
0
0
0
0
0
0
0
0
0
0
0
0
0
0
0
0
0
18554
0
0
14498
0
0
0
0
0
0
0
0
0
0
0
0
0
0
0
0
13794
15147
0
0
0
0
0
0
0
18147
0
0
0
0
20878
0
0
20878
0
0
14498
0
0
0
0
0
0
0
0
0
0
0
0
0
0
0
0
0
0
0
0
0
0
0
0
0
0
20878
0
19159
0
0
0
0
0
0
14258
0
0
0
0
0
0
0
0
0
0
0
19159
0
0
22050
0
0
0
0
0
22050
0
0
0
0
0
0
0
0
0
0
0
0
0
0
0
0
0
0
0
0
0
0
0
0
0
16280
0
0
0
22050
0
0
19159
0
0
0
0
0
0
0
0
0
0
0
0
0
0
0
0
0
0
0
0
0
0
0
0
0
0
14498
16280
0
0
0
0
0
0
0
0
0
0
0
0
0
20878
0
0
0
0
0
0
0
0
14932
0
0
0
0
0
0
0
0
0
0
0
0
0
0
0
0
16280
0
0
0
22050
0
0
0
0
0
0
0
0
0
0
0
15268
0
0
0
0
0
0
0
0
0
0
0
0
0
0
0
0
0
0
0
13794
0
0
0
0
0
0
15268
0
0
0
0
0
0
0
0
0
18624
0
0
0
0
0
0
0
0
0
0
0
0
0
0
20180
0
0
0
22050
0
16280
0
0
0
0
0
0
0
0
16280
0
0
0
0
15147
0
0
18624
0
14132
0
0
0
0
0
0
0
0
0
0
0
0
20878
0
0
0
0
0
0
0
0
18624
0
0
0
0
0
0
0
0
0
0
0
0
0
0
0
0
0
0
0
0
0
0
0
0
0
0
0
0
0
0
0
0
0
0
22932
0
0
0
0
18624
0
0
0
0
0
0
0
0
0
0
0
0
0
0
0
0
0
14132
0
0
0
0
0
0
0
0
0
0
0
0
0
0
15238
0
0
0
0
0
0
0
0
0
0
0
0
0
20878
0
0
22932
0
0
0
0
0
0
0
22932
0
16181
0
0
0
0
0
0
0
0
16181
0
0
0
0
0
0
15746
0
0
0
0
16390
0
0
0
0
0
0
0
0
0
0
0
18624
0
0
0
0
0
0
0
0
0
0
0
0
22932
0
0
0
0
0
0
0
0
0
0
0
16067
14500
16011
0
0
0
0
0
0
0
0
0
16181
0
0
0
0
0
14500
0
0
0
0
0
0
0
0
0
0
0
0
0
0
0
0
0
0
0
0
0
0
0
0
0
0
0
16390
0
0
0
0
16866
0
0
0
0
0
0
0
0
0
0
22640
0
0
0
0
0
0
0
0
0
0
0
0
0
0
0
16390
0
22932
0
0
0
0
0
0
0
0
0
0
21415
0
0
0
0
0
0
0
0
0
0
0
0
21415
0
0
0
0
0
0
0
0
14500
0
0
0
0
0
0
0
0
0
0
0
0
0
0
0
0
0
0
0
0
0
0
0
0
0
0
0
0
0
0
0
0
0
16011
17225
17472
0
0
0
0
0
0
0
0
0
0
0
0
14500
0
0
0
0
17776
0
0
0
0
0
18624
0
16011
0
0
0
0
0
0
0
0
0
0
0
0
17776
0
0
16390
17776
0
17776
0
0
0
0
0
0
0
0
18624
0
0
0
17472
0
0
0
0
22640
0
0
0
0
0
17472
0
0
0
0
0
0
0
0
22640
0
0
0
0
0
0
0
0
0
0
18528
16390
0
0
0
0
0
0
0
0
0
0
0
0
0
0
0
0
18624
0
0
0
0
0
0
0
0
0
0
0
0
0
15521
0
0
0
0
0
0
0
0
0
23492
0
0
0
0
0
0
0
0
0
0
0
0
0
0
0
0
0
0
0
0
0
0
23492
0
0
0
0
17656
0
0
0
0
18096
0
0
0
0
0
0
0
0
0
0
0
15521
0
0
0
0
0
0
23492
0
0
0
0
0
0
0
0
0
0
0
0
17656
0
0
0
0
0
0
0
0
0
0
0
21415
0
0
0
0
17656
0
0
23522
0
0
0
0
0
0
0
21415
0
0
0
0
0
18528
0
0
0
0
0
18528
0
0
0
0
0
0
0
15521
0
0
0
0
0
0
0
0
0
23522
0
18853
0
0
0
0
0
0
0
0
0
0
0
0
0
0
0
0
0
0
0
0
0
17123
0
0
0
0
0
0
0
15802
0
21415
18853
0
0
0
0
0
0
0
23522
0
0
0
15802
0
0
0
0
0
0
0
0
0
15802
18853
0
0
0
0
0
0
23522
0
0
0
0
21415
0
23600
0
0
0
0
0
0
0
0
0
0
0
18853
0
0
0
0
0
0
0
0
0
0
0
0
0
0
0
0
0
0
18853
22265
0
0
0
0
0
0
0
0
0
0
0
0
0
0
0
0
0
0
0
19800
0
0
0
0
0
0
18455
0
0
0
0
0
0
0
0
0
0
0
19800
0
0
0
0
0
0
0
0
0
0
0
0
0
0
0
0
0
0
0
0
0
19800
0
0
0
0
0
18853
0
22265
0
0
0
0
0
0
0
16595
0
0
0
0
0
0
0
0
0
0
0
0
0
24562
18853
0
0
23522
0
0
0
0
0
0
0
18096
0
0
0
0
0
0
0
0
0
0
0
0
0
0
0
0
0
0
0
0
0
0
0
19196
0
0
0
0
18096
0
0
0
0
0
0
0
0
0
0
0
0
0
0
19196
0
16095
0
0
0
0
0
0
0
0
16595
0
0
0
0
16595
0
0
0
0
0
0
0
0
0
0
0
0
0
0
16595
0
0
0
0
0
0
0
0
0
0
0
0
0
0
0
0
0
0
0
0
25072
0
0
0
0
0
0
0
0
0
0
0
0
0
0
0
0
0
0
0
0
0
0
0
0
0
0
0
25072
0
0
0
0
0
0
0
0
18853
0
0
16095
0
0
0
0
0
0
19800
0
23985
18974
0
0
0
19800
0
0
0
0
19800
0
0
0
0
0
0
0
0
22265
0
22265
0
0
0
0
18974
0
20590
0
23985
0
0
0
0
0
0
0
0
0
0
0
0
0
18974
0
0
18853
0
0
0
0
0
0
0
0
0
0
0
0
0
0
0
0
0
0
0
0
0
0
0
0
0
19877
0
0
0
20590
0
0
0
0
0
19484
0
0
0
0
0
0
0
0
0
0
0
0
0
0
0
0
0
0
0
0
0
0
0
0
0
0
0
19595
0
0
0
0
0
19595
0
19595
0
0
0
0
0
0
0
19921
0
0
0
0
0
0
0
0
0
19552
0
0
0
0
0
23299
0
0
0
0
0
0
0
0
0
0
0
0
16595
0
0
0
20858
0
0
0
0
0
0
0
0
0
0
0
0
0
0
0
0
0
0
0
0
0
0
0
0
0
0
0
20151
0
0
0
0
0
0
23299
0
0
0
0
0
0
0
0
0
0
0
0
0
0
0
0
0
0
0
23985
0
0
0
0
0
0
0
0
0
0
0
0
0
0
0
0
0
0
0
0
0
0
0
0
21559
0
0
19552
0
0
0
0
0
0
20918
0
0
0
0
0
0
0
0
0
20151
0
16595
0
0
0
0
0
0
0
0
25713
0
16595
0
0
0
0
16595
0
0
0
0
0
0
0
0
0
0
0
0
0
0
0
0
0
0
23299
0
16301
0
0
20918
0
0
0
0
0
0
0
0
0
0
0
23299
0
0
19921
0
0
0
0
0
0
0
0
0
0
0
0
0
0
0
0
0
0
0
0
0
24993
0
0
0
0
0
0
0
0
0
0
0
0
0
25807
0
0
0
21142
0
23299
0
21142
0
0
0
0
0
0
25807
0
0
0
0
0
0
0
0
0
0
0
0
0
0
0
0
16595
0
23007
24993
0
0
23007
0
0
0
0
17043
0
0
0
0
0
0
0
0
0
0
0
0
0
0
0
0
0
0
0
0
0
0
0
0
0
0
0
0
0
0
0
0
0
0
0
0
0
0
0
0
0
0
0
0
25170
20918
0
0
0
0
0
21142
0
0
0
0
0
0
0
0
16595
19552
0
0
0
19552
0
0
0
0
0
0
0
0
0
0
25284
0
0
0
0
0
0
0
0
0
0
0
0
0
0
0
0
19921
0
0
0
0
0
0
25284
0
0
0
0
0
0
0
0
23547
25807
0
0
0
0
0
0
0
0
0
21142
0
0
0
0
0
0
0
0
0
0
0
0
0
21142
0
0
19921
0
0
0
0
0
0
0
26362
0
23547
0
0
0
25284
0
0
24150
0
0
0
0
26362
0
0
23547
0
0
21142
19921
0
0
0
0
0
0
0
0
0
0
19921
0
21142
0
0
0
20181
0
0
0
0
19560
0
0
0
0
0
0
0
0
0
24150
0
0
0
0
0
0
0
0
0
0
0
0
0
26362
0
0
0
0
0
0
0
0
0
0
0
0
0
0
0
0
0
0
0
0
0
20181
0
0
0
0
0
0
0
0
0
0
0
0
0
0
17385
0
0
0
0
0
0
0
0
0
0
0
0
0
0
0
0
0
0
0
0
0
0
0
0
0
0
0
0
0
17577
0
0
0
0
0
0
0
0
0
22946
0
0
0
20181
0
24150
0
0
0
0
0
26715
0
0
0
0
0
26362
0
0
0
0
0
0
0
0
0
0
25068
26362
0
0
0
0
0
0
0
0
0
26715
0
0
0
0
26362
0
0
0
0
0
0
0
0
0
0
0
17385
0
0
0
0
0
0
0
0
0
0
0
0
0
0
0
0
0
0
22946
0
0
0
0
0
0
0
0
0
0
0
0
0
24150
0
0
0
0
0
0
0
0
0
0
0
19560
22108
0
0
0
0
0
19560
26715
0
0
0
0
0
0
0
24399
0
0
22108
0
0
0
0
0
0
0
0
0
0
0
0
0
26362
18167
0
0
0
0
0
19560
0
0
0
0
0
0
0
0
0
0
0
0
0
0
0
0
0
0
0
0
0
19560
22601
0
0
0
0
0
0
0
0
0
0
0
0
0
0
0
0
0
19560
0
22601
19554
0
0
0
0
0
0
0
0
0
0
0
0
0
0
0
0
0
0
0
0
0
0
0
0
0
0
21441
0
0
0
18560
0
0
0
0
0
21441
0
0
0
0
0
0
0
0
0
0
0
0
0
0
19554
0
0
0
0
0
0
0
0
0
0
26362
0
0
25369
0
0
0
0
0
0
0
0
0
0
0
0
0
0
0
0
0
0
0
0
0
0
0
19822
0
0
0
0
0
0
0
0
0
0
0
25369
0
0
0
0
0
0
0
0
0
0
0
0
0
25369
0
0
0
0
0
0
0
0
0
0
0
0
0
0
0
25059
0
0
0
0
0
0
0
0
0
0
0
0
0
0
0
0
0
0
0
0
0
0
0
0
0
25059
0
0
0
0
0
0
27933
0
0
0
0
0
0
0
0
0
0
0
0
25059
0
0
0
0
0
0
0
0
27933
0
0
0
0
0
0
26051
0
0
0
0
0
0
0
0
0
0
0
0
0
0
0
0
0
0
0
0
20419
0
0
0
20419
0
0
0
0
0
20377
0
0
0
0
0
0
0
0
0
0
0
0
20377
23477
0
0
0
0
0
0
0
0
21441
0
0
0
0
0
0
18568
0
0
0
20377
0
0
0
0
0
0
0
0
0
0
0
0
0
0
0
0
20419
0
0
27933
20377
0
0
0
0
0
0
0
0
0
0
0
0
0
25369
0
0
25807
0
0
0
0
0
0
0
0
0
0
0
0
0
0
0
0
0
0
0
0
21441
0
0
25807
0
0
0
0
0
27933
0
0
20848
0
0
0
0
25807
0
0
0
0
0
0
0
0
25807
0
0
0
0
0
0
0
0
0
0
0
25369
0
0
0
0
0
0
0
0
0
0
0
0
0
0
0
0
0
0
0
0
20883
0
0
0
0
0
0
0
0
0
0
0
20883
0
0
0
0
0
0
0
0
0
0
0
0
0
0
0
26680
0
0
0
0
0
0
0
0
0
0
0
0
0
0
0
0
0
0
0
0
0
0
0
0
18568
0
0
0
0
0
0
0
0
0
0
25017
0
0
0
0
0
0
0
0
0
0
0
0
0
0
0
0
0
0
0
0
0
0
0
0
0
0
0
0
0
0
25017
0
21667
0
0
0
0
20848
0
0
0
0
0
0
0
0
0
0
0
0
27302
0
0
0
0
0
0
21441
0
0
0
0
0
0
0
0
0
0
0
0
0
0
0
30471
0
0
0
0
0
0
0
0
0
0
0
0
0
0
0
0
0
0
0
0
0
0
0
0
0
0
0
0
0
25436
0
0
0
0
0
0
0
0
0
0
0
0
0
0
0
0
0
0
0
0
0
0
0
0
0
0
0
0
0
0
0
0
0
0
0
0
0
0
0
22126
0
0
0
0
0
0
0
0
0
0
0
0
0
0
0
0
0
0
0
0
0
0
0
0
0
0
0
0
0
0
0
0
0
0
0
0
0
0
0
0
0
0
0
0
0
0
0
0
0
21663
0
0
0
0
0
0
0
0
0
0
0
0
0
0
0
0
0
0
0
0
0
0
0
0
0
0
0
0
0
0
0
0
0
0
0
0
0
0
0
28847
0
0
0
0
21663
0
0
20027
0
0
0
0
0
0
0
0
0
0
21441
0
0
0
0
0
0
0
0
0
0
0
0
0
0
0
0
0
0
0
21441
21663
0
0
0
0
0
0
0
30471
0
0
0
0
0
0
0
0
0
0
0
0
0
0
0
0
0
0
0
0
0
20027
0
0
0
0
0
0
0
0
0
0
0
0
0
0
0
0
0
0
0
0
28745
28745
0
0
0
0
0
0
21441
0
0
0
0
0
0
0
0
0
0
0
0
0
0
26449
0
0
0
0
0
0
0
0
0
0
0
0
0
0
0
0
0
0
0
0
0
0
0
0
0
0
0
0
22223
0
21832
31852
0
0
0
0
0
0
0
0
0
0
0
25556
0
0
0
21441
0
0
0
0
0
0
0
0
0
0
23477
0
0
0
0
0
0
0
0
0
0
0
0
0
0
0
0
0
0
0
0
0
0
0
0
0
0
0
31852
0
0
0
0
0
0
0
0
0
0
0
0
0
0
0
0
0
0
0
31852
0
0
0
0
0
27080
0
0
0
0
0
0
23477
0
0
0
0
0
22857
29391
0
0
0
0
0
0
0
0
0
0
0
0
0
0
0
0
0
0
20027
0
0
0
0
0
0
0
0
0
0
0
0
0
0
0
20027
27710
0
0
0
0
0
0
0
0
0
0
0
0
0
0
0
0
0
0
0
0
0
0
0
0
0
0
0
0
0
0
0
29391
0
0
0
0
0
0
0
0
22857
0
22857
0
20027
0
0
0
0
0
0
0
0
0
0
0
0
0
0
31852
0
0
0
0
0
0
0
0
0
0
0
0
25556
0
0
0
0
0
0
0
0
0
0
0
0
0
0
0
0
0
0
0
0
0
0
0
0
26504
23131
0
0
0
0
0
0
0
0
0
0
0
0
28596
0
0
0
0
0
0
0
0
0
0
0
0
0
0
0
0
26332
0
0
0
31915
26332
26504
0
0
0
0
0
0
0
0
26332
26504
0
0
0
0
0
0
0
0
0
0
0
0
0
0
0
0
0
0
0
0
0
0
26332
0
0
0
0
0
0
0
0
0
0
0
0
0
0
0
0
0
0
0
0
0
0
0
0
0
0
0
0
0
0
0
0
0
0
0
0
0
0
0
0
0
0
0
0
29900
0
0
0
0
0
0
0
0
0
0
0
0
0
0
0
0
0
0
0
32706
0
0
0
23556
0
0
0
22964
0
0
0
0
0
26504
0
0
0
28596
0
0
0
0
0
20027
0
0
0
0
0
0
24102
0
0
0
0
23556
0
0
0
0
0
0
0
0
32706
0
26332
0
0
0
0
22964
0
0
0
0
0
0
0
0
0
0
0
0
0
0
0
0
0
0
0
0
0
0
0
0
0
0
26332
0
0
0
0
30410
0
0
0
0
22964
0
0
0
0
0
0
0
0
0
0
0
0
0
0
0
0
22964
0
0
0
0
0
0
0
0
0
0
0
0
0
0
0
0
0
0
0
0
0
26332
0
0
0
0
29468
0
0
0
0
0
0
0
24102
0
0
0
31193
0
0
31193
0
32706
0
0
0
0
0
0
0
0
0
0
0
0
0
0
0
0
0
0
0
0
0
0
0
0
28596
0
0
0
0
0
0
29468
0
0
0
0
0
24102
0
0
26332
22964
0
0
0
0
0
0
0
0
0
0
0
0
0
0
0
0
20027
0
0
0
0
0
0
0
33245
0
0
0
26332
0
0
0
0
0
0
0
0
0
0
0
0
0
0
0
0
0
0
0
0
0
0
0
0
25037
0
0
0
0
0
0
0
0
0
0
0
0
0
0
0
0
0
0
0
0
0
0
0
0
0
0
25037
0
0
0
0
0
0
0
0
0
0
0
0
0
0
0
0
0
29628
28596
0
0
0
0
0
0
0
0
0
0
0
0
31945
0
0
0
0
0
0
0
0
0
0
0
0
0
0
0
0
0
0
0
0
0
0
0
0
21481
23556
0
0
0
0
0
0
0
0
0
0
25037
0
28596
0
23523
0
0
0
0
0
0
0
0
0
33245
0
0
0
0
0
0
0
0
0
0
0
0
0
26332
29628
0
0
0
0
0
0
0
23556
0
0
0
0
0
0
0
0
0
0
0
0
0
0
0
0
30110
0
26332
0
0
24165
0
0
0
0
0
0
0
0
0
0
0
0
0
0
24165
0
0
0
0
0
0
0
0
0
0
0
0
0
0
0
0
0
0
0
30473
0
0
0
0
0
0
0
0
0
0
22554
0
0
0
0
0
0
0
0
0
0
0
0
0
0
0
0
30473
0
0
0
28596
27131
0
0
0
0
0
0
0
0
0
0
0
0
0
0
0
0
31945
0
0
0
0
0
0
0
0
0
0
0
0
0
0
0
0
0
0
0
0
0
30331
0
0
0
0
0
0
28703
0
0
0
0
0
0
0
0
0
0
31945
0
0
0
25037
0
0
0
0
0
0
0
30331
0
0
0
0
0
23744
0
0
31945
0
0
0
0
0
0
0
0
0
0
27916
0
0
0
0
0
0
33852
31945
0
0
0
0
0
0
0
0
0
0
0
0
0
0
0
0
23744
0
0
0
0
0
0
0
0
30331
0
30473
0
0
0
33852
0
0
0
0
0
0
0
0
0
0
0
0
22554
0
0
0
0
24259
22554
0
0
0
24694
0
0
0
0
0
27916
0
0
0
0
0
32070
0
0
0
0
0
25037
0
0
0
0
0
0
0
24259
0
0
0
0
0
0
0
0
0
0
0
0
0
0
0
0
0
0
0
0
0
0
0
0
0
0
0
0
23459
0
0
0
0
0
0
0
0
32070
24259
0
0
0
0
0
0
0
0
0
0
0
0
0
0
0
0
0
0
0
0
0
0
0
30473
0
0
0
0
0
0
0
0
0
0
0
0
0
0
0
0
0
0
0
0
0
0
0
0
0
0
0
0
0
0
0
0
0
0
0
0
0
0
0
0
0
0
0
0
0
0
0
0
0
0
0
0
27916
0
0
0
0
32796
0
0
0
0
0
0
0
0
0
0
0
0
0
0
0
0
0
0
0
0
0
0
24259
0
0
0
0
0
0
23459
25037
0
0
0
0
0
0
0
0
25037
30473
0
0
0
0
0
0
34542
0
0
0
0
0
0
0
0
0
0
0
0
0
0
29767
0
0
0
0
0
0
0
0
0
0
31075
0
0
0
0
31075
30473
0
0
25388
0
0
0
0
0
0
0
0
0
0
0
0
29140
0
0
34542
0
24259
0
0
0
0
23459
0
0
0
25388
0
0
0
0
0
0
24259
0
0
0
0
0
31075
0
0
0
0
0
0
0
0
0
0
0
0
0
0
0
0
0
0
0
0
0
0
0
0
24093
0
0
0
0
0
0
0
0
0
0
0
0
24259
0
0
0
0
0
0
0
0
0
0
0
0
0
0
0
0
0
0
0
0
26325
0
0
0
0
0
0
0
0
25354
0
0
0
0
0
0
0
0
0
31075
0
0
0
0
24649
24093
25354
0
0
0
0
0
0
0
0
0
0
0
0
0
0
0
0
0
0
0
0
0
0
0
0
0
0
0
34565
0
0
0
0
0
0
31804
0
0
0
0
0
0
0
0
0
0
31804
0
0
0
0
0
26325
0
0
0
0
0
35585
0
0
0
0
0
24649
0
0
34565
0
0
0
0
29767
0
0
24649
0
0
0
0
0
0
0
0
0
0
0
27311
0
0
0
0
0
0
0
0
0
0
0
0
0
0
0
0
0
0
0
0
0
0
24649
0
0
0
0
0
0
0
0
0
0
0
0
0
0
0
0
0
0
0
0
27311
0
0
0
0
0
0
0
0
0
0
0
0
0
0
0
30473
0
0
0
0
0
27311
0
0
0
0
0
0
0
0
0
0
0
0
0
0
0
0
0
0
0
35585
0
0
0
0
0
0
0
0
0
0
0
0
0
0
0
0
0
0
0
0
0
0
0
0
0
0
0
0
0
0
0
0
0
0
0
29820
0
0
0
0
0
0
29820
0
0
0
0
0
0
0
0
0
0
0
0
0
0
0
0
0
0
0
0
0
0
0
0
0
0
0
0
0
29562
0
0
0
0
0
0
0
0
0
0
0
27434
0
0
0
30824
0
34565
0
0
0
33087
0
0
0
0
0
0
0
0
0
27434
0
0
0
0
0
25591
25591
0
0
0
0
35585
0
0
0
0
0
0
0
0
0
0
0
0
0
0
0
0
30105
0
0
0
36019
0
0
0
34565
0
0
0
0
0
0
0
0
0
0
0
0
0
0
0
0
0
0
0
0
0
0
0
0
0
0
0
27434
0
25011
0
0
0
0
0
0
0
0
0
0
0
0
0
0
0
0
0
0
0
0
0
0
30824
0
0
0
0
0
0
0
0
0
0
0
0
0
0
0
0
0
0
31365
0
0
0
0
0
0
0
0
0
0
0
0
35351
0
0
0
30379
0
0
0
0
0
0
0
0
27626
0
0
0
0
0
0
30379
27626
0
0
0
0
0
0
33022
0
0
0
25591
0
0
0
0
0
27626
0
0
0
0
0
0
0
0
0
0
0
0
0
0
0
27626
0
0
0
0
25591
0
0
27626
0
0
0
0
25011
0
0
0
0
0
0
0
25591
0
33022
0
27626
0
0
0
0
0
0
0
0
0
0
0
0
0
0
0
0
0
0
33022
0
0
0
0
0
0
0
0
0
0
31365
0
0
33022
0
28038
0
0
0
0
0
0
0
0
0
0
0
0
0
0
0
0
33087
0
0
0
0
0
0
0
0
0
28038
0
0
0
0
0
0
0
0
0
0
0
0
0
0
0
0
0
0
0
0
31365
0
0
0
0
0
0
37287
0
33087
0
0
0
0
0
0
0
33022
0
0
0
0
0
0
0
0
0
0
0
33990
0
0
0
0
0
0
0
0
0
30890
0
0
0
0
0
38078
0
25591
0
0
0
0
0
0
0
0
0
0
0
0
38078
0
0
0
0
0
29158
0
0
0
0
0
0
0
0
0
0
0
0
0
0
0
0
0
0
0
0
0
0
0
0
0
0
0
0
0
0
0
0
0
0
0
0
0
29158
0
38078
0
0
0
0
0
0
0
0
0
38078
0
0
33315
0
0
0
0
0
0
0
0
0
0
31365
0
0
0
0
0
25011
0
0
0
0
0
0
0
0
0
0
0
0
0
0
25011
0
0
0
35367
0
0
0
0
29158
0
0
0
0
0
0
0
0
0
0
0
0
0
0
0
0
0
0
0
0
38625
0
0
0
0
0
0
0
0
0
0
0
0
0
0
0
38979
0
0
0
0
0
0
0
33315
31365
0
0
0
0
0
0
0
0
0
0
0
0
0
0
0
0
0
0
0
0
0
0
0
0
31365
0
0
0
0
0
0
0
0
0
0
0
31528
0
0
0
0
0
0
0
0
0
0
0
0
0
0
0
0
0
0
0
0
0
0
0
0
0
31528
0
0
0
0
0
0
0
26418
0
0
0
0
0
0
0
0
0
0
27626
0
0
0
0
0
38979
0
0
0
0
0
0
0
0
0
0
0
0
0
0
0
0
0
0
0
0
0
0
0
38979
0
35367
0
34759
0
0
0
0
0
0
0
0
0
0
0
0
0
0
0
0
0
0
27626
0
38979
0
0
0
0
0
0
0
0
0
0
0
0
0
0
0
0
26418
0
0
0
0
0
0
0
0
0
38979
0
0
31810
0
0
0
0
0
0
0
0
0
0
0
0
0
0
0
0
0
0
0
0
0
0
0
0
0
26418
0
0
0
0
0
35713
0
0
0
0
0
31810
34467
0
0
31810
0
0
0
0
0
0
0
0
0
0
0
0
0
0
0
0
0
0
0
0
0
0
0
35713
35713
0
0
0
0
27626
0
0
0
0
0
0
0
32506
0
0
0
0
0
36387
0
0
0
0
0
0
0
0
0
0
0
0
0
0
0
0
31821
0
0
0
0
0
0
0
0
0
0
0
0
0
0
0
0
0
0
0
0
32506
34467
0
0
0
0
0
0
0
0
27626
0
0
0
0
0
0
0
0
0
0
0
0
0
0
0
0
0
0
0
0
0
34467
0
0
34467
0
0
0
0
27626
0
0
35713
0
0
0
34467
0
0
0
0
0
25011
0
0
0
0
0
0
0
0
0
0
25011
0
0
0
0
0
0
0
0
0
0
0
36999
0
35713
0
0
0
0
0
0
0
0
0
0
0
0
0
0
0
0
0
0
0
0
0
0
27626
0
0
0
38979
0
0
0
0
0
0
26418
0
0
0
0
0
0
0
26418
0
36999
0
0
0
0
0
0
0
34247
0
0
0
0
0
0
0
0
0
32729
0
26911
0
0
0
0
0
0
32729
0
0
0
0
0
0
0
0
25211
0
0
0
0
0
0
0
0
0
0
0
0
0
0
0
0
0
0
38979
0
38979
0
0
0
0
0
0
0
0
0
0
0
0
0
0
0
0
0
0
0
0
0
0
0
0
0
0
0
0
0
0
0
0
0
0
0
0
0
0
0
0
0
0
29756
36999
0
0
27026
0
0
0
0
0
0
0
0
0
0
27026
0
0
0
0
0
0
0
0
0
0
0
0
0
0
0
0
0
0
0
0
0
0
0
29756
0
0
0
0
0
0
0
0
0
0
0
0
0
0
0
34247
0
0
0
0
0
0
38979
0
0
0
0
0
0
0
0
0
0
0
0
0
0
32729
0
0
0
0
0
0
0
0
0
0
37114
0
0
32729
0
0
0
0
0
0
0
0
0
0
0
0
0
37114
0
0
0
0
0
0
0
0
0
0
0
0
0
0
0
0
0
0
0
0
0
0
0
0
0
0
0
0
0
0
0
0
0
0
0
0
0
0
0
0
0
0
0
0
0
0
0
28800
0
0
0
0
0
0
0
0
0
0
0
0
0
0
37307
0
0
0
0
0
0
0
0
0
0
0
0
0
0
0
0
0
0
0
0
37307
0
0
0
0
0
0
0
0
0
0
36841
0
0
0
0
0
0
0
0
0
0
0
0
0
0
0
0
0
0
0
0
0
0
0
0
0
36841
0
37302
0
0
0
0
0
0
34265
0
0
0
0
0
0
0
0
0
0
0
0
0
0
0
0
0
0
0
0
0
26788
0
39749
0
0
0
0
0
0
0
29126
0
0
0
0
0
0
29756
0
0
0
0
0
37302
0
0
0
0
0
29126
0
0
0
0
0
0
0
0
0
26788
0
0
0
0
0
0
0
0
0
0
0
0
0
0
0
0
0
0
0
0
0
0
0
0
0
0
29756
0
0
0
0
0
0
0
0
0
0
0
27311
0
0
0
0
0
0
0
0
0
0
0
0
38296
0
0
0
29126
0
0
0
0
0
0
0
0
0
0
0
0
0
0
0
0
0
0
0
33973
0
0
0
0
0
30623
0
0
0
0
0
0
0
38296
0
0
38453
0
0
0
0
0
0
0
31307
0
0
0
0
0
0
0
0
0
0
0
0
0
38068
0
0
0
41483
0
0
0
0
0
0
0
0
0
0
38453
0
0
0
0
0
0
0
0
0
0
0
0
0
0
0
0
0
0
0
0
0
0
0
0
0
0
0
0
0
0
0
0
0
42221
0
0
0
0
0
0
0
0
0
0
35315
0
0
0
42221
0
0
0
0
0
38854
38296
0
31559
0
42221
0
0
0
0
0
0
0
0
0
0
0
0
0
0
0
0
0
0
0
0
0
0
0
34496
0
0
0
0
0
38068
0
0
0
0
0
0
0
0
35579
0
0
0
0
0
0
0
0
0
0
0
0
0
0
0
0
35579
0
0
0
0
31559
0
0
0
29833
0
0
0
0
0
0
0
38854
0
0
0
0
0
0
0
0
0
42830
0
0
0
0
0
0
38854
0
0
0
0
0
0
0
0
0
0
38068
38068
0
30512
0
35579
38296
38854
0
0
0
0
0
0
38068
0
0
0
0
0
0
0
0
0
0
0
0
0
0
0
0
0
30512
30512
0
0
0
0
0
38296
0
0
0
0
0
0
0
0
0
0
0
0
0
0
0
0
0
0
0
29647
29647
0
0
0
0
0
0
0
0
0
31616
0
0
0
0
0
0
0
0
0
0
0
35579
0
0
29647
0
0
34496
0
42830
0
0
0
0
0
0
0
31616
0
0
38854
0
0
0
34496
0
0
0
0
0
0
0
0
0
0
0
0
0
0
0
0
0
0
0
0
0
0
0
0
0
0
0
0
0
0
0
0
0
0
0
29647
0
0
0
0
0
0
35103
0
0
0
0
0
0
0
0
0
0
0
0
0
0
31987
0
0
0
0
0
0
0
0
0
0
0
0
0
42830
0
0
0
0
0
0
0
0
0
0
0
0
39205
0
0
0
0
0
0
0
0
0
0
0
0
0
35103
0
0
0
0
0
0
0
0
0
0
31354
0
0
0
0
0
0
0
0
0
0
0
0
0
33767
0
0
0
0
0
0
0
0
0
0
0
0
0
0
0
0
0
0
0
42388
0
0
0
0
0
35635
0
0
0
0
0
0
38963
0
0
0
0
0
0
0
0
0
0
0
30559
0
30559
0
0
0
0
0
0
0
0
0
0
0
0
0
0
42830
42830
35635
0
0
0
0
0
38963
0
30559
0
42830
0
0
0
0
0
0
0
0
33767
0
0
35393
0
0
0
0
0
0
35393
0
0
0
0
0
31707
0
0
0
0
0
0
0
0
0
0
42388
0
0
0
0
0
0
0
33767
0
0
0
0
0
39646
0
0
0
0
0
0
0
0
0
0
0
0
0
0
43590
0
0
0
43590
0
0
0
0
0
0
0
0
0
0
0
0
0
0
0
0
0
0
0
0
0
0
0
0
0
0
0
0
0
0
0
0
42388
0
0
0
0
0
0
0
0
0
0
0
0
0
0
0
0
0
0
0
0
0
0
0
0
0
0
0
0
0
0
0
0
0
0
0
0
0
0
0
0
0
0
0
0
0
0
0
0
0
0
36955
0
0
0
0
0
0
0
0
0
0
0
0
0
0
0
0
0
0
0
0
0
0
0
0
0
0
0
31616
0
0
0
0
0
0
0
0
0
0
0
0
0
0
0
0
0
0
0
0
0
0
0
0
0
31616
40395
0
0
0
0
0
0
0
0
0
0
35475
0
0
0
0
0
0
0
0
0
0
0
32491
35475
0
0
0
0
44183
0
0
36955
0
0
0
0
0
0
35475
0
0
0
0
0
35475
0
0
40395
0
0
0
0
0
0
0
0
0
0
0
0
0
32491
32491
0
0
0
0
0
0
0
0
31616
0
0
0
0
0
0
0
0
40964
0
31616
0
0
0
0
0
0
0
0
0
0
0
0
0
36955
0
0
0
0
0
0
0
0
0
0
0
0
0
0
0
0
35570
0
44811
0
0
0
0
0
0
0
0
0
0
35570
0
0
0
0
0
0
0
40852
0
0
0
0
0
0
0
0
0
0
0
0
0
0
0
32863
0
40964
0
0
0
42954
32046
0
0
42954
0
0
0
0
0
0
0
0
0
0
0
0
0
0
0
36464
0
44811
0
0
0
0
0
0
0
0
0
0
0
0
0
0
0
0
31616
33124
0
0
0
0
0
0
0
0
0
0
0
0
0
0
0
0
0
0
0
0
0
0
36464
0
0
0
0
0
0
0
0
40964
0
33124
0
0
0
0
0
33124
0
0
0
0
0
0
0
0
0
0
0
0
0
0
0
0
0
0
0
0
0
0
0
0
0
0
0
0
0
0
0
0
0
0
0
0
0
0
0
0
33124
41702
0
0
0
0
0
0
0
0
0
0
0
0
0
0
0
0
0
0
33124
0
0
0
0
0
0
0
0
0
0
0
0
0
0
0
0
0
37579
0
0
0
0
33124
41736
0
0
0
0
0
0
0
0
0
37579
0
0
35695
41702
0
0
0
0
0
0
0
0
0
0
0
0
0
0
0
0
0
0
0
0
0
0
0
0
0
35695
0
0
32752
0
0
0
33124
0
0
0
0
0
0
0
0
0
0
32726
0
0
41736
0
0
0
0
46567
0
0
0
0
42508
0
0
0
0
41736
0
0
35695
0
0
0
0
0
0
33124
0
0
0
0
0
0
0
0
0
0
0
36471
0
36471
0
0
32752
0
0
0
0
0
0
0
0
0
0
0
0
0
0
32752
0
0
0
0
0
37579
0
0
0
0
0
0
0
0
42954
0
0
0
0
0
0
0
0
0
0
0
0
0
0
0
36471
36021
0
0
0
36021
0
0
0
0
0
0
0
0
42508
0
0
47207
0
0
0
0
33437
0
0
0
0
0
0
0
0
0
0
0
0
0
0
0
0
0
0
0
0
0
0
0
0
0
0
0
0
33124
32752
0
0
0
0
0
0
0
0
0
0
0
0
0
0
0
0
0
0
0
0
0
0
0
42954
0
0
0
47207
0
0
0
36021
0
0
0
0
0
0
0
0
0
33437
0
0
0
0
36471
0
0
0
0
0
33124
0
0
0
0
0
0
0
0
0
0
0
0
0
0
0
0
0
0
0
0
37005
0
0
0
0
0
0
0
0
0
42954
0
0
37736
0
0
0
0
0
0
0
0
33594
0
0
0
0
0
0
0
0
0
33124
0
0
0
0
0
0
0
0
0
0
0
0
0
0
0
0
0
0
43171
42747
0
0
0
0
0
0
0
0
33437
0
0
0
0
0
0
0
0
0
0
0
0
0
43302
43171
0
0
0
42747
0
0
0
0
0
0
0
0
0
0
0
0
0
0
0
0
0
0
0
0
0
0
0
0
0
33893
0
0
0
37736
0
0
42747
0
0
0
0
0
0
0
0
0
0
0
0
0
0
0
47207
0
0
0
0
0
0
0
36747
0
0
0
0
0
0
0
0
0
0
0
0
0
0
0
0
0
0
0
0
0
0
0
0
0
0
0
0
0
0
0
0
0
0
0
0
0
0
0
0
0
0
0
0
0
0
0
0
37736
0
0
0
0
0
0
0
0
0
0
0
0
0
0
0
0
0
0
0
0
42747
0
0
0
0
0
0
0
0
0
0
0
0
0
0
0
0
0
0
0
0
44494
0
0
0
0
0
0
47207
0
44494
0
0
0
0
43738
37982
0
0
0
0
0
0
0
37736
0
0
0
0
0
0
0
0
0
0
0
0
0
0
0
0
0
0
0
0
34821
44494
0
37594
0
43171
0
43738
0
0
0
0
0
0
43171
0
34623
0
0
0
0
0
0
0
44494
0
47207
0
0
0
0
0
0
0
0
0
0
0
0
0
0
0
0
0
0
0
0
0
0
0
0
0
43171
0
0
0
0
0
0
0
0
0
0
0
0
0
0
0
0
0
0
37594
37736
0
0
0
0
0
0
0
0
0
0
0
37594
0
0
0
0
0
0
0
0
0
0
0
0
0
0
0
0
37736
0
0
0
0
0
0
0
0
0
0
0
0
0
37736
0
0
0
43738
0
0
0
0
0
0
0
0
34623
0
0
34439
0
0
0
0
0
0
0
0
0
0
34439
0
38084
0
0
0
0
0
0
0
0
0
0
0
0
0
0
0
0
0
0
0
0
0
0
0
0
0
0
0
0
0
0
0
43171
0
0
44514
0
0
0
0
0
45675
0
0
0
0
0
0
0
0
37858
0
0
0
0
0
0
0
0
0
47207
0
44514
0
0
0
0
0
0
0
0
0
38084
0
36528
0
0
0
0
0
0
36007
0
0
0
0
0
0
0
0
36007
0
0
0
0
0
45675
0
0
0
0
0
0
0
0
0
0
0
0
0
0
0
37736
35870
0
0
0
0
37736
0
0
38130
0
0
37858
35870
0
0
45675
0
0
0
0
0
0
0
0
0
0
0
0
0
0
0
0
0
0
0
0
0
0
0
0
0
0
0
0
0
38130
0
0
0
0
0
0
0
0
37736
0
44514
0
0
0
0
0
0
36704
0
37078
0
0
38130
0
0
0
0
38130
0
0
0
0
0
0
0
0
0
0
0
0
0
0
0
0
0
0
0
0
0
0
0
0
0
0
0
0
0
0
0
0
0
0
0
0
0
0
0
46354
0
0
0
0
0
0
38130
0
0
0
0
0
0
0
0
0
0
0
0
0
0
0
0
0
0
44125
0
0
0
0
0
0
47311
0
0
0
0
0
0
0
0
0
0
0
0
0
0
0
0
0
36169
0
0
0
0
0
0
0
0
0
0
0
0
0
0
0
0
0
0
0
0
0
0
0
0
0
0
0
0
0
0
0
0
0
0
0
0
0
0
0
0
0
0
0
0
0
0
0
0
0
0
37736
0
36169
0
0
0
0
0
0
0
0
0
0
0
0
47207
0
0
0
0
0
0
0
0
0
0
0
0
37736
0
0
0
0
0
0
0
0
0
0
0
0
0
0
0
0
45200
0
0
0
0
0
0
0
0
0
0
0
0
0
0
0
0
0
0
0
0
0
0
0
0
0
0
0
0
0
0
0
0
0
0
0
0
0
0
0
0
0
0
0
0
0
0
0
0
0
0
0
0
0
0
0
0
0
0
0
0
0
0
0
38701
0
36704
0
0
0
0
0
0
0
0
0
0
0
0
0
40807
0
0
0
0
0
0
0
0
0
0
0
0
0
0
40807
0
38701
0
0
0
0
0
0
38701
0
0
0
0
0
0
36704
0
0
0
0
0
0
0
0
0
0
0
0
0
38701
0
38081
0
36169
0
0
45200
0
0
0
0
0
0
0
0
40807
0
0
0
0
0
0
0
0
0
0
0
0
0
0
0
0
0
0
0
0
0
38081
0
0
0
0
0
0
45613
0
38701
0
0
0
0
0
0
0
0
0
0
0
45613
0
0
0
0
0
0
0
0
0
0
47535
36704
0
0
0
0
36801
0
0
0
36801
0
0
0
0
0
0
0
0
45066
0
0
0
0
45066
0
0
0
0
0
0
0
0
0
0
0
0
0
0
0
0
0
0
0
36801
0
0
0
0
0
0
0
0
0
0
0
0
39554
36801
0
0
0
0
0
0
0
0
0
0
0
0
0
0
0
0
0
0
0
0
0
37155
0
0
0
40123
0
0
0
0
0
37155
0
0
0
0
40807
0
0
0
0
37155
0
0
0
36801
0
0
0
0
0
0
45066
0
0
0
0
0
0
0
0
0
0
0
0
0
0
0
0
0
0
0
0
0
0
0
0
0
0
0
0
0
0
0
0
0
0
0
0
0
0
0
0
40726
0
0
0
0
0
40807
0
0
0
0
0
0
0
0
0
0
0
0
0
0
0
0
0
0
0
0
0
0
0
0
0
39905
41810
0
0
39905
37987
0
0
0
0
0
0
0
0
0
0
0
0
0
0
0
0
0
0
0
0
0
0
0
0
0
0
49263
0
0
0
0
0
0
0
0
0
0
0
0
0
0
0
0
0
0
0
0
0
0
0
0
0
0
0
0
0
0
0
0
0
0
0
0
0
49263
0
40467
0
0
0
38896
48278
0
0
0
0
0
0
0
0
40467
0
0
0
0
49873
0
0
37444
0
48278
0
0
0
0
0
0
0
0
0
0
0
37987
0
0
0
0
0
0
0
0
0
0
37444
0
0
0
0
0
0
0
0
0
0
0
0
0
0
48278
0
0
0
0
0
0
0
0
0
0
0
0
0
0
0
0
40561
40561
0
0
0
0
0
0
0
0
41693
0
0
0
0
0
0
0
0
0
0
0
0
0
0
0
0
0
37444
0
0
0
0
0
0
0
0
0
48901
0
39121
0
0
0
0
0
0
41810
0
0
0
0
0
0
0
0
0
0
0
0
0
0
0
0
0
0
0
0
0
0
0
45770
0
0
39135
0
0
0
0
0
0
0
0
0
0
0
0
0
0
0
0
0
0
39121
0
0
0
0
45770
0
42211
0
0
0
49873
0
0
0
0
42211
0
0
0
0
45770
0
0
37444
0
0
0
0
0
0
0
0
0
0
0
0
0
0
0
0
0
0
0
0
0
0
0
0
0
0
0
0
0
0
0
0
0
0
0
45770
0
0
0
0
0
0
46870
0
0
0
0
0
42211
39135
0
0
0
0
0
0
0
0
0
0
0
0
0
0
0
0
39343
0
0
0
0
0
0
0
0
0
0
0
0
0
0
0
0
42211
0
0
0
0
0
0
0
42211
0
0
0
0
0
0
0
0
0
0
0
0
0
0
0
0
0
0
0
0
45770
43509
0
0
0
0
0
0
0
0
0
0
49873
0
0
0
0
0
0
0
0
0
0
0
0
0
0
0
0
0
0
0
0
0
0
0
0
0
0
0
0
0
0
0
0
0
0
40962
0
0
0
0
0
0
0
0
0
0
0
0
0
0
0
0
0
0
0
0
0
0
0
0
0
0
0
0
0
0
0
0
0
43509
0
0
0
49431
0
0
0
0
0
0
0
0
40962
0
38290
0
0
42211
45770
0
0
0
0
0
0
0
0
0
0
0
0
0
0
0
0
0
0
0
0
0
0
0
0
50089
0
0
0
0
0
0
0
0
0
40962
0
0
0
0
0
0
0
0
49624
0
0
0
0
0
0
0
0
0
0
46870
0
0
0
0
0
0
0
0
0
0
0
0
0
0
0
0
0
0
0
0
39984
0
0
0
0
0
0
0
0
0
0
0
0
0
0
0
0
0
0
0
0
0
0
0
0
0
0
0
0
0
0
0
0
0
0
0
0
0
46870
0
0
0
0
0
0
0
0
0
0
49624
0
0
0
0
0
0
0
0
0
0
0
0
0
0
39927
0
0
0
0
0
0
0
0
0
0
46870
0
0
0
0
0
0
0
0
0
0
0
0
0
0
0
0
0
0
0
0
0
0
0
0
0
0
0
0
0
0
0
0
0
0
0
0
0
43219
0
0
0
0
0
0
0
0
0
0
0
0
43509
0
0
0
0
0
0
0
0
0
0
0
0
0
0
0
0
0
0
0
0
0
0
0
0
0
0
0
0
0
0
0
0
0
43509
0
0
0
0
0
0
0
0
0
0
0
0
0
47773
0
0
0
0
0
0
0
0
0
0
0
0
0
0
0
0
0
0
0
0
39927
49624
0
0
0
0
0
0
0
0
0
48519
0
0
0
0
0
0
0
0
0
43026
0
0
0
0
0
0
0
48519
0
0
0
0
0
0
0
0
0
0
0
0
0
0
0
0
0
0
0
0
0
0
0
0
0
0
0
0
0
0
0
0
0
0
0
40885
0
49624
0
0
0
0
0
0
49624
0
0
0
0
0
0
0
0
0
0
0
0
40885
0
39927
0
0
0
44805
0
0
0
0
0
0
0
0
0
0
0
0
0
0
43219
0
0
0
0
0
0
0
0
0
0
0
0
0
0
0
0
0
0
0
0
38290
0
0
0
0
0
0
0
0
0
0
0
0
0
0
0
0
0
0
0
0
50566
0
0
0
0
0
39927
0
0
0
0
0
0
0
0
0
0
0
0
0
0
0
0
0
0
0
0
0
0
43274
0
0
43366
0
0
0
0
0
44805
0
0
47837
0
0
0
0
0
39927
0
50566
0
0
0
0
39927
0
0
50566
0
0
0
0
0
0
0
0
0
0
0
0
0
43274
0
0
43366
0
49535
0
0
0
39927
0
0
0
0
0
0
50566
49535
0
0
0
0
44834
0
0
0
0
0
0
0
0
0
0
43274
0
47837
0
0
0
0
0
0
0
0
0
0
0
0
0
0
0
0
0
0
0
0
47837
0
0
0
0
0
0
0
0
0
0
0
0
0
0
0
0
0
51359
0
0
0
0
0
0
0
0
0
0
51489
0
0
0
0
0
49535
0
0
0
0
0
0
0
0
0
0
0
43366
0
0
0
0
0
0
0
0
0
44293
0
0
0
0
0
46331
0
0
0
49535
0
51489
0
0
0
0
0
0
0
0
0
0
0
0
40949
0
0
0
0
0
40949
0
0
0
0
0
0
0
0
0
0
0
0
0
0
0
0
0
0
0
0
0
0
0
0
51489
0
0
49535
0
0
0
0
0
0
44188
44188
0
49535
0
0
0
0
0
0
0
0
0
0
0
0
0
0
0
44255
0
0
0
0
0
0
0
0
0
0
0
0
0
0
0
44255
0
0
0
0
0
0
0
0
0
0
0
0
0
0
0
0
0
0
0
0
0
0
0
0
0
0
0
0
0
0
0
0
41041
49535
0
0
0
0
0
0
0
0
0
0
0
0
0
0
0
0
49304
0
0
0
0
0
0
0
0
0
0
49304
0
0
0
0
0
0
49535
0
0
0
0
0
0
0
44293
0
0
0
0
0
51489
0
0
0
0
0
0
0
0
0
0
0
0
0
0
0
0
0
0
51489
0
0
52204
0
0
0
0
0
0
0
47171
0
0
0
0
0
0
0
0
0
0
44255
0
0
0
0
51489
0
0
0
0
0
41041
0
0
0
0
0
0
0
0
0
0
0
0
0
0
0
44203
0
0
0
0
0
0
0
0
0
0
49535
0
0
0
0
0
0
44203
0
0
0
0
0
0
0
0
0
0
49535
0
0
0
0
0
52871
0
0
0
0
0
0
0
0
0
0
0
0
0
0
0
0
0
0
0
0
0
0
0
0
0
0
0
0
0
0
0
0
0
45831
0
0
0
0
0
0
0
44736
0
0
0
0
0
0
0
0
0
0
0
0
0
0
0
45831
0
0
0
44519
0
47950
0
0
0
0
0
0
0
0
0
0
0
0
0
41851
0
0
47950
0
0
0
0
0
0
44519
0
51660
0
0
0
0
0
47950
0
0
0
0
47950
0
0
0
0
0
0
45831
0
0
0
0
0
0
0
39244
0
0
0
0
0
0
42384
0
0
0
0
0
0
0
0
0
0
0
0
0
0
0
0
0
0
47950
0
0
50976
0
0
44726
0
0
0
0
0
0
51660
44726
0
0
0
0
50976
0
0
0
0
47950
0
0
0
0
45831
0
0
0
0
49535
0
0
53399
0
0
0
0
0
0
0
0
0
0
0
0
0
0
0
0
0
0
0
0
0
0
0
0
0
0
0
0
0
0
0
0
0
0
0
0
0
0
0
0
0
0
0
0
0
0
0
0
0
0
0
0
45285
0
0
0
0
0
51261
0
0
50516
0
53664
42384
0
0
42384
0
0
0
0
0
0
0
46559
0
0
0
0
0
0
0
0
0
0
0
0
0
0
0
0
0
42384
48907
53664
0
0
0
0
0
0
0
0
0
42384
0
0
0
0
51660
0
0
0
0
0
0
0
0
0
0
0
0
0
0
0
0
0
0
0
0
0
0
0
0
0
0
0
0
0
0
40754
0
0
0
0
0
0
0
0
0
0
0
40754
0
0
0
0
0
0
0
0
0
0
0
0
47306
0
0
0
0
0
0
0
0
0
0
0
0
0
0
0
0
0
0
0
0
0
0
0
0
0
0
0
0
0
0
0
0
0
0
0
0
0
53168
54152
0
0
0
0
0
0
0
0
0
0
0
0
0
0
0
0
51660
0
0
0
0
0
0
0
0
0
0
0
0
0
0
0
0
0
0
0
0
0
0
42384
0
0
0
0
0
0
0
0
0
0
0
0
0
0
0
48907
0
0
0
0
52241
0
0
0
0
0
53168
0
0
0
0
0
0
0
0
0
0
0
0
0
0
0
0
0
0
0
0
0
0
0
0
49576
0
0
53168
0
53168
41461
0
0
0
0
0
0
0
0
0
0
0
0
0
0
0
0
0
0
0
0
53777
0
0
53777
0
0
0
0
0
0
0
0
0
0
53168
0
0
0
0
0
0
0
0
0
0
0
0
0
0
0
0
0
0
0
0
0
0
0
0
0
0
0
0
0
0
0
0
0
51660
0
0
0
54152
0
0
0
0
0
43340
0
0
0
0
0
0
0
0
46434
0
0
0
0
0
42469
0
0
0
0
0
0
0
0
54152
0
0
0
0
0
0
0
0
0
0
0
0
0
0
0
0
0
46434
0
0
0
0
0
0
0
0
0
0
46639
0
0
0
0
0
0
46434
0
0
0
0
0
0
0
0
0
0
0
0
0
0
0
0
0
0
0
0
0
51660
0
0
0
0
0
0
0
0
0
0
0
0
0
0
0
0
0
0
0
0
0
0
0
53396
0
0
0
0
0
0
51660
0
0
0
54255
0
0
0
0
0
0
0
0
0
0
0
0
0
0
0
0
0
0
0
46434
0
0
0
0
0
0
0
0
0
0
0
0
0
0
0
0
0
0
0
0
0
0
0
0
0
0
0
0
0
0
0
0
46434
0
0
0
0
0
0
0
0
0
0
0
0
0
50218
0
0
0
0
0
0
0
0
0
0
0
0
0
0
0
0
0
0
0
43616
0
0
0
0
0
0
0
0
0
0
0
0
0
0
0
0
0
0
0
0
0
0
52318
0
0
0
0
0
0
0
0
0
0
0
54299
0
0
0
0
0
0
0
0
0
47057
43642
0
53184
0
0
0
0
0
50218
0
0
0
0
53184
0
0
0
0
0
0
0
0
47009
0
0
0
0
0
0
0
0
0
0
0
0
0
0
0
0
0
0
0
0
0
0
0
47717
0
0
0
0
0
0
0
0
0
0
0
0
0
0
0
0
0
0
53184
0
0
0
0
0
0
0
0
0
0
0
0
0
47699
0
0
0
0
0
0
0
0
0
0
0
0
0
0
0
0
0
0
0
0
0
0
0
0
0
0
0
0
53184
0
0
0
0
0
0
0
0
50904
0
47057
43642
0
0
0
0
0
0
0
0
0
0
0
0
0
0
0
0
47699
47699
0
0
0
55189
0
0
47057
0
0
0
43642
0
0
0
0
55582
47699
0
0
0
0
0
0
0
0
0
0
0
0
0
0
0
0
0
0
0
0
0
0
0
0
0
0
0
0
0
0
0
0
0
0
0
0
0
0
55189
0
0
0
0
0
0
0
0
0
0
0
0
0
0
0
0
0
0
0
0
0
0
0
0
0
0
0
0
0
0
0
0
0
0
0
0
0
0
0
0
0
0
0
0
0
0
0
0
0
0
0
0
0
43642
0
0
0
43642
0
0
0
0
0
0
0
0
0
0
0
0
0
0
0
0
0
0
0
0
0
0
0
0
0
0
0
0
0
0
0
0
47326
0
0
0
0
0
0
0
0
0
0
0
0
0
0
0
0
0
0
44524
0
0
0
0
0
0
0
0
0
0
0
0
0
0
0
0
0
0
0
0
0
0
0
0
0
0
0
0
0
0
0
0
0
0
54767
0
0
0
56762
54767
0
47717
0
0
43642
0
52653
0
0
0
0
0
0
0
0
0
0
0
0
0
0
0
0
0
0
0
43642
0
0
0
0
0
0
0
0
0
0
0
0
0
0
47326
0
0
0
0
0
0
0
0
0
0
0
0
0
55641
0
0
0
48660
0
0
0
0
0
0
0
0
0
47519
0
0
0
0
0
0
0
0
0
0
0
0
0
52653
0
48660
57874
0
0
0
0
0
0
0
0
0
0
0
0
0
0
0
0
0
0
0
0
0
0
0
0
0
0
0
47519
0
0
0
0
48612
0
0
0
0
0
0
0
0
0
0
0
0
0
0
0
56306
0
0
0
0
0
0
0
0
0
0
0
0
48660
0
0
0
0
0
0
0
49006
48660
0
0
0
0
0
0
0
0
0
0
0
0
0
0
0
0
49006
0
0
0
0
0
0
0
0
0
0
0
0
0
0
0
0
0
0
0
56587
0
0
0
0
0
0
0
0
0
48660
0
0
0
0
0
0
0
0
48660
58426
0
0
0
0
48227
0
0
0
0
44919
0
0
0
0
0
0
0
0
56344
0
0
0
0
0
0
45060
53556
58856
0
0
0
0
0
0
0
45060
0
0
0
44676
0
0
0
0
0
0
0
0
56742
0
0
0
0
0
0
0
0
0
0
56742
0
0
0
45686
0
0
0
0
0
45686
0
0
45686
0
0
0
0
0
0
0
0
0
0
58856
56798
0
0
0
0
0
0
0
0
0
0
0
0
0
0
56798
0
49006
0
0
0
45060
0
49830
0
0
0
0
0
45060
0
0
0
0
0
0
0
0
0
0
0
0
0
0
0
0
0
0
0
0
0
0
0
59408
0
0
0
0
0
0
0
0
49239
0
0
0
0
0
0
0
0
0
0
0
0
0
0
0
0
0
0
0
0
0
0
0
0
57754
0
0
0
56914
0
0
0
0
0
0
0
0
0
0
0
0
0
0
0
0
0
0
0
50461
0
0
49239
0
0
0
0
0
0
0
0
0
0
0
0
0
0
0
0
0
0
0
0
0
0
45060
0
0
0
0
0
0
0
0
0
0
0
0
0
49146
45686
0
0
0
0
0
59393
0
0
57754
49146
0
0
0
0
59408
0
0
0
0
0
56914
0
0
0
0
0
0
0
0
0
0
0
0
59393
56914
0
0
0
0
0
0
0
0
0
0
49146
0
0
0
0
0
0
0
59408
0
0
0
0
0
0
0
0
0
0
0
0
0
0
0
45686
0
0
0
0
0
0
0
0
0
0
0
0
0
0
49239
45686
0
0
45686
0
0
0
0
0
0
0
0
0
0
0
0
0
0
0
0
0
0
0
0
0
0
45686
0
0
0
0
0
50461
0
0
0
49146
0
45550
49146
0
0
0
0
0
45550
0
0
0
0
0
0
0
0
0
50260
0
0
0
0
0
0
0
0
0
0
0
0
45550
0
0
0
0
0
0
0
0
0
0
0
0
0
0
0
0
0
0
0
0
0
0
58033
58033
0
0
0
59393
0
0
0
0
0
0
0
0
0
0
0
50461
0
0
0
0
0
0
0
0
0
59746
0
0
0
0
50461
0
0
0
0
0
0
0
0
0
59393
0
0
0
0
0
0
0
0
0
0
0
0
0
0
0
0
0
0
0
0
0
0
0
0
0
0
0
0
0
0
0
0
0
0
0
49146
0
0
0
0
58033
0
55421
0
50461
0
0
0
0
0
0
55421
0
0
0
0
0
0
0
0
0
0
0
49146
0
46929
0
0
0
0
0
0
0
0
0
0
0
0
0
47405
0
0
50461
0
0
0
0
0
0
49146
0
0
0
0
0
49146
0
0
0
0
0
0
0
0
50752
0
50752
0
0
0
0
0
49146
0
0
0
0
0
0
0
0
0
0
0
0
0
47405
0
0
0
0
50461
0
0
0
0
0
0
0
0
49146
0
0
0
0
0
0
0
0
0
0
0
0
0
0
0
50461
0
0
0
0
0
0
0
0
0
0
0
0
0
0
0
0
0
0
46929
0
0
0
0
0
0
0
0
0
0
0
0
0
0
0
0
0
0
0
0
60803
50752
0
0
0
0
0
0
0
0
0
0
0
0
0
0
0
0
55421
0
0
0
0
0
0
0
0
0
0
0
0
0
0
49146
0
49146
0
59510
0
0
0
0
0
0
0
0
46929
0
0
0
0
0
0
0
0
0
0
60803
0
0
55421
0
0
0
46929
50752
0
0
0
0
0
0
50752
0
0
58396
0
0
0
0
0
0
0
0
0
60803
0
0
0
0
0
0
0
0
0
0
0
56123
0
0
0
0
0
0
0
0
46929
0
0
0
0
0
0
57041
0
0
0
0
0
60082
0
0
0
0
0
0
0
0
0
0
0
0
0
0
0
0
0
0
0
0
0
0
0
0
0
0
0
0
0
0
0
60803
0
47405
0
0
0
0
0
0
0
0
0
0
0
0
0
0
60803
47405
0
0
0
47405
0
0
0
0
0
0
0
47405
0
0
0
0
0
0
0
57172
0
0
0
0
0
0
0
0
0
0
0
0
0
0
0
0
0
0
0
0
50752
52399
0
0
0
0
0
0
0
0
0
0
0
0
0
0
0
0
0
0
0
0
0
49146
0
0
0
0
0
0
0
0
0
0
0
0
0
0
0
60397
0
0
0
0
0
0
0
0
0
0
0
0
0
0
0
0
0
0
49146
0
0
0
59878
0
0
0
0
0
58396
0
0
0
0
0
0
61191
0
0
0
0
0
0
0
0
0
0
0
0
57172
0
0
0
0
61191
0
0
0
0
0
0
0
0
0
0
0
0
0
0
59878
0
50752
0
0
0
0
0
0
0
0
0
0
0
0
0
0
0
0
0
0
0
50752
0
0
0
0
0
0
0
0
0
0
0
0
0
0
0
47276
0
0
0
0
0
0
0
57172
0
0
0
0
0
0
0
0
0
0
0
0
0
59878
0
0
0
58396
0
0
47683
0
0
0
59878
61191
0
0
0
0
58396
0
0
0
0
0
0
0
0
0
0
0
61191
0
0
0
0
0
0
0
0
0
0
0
0
0
0
0
0
0
0
0
0
0
0
0
0
0
0
0
0
0
0
60726
0
0
0
0
0
0
0
0
0
0
0
0
0
0
0
0
0
59878
0
0
0
0
0
0
0
58396
61191
0
0
0
0
0
0
0
0
0
0
0
0
0
0
0
47769
0
0
0
0
0
0
0
0
0
0
0
0
58396
0
0
0
0
0
0
0
0
0
0
0
57172
0
0
0
0
0
0
0
0
0
0
52399
0
0
0
0
0
0
0
0
0
0
0
0
0
59878
0
0
0
0
0
52399
0
0
0
0
0
0
59878
0
0
0
0
0
57172
0
0
0
62771
0
0
0
0
0
0
0
0
0
0
0
57172
0
0
0
62771
0
0
0
0
0
0
0
0
47769
0
47910
0
0
0
0
61214
0
49205
0
47910
0
0
0
0
0
50752
0
0
0
0
0
0
0
0
0
0
0
0
50752
0
0
0
0
0
0
0
0
0
0
0
61214
0
0
58641
57172
0
0
0
0
0
0
0
0
0
0
0
0
0
0
0
0
0
49205
0
52399
0
0
0
0
0
63004
0
0
48752
0
0
0
0
0
0
0
0
0
60512
0
0
0
52399
0
0
0
0
0
0
0
58641
0
0
0
0
0
0
60512
0
51624
0
0
0
50752
0
0
0
0
0
0
0
0
0
0
0
0
0
49205
61214
0
0
0
0
0
0
0
0
0
0
0
0
0
0
0
0
0
0
0
0
0
0
0
0
0
0
52399
0
0
52399
0
0
0
0
0
0
0
0
58681
0
0
0
61400
0
0
58681
0
0
0
0
0
0
0
0
49205
0
0
0
0
0
49477
0
0
0
0
0
50752
0
0
0
0
0
0
50752
0
0
0
63004
0
58681
0
52960
0
0
0
0
0
0
0
0
0
52399
0
0
0
0
0
0
57406
49477
50752
0
0
0
0
0
0
0
0
0
0
0
0
0
0
0
0
0
0
0
0
0
0
0
0
0
0
0
61400
53310
0
0
0
0
0
62516
0
0
0
59915
0
0
0
0
61400
0
0
0
0
0
0
0
0
0
0
0
0
0
0
0
0
62516
0
58630
0
0
0
0
0
0
49205
0
0
0
0
0
0
0
0
0
59915
0
0
0
0
0
0
0
0
0
0
0
0
0
0
0
0
49205
0
0
0
0
62516
0
0
0
0
53310
0
0
0
63295
0
0
53310
0
0
0
0
0
0
0
0
0
0
0
58630
0
0
49205
0
0
0
0
0
0
0
0
0
0
0
0
0
0
0
0
0
0
0
0
0
0
0
50323
0
0
50752
0
0
0
0
0
0
0
0
0
0
0
0
0
63912
0
0
0
62300
0
0
0
0
0
54234
0
0
0
0
0
63295
0
0
0
0
0
0
0
0
0
0
0
0
50323
0
0
0
0
0
0
63912
0
0
0
0
0
0
0
0
0
0
0
53310
0
0
63912
0
59915
0
0
0
0
0
0
0
0
0
54234
0
0
0
0
0
0
0
0
0
0
0
0
0
0
0
0
0
0
0
0
58630
0
0
0
0
63912
0
0
59915
0
0
0
0
0
50323
0
0
0
0
0
0
0
64305
0
0
0
0
59915
0
0
0
0
0
0
0
0
0
54234
0
0
0
0
64305
0
0
0
0
0
0
62300
0
0
0
59915
63912
0
0
0
0
0
0
0
0
0
0
0
0
0
0
64305
0
0
0
0
0
0
64305
0
0
54234
59915
0
0
0
0
0
0
51162
0
0
0
0
0
0
0
0
0
0
0
0
0
0
0
0
0
0
50802
0
51162
0
0
0
53310
0
0
0
0
0
0
0
0
0
0
0
0
65132
0
0
0
0
0
0
0
0
0
0
53310
0
0
0
0
0
0
0
0
0
0
0
0
0
59915
0
0
0
0
0
0
0
0
0
0
0
0
0
0
0
0
0
0
58630
0
0
0
0
0
0
0
50802
0
0
0
0
0
0
0
0
50802
55217
0
0
0
52155
0
0
0
0
0
50802
52155
54280
0
0
0
0
0
0
0
0
0
0
0
0
0
0
0
0
0
0
0
0
0
0
0
58630
0
50620
0
0
65132
0
0
0
0
0
0
0
0
0
0
0
63748
0
0
55217
0
0
0
0
0
0
65132
0
0
0
0
0
0
0
0
0
0
0
0
0
0
0
50802
60027
0
0
0
0
0
0
0
0
0
52155
0
55217
60027
60027
0
0
0
0
0
0
0
0
0
0
54280
0
0
0
0
0
60027
0
0
0
0
0
0
0
0
0
0
0
0
0
0
0
0
0
54593
55217
0
55217
60027
0
0
0
0
0
0
0
0
0
0
0
63748
0
0
0
0
0
0
0
0
0
0
0
50802
0
0
0
0
0
0
0
0
0
0
0
0
0
52155
0
0
55217
66066
0
0
0
0
50802
0
0
0
0
0
0
0
0
0
0
0
52155
0
0
0
66066
0
60350
0
60350
0
0
0
0
0
0
0
0
0
0
0
55298
0
66066
0
0
0
59014
0
65910
0
0
0
0
0
0
0
0
0
0
0
50802
0
0
0
0
0
0
0
0
0
55250
0
0
66501
0
50802
0
0
0
0
0
0
0
0
0
0
55419
60350
0
0
0
0
0
0
0
50802
0
50802
0
0
0
0
0
0
0
0
0
0
0
0
0
0
0
0
0
0
0
0
0
66066
0
0
0
0
0
0
0
0
0
0
0
0
0
0
0
0
0
0
0
0
0
0
0
0
0
0
0
0
0
0
0
0
0
59241
0
0
0
52155
0
0
0
0
0
0
0
0
0
0
0
65056
0
0
0
0
0
0
0
0
0
0
0
0
0
0
0
0
0
0
66719
0
0
0
0
0
0
0
0
0
0
0
0
0
0
0
0
0
60876
0
0
66719
0
0
0
0
0
50620
0
0
0
0
0
0
67122
0
0
0
0
0
0
0
0
0
0
0
0
0
0
0
0
0
0
0
66719
0
0
52155
0
0
0
0
0
0
0
0
0
0
0
0
0
0
52155
0
0
52155
0
0
0
0
0
0
0
0
0
0
0
56682
0
0
0
0
0
0
0
0
50802
0
0
0
0
0
0
0
0
0
60238
0
0
0
50620
0
0
0
0
0
0
0
0
0
0
66719
0
0
0
60238
52155
66719
0
0
0
0
0
0
0
0
57484
0
0
0
61824
0
0
50802
0
0
50802
0
0
52191
0
0
0
66719
0
0
0
0
0
0
0
0
0
0
0
50620
0
0
0
0
0
0
0
0
0
0
0
0
57484
0
0
56863
0
0
0
0
0
0
0
60238
0
0
0
0
0
0
0
0
0
0
0
0
0
0
0
0
0
0
52191
0
0
0
0
0
0
61824
0
0
0
0
0
0
0
0
0
0
0
0
0
0
0
0
0
0
0
0
0
0
0
0
0
60238
0
0
0
0
0
0
0
0
0
0
0
0
0
0
0
0
0
0
56863
0
0
0
0
0
51082
0
0
0
0
0
0
0
0
0
0
0
0
0
0
0
0
0
0
0
0
52191
0
0
0
0
0
0
0
0
0
0
66825
0
66825
0
0
0
0
56863
0
0
0
0
52662
51082
0
0
0
0
0
0
0
50802
0
0
0
0
52662
0
0
0
0
0
0
0
0
0
0
0
0
0
0
0
0
0
0
0
0
0
0
0
0
0
0
0
0
0
0
0
0
0
0
0
0
0
0
0
66825
0
0
0
0
0
0
0
0
56863
0
66719
66719
0
0
0
0
0
0
0
0
0
0
0
0
0
0
0
52662
0
0
0
0
70182
0
0
0
0
0
0
0
0
0
0
0
0
0
0
0
0
0
0
0
0
0
0
0
0
0
0
0
0
0
0
0
0
0
0
0
0
0
0
0
66719
0
0
0
51415
0
0
66719
0
0
0
0
50802
0
0
0
0
0
0
0
0
0
0
0
0
0
62103
0
0
0
0
0
0
0
0
0
0
0
0
0
0
0
0
0
0
0
0
67903
0
0
0
0
0
0
0
0
70614
0
0
0
70614
0
0
67173
0
0
0
0
0
68408
0
0
0
0
0
0
0
57509
51415
52662
62211
0
0
0
0
0
0
0
57509
0
0
0
0
0
0
0
0
60414
0
0
0
0
0
0
0
0
0
0
0
0
0
0
0
0
0
0
0
0
0
62211
0
0
0
0
0
0
0
0
0
0
0
0
0
0
0
0
0
0
62211
0
0
0
0
68408
52435
0
0
0
0
0
0
0
0
0
70614
0
0
0
0
0
0
0
0
0
0
0
0
0
0
0
0
0
0
0
0
58287
0
0
0
0
52662
0
0
0
0
0
0
0
0
0
58287
0
0
0
0
0
0
0
0
0
0
0
0
0
0
52662
0
0
0
0
0
0
0
60414
0
0
0
0
0
52662
0
0
0
0
0
0
72234
0
0
62761
0
0
0
0
0
0
0
0
0
0
0
62761
0
0
0
0
0
0
0
0
0
0
0
0
0
0
0
0
0
0
0
0
0
0
0
0
0
0
0
67669
0
0
0
63232
0
0
0
0
0
0
0
0
0
0
0
60027
0
0
0
68858
60414
0
0
0
0
0
0
0
0
0
67669
0
0
0
0
0
0
0
0
0
0
0
0
0
0
0
0
0
0
0
0
0
0
63232
60206
0
0
0
0
0
0
0
0
0
0
0
68858
0
0
0
0
0
0
0
0
0
0
53714
0
0
53714
0
0
0
60414
0
52525
0
0
0
0
0
0
0
0
0
0
0
0
0
0
0
0
0
0
0
0
0
0
0
0
0
0
0
0
0
0
0
0
0
0
0
0
0
0
63232
0
0
0
0
0
0
0
0
0
0
0
0
0
0
0
0
0
0
0
0
68497
0
0
0
0
0
72234
0
0
0
0
0
0
0
0
0
0
0
0
0
0
0
0
0
0
0
0
0
0
0
0
60414
0
0
0
0
0
0
0
0
0
0
0
0
0
0
0
0
0
0
0
0
0
0
0
0
0
0
60414
0
0
0
0
0
0
0
0
0
0
0
0
0
0
68858
0
0
0
0
0
0
0
0
0
0
0
0
0
0
0
0
0
0
0
0
0
0
0
0
0
0
0
0
0
0
0
0
0
0
60414
0
0
0
0
0
0
0
0
0
0
0
0
0
0
0
0
0
0
0
0
0
0
0
0
72234
53160
0
0
0
68858
0
0
0
0
0
0
0
0
0
0
0
0
0
0
0
0
0
0
0
0
0
0
53861
0
0
0
0
0
0
0
0
53936
0
0
0
0
0
0
0
0
0
0
60206
0
0
0
0
0
0
0
0
0
0
0
0
0
72234
0
0
0
0
0
69747
0
0
0
0
0
0
0
0
0
0
0
0
0
68846
0
0
0
0
0
0
0
0
0
0
0
0
0
0
0
0
0
0
0
0
0
0
0
0
0
0
60414
0
0
0
0
0
0
0
53861
0
68846
0
59735
0
0
0
0
0
0
0
0
0
0
0
53861
0
0
0
0
0
0
0
0
0
0
0
0
0
0
60414
0
0
0
0
0
0
0
0
0
0
0
69450
0
0
0
0
0
0
0
0
0
0
0
0
0
0
0
0
0
0
53757
0
0
0
0
0
0
0
0
0
0
0
0
0
0
0
0
0
0
54368
53861
0
0
0
0
0
0
0
0
0
0
0
0
0
0
0
0
0
0
0
0
0
0
0
0
0
0
0
73623
0
53861
0
0
0
0
0
0
0
0
0
0
0
0
0
0
0
0
0
0
0
0
0
0
0
0
0
0
0
60206
0
0
0
0
0
0
0
0
0
0
0
0
0
0
0
0
0
0
0
0
0
0
0
0
73623
0
60633
0
0
0
0
0
0
0
0
0
0
0
0
0
0
0
0
0
0
0
0
0
0
0
0
0
0
0
0
0
0
0
0
0
0
0
0
0
0
0
0
0
0
0
0
0
0
0
0
0
0
0
0
0
0
0
0
60414
0
0
0
0
0
0
0
0
0
0
0
0
0
60633
0
0
0
0
0
0
0
0
0
0
0
0
61256
0
0
0
0
0
0
0
0
54065
0
60633
0
0
0
0
0
0
0
0
61256
0
0
0
0
0
0
0
0
0
54368
0
53861
0
0
0
0
0
0
0
75337
0
0
0
0
66298
0
0
0
0
0
0
0
0
0
0
0
0
0
0
0
60953
0
0
0
0
0
0
0
0
54065
0
0
0
0
0
0
0
0
61256
54473
0
0
0
0
0
0
60848
0
0
0
0
0
54065
0
0
0
54368
0
0
0
0
0
0
0
61256
0
0
0
0
0
61256
0
0
0
0
0
0
0
0
0
0
0
0
0
0
0
0
0
0
0
0
0
60953
0
0
0
0
0
0
0
0
0
0
0
0
0
60953
0
0
0
0
0
0
0
0
0
0
0
0
0
0
0
0
0
0
0
0
70274
0
0
0
0
0
0
0
0
0
70608
0
0
0
0
0
0
0
0
0
0
0
55537
0
0
0
0
0
0
0
0
0
60848
0
0
54368
0
0
0
0
0
0
0
0
0
0
0
70274
60848
0
0
0
0
0
0
0
61256
0
0
0
0
0
70274
0
0
0
0
0
0
0
0
0
0
0
0
0
0
54368
0
0
0
0
0
0
0
0
0
0
0
0
0
0
0
0
0
0
0
0
0
0
0
0
0
0
0
0
0
0
0
0
0
0
0
0
0
0
0
0
0
0
61271
0
0
0
0
0
0
0
0
0
0
0
0
0
0
0
0
0
0
0
0
0
0
61271
0
0
0
0
0
0
0
0
0
0
0
0
0
0
0
0
0
0
0
0
0
0
0
0
66298
0
0
0
0
0
0
0
0
0
0
62830
0
0
0
0
0
0
0
0
0
0
0
0
0
0
0
0
0
0
0
0
0
0
0
0
0
0
0
0
0
0
0
0
0
55537
0
0
0
0
0
0
0
0
0
0
0
0
0
0
0
0
0
0
0
0
0
0
0
0
0
0
0
0
0
0
0
0
0
0
0
0
0
0
0
0
0
0
0
0
0
0
0
0
0
0
0
0
0
0
0
0
0
0
0
0
0
0
0
0
0
0
0
60848
0
0
0
0
0
0
0
0
0
0
0
62830
0
0
0
0
0
0
0
0
0
0
0
0
0
0
0
0
0
0
0
0
0
0
0
0
0
0
0
0
0
0
0
75377
0
0
0
0
0
0
0
0
0
60997
0
0
0
0
0
0
0
0
0
0
0
0
75377
0
0
0
0
56164
0
0
0
0
0
0
0
0
0
0
0
0
0
0
0
55260
0
0
55260
0
0
0
0
0
0
0
0
0
0
0
55757
0
0
0
63233
0
61271
0
0
0
0
0
56164
0
0
0
0
0
0
0
0
0
0
0
0
61271
0
0
0
0
0
0
0
0
0
63233
0
0
0
55260
0
0
0
0
0
0
0
0
0
0
0
0
0
0
0
0
0
0
0
71245
0
0
0
0
0
0
0
0
0
0
0
0
0
0
0
0
0
0
0
0
0
0
56900
0
0
0
0
0
0
0
0
0
0
55982
70847
55982
0
0
0
0
0
0
0
0
0
0
0
0
0
0
0
0
0
0
0
0
0
61271
0
0
0
0
0
0
0
0
0
0
0
0
0
55982
0
0
0
0
0
0
0
0
0
0
0
0
71245
0
0
0
0
0
0
0
0
0
55982
0
0
0
0
55982
0
0
0
0
0
72086
0
0
0
0
56883
0
0
0
0
61271
0
0
0
0
0
0
0
0
0
0
0
0
75377
55982
0
0
0
0
0
0
57031
0
0
0
0
0
0
0
0
0
0
0
0
0
70847
0
55982
0
0
0
0
0
0
0
0
0
0
0
0
0
0
0
0
0
0
0
0
0
0
0
0
57031
0
0
0
0
55982
0
0
57031
0
0
0
0
0
0
0
0
0
0
0
0
0
65506
0
0
0
0
0
0
0
0
0
0
0
0
0
0
0
0
0
0
0
0
0
0
0
0
57031
0
0
0
0
68289
0
0
0
62972
0
0
0
75905
0
0
0
0
0
0
0
0
0
0
0
0
65506
0
0
0
0
0
0
0
0
0
65506
0
0
0
0
0
0
0
0
0
0
0
0
0
0
0
0
0
0
0
0
0
0
0
0
0
0
0
0
0
70847
0
0
0
0
0
0
0
56883
0
0
62972
0
0
0
56166
0
0
0
0
0
0
0
0
0
0
0
57031
69385
0
0
0
0
0
56883
0
0
0
0
0
0
0
0
0
0
0
0
0
0
0
63319
0
0
0
0
0
0
0
0
0
0
0
0
0
0
0
0
0
57031
0
0
0
0
0
0
72220
0
0
63319
0
72220
0
0
0
0
0
0
0
0
0
0
0
0
0
0
0
0
0
0
0
0
0
0
0
0
56883
0
0
0
0
0
0
0
0
0
0
72407
0
65506
0
0
0
0
0
0
0
0
0
57204
0
0
0
0
0
0
0
63423
0
65506
0
0
0
56334
0
0
0
0
0
0
0
0
0
0
0
0
0
0
69385
0
0
0
0
0
76326
0
0
0
0
0
0
0
0
0
0
0
0
0
0
0
0
0
0
0
0
0
0
0
62669
0
0
0
56535
0
0
0
0
0
0
0
0
0
0
0
0
0
0
0
72407
0
0
0
0
0
0
0
65586
0
0
71430
0
0
0
0
0
0
0
0
0
0
0
65807
0
0
0
0
0
0
0
0
0
0
0
65807
0
0
57702
62669
0
0
71430
0
0
0
0
0
0
0
0
0
0
0
66499
0
0
0
0
0
0
0
0
0
0
0
0
0
0
0
0
72505
57702
70552
0
0
0
0
56813
56813
0
0
0
70552
0
0
0
0
0
0
0
0
0
0
0
0
0
0
0
0
0
0
0
0
0
0
0
0
72125
0
0
0
0
0
0
0
0
0
0
0
0
0
0
0
0
0
57702
0
0
0
0
0
0
0
0
0
0
0
66456
0
0
0
72125
0
0
0
0
0
0
0
0
77681
0
0
0
0
0
0
66461
0
62669
72125
56813
62669
0
0
0
0
0
0
0
0
0
0
0
0
0
56813
0
0
0
0
0
0
0
0
0
0
0
0
72125
0
0
0
0
77681
0
0
0
0
0
0
0
0
0
0
0
0
0
0
68045
0
0
0
0
66461
77681
0
0
0
0
0
0
0
0
0
0
0
0
0
0
0
0
0
0
0
0
0
0
0
0
0
0
0
0
0
57702
0
0
0
0
0
0
77681
0
0
0
0
0
0
60165
77681
0
0
0
0
0
0
0
0
0
0
0
0
0
0
0
0
0
0
0
0
0
0
0
0
0
0
0
0
0
0
0
0
0
0
0
0
0
0
0
0
0
0
0
0
0
0
0
0
0
0
0
0
0
0
0
0
0
0
58432
71472
0
0
0
0
0
72505
0
0
0
72125
0
0
0
0
0
0
0
0
0
0
0
0
0
0
0
0
0
0
0
62669
0
0
77681
0
0
0
0
0
56813
0
0
0
0
0
0
0
0
0
0
0
0
0
0
0
56813
0
0
0
0
58818
0
0
66461
77681
0
0
0
0
0
0
77681
0
0
0
0
0
0
0
0
0
69271
0
59033
72267
0
0
0
0
0
0
0
0
0
60473
0
0
77681
0
72125
0
0
0
0
60473
0
69271
0
0
0
0
72125
0
0
0
0
0
0
0
0
0
0
0
0
0
0
0
0
0
0
0
0
0
0
0
0
0
0
0
0
0
0
0
0
0
0
0
0
0
0
69271
0
0
0
0
0
69271
0
0
0
0
0
0
0
0
0
0
72817
0
70173
0
0
0
0
0
0
77681
72817
0
0
0
72817
0
0
0
0
0
0
0
0
0
0
0
0
0
0
0
0
0
0
0
72775
0
0
72817
0
0
0
0
0
0
0
0
0
0
67306
0
72775
0
0
0
0
0
0
0
0
0
0
0
0
0
0
0
0
0
0
0
0
0
0
0
0
0
0
0
0
0
0
0
0
0
0
0
0
72817
0
0
0
0
0
0
0
0
0
0
0
0
0
0
0
0
0
0
0
0
0
0
0
0
0
0
0
0
0
0
0
0
0
0
0
0
0
0
72601
0
59708
0
0
0
0
0
0
0
0
0
0
0
0
0
0
0
0
72817
0
0
0
70173
0
0
0
0
0
62882
0
0
0
0
0
0
0
0
0
0
0
0
72601
0
0
0
0
0
0
0
0
0
0
0
0
0
0
0
0
0
0
0
0
0
0
0
0
0
0
0
0
0
0
0
0
0
0
0
0
63114
0
0
0
0
0
0
0
0
0
0
0
0
0
0
0
70173
0
0
0
0
0
0
0
60380
0
0
0
0
0
0
0
0
0
0
0
0
0
0
0
0
0
0
0
0
0
0
78930
0
0
0
60380
0
0
0
0
0
0
0
0
0
0
0
0
0
0
0
0
0
0
0
0
0
61330
72775
0
0
0
0
0
0
0
0
0
0
0
0
0
0
0
0
0
0
0
0
0
0
0
0
0
0
0
0
67306
0
0
0
0
0
0
0
67306
0
0
0
0
0
0
0
0
0
0
0
0
0
0
0
0
0
0
0
0
0
0
0
0
0
0
0
0
0
61330
0
0
0
0
0
0
0
0
0
0
0
0
0
0
0
0
0
67306
0
0
0
0
0
0
0
0
0
0
0
0
0
67306
0
0
0
0
0
0
0
0
0
0
0
0
0
0
0
0
0
0
0
0
0
0
0
0
0
0
0
0
0
0
0
0
0
0
0
0
0
0
0
0
0
0
0
0
0
0
0
0
0
0
0
0
0
0
0
0
0
62977
0
0
0
0
0
73588
74151
0
0
0
0
80031
0
0
0
0
0
0
0
0
0
0
0
0
0
80031
0
80031
0
0
0
0
0
0
0
0
0
0
0
0
0
0
0
0
0
0
0
0
0
0
0
0
0
0
0
0
0
0
0
0
0
0
62977
0
0
0
0
0
0
0
0
0
0
0
0
0
0
74201
0
0
0
0
0
0
0
0
0
0
0
62760
0
60162
0
0
0
0
0
0
0
0
0
0
0
0
0
0
0
0
0
0
0
80158
0
80158
0
0
0
0
0
63508
0
0
0
0
0
0
0
0
0
0
0
0
0
0
0
74151
0
0
0
0
0
74201
0
0
0
0
0
0
0
0
0
0
0
0
0
0
0
0
0
0
0
0
0
0
60162
0
60162
0
0
0
80158
0
0
0
0
0
0
80158
0
0
0
0
0
0
0
0
0
0
74201
0
0
0
0
0
0
0
0
0
0
0
0
0
0
75398
0
75398
0
0
0
0
0
0
0
0
0
0
0
0
0
0
0
0
0
0
0
67306
0
0
0
0
0
0
0
0
0
0
0
0
0
0
0
0
0
0
0
0
74201
0
0
0
75398
0
72204
0
0
0
0
0
0
0
0
0
0
0
0
0
0
0
0
0
0
0
0
0
0
0
0
0
0
0
0
0
0
0
0
0
0
0
0
0
0
63205
0
60980
0
0
72204
0
0
0
0
0
0
0
0
72204
0
0
0
0
67306
0
0
0
0
0
0
65862
0
0
0
0
0
0
81970
0
0
0
0
0
0
0
0
0
0
0
0
0
0
0
0
0
0
0
65999
0
0
0
0
0
0
0
0
0
75398
0
0
0
0
0
0
0
75825
0
0
0
0
0
0
0
63548
0
0
0
0
0
67929
0
0
0
0
0
0
0
0
0
0
0
0
0
72343
0
0
0
63548
0
0
0
60980
0
0
0
0
0
0
0
0
0
0
0
0
0
0
0
0
0
0
0
0
0
0
0
0
0
0
0
0
0
0
0
66536
0
0
0
75825
0
0
0
0
0
0
0
0
0
0
0
75825
0
0
0
0
0
0
0
0
0
0
0
0
76130
0
82889
0
0
0
0
0
0
0
0
0
0
0
0
0
82889
0
0
0
0
0
0
0
72343
0
0
0
0
0
0
0
0
0
67929
0
0
0
0
0
0
0
0
0
0
0
0
0
0
0
0
0
0
67929
76130
0
0
0
0
0
0
0
0
0
0
0
0
0
75825
0
0
0
0
64461
0
0
0
0
0
0
0
0
0
0
0
0
0
0
0
0
0
0
0
0
0
0
75825
0
0
0
0
0
0
0
0
0
0
0
0
0
72343
0
0
0
0
0
0
0
0
0
0
0
0
75825
0
0
60980
0
0
0
0
0
0
0
0
0
66905
0
0
0
0
0
0
0
0
0
0
0
0
0
0
0
0
0
0
0
0
0
0
0
0
0
0
0
0
0
0
0
0
0
0
0
66905
0
0
0
68193
0
83766
0
0
0
0
0
0
0
0
0
0
0
0
0
76456
0
0
0
0
0
0
0
0
0
0
0
0
0
0
0
0
0
0
0
0
0
0
67837
0
0
0
0
0
0
0
0
0
0
0
0
0
0
0
0
0
0
0
0
0
0
0
0
0
0
0
0
0
75957
61886
0
61886
0
0
0
0
67837
0
0
0
0
76456
0
0
0
68193
66140
0
0
0
0
0
0
0
0
0
0
0
0
0
0
0
0
0
0
0
0
68193
0
0
0
0
0
0
0
0
0
0
76849
0
0
0
0
0
0
0
0
0
0
0
0
67837
0
0
0
0
0
0
67837
0
0
0
0
0
0
0
0
0
0
0
0
0
0
0
0
0
0
0
0
0
77714
0
0
0
0
0
0
0
0
0
0
0
77714
0
0
64279
84350
0
0
0
0
0
0
0
0
77714
0
62540
0
0
0
0
0
0
0
0
0
0
0
0
0
0
0
0
0
0
0
0
0
0
0
0
67837
77714
0
0
0
0
0
0
0
0
0
0
0
0
0
0
0
77350
0
68403
68403
0
0
0
0
0
0
0
0
0
0
0
0
0
0
0
0
0
0
0
0
0
0
0
0
0
0
0
0
0
0
0
0
0
0
0
0
0
0
0
0
0
0
0
0
0
0
84350
0
0
0
77132
0
0
0
0
0
0
0
0
0
0
0
77896
0
0
0
0
0
0
0
0
77714
0
0
0
0
0
0
0
0
0
0
77714
0
0
0
0
0
0
0
0
0
0
0
0
0
0
0
0
0
62540
0
0
0
0
0
0
0
0
0
0
0
0
0
0
0
0
0
0
0
0
0
0
77132
0
0
77132
0
0
0
0
0
0
0
0
0
0
0
0
0
0
0
0
77714
0
0
68404
0
0
62540
0
0
0
0
0
68403
0
0
0
0
0
0
0
0
84350
0
0
0
0
0
0
0
0
68404
0
0
0
0
0
0
0
0
0
0
67198
0
0
0
0
0
0
0
0
0
0
0
0
0
0
68404
0
0
0
0
84350
0
0
0
0
0
64643
0
0
0
0
0
0
0
0
0
0
0
77714
0
0
0
0
0
0
0
0
68486
0
0
0
67198
76906
0
0
0
0
0
0
0
0
0
0
0
68486
0
0
0
0
0
0
0
0
0
0
0
0
0
0
0
0
0
0
0
0
0
0
0
0
0
0
0
0
0
0
0
0
0
0
0
0
0
0
0
78641
0
0
67198
0
0
0
0
0
0
0
0
0
0
85310
0
0
0
68486
0
0
0
0
0
0
0
0
0
68486
0
0
0
0
62540
0
0
0
0
0
0
0
0
0
0
78641
0
0
69295
0
62540
0
0
0
0
0
0
64774
0
0
0
0
0
0
0
0
78454
0
0
0
0
0
78454
0
0
0
0
0
0
0
69295
0
0
0
85310
0
0
0
0
77714
0
0
0
77680
0
0
0
0
0
0
0
0
67872
0
0
65296
0
0
0
0
0
0
0
0
0
0
0
0
0
0
0
0
0
0
67872
85310
0
0
0
0
0
0
79177
0
0
0
0
0
0
0
0
0
0
0
0
0
0
0
65296
0
0
0
0
0
0
0
0
0
0
0
0
0
77714
0
0
0
0
0
0
0
62540
0
0
0
0
0
0
0
0
0
0
79394
0
0
0
79394
0
0
0
0
0
0
0
0
0
0
0
0
0
0
0
0
0
0
0
0
0
0
0
0
0
0
0
0
0
0
0
0
0
0
70288
0
0
0
0
0
0
0
0
0
0
0
0
0
0
0
0
0
0
0
0
0
0
70288
0
0
0
0
0
85310
0
0
0
0
0
0
0
85310
0
0
0
0
0
0
0
0
0
0
0
0
0
69038
0
0
0
0
0
0
0
0
0
0
0
0
0
0
0
0
0
0
0
0
0
0
0
0
0
0
0
65296
0
0
0
0
0
0
62540
0
79394
0
68545
0
0
0
0
0
77936
0
0
0
0
0
0
0
0
0
0
0
0
0
0
0
0
0
0
0
0
0
0
62540
0
0
0
0
0
0
0
0
68586
0
0
0
0
0
0
0
0
0
0
0
0
0
0
0
0
0
0
0
0
0
0
77936
0
0
77714
0
0
0
0
0
0
0
0
0
0
69038
0
0
0
0
0
0
0
0
79394
0
0
0
79394
0
0
0
0
0
0
70288
0
0
0
0
0
0
0
0
0
0
0
0
0
0
0
0
0
69038
0
0
0
79394
0
0
0
0
0
0
0
0
0
0
0
0
0
0
0
0
0
0
0
0
0
80052
0
0
78486
0
0
0
0
0
0
0
0
0
0
0
0
0
0
0
0
0
0
0
0
0
0
0
0
62540
0
70839
0
0
0
0
0
0
0
0
0
0
0
0
0
0
0
0
0
0
0
0
0
0
0
0
0
0
0
0
0
0
80076
0
0
0
0
0
0
70839
0
0
0
0
0
0
0
0
0
0
0
0
0
0
0
0
0
0
0
0
0
0
0
0
0
0
0
0
0
0
0
70807
0
78486
0
0
0
0
0
0
0
0
0
0
0
62540
0
0
0
0
0
0
0
0
0
0
0
0
0
0
0
0
80076
0
0
0
0
0
0
0
0
0
0
0
0
0
65811
0
80793
0
0
0
0
0
0
70807
0
0
0
0
0
65811
0
80076
0
0
0
0
0
0
0
0
0
0
0
0
0
0
80076
0
0
65811
0
0
0
0
0
70839
0
0
70324
0
0
0
0
0
0
0
85439
0
0
0
0
0
0
65811
0
0
0
0
0
0
0
0
0
0
0
0
0
0
85439
0
80793
0
0
0
0
0
78486
0
0
0
0
85439
0
0
0
0
0
0
0
0
0
70324
70839
0
0
0
0
0
0
0
0
0
0
0
0
0
0
0
0
0
0
0
0
0
0
0
0
0
0
0
0
0
0
79488
0
0
65811
0
0
0
0
0
0
0
0
0
0
0
0
0
0
0
0
0
0
0
0
0
0
0
0
0
65811
0
0
81580
0
0
0
0
0
0
0
0
0
66492
0
0
80744
0
0
0
0
0
0
0
0
0
0
0
0
0
0
0
0
0
0
0
0
0
0
0
0
0
0
0
0
0
0
0
0
0
0
0
62540
0
0
0
0
0
0
66492
0
0
0
0
0
0
0
0
0
0
0
0
0
0
0
0
0
0
0
0
71550
0
81580
0
0
0
0
0
0
0
0
0
0
0
0
0
0
0
0
0
0
0
0
0
0
0
0
0
0
81727
0
0
0
0
0
0
0
0
0
0
78902
0
0
0
71037
0
0
0
0
0
71550
0
0
0
0
0
0
0
0
0
0
0
0
0
0
0
0
0
66492
71037
0
0
0
82453
0
0
0
0
0
0
0
0
0
0
0
0
0
0
0
0
0
0
0
0
0
0
0
0
71037
0
71550
0
0
0
0
0
0
0
0
0
0
81233
0
0
0
0
71550
0
0
0
0
0
0
0
0
0
0
0
0
0
0
0
0
86851
0
0
0
0
66492
0
0
0
0
0
0
0
0
0
0
0
0
0
0
0
0
0
0
0
0
0
0
72240
0
0
0
0
0
0
0
63347
0
0
0
0
0
0
0
0
0
0
0
0
0
0
0
0
0
0
0
0
0
0
0
0
0
66492
0
0
0
0
0
0
0
0
0
0
0
0
71550
71368
0
0
0
0
0
0
0
0
0
0
0
0
0
0
0
0
0
0
0
0
0
0
0
0
0
0
0
0
86851
0
0
0
0
82732
0
66492
0
0
0
0
0
0
0
0
0
0
0
0
0
0
0
0
0
0
0
0
0
0
0
0
0
0
0
0
0
0
0
0
0
0
0
0
0
0
0
0
0
0
71550
0
63347
0
0
0
0
0
0
0
81309
0
81931
0
0
81309
0
0
0
0
0
0
0
0
0
0
0
0
0
0
0
0
0
0
71550
0
0
0
0
0
0
0
0
0
0
0
0
0
0
0
0
73275
87322
0
87322
71550
0
0
0
0
0
0
0
0
0
82732
0
0
0
0
0
0
0
0
0
0
0
0
0
0
0
0
0
0
0
0
0
0
0
0
0
0
82732
0
0
0
0
0
0
0
0
0
0
0
0
0
0
0
0
87755
71550
71848
0
0
0
0
82732
0
0
71550
0
66622
0
0
0
0
0
0
0
0
0
0
0
0
0
0
0
0
0
0
88743
0
0
0
0
0
0
0
0
0
0
0
0
0
0
0
0
0
0
0
0
0
0
0
0
0
0
0
0
0
0
0
0
0
0
0
0
0
0
0
0
0
0
0
73275
0
0
0
81931
0
0
0
0
0
0
0
0
0
0
0
0
0
0
0
0
0
0
0
0
0
0
0
0
0
0
82888
0
63347
0
0
0
0
0
0
0
0
0
0
0
0
0
84531
0
0
0
0
0
0
0
0
0
0
0
0
0
0
73275
0
0
63347
0
0
81309
0
0
0
0
84531
0
67488
0
0
0
0
0
0
0
0
73275
0
0
0
0
72855
0
0
0
0
0
0
0
88743
0
0
0
83325
0
0
0
0
0
0
0
0
80663
0
0
0
0
72855
0
0
0
0
0
0
0
0
0
0
0
0
0
0
0
0
0
0
0
0
0
0
0
0
0
0
0
0
0
0
0
0
0
0
0
0
0
0
0
0
0
0
0
0
0
0
0
0
0
0
0
0
0
0
0
0
0
0
0
0
0
0
0
0
0
0
0
0
0
0
0
0
0
0
0
0
72420
0
0
0
0
0
0
0
0
0
0
0
0
72855
0
0
63979
0
0
68185
0
0
80663
0
0
0
0
84531
0
0
0
0
0
88949
0
80663
0
0
73275
0
0
0
68185
0
0
0
0
81835
0
0
0
0
0
0
0
0
81232
0
0
0
0
63979
0
0
0
73375
73375
0
0
0
0
0
0
0
0
73275
0
0
0
0
0
0
0
82594
0
0
84531
0
0
0
0
72855
0
0
0
0
63979
0
0
0
0
0
0
0
0
0
0
0
0
68669
0
81232
0
0
0
0
0
0
63979
0
0
0
0
0
73375
0
0
0
0
85316
0
0
0
0
0
0
0
0
0
0
0
0
63979
0
0
0
0
0
0
0
0
0
0
0
0
0
0
0
0
0
0
0
0
0
0
0
0
85520
0
0
0
0
0
84152
0
0
0
0
0
0
0
0
82437
0
0
0
0
0
0
0
0
0
0
0
0
0
0
88949
88949
0
0
0
0
0
0
0
0
0
0
0
0
0
0
0
0
0
0
0
0
0
0
0
0
69392
0
0
82437
0
73640
0
0
0
0
0
0
72855
0
63979
0
0
88949
0
0
82594
0
0
0
0
0
0
0
0
0
0
0
0
0
0
0
69392
0
0
0
0
0
0
0
0
0
0
0
73375
63979
0
0
0
0
88949
0
0
0
74454
0
0
0
86440
0
0
0
0
0
0
0
0
0
0
0
0
0
0
0
0
0
0
0
69392
0
0
0
0
0
0
69392
0
0
0
0
0
0
0
0
0
0
82437
0
0
0
0
0
0
73375
0
0
0
0
0
0
0
0
0
0
0
74957
0
86440
0
0
0
0
0
0
0
0
0
84152
0
0
73375
0
0
0
72855
0
0
0
0
0
0
0
0
0
0
0
0
0
0
0
0
0
0
0
0
0
0
0
0
0
0
0
0
0
0
73448
0
0
0
0
0
0
0
0
0
0
0
0
0
63979
0
0
90683
0
0
0
0
0
0
0
0
0
82979
86440
0
63979
0
0
0
0
0
0
0
0
0
86440
74957
0
0
0
84152
0
0
0
0
83359
0
0
63979
0
0
74957
0
0
0
0
0
0
0
0
0
73448
0
0
0
0
90683
0
0
0
0
0
0
0
0
0
0
64060
0
0
0
64060
0
73448
0
0
0
0
0
0
0
0
0
0
0
86440
0
0
86440
64060
0
0
0
0
0
73375
0
0
0
0
86440
0
0
0
0
0
0
0
0
0
0
84152
0
0
0
0
0
0
69462
69462
0
0
0
0
0
0
0
0
0
0
0
0
0
0
0
0
0
0
0
69462
0
0
0
0
0
0
0
0
0
74957
0
0
64060
64060
0
0
0
64060
0
0
0
0
0
84973
84152
0
0
0
85913
0
0
0
85913
0
73519
0
0
86440
0
0
0
0
0
0
0
0
0
0
0
84152
0
0
0
0
0
74957
0
0
0
85050
0
0
0
0
0
0
0
0
0
0
0
0
0
0
0
0
0
0
0
0
0
0
86117
0
0
0
0
0
0
0
0
84973
0
0
0
0
0
0
0
0
0
0
0
73648
0
0
0
0
0
0
0
0
0
0
0
0
0
0
0
0
0
0
0
0
0
0
0
0
73448
0
0
0
0
86440
0
0
0
0
0
0
0
0
0
0
0
0
0
0
0
0
0
0
0
0
0
0
0
0
0
86117
0
0
0
0
0
0
85050
0
0
0
0
0
74957
0
0
0
0
0
0
0
0
0
0
86440
0
0
0
70264
0
0
73448
0
0
0
0
0
0
0
0
0
0
65524
0
0
0
0
73648
0
0
0
0
0
0
0
0
0
0
0
0
0
0
0
0
0
0
0
0
0
0
0
0
0
0
0
0
0
0
0
0
0
0
0
0
0
0
0
0
0
0
0
0
0
0
0
0
0
0
0
0
0
0
0
0
0
0
0
0
65524
0
0
0
0
0
0
0
0
0
0
0
0
0
0
0
0
86117
0
0
0
0
0
0
86117
0
0
0
0
0
0
0
74441
0
0
0
0
0
0
0
0
0
0
0
0
0
0
72883
65524
0
0
0
0
0
0
0
0
0
0
0
0
0
0
0
0
72883
0
0
0
0
0
0
0
74428
0
0
0
0
0
0
0
0
0
0
0
0
0
0
0
0
0
0
0
91533
0
0
0
0
0
0
0
0
0
85372
0
0
0
0
0
0
0
0
85372
0
74874
0
0
0
0
0
0
74874
0
0
0
0
0
0
0
0
0
0
0
88329
0
0
65524
0
0
0
0
0
0
0
0
0
0
0
0
0
0
0
0
0
0
0
0
0
74874
0
0
0
0
0
0
0
0
0
0
88329
0
0
0
0
0
0
0
0
85372
0
0
74550
0
0
0
0
0
0
0
0
0
0
65524
0
0
0
0
0
0
0
73524
0
0
0
0
86593
0
0
0
0
0
0
0
0
0
0
0
0
74550
0
0
0
0
0
0
0
0
0
0
0
0
0
0
0
0
0
0
0
73524
0
0
0
88329
0
0
0
0
0
0
0
0
0
0
0
0
0
0
0
0
0
0
0
86593
0
0
0
0
86593
0
0
0
0
0
0
0
0
0
0
0
86593
0
65524
0
0
0
0
0
0
0
0
0
0
77290
0
0
0
0
0
0
65524
0
0
0
0
76847
0
0
0
0
0
0
0
88329
0
88329
0
0
0
0
0
0
0
0
0
0
0
0
0
0
0
0
0
0
0
0
0
0
0
0
0
0
0
0
0
0
0
0
0
0
0
0
0
0
77290
0
0
0
0
0
0
0
0
0
87985
0
0
0
0
0
77290
0
87985
77290
0
0
0
0
0
0
0
0
0
0
0
0
0
0
0
0
0
0
0
0
0
0
0
87985
0
0
0
0
0
0
0
0
0
0
0
0
0
0
0
0
0
0
0
0
0
0
0
0
0
0
0
0
0
0
0
88329
87985
0
0
0
0
0
0
0
0
65524
0
0
0
0
0
88329
0
0
0
65524
0
0
0
0
0
0
0
0
88329
0
0
0
0
0
88437
0
0
0
0
0
0
0
0
75784
0
0
0
0
0
0
0
0
0
0
87985
0
0
0
0
0
0
0
0
0
92766
0
0
0
0
0
0
65807
0
0
0
0
0
0
0
0
0
0
0
88437
0
0
0
0
0
0
0
0
0
0
0
0
73843
0
0
0
0
0
0
0
0
65807
0
0
0
0
0
0
0
0
0
0
0
0
0
0
73843
0
77639
0
0
0
0
0
0
0
0
0
88437
0
0
88437
0
0
73843
0
0
0
0
0
88417
0
0
0
0
0
0
0
0
0
0
0
0
0
0
0
0
0
0
0
0
0
0
88437
0
0
0
0
0
0
0
0
0
0
0
0
88329
0
0
0
0
0
0
86759
0
0
0
0
76676
0
0
0
0
0
0
0
0
86759
0
77639
0
0
0
0
0
0
0
0
0
0
0
0
88437
0
0
0
0
0
0
0
0
0
86759
0
0
0
0
0
0
0
0
0
0
0
0
0
0
0
0
92766
0
0
0
87279
92766
0
0
0
0
0
0
0
66669
0
0
0
0
0
0
0
0
0
0
0
0
0
88417
0
0
0
0
0
0
0
0
0
0
0
0
0
0
0
0
0
77639
0
0
0
0
0
0
0
0
0
77639
0
0
0
0
0
0
0
0
0
0
0
0
0
0
0
0
0
0
0
0
0
66669
0
0
0
0
0
0
0
0
0
0
0
0
0
0
88230
0
0
78379
0
0
0
0
0
0
0
0
0
0
0
0
0
0
0
0
0
0
0
0
0
0
0
0
0
0
0
0
0
0
0
0
0
0
0
0
0
0
89090
0
0
0
0
0
0
0
0
0
0
0
0
0
0
0
0
89090
0
0
0
0
0
0
0
0
0
92766
73986
88822
0
0
0
0
0
0
0
0
0
0
0
0
0
0
0
0
0
0
0
0
0
0
67384
0
0
0
0
0
92766
0
0
88230
0
67384
88822
0
0
0
0
0
0
0
89090
0
0
0
0
0
0
0
0
0
0
0
88437
0
0
0
0
0
0
0
0
0
0
0
0
0
0
0
0
0
0
0
0
0
0
0
0
0
0
88230
0
0
0
0
0
0
0
0
0
0
0
0
0
0
0
0
68126
0
0
0
0
0
0
88822
0
0
0
0
0
0
0
0
0
78081
0
0
0
0
0
0
78986
0
0
0
0
0
0
0
0
0
68126
0
79379
0
0
0
0
0
0
0
0
0
0
0
0
88822
0
0
88822
0
0
0
0
0
0
0
0
0
0
0
0
88230
0
0
0
0
0
0
0
0
0
0
77562
0
0
0
78986
0
0
0
78986
0
68126
0
0
0
0
0
0
0
0
0
0
0
0
0
0
0
0
78986
0
0
0
0
0
0
88822
0
0
0
0
0
0
0
0
77562
0
0
0
88876
0
0
0
0
0
0
0
88876
68126
0
0
0
0
0
0
0
0
0
0
92766
0
79379
78986
79379
0
0
0
0
0
0
0
0
88876
0
0
0
0
0
74930
0
79379
0
0
0
0
0
0
0
0
0
0
0
0
0
93547
0
0
0
0
0
0
0
0
0
0
0
0
0
0
79379
0
68194
0
0
0
0
0
0
0
0
0
0
0
0
0
0
0
0
0
0
0
0
74930
0
0
0
0
0
0
0
78285
0
0
0
0
0
0
0
0
0
0
79379
89884
0
0
0
0
0
0
0
0
0
0
0
0
0
0
0
0
0
0
0
0
0
0
88437
0
0
0
0
0
93547
0
0
0
0
0
0
0
0
0
0
79379
0
0
89424
0
0
0
0
0
0
0
0
0
0
79379
0
0
0
0
0
0
0
0
0
0
0
0
0
0
0
0
0
0
0
0
0
0
78862
0
0
0
0
0
0
0
93547
0
0
0
0
88437
89424
88876
0
89884
0
0
0
0
0
0
0
0
0
0
0
0
0
0
0
0
0
0
88876
0
0
0
0
0
0
0
0
0
0
0
0
68611
0
74930
0
0
0
0
0
0
0
0
0
0
0
0
0
0
0
0
0
0
0
0
0
0
0
0
0
0
0
0
0
0
0
0
0
0
0
89140
0
0
0
0
0
0
0
0
0
0
0
89140
0
68611
0
0
0
0
0
0
0
0
89311
0
0
0
0
0
0
0
0
0
0
0
0
0
0
0
0
0
0
0
0
0
0
0
0
0
0
0
0
0
78986
0
0
0
0
0
0
0
0
0
0
0
0
0
0
0
0
0
0
0
89838
0
0
0
69194
0
0
0
0
0
0
0
89311
0
0
0
0
0
0
0
0
0
0
0
90493
0
0
0
0
0
0
0
0
0
0
0
0
0
0
0
0
0
0
0
0
0
0
95534
0
0
0
0
0
0
0
0
0
0
0
0
0
78986
0
0
0
79379
0
0
0
0
0
0
0
0
95534
0
0
0
95534
0
0
0
0
0
0
0
0
0
0
0
0
0
0
0
95534
0
0
0
0
0
69194
0
0
0
0
0
0
0
0
0
0
0
0
0
0
0
0
0
80620
0
0
0
0
0
0
79379
69194
0
0
79379
0
0
0
0
0
0
0
0
0
0
0
0
0
79379
0
0
0
0
80620
80620
0
78986
0
0
0
0
0
0
96164
0
0
0
0
0
0
0
0
0
0
0
0
0
0
0
0
0
0
0
0
0
0
0
0
0
0
79379
0
0
0
0
0
0
0
69194
0
0
0
0
0
0
0
0
0
0
0
0
0
0
0
0
0
0
0
0
0
0
0
0
90493
0
0
89838
0
0
0
0
0
0
0
0
90321
0
0
0
0
0
0
0
0
0
0
0
0
0
69194
82090
0
0
0
0
0
0
0
0
0
0
0
0
0
0
0
0
0
0
0
0
0
0
0
0
0
0
0
0
0
0
0
0
0
0
89838
0
0
0
0
0
0
0
0
0
0
0
0
0
0
0
90321
0
0
0
0
0
0
0
0
0
0
0
0
0
0
0
0
0
0
0
0
0
0
0
0
0
0
90136
0
0
0
0
0
0
0
0
0
0
0
0
0
0
0
0
0
0
0
0
0
80279
77957
0
0
69194
0
0
0
0
0
80455
0
0
69194
0
0
0
0
0
91069
80455
0
0
0
0
0
0
0
0
0
0
0
0
0
0
0
0
0
0
0
0
0
0
0
0
0
0
0
0
89838
96164
0
0
0
92113
0
0
0
0
0
0
0
0
0
0
0
0
0
0
0
0
0
0
0
0
0
0
0
0
0
0
0
0
0
0
0
0
0
0
0
82094
0
0
92113
0
0
0
0
0
0
0
0
0
0
69194
0
0
69194
0
0
0
0
0
0
0
0
0
0
0
0
0
0
0
0
0
0
79538
0
0
0
0
0
0
0
0
0
0
0
0
0
0
0
0
0
91946
0
0
0
0
0
0
0
0
0
0
0
0
0
91127
0
0
0
0
0
0
0
0
0
0
0
0
0
0
0
0
0
0
92113
0
0
92113
0
0
0
0
0
0
0
0
0
0
0
0
0
0
82284
0
0
0
0
0
0
0
0
0
0
0
0
0
0
0
0
0
0
0
0
0
0
0
0
82284
0
0
91127
0
0
0
0
0
0
0
0
0
0
0
0
0
0
0
0
0
91127
91127
69394
0
0
0
0
0
0
0
0
0
0
91495
0
0
0
0
0
0
0
0
0
0
0
0
0
0
0
0
0
0
0
0
0
80279
0
0
97603
0
0
0
0
82541
80279
0
0
0
0
0
0
0
0
0
0
0
0
0
0
0
0
0
0
0
0
0
0
0
0
0
91371
0
0
0
0
0
0
0
97603
0
84520
0
81145
0
0
81145
0
0
0
0
0
0
0
0
0
0
0
0
0
0
0
0
0
93647
0
0
0
0
0
0
0
92445
0
0
0
0
0
0
0
0
0
0
0
0
0
0
0
0
0
0
0
0
0
0
0
0
0
0
0
0
0
0
97603
0
0
0
0
81145
0
81145
0
0
97603
69610
0
0
0
0
81371
0
0
0
0
0
0
0
0
0
0
0
0
0
0
0
0
0
0
0
0
82541
0
0
0
0
0
0
0
0
0
0
0
0
0
0
0
0
0
0
0
0
0
0
0
91371
0
0
0
0
0
0
0
0
0
69610
0
0
0
0
0
0
0
0
0
0
0
0
0
0
0
0
0
0
0
0
0
0
0
82541
0
0
0
0
0
0
0
0
0
0
0
0
0
0
0
0
0
0
92445
0
0
0
0
0
97603
0
0
0
0
69610
0
0
0
0
0
0
0
97603
0
0
0
0
81371
0
0
97603
0
0
0
0
0
0
0
0
0
0
0
0
0
92251
0
92251
0
0
0
0
0
0
0
0
0
95520
0
92251
0
0
0
0
0
0
0
0
0
0
0
0
0
0
0
0
0
81371
0
0
0
91948
0
0
0
0
0
0
0
0
0
0
0
0
0
0
0
0
0
0
0
0
0
0
0
0
0
0
0
0
0
0
0
0
0
93460
0
0
0
0
0
0
0
0
0
0
0
83524
0
0
0
96527
0
0
0
0
0
0
0
0
0
0
0
0
0
92445
0
0
0
0
84690
0
0
0
0
0
0
0
0
84690
0
0
0
81371
0
0
0
0
0
0
0
0
0
0
0
0
0
0
0
0
0
0
0
0
0
0
0
0
0
0
0
83524
0
0
0
0
0
0
85463
0
0
0
0
0
0
0
0
0
0
0
0
0
0
0
0
0
0
0
0
0
0
93069
0
0
0
0
0
0
0
0
0
0
0
0
0
0
0
0
0
0
0
0
0
0
0
0
0
0
0
0
0
0
0
0
0
0
0
0
0
0
0
0
0
0
0
0
0
0
0
0
0
0
0
0
0
0
0
93817
0
0
0
0
0
0
0
0
0
0
0
0
98466
0
98466
0
0
0
0
0
0
83524
0
0
0
0
93817
0
0
0
0
0
0
0
0
0
0
0
0
0
0
0
0
0
87640
0
0
95042
0
0
0
0
0
0
0
0
0
0
0
0
0
0
0
0
0
0
0
0
0
0
0
0
81530
0
0
0
0
0
94420
0
0
0
87731
0
0
0
0
0
0
0
0
0
98466
0
0
0
0
0
0
0
0
0
0
0
0
0
0
0
0
0
94420
0
0
0
0
0
0
0
0
0
0
0
0
0
0
0
0
0
0
0
0
0
0
0
0
0
0
0
0
0
0
0
0
0
0
0
0
0
0
0
0
0
0
0
0
0
0
0
0
0
0
0
0
0
0
95391
72057
0
0
0
0
0
0
0
0
0
0
0
0
0
95391
0
0
0
0
0
0
0
0
93151
0
0
0
0
0
0
0
0
0
0
0
0
0
0
0
0
0
0
0
0
0
0
0
84328
0
94668
0
0
0
0
0
0
0
0
0
0
0
0
0
0
0
84328
0
0
81772
0
0
0
0
95391
0
0
0
0
0
0
0
0
0
0
0
0
0
0
0
98466
0
0
0
0
0
87889
0
0
0
0
0
0
0
0
0
0
97595
0
0
0
0
0
0
0
87889
0
0
0
0
0
0
97595
0
0
87889
0
0
95391
0
0
0
0
0
0
0
0
0
0
85273
0
82764
0
0
0
0
0
0
0
0
0
0
0
95391
0
0
0
0
0
0
0
0
0
82474
0
0
0
0
95391
0
0
0
0
0
0
0
0
0
0
98368
0
0
0
0
0
0
0
0
0
0
0
0
0
0
0
0
0
0
0
0
0
0
0
0
0
0
0
0
87889
0
0
0
0
0
0
0
0
0
0
0
0
0
0
0
0
0
0
0
0
0
0
0
0
0
0
0
0
0
0
0
0
0
93199
0
0
0
0
0
0
72682
0
0
0
0
0
0
0
0
98466
0
0
0
0
0
0
0
0
0
0
87889
0
0
0
0
0
0
0
0
0
0
0
0
0
0
0
0
0
0
0
82882
0
0
0
0
0
100169
0
0
0
0
0
0
72911
0
0
0
0
0
0
0
0
96756
0
0
0
0
0
0
0
0
0
0
0
0
0
0
0
0
0
95465
0
0
0
0
0
0
0
0
0
0
0
0
0
0
0
0
0
0
83165
0
0
0
0
0
72911
0
0
0
0
0
0
0
0
0
0
98466
72911
0
0
0
0
0
0
0
0
0
0
0
0
0
0
0
0
0
0
94673
0
0
0
0
87889
0
0
72911
100692
0
0
0
0
0
0
100692
0
0
0
0
0
0
0
0
95465
0
98466
0
0
0
0
0
0
0
0
0
0
0
0
0
0
0
0
0
0
0
0
0
83255
0
0
0
0
0
0
0
0
0
0
0
0
0
0
0
0
0
0
0
0
0
0
0
0
0
0
0
0
82764
0
0
0
0
0
0
0
73560
0
98466
0
0
0
0
0
0
0
0
0
0
0
0
0
0
0
95465
0
0
0
0
0
0
0
0
0
0
0
0
0
0
0
0
0
0
0
0
0
0
0
0
0
0
0
0
0
0
0
0
0
0
0
0
0
87141
0
0
0
0
0
0
0
0
0
0
0
0
98466
0
0
0
0
87141
0
0
0
0
0
0
0
95465
0
0
0
0
0
0
98466
0
0
0
0
0
0
0
0
0
0
0
0
0
0
82764
0
0
0
0
0
0
0
0
0
0
0
0
0
0
98932
0
0
101339
0
0
0
0
0
0
0
0
0
0
0
0
0
0
0
0
0
0
0
0
0
0
0
0
0
0
0
0
0
0
0
0
0
0
0
0
0
0
0
0
0
0
0
0
0
0
0
0
0
0
0
0
0
0
0
0
0
0
0
0
0
0
0
0
0
0
0
0
0
0
0
101339
0
0
0
0
0
0
0
0
0
101339
0
0
0
0
0
101339
0
0
0
0
84225
0
0
0
0
0
0
0
0
0
0
0
0
0
0
0
0
83054
0
0
0
0
0
0
95465
0
0
83054
0
0
0
0
0
0
0
0
0
0
99172
0
0
83054
95465
0
0
0
0
0
0
0
0
0
0
0
0
0
0
0
0
99172
94725
0
0
87141
0
0
0
0
0
0
0
0
0
0
0
0
0
0
0
0
87141
0
0
0
0
0
0
0
0
0
0
0
0
0
0
0
0
0
0
99172
0
0
0
0
0
99172
0
0
0
89441
0
0
0
0
0
0
0
0
84678
0
0
0
0
0
0
0
0
0
0
0
0
0
0
0
0
0
0
102513
0
0
0
0
0
0
0
85562
85562
0
0
0
99737
0
84026
0
0
0
0
0
0
0
0
0
0
0
0
0
0
0
0
0
0
0
0
0
0
0
84026
0
0
0
0
0
0
0
0
0
95465
0
0
0
0
0
0
0
0
0
0
89441
0
0
0
0
0
0
0
0
0
0
0
0
0
102513
0
0
0
0
0
0
0
0
0
0
0
0
0
0
0
0
0
0
89441
0
0
0
0
0
0
0
0
0
0
0
0
0
0
102513
0
0
0
0
0
0
0
0
0
0
0
0
87812
102513
0
0
0
0
0
0
0
0
0
0
0
0
0
102513
0
0
0
0
0
84026
0
95465
0
89441
0
0
0
0
0
0
0
0
0
101188
0
0
0
0
0
0
0
0
0
0
0
87812
0
0
0
0
0
0
0
0
0
0
0
0
102513
0
0
0
0
0
0
0
0
0
0
0
0
0
0
0
0
0
0
0
0
87792
0
0
0
95465
0
0
0
0
0
0
0
74951
87812
0
94725
100070
0
0
0
0
0
0
0
0
0
0
0
0
0
0
0
0
0
0
0
0
0
94725
0
0
0
0
0
0
0
0
0
0
0
0
0
0
74951
0
95465
0
0
0
0
0
0
0
0
0
0
0
0
0
0
0
0
0
0
0
0
0
0
103230
0
0
0
0
0
0
0
0
95511
0
0
0
0
0
0
0
0
0
0
0
0
0
0
0
0
0
0
0
0
0
0
0
0
0
0
0
0
0
0
0
0
0
74951
0
0
0
0
0
0
0
0
0
0
84265
0
0
0
0
0
0
0
0
0
0
0
0
0
87812
101840
0
102329
0
0
94725
0
0
0
0
0
0
0
101840
0
0
102329
87792
0
0
0
0
96291
0
0
0
0
0
0
0
0
87792
0
0
0
0
0
0
0
0
0
0
0
0
0
0
0
0
87792
0
0
0
102329
0
0
0
0
102329
0
0
0
0
0
0
0
0
0
0
0
0
0
0
0
0
0
0
0
0
87857
0
0
0
0
84265
0
0
0
0
0
0
0
0
0
0
0
0
0
0
0
0
0
0
0
0
0
0
0
0
0
0
0
0
0
0
0
0
0
0
0
0
94725
102329
0
0
0
0
0
0
0
0
103803
84265
101840
0
0
101840
0
74951
0
0
0
0
0
0
0
0
0
0
0
0
0
0
0
0
0
0
0
0
0
0
74951
0
0
0
0
0
0
0
87857
0
0
0
0
0
0
0
0
0
0
0
0
0
0
0
0
0
0
0
0
101840
0
0
0
0
0
0
0
0
0
0
0
0
0
0
0
0
0
0
0
0
0
0
0
0
0
0
0
0
0
0
0
0
0
0
0
0
0
0
95466
0
0
74951
0
0
0
0
0
0
0
0
0
95466
0
0
0
0
0
0
90903
0
0
0
0
0
0
0
0
0
0
0
0
0
0
0
0
0
0
0
0
90275
90903
0
104384
0
0
0
0
0
104384
74951
95889
0
0
0
95889
0
74951
0
0
0
0
0
0
0
0
90903
0
0
0
0
0
0
90275
0
0
0
0
0
0
0
0
0
0
0
0
0
0
0
0
0
0
0
0
0
0
0
0
0
102407
0
0
0
0
0
0
97310
0
0
0
0
0
0
0
0
0
0
74951
0
0
0
0
0
0
0
0
97310
0
0
0
102507
0
0
0
0
0
0
0
0
0
0
0
0
0
0
0
102507
0
0
0
0
0
0
0
0
0
0
0
0
0
0
0
0
0
