0.7727
0.6480
0.1910
0.0893
0.5455
0.9262
0.0188
0.0797
0.1958
0.4068
0.2100
0.7028
0.2380
0.3044
0.2884
0.2359
0.1715
0.1814
0.0160
0.0450
0.7774
0.5950
0.3912
0.4725
0.6085
0.3271
0.5745
0.0013
0.7830
0.5886
0.2005
0.1199
0.1589
0.2657
0.9324
0.0889
0.3920
0.4369
0.9129
0.2124
0.2375
0.8855
0.2807
0.8731
0.2077
0.6101
0.7077
0.6904
0.3635
0.2413
0.9864
0.1142
0.5341
0.4089
0.0309
0.7454
0.1139
0.1226
0.1849
0.2686
0.2113
0.0508
0.7753
0.7872
0.9166
0.0589
0.3086
0.6115
0.3874
0.7127
0.1168
0.4336
0.9854
0.1128
0.0912
0.6383
0.4385
0.1433
0.2116
0.7828
0.2172
0.5400
0.5201
0.9495
0.6253
0.5407
0.6134
0.1203
0.4257
0.5554
0.8123
0.8989
0.8877
0.1974
0.1336
0.0168
0.6123
0.6483
0.2874
0.0282
0.0395
0.6521
0.5194
0.3494
0.7166
0.2067
0.7695
0.4786
0.4920
0.1568
0.4452
0.0491
0.6405
0.0357
0.3221
0.0726
0.3143
0.0653
0.8333
0.1659
0.3044
0.6232
0.6353
0.5246
0.3144
0.3220
0.1362
0.2933
0.3752
0.0475
0.0816
0.8455
0.0536
0.2012
0.5752
0.6845
0.1216
0.2696
0.6211
0.0069
0.5452
0.3734
0.4073
0.5919
0.2596
0.7032
0.9358
0.1108
0.3520
0.5796
0.5005
0.5903
0.2342
0.5831
0.5019
0.0794
0.0606
0.3798
0.1993
0.0406
0.1072
0.2487
0.4730
0.6780
0.2993
0.7259
0.3383
0.6322
0.4146
0.0934
0.0121
0.5312
0.0100
0.9713
0.4195
0.9476
0.9217
0.1296
0.6642
0.3377
0.2108
0.8868
0.5358
0.4774
0.3068
0.1860
0.0116
0.3091
0.8886
0.4319
0.0938
0.0161
0.4851
0.2763
0.5586
0.1809
0.4988
0.4508
0.6029
0.5006
0.3418
0.3606
0.2254
0.5720
0.0363
0.0541
0.2424
0.1894
0.3601
0.4905
0.6422
0.8471
0.2285
0.8588
0.4894
0.3176
0.4205
0.6069
0.1492
0.6817
0.1942
0.3911
0.2485
0.2398
0.0982
0.1377
0.4851
0.1238
0.5799
0.9004
0.0122
0.7109
0.0834
0.0421
0.0034
0.8308
0.6672
0.3229
0.8105
0.0017
0.4488
0.1008
0.6159
0.1686
0.2505
0.4268
0.2818
0.0655
0.5238
0.0870
0.7234
0.4086
0.2632
0.5162
0.4738
0.2651
0.3160
0.3271
0.3388
0.5123
0.3707
0.3769
0.6969
0.1404
0.1505
0.2344
0.2330
0.6119
0.1774
0.2946
0.2999
0.5059
0.1361
0.7780
0.1644
0.0932
0.5812
0.4952
0.2489
0.3475
0.8017
0.4175
0.0552
0.6789
0.1129
0.9449
0.5754
0.6228
0.9538
0.8460
0.4220
0.0427
0.3242
0.7051
0.2271
0.1515
0.1149
0.8011
0.1711
0.9901
0.0503
0.0451
0.0083
0.4463
0.0853
0.4092
0.0779
0.0844
0.3302
0.6495
0.2341
0.6279
0.6900
0.3815
0.5769
0.4275
0.9751
0.8824
0.6644
0.8081
0.5899
0.0299
0.5538
0.2885
0.3225
0.7462
0.5917
0.6877
0.2697
0.1898
0.1001
0.2667
0.1020
0.2477
0.1503
0.9876
0.0703
0.5713
0.1389
0.1665
0.6370
0.3394
0.9605
0.3745
0.1426
0.5966
0.8125
0.5793
0.5553
0.1382
0.4692
0.9827
0.4586
0.6829
0.4879
0.1275
0.2279
0.2079
0.3589
0.0344
0.5503
0.1605
0.0983
0.7519
0.5652
0.0615
0.1090
0.9796
0.0963
0.2692
0.2245
0.7377
0.0296
0.1283
0.3043
0.0181
0.8220
0.7529
0.1562
0.3572
0.3404
0.1814
0.1154
0.2127
0.3411
0.0561
0.2629
0.6113
0.1506
0.2717
0.0760
0.2828
0.9337
0.1493
0.6196
0.3783
0.2716
0.3196
0.0718
0.3092
