0.199
0.945
0.256
0.015
0.246
0.777
0.559
0.213
0.669
0.247
0.057
0.071
0.672
0.541
0.364
0.314
0.423
0.026
0.347
0.373
0.420
0.780
0.652
0.761
0.083
0.147
0.147
0.242
0.933
0.274
0.025
0.700
0.973
0.213
0.833
0.465
0.904
0.044
0.602
0.637
0.100
0.140
0.919
0.645
0.897
0.176
0.373
0.977
0.529
0.196
0.352
0.113
0.340
0.718
0.746
0.286
0.093
0.323
0.180
0.757
0.174
0.529
0.687
0.505
0.398
0.314
0.846
0.502
0.019
0.216
0.531
0.415
0.258
0.209
0.573
0.221
0.348
0.430
0.249
0.824
0.609
0.140
0.907
0.018
0.944
0.738
0.632
0.252
0.861
0.475
0.122
0.111
0.201
0.153
0.438
0.542
0.323
0.425
0.436
0.209
0.492
0.398
0.559
0.519
0.354
0.424
0.149
0.059
0.075
0.234
0.765
0.244
0.183
0.551
0.409
0.437
0.352
0.425
0.616
0.130
0.544
0.258
0.842
0.456
0.665
0.079
0.515
0.440
0.950
0.322
0.196
0.020
0.918
0.545
0.032
0.276
0.872
0.131
0.405
0.271
0.217
0.056
0.594
0.143
0.550
0.184
0.217
0.675
0.472
0.161
0.205
0.540
0.063
0.099
0.950
0.058
0.816
0.375
0.960
0.116
0.752
0.649
0.465
0.425
0.803
0.595
0.591
0.559
0.865
0.577
0.576
0.235
0.645
0.688
0.419
0.698
0.576
0.527
0.297
0.498
0.102
0.428
0.483
0.180
0.804
0.606
0.460
0.255
0.479
0.025
0.151
0.055
0.477
0.423
0.844
0.007
0.047
0.365
0.444
0.213
0.961
0.174
0.265
0.986
0.343
0.274
0.662
0.344
0.486
0.322
0.733
0.000
0.041
0.472
0.052
0.283
0.767
0.261
0.514
0.154
0.306
0.919
0.204
0.441
0.404
0.395
0.297
0.476
0.268
0.778
0.235
0.916
0.862
0.977
0.187
0.885
0.183
0.477
0.259
0.209
0.320
0.711
0.823
0.042
0.618
0.133
0.818
0.440
0.755
0.381
0.083
0.463
0.031
0.035
0.017
0.328
0.662
0.173
0.505
0.390
0.866
0.718
0.422
0.259
0.343
0.228
0.424
0.131
0.428
0.644
0.275
0.282
0.736
0.450
0.079
0.782
0.419
0.596
0.270
0.050
0.456
0.840
0.216
0.042
0.813
0.154
0.181
0.065
0.276
0.084
0.385
0.393
0.104
0.212
0.456
0.167
0.993
0.276
0.772
0.473
