0.22684
0.20742
0.46034
0.02222
0.49186
0.14321
0.50329
0.14262
0.84627
0.19275
0.21647
0.58276
0.46617
0.52970
0.52850
0.93643
0.65929
0.48790
0.13082
0.71398
0.03540
0.58304
0.83957
0.24430
0.28214
0.11137
0.25577
0.06240
0.16479
0.77670
0.43533
0.14157
0.11511
0.02036
0.63920
0.14042
0.35284
0.10547
0.83146
0.48960
0.74992
0.39324
0.57385
0.14283
0.64311
0.38394
0.29394
0.03287
0.42979
0.01370
0.82514
0.59327
0.51735
0.27456
0.09720
0.90315
0.11933
0.29308
0.90163
0.22006
0.56553
0.02034
0.09681
0.97914
0.17840
0.83017
0.59063
0.10951
0.41999
0.86555
0.48526
0.15454
0.01307
0.06314
0.06058
0.22413
0.27268
0.11639
0.17992
0.03329
0.06034
0.43314
0.45371
0.52184
0.56246
0.00296
0.73963
0.39912
0.06509
0.82026
0.42298
0.21082
0.83166
0.05080
0.54074
0.96497
0.50305
0.61484
0.46889
0.48819
0.19592
0.69907
0.87453
0.08952
0.30335
0.67629
0.47845
0.17552
0.25393
0.65750
0.79255
0.06825
0.91111
0.71869
0.03066
0.63278
0.81063
0.75761
0.17118
0.55839
0.50322
0.38095
0.72799
0.10064
0.59615
0.23683
0.42836
0.30995
0.46817
0.63286
0.41222
0.21295
0.32660
0.23273
0.70188
0.07745
0.08732
0.74257
0.54006
0.89636
0.33838
0.80633
0.41540
0.16123
0.92537
0.67354
0.32618
0.24090
0.63342
0.89487
0.06347
0.08633
0.66003
0.23043
0.26041
0.62889
0.32304
0.15188
0.37316
0.32427
0.45917
0.62326
0.12485
0.09382
0.27578
0.44626
0.33770
0.52496
0.71751
0.04466
0.13512
0.95766
0.96136
0.16437
0.19029
0.69577
0.16798
0.66819
0.88731
0.16722
0.10251
0.10532
0.32874
0.83525
0.37801
0.03145
0.24000
0.34504
0.63757
0.86857
0.23677
0.26827
0.39832
0.26792
0.20307
0.72628
0.33817
0.87851
0.00547
0.51840
0.22202
0.01408
0.22547
0.90927
0.33153
0.89724
0.84577
0.61490
0.22887
0.00045
0.15698
0.80611
0.27980
0.46420
0.22190
0.22695
0.29726
0.21016
0.17929
0.46221
0.20322
0.83554
0.48405
0.13290
0.35590
0.51457
0.05522
0.29396
0.44362
0.11813
0.36991
0.43000
0.48920
0.63351
0.51858
0.33602
0.36945
0.08779
0.96824
0.95230
0.34710
0.61640
0.27760
0.46342
0.62296
0.44531
0.90881
0.04695
0.50239
0.13091
0.32805
0.15512
0.58122
0.15423
0.31258
0.85822
0.17144
0.97287
0.69378
0.22843
0.48481
0.85485
0.30727
0.13617
0.83150
0.08728
0.87023
0.75962
0.13472
0.87226
0.15835
0.22007
0.55444
0.11936
0.70482
0.48666
0.89927
0.52529
0.53564
0.22378
0.14271
0.46649
0.00006
0.22005
0.14126
0.12718
0.50244
0.07298
0.73887
0.14623
0.03500
0.70604
0.57273
0.45022
0.01877
0.36267
0.49280
0.65348
0.12708
0.77378
0.72792
0.15862
0.12673
0.29807
0.90060
0.15816
0.59144
0.32864
0.11027
0.29819
0.24663
0.46852
0.18800
0.50968
0.74916
0.20054
0.32088
0.79310
0.39861
0.10642
0.21753
0.13339
0.91431
0.19393
0.49674
0.30434
0.47734
0.34202
0.16775
0.68946
0.32097
0.33407
0.82915
0.31481
0.21632
0.47934
0.78902
0.38651
0.50462
0.71666
0.33259
0.13487
0.45417
0.03864
0.83684
0.97144
0.38740
0.43532
0.09715
0.16704
0.95753
0.15281
0.00160
0.60136
0.02944
0.18467
0.85797
0.41295
0.81601
0.15354
0.27624
0.36609
0.92879
0.23960
0.34519
0.62217
0.75039
0.98686
0.47899
0.77897
0.02351
0.11930
0.83991
0.05549
0.57577
0.26700
0.11714
0.40652
0.66022
0.03071
0.07466
0.10437
0.99986
0.17538
0.13310
0.51857
0.25428
0.53090
0.59290
0.51496
0.13330
0.83037
0.33302
0.26023
0.77023
0.44542
0.56965
0.96213
0.82526
0.39119
0.62943
0.24811
0.59389
0.40986
0.97670
0.70235
0.02351
0.19648
0.08933
0.16176
0.13181
0.12821
0.23504
0.18727
0.17077
0.93355
0.52297
0.57601
0.59093
0.29948
0.01956
0.45350
0.12512
0.03666
0.03327
0.50745
0.48877
0.00125
0.61435
0.46258
0.93686
0.44931
0.84231
0.46798
0.67524
0.90562
0.04826
0.56534
0.16659
0.73167
0.34919
0.28492
0.38812
0.45552
0.82644
0.59702
0.34670
0.02111
0.19665
0.45410
0.88439
0.67704
0.93616
0.06346
0.57511
0.21220
0.90750
0.18227
0.84036
0.22351
0.51555
0.17611
0.42315
0.07562
0.38766
0.21689
0.80647
0.34329
0.19103
0.07630
0.19016
0.01886
0.10755
0.97669
0.15602
0.74740
0.66229
0.41043
0.46348
0.60484
0.20529
0.55056
0.89580
0.15407
0.55990
0.85857
0.98234
0.25367
0.42922
0.84174
0.13676
0.30187
0.88659
0.23382
0.18746
0.00108
0.10506
0.36345
0.73571
0.03168
