0.77
0.26
0.98
0.90
0.31
0.35
0.18
0.30
0.60
0.40
0.33
0.62
0.81
0.28
0.61
0.66
0.62
0.16
0.46
0.85
0.10
0.73
0.21
0.04
0.73
0.34
0.39
0.23
0.61
0.32
0.00
0.02
0.34
0.04
0.28
0.11
0.07
0.08
0.33
0.25
0.63
0.80
0.33
0.63
0.53
0.01
0.56
0.52
0.07
0.82
0.29
0.02
0.93
0.40
0.32
0.05
0.07
0.13
0.39
0.43
0.17
0.03
0.02
0.59
0.40
0.28
0.25
0.99
0.16
0.72
0.17
0.06
0.07
0.11
0.76
0.01
0.41
0.39
0.27
0.36
0.34
0.50
0.43
0.64
0.11
0.17
0.02
0.15
0.82
0.59
0.48
0.92
0.26
0.20
0.41
0.10
0.54
0.73
0.29
0.23
0.11
0.57
0.05
0.39
0.28
0.54
0.66
0.91
0.22
0.43
0.20
0.29
0.00
0.29
0.16
0.26
0.70
0.17
0.67
0.84
0.62
0.25
0.43
0.59
0.01
0.74
0.09
0.52
0.23
0.15
0.30
0.53
0.31
0.60
0.81
0.76
0.02
0.01
0.68
0.47
0.69
0.18
0.56
0.97
0.67
0.58
0.65
0.15
0.33
0.22
0.48
0.34
0.80
0.32
0.88
0.31
0.14
0.78
0.05
0.33
0.60
0.50
0.63
0.17
0.17
0.07
0.51
0.21
0.17
0.46
0.92
0.00
0.07
0.84
0.88
0.16
0.22
0.71
0.55
0.20
0.98
0.54
0.64
0.60
0.63
0.15
0.92
0.74
0.61
0.28
0.55
0.38
0.81
0.32
0.26
0.52
0.83
0.35
0.29
0.68
0.01
0.20
0.06
0.28
0.66
0.33
0.60
0.37
0.34
0.18
0.29
0.47
0.14
0.06
0.13
0.68
0.61
0.11
0.81
0.63
0.66
0.68
0.32
0.30
0.21
0.83
0.26
0.33
0.18
0.24
0.49
0.76
0.15
0.33
0.67
0.04
0.21
0.76
0.86
0.58
0.67
0.03
0.30
0.75
0.71
0.10
0.84
0.85
0.17
0.23
0.42
0.99
0.35
0.91
0.31
0.15
0.10
0.52
0.11
0.72
0.81
0.29
0.13
0.21
0.53
0.26
0.12
0.14
0.29
0.54
0.67
0.54
0.46
0.35
0.91
0.48
0.22
0.13
0.75
0.39
0.31
0.24
0.08
0.18
0.35
0.98
0.96
0.22
0.47
0.63
0.74
0.55
0.55
0.91
0.43
0.42
0.41
0.96
0.51
0.47
0.38
0.32
0.74
0.15
0.62
0.55
0.33
0.56
0.38
0.79
0.78
0.48
0.55
0.06
0.52
0.22
0.54
0.36
0.34
0.04
0.07
0.08
0.32
0.61
0.25
0.08
0.47
0.66
0.34
0.07
0.39
0.37
0.04
0.51
0.05
0.24
0.04
0.19
0.42
0.37
0.62
0.56
0.29
0.49
0.75
0.85
0.98
0.27
0.03
0.53
0.21
0.21
0.54
0.53
0.39
0.11
0.61
0.66
0.52
0.87
0.02
0.87
0.37
0.55
0.75
0.69
0.28
0.01
0.87
0.30
0.65
0.12
0.11
0.49
0.40
0.65
0.09
0.76
0.37
0.87
0.44
0.59
0.15
0.69
0.04
0.76
0.19
0.75
0.02
0.57
0.67
0.38
0.98
0.97
0.76
0.61
0.03
0.79
0.69
0.26
0.63
0.72
0.95
0.41
0.86
0.05
0.20
0.16
0.24
0.80
0.98
0.73
0.05
0.54
0.41
0.83
0.13
0.96
0.65
0.32
0.94
0.74
0.45
0.58
0.64
0.72
0.64
0.51
0.49
0.24
0.37
0.46
0.52
0.17
0.31
0.23
0.18
0.58
0.94
0.52
0.54
0.06
0.33
0.66
0.34
0.58
0.05
0.05
0.15
0.04
0.15
0.11
0.07
0.72
0.48
0.19
0.26
0.42
0.48
0.41
0.08
0.53
0.09
0.49
0.30
0.68
0.14
0.34
0.86
0.79
0.19
0.08
0.55
0.59
0.32
0.86
0.57
0.38
0.29
0.36
0.92
0.21
0.60
0.93
0.99
0.61
0.75
0.91
0.09
0.41
0.51
0.12
0.70
0.22
0.58
0.58
0.82
0.75
0.00
0.79
0.84
0.34
0.28
0.41
0.20
0.26
0.72
0.77
0.67
0.09
0.28
0.14
0.52
0.64
0.43
0.34
0.07
0.01
0.61
1.00
0.05
0.76
0.84
0.55
0.62
0.05
0.14
0.10
0.27
0.04
0.30
0.27
0.72
0.16
0.61
0.02
0.57
0.68
0.22
0.22
0.51
0.41
0.21
0.61
0.76
0.87
0.15
0.59
0.07
0.52
0.15
0.49
0.07
0.18
0.67
0.01
0.41
0.98
0.65
0.89
0.38
0.30
0.01
0.67
0.92
0.26
0.08
0.03
0.49
0.45
0.44
0.38
0.57
0.46
0.77
0.73
0.52
0.73
0.14
0.57
0.05
0.20
0.03
0.50
0.78
0.20
0.18
0.36
0.27
0.68
0.42
0.35
0.01
0.44
0.24
0.29
0.77
0.61
0.14
0.69
0.40
0.36
0.07
0.25
0.26
0.49
0.35
0.07
0.44
0.72
0.20
0.22
0.41
0.22
0.48
0.15
0.18
0.43
0.11
0.42
0.26
0.57
0.29
0.01
0.46
0.01
0.99
0.25
0.06
0.76
0.09
0.68
0.31
0.30
0.33
0.18
0.29
0.80
0.79
0.01
0.29
0.93
0.10
0.11
0.78
0.29
0.29
0.40
0.20
0.18
0.16
0.05
0.70
0.53
0.70
0.06
0.02
0.01
0.32
0.68
0.18
0.12
0.82
0.23
0.79
0.08
0.04
0.09
0.16
0.22
0.23
0.55
0.13
0.78
0.15
0.08
0.31
0.13
0.04
0.94
0.02
0.55
0.06
0.05
0.12
0.19
0.01
0.81
0.03
0.37
0.07
0.17
0.05
0.85
0.38
0.36
0.89
0.68
0.08
0.33
0.14
0.98
0.07
0.05
0.96
0.02
0.15
0.32
0.62
0.33
0.29
0.37
0.25
0.58
0.15
0.12
0.14
0.67
0.26
0.16
0.37
0.58
0.47
0.42
0.04
0.14
0.91
0.59
0.38
0.18
0.44
0.68
0.61
0.20
0.17
0.81
0.37
0.24
0.65
0.38
0.42
0.46
0.11
0.11
0.01
0.16
0.32
0.12
0.26
0.82
0.01
0.20
0.88
0.25
0.06
0.88
0.13
0.52
0.01
0.08
0.50
0.49
0.39
0.27
0.13
0.31
0.61
0.71
0.01
0.49
0.25
0.18
0.42
0.47
0.19
0.86
0.58
0.71
0.62
0.76
0.37
0.17
0.46
0.10
0.56
0.44
0.69
0.74
0.47
0.46
0.05
0.84
0.32
0.47
0.53
0.01
0.36
0.80
0.26
0.23
0.36
0.44
0.64
0.01
0.84
0.96
0.37
0.20
0.48
0.31
0.05
0.64
0.31
0.05
0.00
0.11
0.08
0.39
0.58
0.07
0.10
0.83
0.33
0.85
0.23
0.71
0.98
0.22
0.17
0.98
0.14
0.21
0.31
0.52
0.11
0.28
0.31
0.31
0.70
0.07
0.07
0.98
0.61
0.01
0.11
0.50
0.88
0.26
0.62
0.63
0.93
0.34
0.57
0.17
0.21
0.14
0.45
0.40
0.50
0.33
0.42
0.74
0.36
0.23
0.51
0.15
0.35
0.98
0.14
0.72
0.57
0.35
0.45
0.02
0.83
0.77
0.08
0.92
0.59
0.23
0.50
0.78
0.29
0.79
0.66
0.03
0.13
0.13
0.17
0.34
0.70
0.80
0.08
0.71
0.48
0.29
0.35
0.27
0.35
0.64
0.92
0.34
0.20
0.56
0.05
0.31
0.47
0.80
0.05
0.53
0.97
0.32
0.27
0.40
0.94
0.13
0.13
0.10
0.17
0.84
0.07
0.15
0.17
0.69
0.43
0.12
0.31
0.77
0.55
0.14
0.07
0.07
0.74
0.02
0.40
0.69
0.70
0.29
0.49
0.66
0.04
0.75
0.39
0.01
0.01
0.49
0.03
0.21
0.28
0.94
0.49
0.08
0.97
0.22
0.39
0.87
0.90
0.62
0.99
0.26
0.59
0.64
0.34
0.02
0.07
0.37
0.03
0.00
0.08
0.96
0.37
0.41
0.28
0.33
0.03
0.61
0.33
0.03
0.32
0.39
0.64
0.60
0.18
0.04
0.01
0.39
0.02
0.28
0.05
0.52
0.54
0.82
0.35
0.56
0.64
0.06
0.23
0.22
0.51
0.49
0.53
0.71
0.68
0.22
0.86
0.18
0.01
0.38
0.13
0.73
0.54
0.20
0.01
0.86
0.10
0.90
0.26
0.18
0.08
0.50
0.74
0.72
0.98
0.10
0.24
0.46
0.58
0.50
0.23
0.62
0.86
0.76
0.37
0.19
0.48
0.88
0.32
0.18
0.10
0.88
0.44
0.44
0.14
0.40
0.37
0.72
0.46
0.86
0.80
0.22
0.77
0.42
0.08
0.12
0.44
0.51
0.84
0.69
0.07
0.76
0.36
0.14
0.06
0.39
0.30
0.66
0.12
0.03
0.58
0.48
0.11
0.77
0.05
0.02
0.31
0.40
0.10
0.29
0.67
0.29
0.50
0.25
0.09
0.40
0.23
0.85
0.81
0.71
0.07
0.31
0.41
0.41
0.41
0.47
0.27
0.08
0.48
0.07
0.14
0.58
0.84
0.16
0.06
0.97
0.00
0.89
0.87
0.15
0.59
0.14
0.72
0.29
0.06
0.17
0.82
0.53
0.07
0.26
0.52
0.14
0.73
0.03
0.35
0.47
0.80
0.19
0.64
0.05
0.88
0.10
0.53
0.50
0.23
0.21
0.92
0.97
0.41
0.98
0.95
0.83
0.33
0.34
0.14
0.26
0.23
0.11
0.61
0.40
0.79
0.61
0.12
0.54
0.93
0.83
0.70
0.29
0.21
0.25
0.48
0.58
0.24
0.44
0.26
0.80
0.46
0.51
0.21
0.02
0.62
0.61
0.86
0.57
0.00
0.67
0.53
0.54
0.47
0.01
0.03
0.01
0.28
0.17
0.11
0.87
0.91
0.16
0.07
0.03
0.31
0.11
0.92
0.43
0.20
0.53
0.05
0.26
0.60
0.71
0.43
0.20
0.22
0.48
0.16
0.00
0.22
0.25
0.77
0.23
0.32
0.89
0.44
0.38
0.04
0.79
0.01
0.48
0.70
0.02
0.49
0.55
0.34
0.83
0.27
0.04
0.38
0.29
0.66
0.43
0.26
0.39
0.53
0.05
0.48
0.37
0.41
0.00
0.25
0.98
0.03
0.41
0.17
0.82
0.52
0.86
0.66
0.18
0.05
0.14
0.02
0.37
0.28
0.41
0.05
0.06
0.45
1.00
0.22
0.57
0.08
0.49
0.80
0.90
0.89
0.02
0.96
0.16
0.20
0.41
0.14
0.13
0.14
0.98
0.12
0.63
0.42
0.79
0.67
0.33
0.06
0.09
0.37
0.83
0.48
0.90
0.37
0.13
0.78
0.95
0.45
0.21
0.05
0.46
0.85
0.38
0.80
0.45
0.75
1.00
0.91
0.13
0.12
0.06
0.09
0.31
0.72
0.30
0.25
0.07
0.47
0.80
0.87
0.60
0.83
0.52
0.13
0.85
0.59
0.32
0.77
0.15
0.41
0.31
0.42
0.06
0.31
0.37
0.07
0.53
0.43
0.22
0.39
0.65
0.45
0.86
0.88
0.19
0.63
0.20
0.74
0.50
0.47
0.05
0.12
0.33
0.19
0.45
0.54
0.88
0.12
0.31
0.73
0.09
0.12
0.32
0.22
0.04
0.01
0.09
0.43
0.14
0.21
0.78
0.91
0.35
0.43
0.02
0.19
0.30
0.56
0.52
0.58
0.76
0.28
0.05
0.05
0.96
0.34
0.21
0.15
0.25
0.62
0.97
0.47
0.64
0.87
0.08
0.26
0.18
0.36
0.58
0.02
0.67
0.90
0.04
0.16
0.18
0.25
0.70
0.53
0.12
0.15
0.46
0.26
0.35
0.47
0.85
0.31
0.22
0.64
0.65
0.11
0.17
0.03
0.26
0.85
0.62
0.34
0.93
0.37
0.02
0.42
0.47
0.01
0.10
0.69
0.81
0.08
0.20
0.72
0.58
0.31
0.23
0.90
0.41
0.23
0.50
0.22
0.47
0.65
0.40
0.02
0.26
0.10
0.13
0.33
0.68
0.85
0.61
0.34
0.30
0.19
0.24
0.58
0.27
0.30
0.06
0.30
0.41
0.28
0.67
0.01
0.65
0.61
0.12
0.11
0.26
0.33
0.52
0.26
0.22
0.28
0.69
0.73
0.20
0.11
0.58
0.50
0.13
0.20
0.05
0.67
0.59
0.45
0.66
0.25
0.43
0.19
0.26
0.95
0.12
0.52
0.46
0.72
0.66
0.47
0.84
0.33
0.45
0.43
0.01
0.26
0.53
0.05
0.63
0.85
0.30
0.92
0.50
0.44
0.09
1.00
0.14
0.77
0.84
0.35
0.13
0.34
0.61
0.89
0.36
0.16
0.49
0.87
0.34
0.29
0.73
0.05
0.58
0.64
0.52
0.35
0.71
0.01
0.62
0.09
0.39
0.65
0.34
0.51
0.20
0.71
0.79
0.20
0.16
0.19
0.47
0.38
0.83
0.59
0.66
0.60
0.47
0.05
0.75
0.78
0.41
0.94
0.46
0.63
0.43
0.26
0.34
0.11
0.69
0.22
0.72
0.38
0.70
0.97
0.01
0.48
0.31
0.35
0.18
0.71
0.34
0.92
0.31
0.69
0.30
0.08
0.81
0.65
0.84
0.12
0.02
0.64
0.25
0.24
0.37
0.63
0.78
0.51
0.54
0.13
0.35
0.11
0.01
0.44
0.60
0.23
0.44
0.86
0.30
0.17
0.64
0.48
0.60
0.72
0.11
0.64
0.05
0.50
0.19
0.07
0.33
0.22
0.37
0.18
0.36
0.63
0.40
0.17
0.48
0.00
0.38
0.11
0.61
0.22
0.34
0.09
0.93
0.40
0.63
0.41
0.47
0.13
0.49
0.42
0.60
0.14
0.33
0.58
0.74
0.21
0.72
0.34
0.91
0.36
0.51
0.28
0.06
0.15
0.96
0.87
0.42
0.27
0.00
0.49
0.11
0.10
0.40
0.54
0.92
0.13
0.42
0.49
0.80
0.24
0.61
0.63
0.76
0.41
0.55
0.28
0.12
0.53
0.43
0.89
0.25
0.67
0.13
0.30
0.61
0.93
0.64
0.78
0.35
0.35
0.53
0.85
0.12
0.18
0.42
0.44
0.39
0.82
0.02
0.17
0.26
0.72
0.16
0.92
0.43
0.81
0.62
0.03
0.83
0.33
0.27
0.11
0.28
0.12
0.74
0.17
0.05
0.88
0.20
0.72
0.73
0.67
0.17
0.30
0.49
0.72
0.86
0.32
0.20
0.03
0.25
0.92
0.26
0.25
0.14
0.63
0.28
0.23
0.08
0.63
0.10
0.73
0.93
0.72
0.40
0.23
0.75
0.61
0.11
0.26
0.49
0.58
0.53
0.28
0.13
0.13
0.41
0.31
0.39
0.32
0.86
0.13
0.01
0.47
0.29
0.09
0.02
0.08
0.87
0.20
0.68
0.39
0.48
0.24
0.17
0.79
0.78
0.50
0.64
0.69
0.97
0.88
0.44
0.44
0.05
0.76
0.48
0.23
0.30
0.02
0.06
0.28
0.20
0.50
0.76
0.07
0.98
0.65
0.54
0.44
0.34
0.18
0.63
0.13
0.05
0.09
0.91
0.28
0.09
0.39
0.40
0.71
0.68
0.73
0.03
0.03
0.03
0.42
0.49
0.88
0.92
0.65
0.42
0.08
0.26
0.22
0.33
0.07
0.05
0.10
0.14
0.45
0.82
0.85
0.34
0.13
0.40
0.52
0.33
0.63
0.23
0.65
0.25
0.33
0.27
0.80
0.55
0.64
0.53
0.38
0.46
0.31
0.61
0.35
0.72
0.44
0.50
0.23
0.14
0.07
0.68
0.03
0.55
0.64
0.27
0.13
0.33
0.36
0.49
0.27
0.10
0.54
0.92
0.17
0.22
0.27
0.63
0.16
0.18
0.52
0.21
0.64
0.30
0.06
0.95
0.11
0.87
0.10
0.55
0.02
0.92
0.43
0.25
0.24
0.06
0.48
0.25
0.13
0.42
0.10
0.24
0.84
0.03
0.15
0.39
1.00
0.22
0.43
0.09
0.69
0.13
0.64
0.77
0.48
0.48
0.20
0.81
0.21
0.10
0.42
0.58
0.22
0.29
0.31
0.01
0.61
0.63
0.57
0.39
0.09
0.61
0.80
0.64
0.65
0.34
0.15
0.59
0.30
0.20
0.34
0.10
0.15
0.05
0.23
0.21
0.22
0.40
0.38
0.72
0.38
0.74
0.06
0.20
0.18
0.27
0.07
0.43
0.54
0.10
0.53
1.00
0.06
0.16
0.19
0.32
0.22
0.36
0.16
0.10
0.36
0.45
0.01
0.08
0.42
0.18
0.92
0.29
0.11
0.65
0.78
0.20
0.32
0.13
0.59
0.35
0.10
0.29
0.17
0.15
0.07
0.04
0.12
0.55
0.49
0.20
0.29
0.08
0.17
0.44
0.64
0.15
