0.39
0.18
0.91
0.25
0.44
0.26
0.57
0.07
0.23
0.69
0.00
0.07
0.78
0.56
0.95
0.81
0.18
0.43
0.13
0.51
0.82
0.21
0.56
0.89
0.10
0.18
0.33
0.14
0.49
0.93
0.33
0.86
0.35
0.95
0.07
0.29
0.21
0.34
0.49
0.29
0.43
0.51
0.25
0.22
0.18
0.18
0.33
0.28
0.78
0.45
0.47
0.63
0.10
0.36
0.03
0.55
0.92
0.09
0.85
0.27
0.14
0.17
0.42
0.90
0.33
0.50
0.15
0.41
0.62
0.21
0.10
0.32
0.50
0.35
0.40
0.20
0.38
0.71
0.46
0.80
0.59
0.64
0.16
0.07
0.01
0.81
0.03
0.30
0.14
0.14
0.55
0.15
0.83
0.25
0.50
0.61
0.55
0.00
0.62
0.09
0.70
0.34
0.48
0.28
0.17
0.16
0.69
0.88
0.69
0.17
0.52
0.23
0.23
0.33
0.41
0.68
0.99
0.64
0.30
0.81
0.40
0.35
0.41
0.96
0.06
0.77
0.06
0.77
0.99
0.88
0.05
0.75
0.55
0.49
0.83
0.06
0.89
0.88
0.62
0.54
0.26
0.05
0.48
0.61
0.38
0.07
0.22
0.29
0.94
0.22
0.06
0.09
0.76
0.02
0.36
0.80
0.51
0.08
0.75
0.83
0.94
0.48
0.27
0.76
0.63
0.07
0.75
0.98
0.56
0.34
0.65
0.21
0.66
0.20
0.20
0.37
0.35
0.78
0.83
0.65
0.07
0.74
0.25
0.54
0.73
0.13
0.20
0.11
0.22
0.03
0.46
0.37
0.38
0.17
0.63
0.81
0.67
0.36
0.80
0.78
